2025-11-06 16:32:59 | INFO     | ================================================================================
2025-11-06 16:32:59 | INFO     | 🚀 보존력 시험 OCR 시스템 시작
2025-11-06 16:32:59 | INFO     | 📁 로그 파일: logs\preservation_ocr_20251106_163259.log
2025-11-06 16:32:59 | INFO     | ================================================================================
2025-11-06 16:32:59 | INFO     | ✅ 템플릿 파일 확인: TestResult_OCR_v1.xlsx
2025-11-06 16:32:59 | INFO     | ✅ 보존력_진행서 파일 확인: 보존력_진행서.xlsx
2025-11-06 16:32:59 | INFO     | 📖 보존력_진행서 파일 읽기 시작: 보존력_진행서.xlsx
2025-11-06 16:33:00 | INFO     | 📄 시트 이름: 통합결과
2025-11-06 16:33:00 | INFO     | ✅ 제품 정보 로드 완료: 3284개 제품
2025-11-06 16:33:00 | INFO     | 📋 처방번호 목록 (일부): ['CA2661-H1S', 'WC1982-D1FK', 'WC1982-D1DF', 'WC1982-D1CE', 'DM3001B-A1DI']...
2025-11-06 16:33:00 | INFO     | ✅ 템플릿 기반 Excel 초기화 완료
2025-11-06 16:33:06 | INFO     | 📄 DRM 처리: DRM 처리 완료
2025-11-06 16:33:07 | INFO     | 💾 임시 이미지 저장: C:\Users\goqkr\AppData\Local\Temp\tmpqgf4j1yy.png
2025-11-06 16:33:07 | INFO     | ✅ Azure Document Intelligence 연결 완료
2025-11-06 16:33:07 | INFO     | 📍 엔드포인트: https://kolmar-ai-docuintelli-fingerpoint-ai.cognitiveservices.azure.com/
2025-11-06 16:33:07 | INFO     | 🐛 디버그 모드 활성화
2025-11-06 16:33:07 | INFO     | 
🔍 이미지 분석 시작: tmpqgf4j1yy.png
2025-11-06 16:33:07 | INFO     | 📊 테이블 구조 분석 중...
2025-11-06 16:33:12 | INFO     | 📋 감지된 테이블 수: 1
2025-11-06 16:33:12 | INFO     |   테이블 0: 49행 x 9열
2025-11-06 16:33:12 | INFO     | ✅ 선택된 테이블: 49행 x 9열
2025-11-06 16:33:12 | INFO     | 
📅 날짜 정보 추출 시도
2025-11-06 16:33:12 | INFO     |   행 0: 발견된 날짜 0개
2025-11-06 16:33:12 | INFO     |   📍 공백 분리 날짜 발견 (Col_3): '01 15' → 01/15
2025-11-06 16:33:12 | INFO     |   📍 공백 분리 날짜 발견 (Col_4): '01 22' → 01/22
2025-11-06 16:33:12 | INFO     |   📍 공백 분리 날짜 발견 (Col_5): '01 29' → 01/29
2025-11-06 16:33:12 | INFO     |   📍 공백 분리 날짜 발견 (Col_6): '02 12' → 02/12
2025-11-06 16:33:12 | INFO     |   행 1: 발견된 날짜 4개
2025-11-06 16:33:12 | INFO     |     날짜 0: 01/15
2025-11-06 16:33:12 | INFO     |     날짜 1: 01/22
2025-11-06 16:33:12 | INFO     |     날짜 2: 01/29
2025-11-06 16:33:12 | INFO     |     날짜 3: 02/12
2025-11-06 16:33:12 | INFO     | ✅ 날짜 정보 확정: {'date_0': '01/15', 'date_7': '01/22', 'date_14': '01/29', 'date_28': '02/12'}
2025-11-06 16:33:12 | INFO     | 
🦠 균주 데이터 추출 시작
2025-11-06 16:33:12 | INFO     |   ✅ 헤더 행 발견 (명확한 키워드): 행 0
2025-11-06 16:33:12 | INFO     | 📍 헤더 행: 0
2025-11-06 16:33:12 | INFO     |   ✅ 균주 컬럼 감지: Col_1
2025-11-06 16:33:12 | INFO     |   ⚠️ Specification 컬럼 감지: Col_2 (건너뜀)
2025-11-06 16:33:12 | INFO     |   📍 CFU 시작 위치: Col_3 (Specification 건너뜀)
2025-11-06 16:33:12 | INFO     | 📋 컬럼 매핑: {'strain_col': 1, 'specification_col': 2, 'cfu_0_col': 3, 'judgment_col': 7, 'final_judgment_col': 8, 'cfu_7_col': 4, 'cfu_14_col': 5, 'cfu_28_col': 6}
2025-11-06 16:33:12 | INFO     | 
================================================================================
2025-11-06 16:33:12 | INFO     | 🐛 디버그: 테이블 구조 상세 분석
2025-11-06 16:33:12 | INFO     | ================================================================================
2025-11-06 16:33:12 | INFO     | 
📋 1. 테이블 매트릭스 (전체)
2025-11-06 16:33:12 | INFO     | --------------------------------------------------------------------------------
2025-11-06 16:33:12 | INFO     | 
행 0:
2025-11-06 16:33:12 | INFO     |   Col_0: 'Bulk Name'
2025-11-06 16:33:12 | INFO     |   Col_1: 'Challenged Organism'
2025-11-06 16:33:12 | INFO     |   Col_2: 'Specification'
2025-11-06 16:33:12 | INFO     |   Col_3: '0 (1차접종)'
2025-11-06 16:33:12 | INFO     |   Col_4: '7'
2025-11-06 16:33:12 | INFO     |   Col_5: '14'
2025-11-06 16:33:12 | INFO     |   Col_6: '28'
2025-11-06 16:33:12 | INFO     |   Col_7: '판정'
2025-11-06 16:33:12 | INFO     |   Col_8: '최종판정'
2025-11-06 16:33:12 | INFO     | 
행 1:
2025-11-06 16:33:12 | INFO     |   Col_3: '01 15'
2025-11-06 16:33:12 | INFO     |   Col_4: '01 22'
2025-11-06 16:33:12 | INFO     |   Col_5: '01 29'
2025-11-06 16:33:12 | INFO     |   Col_6: '02 12'
2025-11-06 16:33:12 | INFO     | 
행 2:
2025-11-06 16:33:12 | INFO     |   Col_0: '슈링크알엑스선세 럼 CCA21201-VAA 25A15101'
2025-11-06 16:33:12 | INFO     |   Col_1: 'E.coli'
2025-11-06 16:33:12 | INFO     |   Col_2: '≤3'
2025-11-06 16:33:12 | INFO     |   Col_3: '6.0X105'
2025-11-06 16:33:12 | INFO     |   Col_4: '1'
2025-11-06 16:33:12 | INFO     |   Col_5: 'L10'
2025-11-06 16:33:12 | INFO     |   Col_6: '<10'
2025-11-06 16:33:12 | INFO     |   Col_7: '0'
2025-11-06 16:33:12 | INFO     |   Col_8: '0'
2025-11-06 16:33:12 | INFO     | 
행 3:
2025-11-06 16:33:12 | INFO     |   Col_1: 'P.aeruginosa'
2025-11-06 16:33:12 | INFO     |   Col_3: '8.7X105'
2025-11-06 16:33:12 | INFO     |   Col_4: ''
2025-11-06 16:33:12 | INFO     |   Col_5: '40'
2025-11-06 16:33:12 | INFO     |   Col_6: ''
2025-11-06 16:33:12 | INFO     |   Col_7: '0'
2025-11-06 16:33:12 | INFO     | 
행 4:
2025-11-06 16:33:12 | INFO     |   Col_1: 'S.aureus'
2025-11-06 16:33:12 | INFO     |   Col_3: '8.3X105'
2025-11-06 16:33:12 | INFO     |   Col_4: '<102'
2025-11-06 16:33:12 | INFO     |   Col_5: '40'
2025-11-06 16:33:12 | INFO     |   Col_6: ''
2025-11-06 16:33:12 | INFO     |   Col_7: '0'
2025-11-06 16:33:12 | INFO     | 
행 5:
2025-11-06 16:33:12 | INFO     |   Col_1: 'C.albicans'
2025-11-06 16:33:12 | INFO     |   Col_2: '≤1'
2025-11-06 16:33:12 | INFO     |   Col_3: '3.8X104'
2025-11-06 16:33:12 | INFO     |   Col_4: '4102'
2025-11-06 16:33:12 | INFO     |   Col_5: '40'
2025-11-06 16:33:12 | INFO     |   Col_6: 'CIO'
2025-11-06 16:33:12 | INFO     |   Col_7: '0'
2025-11-06 16:33:12 | INFO     | 
행 6:
2025-11-06 16:33:12 | INFO     |   Col_1: 'A.brasiliensis'
2025-11-06 16:33:12 | INFO     |   Col_2: '500'
2025-11-06 16:33:12 | INFO     |   Col_3: '5.7X104'
2025-11-06 16:33:12 | INFO     |   Col_4: 'V 1.8×103'
2025-11-06 16:33:12 | INFO     |   Col_5: '(M2x10)'
2025-11-06 16:33:12 | INFO     |   Col_6: '< 102'
2025-11-06 16:33:12 | INFO     |   Col_7: '0'
2025-11-06 16:33:12 | INFO     | 
행 7:
2025-11-06 16:33:12 | INFO     |   Col_0: '루츠베이스아쿠아 맥스썬스크린 CCA14001-MAC 25A15102'
2025-11-06 16:33:12 | INFO     |   Col_1: 'E.coli'
2025-11-06 16:33:12 | INFO     |   Col_2: '≤3'
2025-11-06 16:33:12 | INFO     |   Col_3: '6.0X105'
2025-11-06 16:33:12 | INFO     |   Col_4: '< 102'
2025-11-06 16:33:12 | INFO     |   Col_5: '40'
2025-11-06 16:33:12 | INFO     |   Col_6: '(10'
2025-11-06 16:33:12 | INFO     |   Col_7: '0'
2025-11-06 16:33:12 | INFO     |   Col_8: '0 (A.6 나주 약함)'
2025-11-06 16:33:12 | INFO     | 
행 8:
2025-11-06 16:33:12 | INFO     |   Col_1: 'P.aeruginosa'
2025-11-06 16:33:12 | INFO     |   Col_3: '8.7X105'
2025-11-06 16:33:12 | INFO     |   Col_4: '< 102'
2025-11-06 16:33:12 | INFO     |   Col_5: '40'
2025-11-06 16:33:12 | INFO     |   Col_6: '<10'
2025-11-06 16:33:12 | INFO     |   Col_7: '0'
2025-11-06 16:33:12 | INFO     | 
행 9:
2025-11-06 16:33:12 | INFO     |   Col_1: 'S.aureus'
2025-11-06 16:33:12 | INFO     |   Col_3: '8.3X105'
2025-11-06 16:33:12 | INFO     |   Col_4: '<102'
2025-11-06 16:33:12 | INFO     |   Col_5: '410'
2025-11-06 16:33:12 | INFO     |   Col_6: '10'
2025-11-06 16:33:12 | INFO     |   Col_7: '0'
2025-11-06 16:33:12 | INFO     | 
행 10:
2025-11-06 16:33:12 | INFO     |   Col_1: 'C.albicans'
2025-11-06 16:33:12 | INFO     |   Col_2: 'SI'
2025-11-06 16:33:12 | INFO     |   Col_3: '3.8X104'
2025-11-06 16:33:12 | INFO     |   Col_4: 'C102'
2025-11-06 16:33:12 | INFO     |   Col_5: '40'
2025-11-06 16:33:12 | INFO     |   Col_6: 'CIO'
2025-11-06 16:33:12 | INFO     |   Col_7: '0'
2025-11-06 16:33:12 | INFO     | 
행 11:
2025-11-06 16:33:12 | INFO     |   Col_1: 'A.brasiliensis'
2025-11-06 16:33:12 | INFO     |   Col_2: '50c'
2025-11-06 16:33:12 | INFO     |   Col_3: '5.7X104'
2025-11-06 16:33:12 | INFO     |   Col_4: '( 2.4 x10) 9 x10"'
2025-11-06 16:33:12 | INFO     |   Col_5: '2.6x103'
2025-11-06 16:33:12 | INFO     |   Col_6: '1.8x10)'
2025-11-06 16:33:12 | INFO     |   Col_7: '0'
2025-11-06 16:33:12 | INFO     | 
행 12:
2025-11-06 16:33:12 | INFO     |   Col_0: '보타니티선크림 CCA21201- BBZBZ 25A15103'
2025-11-06 16:33:12 | INFO     |   Col_1: 'E.coli'
2025-11-06 16:33:12 | INFO     |   Col_2: '≤3'
2025-11-06 16:33:12 | INFO     |   Col_3: '6.0X105'
2025-11-06 16:33:12 | INFO     |   Col_4: '< /02'
2025-11-06 16:33:12 | INFO     |   Col_5: ''
2025-11-06 16:33:12 | INFO     |   Col_6: '410'
2025-11-06 16:33:12 | INFO     |   Col_7: 'P'
2025-11-06 16:33:12 | INFO     |   Col_8: '0'
2025-11-06 16:33:12 | INFO     | 
행 13:
2025-11-06 16:33:12 | INFO     |   Col_1: 'P.aeruginosa'
2025-11-06 16:33:12 | INFO     |   Col_3: '8.7X105'
2025-11-06 16:33:12 | INFO     |   Col_4: '(10)'
2025-11-06 16:33:12 | INFO     |   Col_5: '010'
2025-11-06 16:33:12 | INFO     |   Col_6: '<10'
2025-11-06 16:33:12 | INFO     |   Col_7: '0'
2025-11-06 16:33:12 | INFO     | 
행 14:
2025-11-06 16:33:12 | INFO     |   Col_1: 'S.aureus'
2025-11-06 16:33:12 | INFO     |   Col_3: '8.3X105'
2025-11-06 16:33:12 | INFO     |   Col_4: '( 102'
2025-11-06 16:33:12 | INFO     |   Col_5: 'Clo'
2025-11-06 16:33:12 | INFO     |   Col_6: '<10'
2025-11-06 16:33:12 | INFO     |   Col_7: '0'
2025-11-06 16:33:12 | INFO     | 
행 15:
2025-11-06 16:33:12 | INFO     |   Col_1: 'C.albicans'
2025-11-06 16:33:12 | INFO     |   Col_2: '≤1'
2025-11-06 16:33:12 | INFO     |   Col_3: '3.8X104'
2025-11-06 16:33:12 | INFO     |   Col_4: 'C102'
2025-11-06 16:33:12 | INFO     |   Col_5: ''
2025-11-06 16:33:12 | INFO     |   Col_6: ''
2025-11-06 16:33:12 | INFO     |   Col_7: '0'
2025-11-06 16:33:12 | INFO     | 
행 16:
2025-11-06 16:33:12 | INFO     |   Col_1: 'A.brasiliensis'
2025-11-06 16:33:12 | INFO     |   Col_2: '50€'
2025-11-06 16:33:12 | INFO     |   Col_3: '5.7X104'
2025-11-06 16:33:12 | INFO     |   Col_4: '< 4x10? . 2x107V'
2025-11-06 16:33:12 | INFO     |   Col_5: 'CI0L'
2025-11-06 16:33:12 | INFO     |   Col_6: '<102'
2025-11-06 16:33:12 | INFO     |   Col_7: '0'
2025-11-06 16:33:12 | INFO     | 
행 17:
2025-11-06 16:33:12 | INFO     |   Col_0: '르넥트톤업선베이 스 CCA01103-SBF 25A15104'
2025-11-06 16:33:12 | INFO     |   Col_1: 'E.coli'
2025-11-06 16:33:12 | INFO     |   Col_2: '≤3'
2025-11-06 16:33:12 | INFO     |   Col_3: '6.0X105'
2025-11-06 16:33:12 | INFO     |   Col_4: '5102'
2025-11-06 16:33:12 | INFO     |   Col_5: 'cio'
2025-11-06 16:33:12 | INFO     |   Col_6: '(10'
2025-11-06 16:33:12 | INFO     |   Col_7: '0'
2025-11-06 16:33:12 | INFO     |   Col_8: '0'
2025-11-06 16:33:12 | INFO     | 
행 18:
2025-11-06 16:33:12 | INFO     |   Col_1: 'P.aeruginosa'
2025-11-06 16:33:12 | INFO     |   Col_3: '8.7X105'
2025-11-06 16:33:12 | INFO     |   Col_4: '<102'
2025-11-06 16:33:12 | INFO     |   Col_5: ''
2025-11-06 16:33:12 | INFO     |   Col_6: 'CIO'
2025-11-06 16:33:12 | INFO     |   Col_7: '0'
2025-11-06 16:33:12 | INFO     | 
행 19:
2025-11-06 16:33:12 | INFO     |   Col_1: 'S.aureus'
2025-11-06 16:33:12 | INFO     |   Col_3: '8.3X105'
2025-11-06 16:33:12 | INFO     |   Col_4: '5102'
2025-11-06 16:33:12 | INFO     |   Col_5: '...'
2025-11-06 16:33:12 | INFO     |   Col_6: '<10'
2025-11-06 16:33:12 | INFO     |   Col_7: '0'
2025-11-06 16:33:12 | INFO     | 
행 20:
2025-11-06 16:33:12 | INFO     |   Col_1: 'C.albicans'
2025-11-06 16:33:12 | INFO     |   Col_2: '≤1'
2025-11-06 16:33:12 | INFO     |   Col_3: '3.8X104'
2025-11-06 16:33:12 | INFO     |   Col_4: '402'
2025-11-06 16:33:12 | INFO     |   Col_5: '(1)'
2025-11-06 16:33:12 | INFO     |   Col_6: '(10'
2025-11-06 16:33:12 | INFO     |   Col_7: '0'
2025-11-06 16:33:12 | INFO     | 
행 21:
2025-11-06 16:33:12 | INFO     |   Col_1: 'A.brasiliensis'
2025-11-06 16:33:12 | INFO     |   Col_2: '50°'
2025-11-06 16:33:12 | INFO     |   Col_3: '5.7X104'
2025-11-06 16:33:12 | INFO     |   Col_4: '< 1-6x107'
2025-11-06 16:33:12 | INFO     |   Col_5: 'Clor'
2025-11-06 16:33:12 | INFO     |   Col_6: '<102'
2025-11-06 16:33:12 | INFO     |   Col_7: '0'
2025-11-06 16:33:12 | INFO     | 
행 22:
2025-11-06 16:33:12 | INFO     |   Col_0: '오엠지 워터 선 젤 CCA18002-UAA 25A15105'
2025-11-06 16:33:12 | INFO     |   Col_1: 'E.coli'
2025-11-06 16:33:12 | INFO     |   Col_2: '≤3'
2025-11-06 16:33:12 | INFO     |   Col_3: '6.0X105'
2025-11-06 16:33:12 | INFO     |   Col_4: '€ 102'
2025-11-06 16:33:12 | INFO     |   Col_5: ''
2025-11-06 16:33:12 | INFO     |   Col_6: 'CIO'
2025-11-06 16:33:12 | INFO     |   Col_7: '0'
2025-11-06 16:33:12 | INFO     |   Col_8: '0'
2025-11-06 16:33:12 | INFO     | 
행 23:
2025-11-06 16:33:12 | INFO     |   Col_1: 'P.aeruginosa'
2025-11-06 16:33:12 | INFO     |   Col_3: '8.7X105'
2025-11-06 16:33:12 | INFO     |   Col_4: '5/02'
2025-11-06 16:33:12 | INFO     |   Col_5: ''
2025-11-06 16:33:12 | INFO     |   Col_6: '110'
2025-11-06 16:33:12 | INFO     |   Col_7: '0'
2025-11-06 16:33:12 | INFO     | 
행 24:
2025-11-06 16:33:12 | INFO     |   Col_1: 'S.aureus'
2025-11-06 16:33:12 | INFO     |   Col_3: '8.3×105'
2025-11-06 16:33:12 | INFO     |   Col_4: '2 <10'
2025-11-06 16:33:12 | INFO     |   Col_5: ''
2025-11-06 16:33:12 | INFO     |   Col_6: 'CIO'
2025-11-06 16:33:12 | INFO     |   Col_7: '0'
2025-11-06 16:33:12 | INFO     | 
행 25:
2025-11-06 16:33:12 | INFO     |   Col_1: 'C.albicans'
2025-11-06 16:33:12 | INFO     |   Col_2: '51'
2025-11-06 16:33:12 | INFO     |   Col_3: '3.8X104'
2025-11-06 16:33:12 | INFO     |   Col_4: '402'
2025-11-06 16:33:12 | INFO     |   Col_5: 'C12'
2025-11-06 16:33:12 | INFO     |   Col_6: 'CO'
2025-11-06 16:33:12 | INFO     |   Col_7: '0'
2025-11-06 16:33:12 | INFO     | 
행 26:
2025-11-06 16:33:12 | INFO     |   Col_1: 'A.brasiliensis'
2025-11-06 16:33:12 | INFO     |   Col_2: '50c'
2025-11-06 16:33:12 | INFO     |   Col_3: '5.7X104'
2025-11-06 16:33:12 | INFO     |   Col_4: '9x102 V ( 1 x103'
2025-11-06 16:33:12 | INFO     |   Col_5: 'CIS2'
2025-11-06 16:33:12 | INFO     |   Col_6: '(102'
2025-11-06 16:33:12 | INFO     |   Col_7: '0'
2025-11-06 16:33:12 | INFO     | 
행 27:
2025-11-06 16:33:12 | INFO     |   Col_0: '그린핑거 순한 무 기자차 선쿠션 SPF50+ PA++++(T4) CCC0'
2025-11-06 16:33:12 | INFO     |   Col_1: 'E.coli'
2025-11-06 16:33:12 | INFO     |   Col_2: '≤3'
2025-11-06 16:33:12 | INFO     |   Col_3: '6.0X105'
2025-11-06 16:33:12 | INFO     |   Col_4: '<10"'
2025-11-06 16:33:12 | INFO     |   Col_5: 'Lio'
2025-11-06 16:33:12 | INFO     |   Col_6: '<10'
2025-11-06 16:33:12 | INFO     |   Col_7: '0'
2025-11-06 16:33:12 | INFO     |   Col_8: '부적합 (A.b 47)'
2025-11-06 16:33:12 | INFO     | 
행 28:
2025-11-06 16:33:12 | INFO     |   Col_1: 'P.aeruginosa'
2025-11-06 16:33:12 | INFO     |   Col_3: '8.7X105'
2025-11-06 16:33:12 | INFO     |   Col_4: '2
<10)'
2025-11-06 16:33:12 | INFO     |   Col_5: '510'
2025-11-06 16:33:12 | INFO     |   Col_6: '<10'
2025-11-06 16:33:12 | INFO     |   Col_7: '0'
2025-11-06 16:33:12 | INFO     | 
행 29:
2025-11-06 16:33:12 | INFO     |   Col_1: 'S.aureus'
2025-11-06 16:33:12 | INFO     |   Col_3: '8.3X105'
2025-11-06 16:33:12 | INFO     |   Col_4: '< 102'
2025-11-06 16:33:12 | INFO     |   Col_5: '(10'
2025-11-06 16:33:12 | INFO     |   Col_6: '(10'
2025-11-06 16:33:12 | INFO     |   Col_7: '0'
2025-11-06 16:33:12 | INFO     | 
행 30:
2025-11-06 16:33:12 | INFO     |   Col_1: 'B.cepacia'
2025-11-06 16:33:12 | INFO     |   Col_3: '5.6×105'
2025-11-06 16:33:12 | INFO     |   Col_4: '5102'
2025-11-06 16:33:12 | INFO     |   Col_5: 'L 10'
2025-11-06 16:33:12 | INFO     |   Col_6: '€ 10'
2025-11-06 16:33:12 | INFO     |   Col_7: '0'
2025-11-06 16:33:12 | INFO     | 
행 31:
2025-11-06 16:33:12 | INFO     |   Col_1: 'P.gergoviae'
2025-11-06 16:33:12 | INFO     |   Col_3: '5.6×105'
2025-11-06 16:33:12 | INFO     |   Col_4: 'C102'
2025-11-06 16:33:12 | INFO     |   Col_5: '(10'
2025-11-06 16:33:12 | INFO     |   Col_6: '(10'
2025-11-06 16:33:12 | INFO     |   Col_7: '0'
2025-11-06 16:33:12 | INFO     | 
행 32:
2025-11-06 16:33:12 | INFO     |   Col_1: 'C.albicans'
2025-11-06 16:33:12 | INFO     |   Col_2: '≤1'
2025-11-06 16:33:12 | INFO     |   Col_3: '3.8X104'
2025-11-06 16:33:12 | INFO     |   Col_4: '(1X102)'
2025-11-06 16:33:12 | INFO     |   Col_5: 'CIO'
2025-11-06 16:33:12 | INFO     |   Col_6: '(10'
2025-11-06 16:33:12 | INFO     |   Col_7: '0'
2025-11-06 16:33:12 | INFO     | 
행 33:
2025-11-06 16:33:12 | INFO     |   Col_1: 'A.brasiliensis'
2025-11-06 16:33:12 | INFO     |   Col_2: '50c'
2025-11-06 16:33:12 | INFO     |   Col_3: '5.7X104'
2025-11-06 16:33:12 | INFO     |   Col_4: '146/1-4404 54.2×104'
2025-11-06 16:33:12 | INFO     |   Col_5: '< 1.3x104 1.98104'
2025-11-06 16:33:12 | INFO     |   Col_6: '(8.4×10) 1.6x104v'
2025-11-06 16:33:12 | INFO     |   Col_7: 'X
:selected:'
2025-11-06 16:33:12 | INFO     | 
행 34:
2025-11-06 16:33:12 | INFO     |   Col_0: '코리아테크 글로우 쿠션 LAF0947-OZ2A 25A15107 w/4 +'
2025-11-06 16:33:12 | INFO     |   Col_1: 'E.coli'
2025-11-06 16:33:12 | INFO     |   Col_2: '53'
2025-11-06 16:33:12 | INFO     |   Col_3: '6.0×105'
2025-11-06 16:33:12 | INFO     |   Col_4: '< 102'
2025-11-06 16:33:12 | INFO     |   Col_5: 'CIO'
2025-11-06 16:33:12 | INFO     |   Col_6: '(10'
2025-11-06 16:33:12 | INFO     |   Col_7: '0'
2025-11-06 16:33:12 | INFO     |   Col_8: ':selected:'
2025-11-06 16:33:12 | INFO     | 
행 35:
2025-11-06 16:33:12 | INFO     |   Col_1: 'P.aeruginosa'
2025-11-06 16:33:12 | INFO     |   Col_3: '8.7X105'
2025-11-06 16:33:12 | INFO     |   Col_4: '5102'
2025-11-06 16:33:12 | INFO     |   Col_5: '40'
2025-11-06 16:33:12 | INFO     |   Col_6: '510'
2025-11-06 16:33:12 | INFO     |   Col_7: '0'
2025-11-06 16:33:12 | INFO     | 
행 36:
2025-11-06 16:33:12 | INFO     |   Col_1: 'S.aureus'
2025-11-06 16:33:12 | INFO     |   Col_3: '8.3×105'
2025-11-06 16:33:12 | INFO     |   Col_4: '< 102'
2025-11-06 16:33:12 | INFO     |   Col_5: '40'
2025-11-06 16:33:12 | INFO     |   Col_6: '<10'
2025-11-06 16:33:12 | INFO     |   Col_7: '0'
2025-11-06 16:33:12 | INFO     | 
행 37:
2025-11-06 16:33:12 | INFO     |   Col_1: 'C.albicans'
2025-11-06 16:33:12 | INFO     |   Col_2: '≤1'
2025-11-06 16:33:12 | INFO     |   Col_3: '3.8X104'
2025-11-06 16:33:12 | INFO     |   Col_4: '(102'
2025-11-06 16:33:12 | INFO     |   Col_5: '40'
2025-11-06 16:33:12 | INFO     |   Col_6: '(10'
2025-11-06 16:33:12 | INFO     |   Col_7: '0'
2025-11-06 16:33:12 | INFO     | 
행 38:
2025-11-06 16:33:12 | INFO     |   Col_1: 'A.brasiliensis'
2025-11-06 16:33:12 | INFO     |   Col_2: '50€'
2025-11-06 16:33:12 | INFO     |   Col_3: '5.7X104'
2025-11-06 16:33:12 | INFO     |   Col_4: '<4.1×103 1.6 X104V'
2025-11-06 16:33:12 | INFO     |   Col_5: '2×102
<"CIO"'
2025-11-06 16:33:12 | INFO     |   Col_6: '< 102'
2025-11-06 16:33:12 | INFO     |   Col_7: '0'
2025-11-06 16:33:12 | INFO     | 
행 39:
2025-11-06 16:33:12 | INFO     |   Col_0: '클리오 쿨링 톤업메쉬쿠션 개선1차 LAF0942 -- RZ9A 25A15'
2025-11-06 16:33:12 | INFO     |   Col_1: 'E.coli'
2025-11-06 16:33:12 | INFO     |   Col_2: '≤3'
2025-11-06 16:33:12 | INFO     |   Col_3: '6.0X105'
2025-11-06 16:33:12 | INFO     |   Col_4: '4102'
2025-11-06 16:33:12 | INFO     |   Col_5: 'L10'
2025-11-06 16:33:12 | INFO     |   Col_6: 'CIO'
2025-11-06 16:33:12 | INFO     |   Col_7: '0
:selected:'
2025-11-06 16:33:12 | INFO     |   Col_8: '0 (A·b 4주 약함)
:selected:'
2025-11-06 16:33:12 | INFO     | 
행 40:
2025-11-06 16:33:12 | INFO     |   Col_1: 'P.aeruginosa'
2025-11-06 16:33:12 | INFO     |   Col_3: '8.7X105'
2025-11-06 16:33:12 | INFO     |   Col_4: 'GIO2'
2025-11-06 16:33:12 | INFO     |   Col_5: 'C10'
2025-11-06 16:33:12 | INFO     |   Col_6: ''
2025-11-06 16:33:12 | INFO     |   Col_7: '0
:selected:'
2025-11-06 16:33:12 | INFO     | 
행 41:
2025-11-06 16:33:12 | INFO     |   Col_1: 'S.aureus'
2025-11-06 16:33:12 | INFO     |   Col_3: '8.3X105'
2025-11-06 16:33:12 | INFO     |   Col_4: '410'
2025-11-06 16:33:12 | INFO     |   Col_5: 'C10'
2025-11-06 16:33:12 | INFO     |   Col_6: ''
2025-11-06 16:33:12 | INFO     |   Col_7: '0'
2025-11-06 16:33:12 | INFO     | 
행 42:
2025-11-06 16:33:12 | INFO     |   Col_1: 'C.albicans'
2025-11-06 16:33:12 | INFO     |   Col_2: '≤1'
2025-11-06 16:33:12 | INFO     |   Col_3: '3.8X104'
2025-11-06 16:33:12 | INFO     |   Col_4: '410-'
2025-11-06 16:33:12 | INFO     |   Col_5: 'CIO'
2025-11-06 16:33:12 | INFO     |   Col_6: '110'
2025-11-06 16:33:12 | INFO     |   Col_7: '0'
2025-11-06 16:33:12 | INFO     | 
행 43:
2025-11-06 16:33:12 | INFO     |   Col_1: 'A.brasiliensis'
2025-11-06 16:33:12 | INFO     |   Col_2: '50€'
2025-11-06 16:33:12 | INFO     |   Col_3: '5.7X104'
2025-11-06 16:33:12 | INFO     |   Col_4: '€1. 6 X 104 3.2 X104'
2025-11-06 16:33:12 | INFO     |   Col_5: '1.1X1047 23 X104'
2025-11-06 16:33:12 | INFO     |   Col_6: '3.3×103. 6×103'
2025-11-06 16:33:12 | INFO     |   Col_7: '0'
2025-11-06 16:33:12 | INFO     | 
행 44:
2025-11-06 16:33:12 | INFO     |   Col_0: '디밀-듀얼 컨실러 1호 SPOT(FIX) LA1998-DZ35A 25A1'
2025-11-06 16:33:12 | INFO     |   Col_1: 'E.coli'
2025-11-06 16:33:12 | INFO     |   Col_2: '≤3'
2025-11-06 16:33:12 | INFO     |   Col_3: '6.0X105'
2025-11-06 16:33:12 | INFO     |   Col_4: ''
2025-11-06 16:33:12 | INFO     |   Col_5: 'C10'
2025-11-06 16:33:12 | INFO     |   Col_6: 'L16'
2025-11-06 16:33:12 | INFO     |   Col_7: '0'
2025-11-06 16:33:12 | INFO     |   Col_8: '0'
2025-11-06 16:33:12 | INFO     | 
행 45:
2025-11-06 16:33:12 | INFO     |   Col_1: 'P.aeruginosa'
2025-11-06 16:33:12 | INFO     |   Col_3: '8.7X105'
2025-11-06 16:33:12 | INFO     |   Col_4: '40'
2025-11-06 16:33:12 | INFO     |   Col_5: 'CIO'
2025-11-06 16:33:12 | INFO     |   Col_6: '410'
2025-11-06 16:33:12 | INFO     |   Col_7: '0'
2025-11-06 16:33:12 | INFO     | 
행 46:
2025-11-06 16:33:12 | INFO     |   Col_1: 'S.aureus'
2025-11-06 16:33:12 | INFO     |   Col_3: '8.3×105'
2025-11-06 16:33:12 | INFO     |   Col_4: ''
2025-11-06 16:33:12 | INFO     |   Col_5: ''
2025-11-06 16:33:12 | INFO     |   Col_6: '40'
2025-11-06 16:33:12 | INFO     |   Col_7: '0'
2025-11-06 16:33:12 | INFO     | 
행 47:
2025-11-06 16:33:12 | INFO     |   Col_1: 'C.albicans'
2025-11-06 16:33:12 | INFO     |   Col_2: '51'
2025-11-06 16:33:12 | INFO     |   Col_3: '3.8X104'
2025-11-06 16:33:12 | INFO     |   Col_4: '415'
2025-11-06 16:33:12 | INFO     |   Col_5: 'CLO'
2025-11-06 16:33:12 | INFO     |   Col_6: '410'
2025-11-06 16:33:12 | INFO     |   Col_7: 'D'
2025-11-06 16:33:12 | INFO     | 
행 48:
2025-11-06 16:33:12 | INFO     |   Col_1: 'A.brasiliensis'
2025-11-06 16:33:12 | INFO     |   Col_2: '50°'
2025-11-06 16:33:12 | INFO     |   Col_3: '5.7X104'
2025-11-06 16:33:12 | INFO     |   Col_4: '9.4×1030 (1.2×1040'
2025-11-06 16:33:12 | INFO     |   Col_5: '(4.2 ×10) 8X103'
2025-11-06 16:33:12 | INFO     |   Col_6: '9 x 100'
2025-11-06 16:33:12 | INFO     |   Col_7: '0'
2025-11-06 16:33:12 | INFO     | 
================================================================================
2025-11-06 16:33:12 | INFO     | 📊 2. 컬럼 매핑 상세
2025-11-06 16:33:12 | INFO     | --------------------------------------------------------------------------------
2025-11-06 16:33:12 | INFO     |   strain_col           → Col_1
2025-11-06 16:33:12 | INFO     |   specification_col    → Col_2
2025-11-06 16:33:12 | INFO     |   cfu_0_col            → Col_3
2025-11-06 16:33:12 | INFO     |   cfu_7_col            → Col_4
2025-11-06 16:33:12 | INFO     |   cfu_14_col           → Col_5
2025-11-06 16:33:13 | INFO     |   cfu_28_col           → Col_6
2025-11-06 16:33:13 | INFO     |   judgment_col         → Col_7
2025-11-06 16:33:13 | INFO     |   final_judgment_col   → Col_8
2025-11-06 16:33:13 | INFO     | 
================================================================================
2025-11-06 16:33:13 | INFO     | 🔍 3. Bulk Name 컬럼 찾기
2025-11-06 16:33:13 | INFO     | --------------------------------------------------------------------------------
2025-11-06 16:33:13 | INFO     | ✅ Bulk Name 컬럼 발견: Col_0
2025-11-06 16:33:13 | INFO     |    헤더 값: 'Bulk Name'
2025-11-06 16:33:13 | INFO     | 
================================================================================
2025-11-06 16:33:13 | INFO     | 📝 4. Bulk Name 컬럼(Col_0) 전체 내용
2025-11-06 16:33:13 | INFO     | --------------------------------------------------------------------------------
2025-11-06 16:33:13 | INFO     | 행  0: 'Bulk Name'
2025-11-06 16:33:13 | INFO     | 행  2: '슈링크알엑스선세 럼 CCA21201-VAA 25A15101'
2025-11-06 16:33:13 | INFO     | 행  7: '루츠베이스아쿠아 맥스썬스크린 CCA14001-MAC 25A15102'
2025-11-06 16:33:13 | INFO     | 행 12: '보타니티선크림 CCA21201- BBZBZ 25A15103'
2025-11-06 16:33:13 | INFO     | 행 17: '르넥트톤업선베이 스 CCA01103-SBF 25A15104'
2025-11-06 16:33:13 | INFO     | 행 22: '오엠지 워터 선 젤 CCA18002-UAA 25A15105'
2025-11-06 16:33:13 | INFO     | 행 27: '그린핑거 순한 무 기자차 선쿠션 SPF50+ PA++++(T4) CCC02004-AAE 25A15106 w/S +'
2025-11-06 16:33:13 | INFO     | 행 34: '코리아테크 글로우 쿠션 LAF0947-OZ2A 25A15107 w/4 +'
2025-11-06 16:33:13 | INFO     | 행 39: '클리오 쿨링 톤업메쉬쿠션 개선1차 LAF0942 -- RZ9A 25A15108 w/s +'
2025-11-06 16:33:13 | INFO     | 행 44: '디밀-듀얼 컨실러 1호 SPOT(FIX) LA1998-DZ35A 25A15109 w/4 +'
2025-11-06 16:33:13 | INFO     | 
================================================================================
2025-11-06 16:33:13 | INFO     | 🔬 5. 시험번호/처방번호 패턴 매칭
2025-11-06 16:33:13 | INFO     | --------------------------------------------------------------------------------
2025-11-06 16:33:13 | INFO     | ✅ 행 2: 처방번호 'CCA21201-VAA'
2025-11-06 16:33:13 | INFO     | ✅ 행 7: 처방번호 'CCA14001-MAC'
2025-11-06 16:33:13 | INFO     | ✅ 행 17: 처방번호 'CCA01103-SBF'
2025-11-06 16:33:13 | INFO     | ✅ 행 22: 처방번호 'CCA18002-UAA'
2025-11-06 16:33:13 | INFO     | ✅ 행 27: 처방번호 'CCC02004-AAE'
2025-11-06 16:33:13 | INFO     | 
================================================================================
2025-11-06 16:33:13 | INFO     | 🔍 6. 전체 테이블에서 패턴 검색
2025-11-06 16:33:13 | INFO     | --------------------------------------------------------------------------------
2025-11-06 16:33:13 | INFO     | ❌ 시험번호 패턴 매칭 실패
2025-11-06 16:33:13 | INFO     | ✅ 전체 테이블에서 처방번호 발견: ['CCA21201-VAA', 'CCA14001-MAC', 'CCA01103-SBF', 'CCA18002-UAA', 'CCC02004-AAE']
2025-11-06 16:33:13 | INFO     | 
================================================================================
2025-11-06 16:33:13 | INFO     | 💡 7. 결론 및 권장사항
2025-11-06 16:33:13 | INFO     | --------------------------------------------------------------------------------
2025-11-06 16:33:13 | INFO     | 
❌ Bulk Name 컬럼에서 시험번호를 찾을 수 없습니다!
2025-11-06 16:33:13 | INFO     | 
✅ Bulk Name 컬럼에서 처방번호 5개 발견:
2025-11-06 16:33:13 | INFO     |    행 2: CCA21201-VAA
2025-11-06 16:33:13 | INFO     |    행 7: CCA14001-MAC
2025-11-06 16:33:13 | INFO     |    행 17: CCA01103-SBF
2025-11-06 16:33:13 | INFO     |    행 22: CCA18002-UAA
2025-11-06 16:33:13 | INFO     |    행 27: CCC02004-AAE
2025-11-06 16:33:13 | INFO     | 
================================================================================
2025-11-06 16:33:13 | INFO     |   📦 새 제품 시작 (행2): 시험번호=25A15I01
2025-11-06 16:33:13 | INFO     |   📦 새 제품 시작 (행2): 처방번호=CCA21201-VAA
2025-11-06 16:33:13 | INFO     |   🔧 보정 [0일]: '6.0X105' → '6.0×10^5'
2025-11-06 16:33:13 | INFO     |   🔧 보정 [7일]: '1' → '<10'
2025-11-06 16:33:13 | INFO     |   🔧 보정 [14일]: 'L10' → '<10'
2025-11-06 16:33:13 | INFO     |   🔧 보정 [0일]: '8.7X105' → '8.7×10^5'
2025-11-06 16:33:13 | INFO     |   🔧 보정 [14일]: '40' → '<10'
2025-11-06 16:33:13 | INFO     |   🔧 보정 [0일]: '8.3X105' → '8.3×10^5'
2025-11-06 16:33:13 | INFO     |   🔧 보정 [7일]: '<102' → '<10^2'
2025-11-06 16:33:13 | INFO     |   🔧 보정 [14일]: '40' → '<10'
2025-11-06 16:33:13 | INFO     |   🔧 보정 [0일]: '3.8X104' → '3.8×10^4'
2025-11-06 16:33:13 | INFO     |   🔧 보정 [7일]: '4102' → '<10^2'
2025-11-06 16:33:13 | INFO     |   🔧 보정 [14일]: '40' → '<10'
2025-11-06 16:33:13 | INFO     |   🔧 보정 [28일]: 'CIO' → '<10'
2025-11-06 16:33:13 | INFO     |   🔧 보정 [0일]: '5.7X104' → '5.7×10^4'
2025-11-06 16:33:13 | INFO     |   🔧 보정 [7일]: 'V 1.8×103' → '1.8×10^3'
2025-11-06 16:33:13 | INFO     |   🔧 보정 [14일]: '(M2x10)' → '2×10^0'
2025-11-06 16:33:13 | INFO     |   🔧 보정 [28일]: '< 102' → '<10^2'
2025-11-06 16:33:13 | INFO     |   📦 새 제품 시작 (행7): 시험번호=25A15I02
2025-11-06 16:33:13 | INFO     |   📦 새 제품 시작 (행7): 처방번호=CCA14001-MAC
2025-11-06 16:33:13 | INFO     |   🔧 보정 [0일]: '6.0X105' → '6.0×10^5'
2025-11-06 16:33:13 | INFO     |   🔧 보정 [7일]: '< 102' → '<10^2'
2025-11-06 16:33:13 | INFO     |   🔧 보정 [14일]: '40' → '<10'
2025-11-06 16:33:13 | INFO     |   🔧 보정 [28일]: '(10' → '<10'
2025-11-06 16:33:13 | INFO     |   🔧 보정 [0일]: '8.7X105' → '8.7×10^5'
2025-11-06 16:33:13 | INFO     |   🔧 보정 [7일]: '< 102' → '<10^2'
2025-11-06 16:33:13 | INFO     |   🔧 보정 [14일]: '40' → '<10'
2025-11-06 16:33:13 | INFO     |   🔧 보정 [0일]: '8.3X105' → '8.3×10^5'
2025-11-06 16:33:13 | INFO     |   🔧 보정 [7일]: '<102' → '<10^2'
2025-11-06 16:33:13 | INFO     |   🔧 보정 [14일]: '410' → '<10'
2025-11-06 16:33:13 | INFO     |   🔧 보정 [0일]: '3.8X104' → '3.8×10^4'
2025-11-06 16:33:13 | INFO     |   🔧 보정 [7일]: 'C102' → '<10^2'
2025-11-06 16:33:13 | INFO     |   🔧 보정 [14일]: '40' → '<10'
2025-11-06 16:33:13 | INFO     |   🔧 보정 [28일]: 'CIO' → '<10'
2025-11-06 16:33:13 | INFO     |   🔧 보정 [0일]: '5.7X104' → '5.7×10^4'
2025-11-06 16:33:13 | INFO     |   🔧 보정 [7일]: '( 2.4 x10) 9 x10"' → '2.4×10^0'
2025-11-06 16:33:13 | INFO     |   🔧 보정 [14일]: '2.6x103' → '2.6×10^3'
2025-11-06 16:33:13 | INFO     |   🔧 보정 [28일]: '1.8x10)' → '1.8×10^0'
2025-11-06 16:33:13 | INFO     |   📦 새 제품 시작 (행12): 시험번호=25A15I03
2025-11-06 16:33:13 | INFO     |   📦 새 제품 시작 (행12): 처방번호=CCA21201-BBZBZ
2025-11-06 16:33:13 | INFO     |   🔧 보정 [0일]: '6.0X105' → '6.0×10^5'
2025-11-06 16:33:13 | INFO     |   🔧 보정 [28일]: '410' → '<10'
2025-11-06 16:33:13 | INFO     |   🔧 보정 [0일]: '8.7X105' → '8.7×10^5'
2025-11-06 16:33:13 | INFO     |   🔧 보정 [7일]: '(10)' → '<10'
2025-11-06 16:33:13 | INFO     |   🔧 보정 [14일]: '010' → '<10'
2025-11-06 16:33:13 | INFO     |   🔧 보정 [0일]: '8.3X105' → '8.3×10^5'
2025-11-06 16:33:13 | INFO     |   🔧 보정 [7일]: '( 102' → '<10^2'
2025-11-06 16:33:13 | INFO     |   🔧 보정 [14일]: 'Clo' → '<10'
2025-11-06 16:33:13 | INFO     |   🔧 보정 [0일]: '3.8X104' → '3.8×10^4'
2025-11-06 16:33:13 | INFO     |   🔧 보정 [7일]: 'C102' → '<10^2'
2025-11-06 16:33:13 | INFO     |   🔧 보정 [0일]: '5.7X104' → '5.7×10^4'
2025-11-06 16:33:13 | INFO     |   🔧 보정 [7일]: '< 4x10? . 2x107V' → '<4×10^0'
2025-11-06 16:33:13 | INFO     |   🔧 보정 [28일]: '<102' → '<10^2'
2025-11-06 16:33:13 | INFO     |   📦 새 제품 시작 (행17): 시험번호=25A15I04
2025-11-06 16:33:13 | INFO     |   📦 새 제품 시작 (행17): 처방번호=CCA01103-SBF
2025-11-06 16:33:13 | INFO     |   🔧 보정 [0일]: '6.0X105' → '6.0×10^5'
2025-11-06 16:33:13 | INFO     |   🔧 보정 [7일]: '5102' → '<10^2'
2025-11-06 16:33:13 | INFO     |   🔧 보정 [14일]: 'cio' → '<10'
2025-11-06 16:33:13 | INFO     |   🔧 보정 [28일]: '(10' → '<10'
2025-11-06 16:33:13 | INFO     |   🔧 보정 [0일]: '8.7X105' → '8.7×10^5'
2025-11-06 16:33:13 | INFO     |   🔧 보정 [7일]: '<102' → '<10^2'
2025-11-06 16:33:13 | INFO     |   🔧 보정 [28일]: 'CIO' → '<10'
2025-11-06 16:33:13 | INFO     |   🔧 보정 [0일]: '8.3X105' → '8.3×10^5'
2025-11-06 16:33:13 | INFO     |   🔧 보정 [7일]: '5102' → '<10^2'
2025-11-06 16:33:13 | INFO     |   🔧 보정 [0일]: '3.8X104' → '3.8×10^4'
2025-11-06 16:33:13 | INFO     |   🔧 보정 [14일]: '(1)' → '<10'
2025-11-06 16:33:13 | INFO     |   🔧 보정 [28일]: '(10' → '<10'
2025-11-06 16:33:13 | INFO     |   🔧 보정 [0일]: '5.7X104' → '5.7×10^4'
2025-11-06 16:33:13 | INFO     |   🔧 보정 [7일]: '< 1-6x107' → '<6×10^7'
2025-11-06 16:33:13 | INFO     |   🔧 보정 [28일]: '<102' → '<10^2'
2025-11-06 16:33:13 | INFO     |   📦 새 제품 시작 (행22): 시험번호=25A15I05
2025-11-06 16:33:13 | INFO     |   📦 새 제품 시작 (행22): 처방번호=CCA18002-UAA
2025-11-06 16:33:13 | INFO     |   🔧 보정 [0일]: '6.0X105' → '6.0×10^5'
2025-11-06 16:33:13 | INFO     |   🔧 보정 [7일]: '€ 102' → '102'
2025-11-06 16:33:13 | INFO     |   🔧 보정 [28일]: 'CIO' → '<10'
2025-11-06 16:33:13 | INFO     |   🔧 보정 [0일]: '8.7X105' → '8.7×10^5'
2025-11-06 16:33:13 | INFO     |   🔧 보정 [7일]: '5/02' → '<10^2'
2025-11-06 16:33:13 | INFO     |   🔧 보정 [28일]: '110' → '<10'
2025-11-06 16:33:13 | INFO     |   🔧 보정 [0일]: '8.3×105' → '8.3×10^5'
2025-11-06 16:33:13 | INFO     |   🔧 보정 [7일]: '2 <10' → '<10'
2025-11-06 16:33:13 | INFO     |   🔧 보정 [28일]: 'CIO' → '<10'
2025-11-06 16:33:13 | INFO     |   🔧 보정 [0일]: '3.8X104' → '3.8×10^4'
2025-11-06 16:33:13 | INFO     |   🔧 보정 [14일]: 'C12' → '<10^2'
2025-11-06 16:33:13 | INFO     |   🔧 보정 [28일]: 'CO' → '<10'
2025-11-06 16:33:13 | INFO     |   🔧 보정 [0일]: '5.7X104' → '5.7×10^4'
2025-11-06 16:33:13 | INFO     |   🔧 보정 [7일]: '9x102 V ( 1 x103' → '9×10^2'
2025-11-06 16:33:13 | INFO     |   🔧 보정 [14일]: 'CIS2' → '<10^2'
2025-11-06 16:33:13 | INFO     |   🔧 보정 [28일]: '(102' → '<10^2'
2025-11-06 16:33:13 | INFO     |   📦 새 제품 시작 (행27): 시험번호=25A15I06
2025-11-06 16:33:13 | INFO     |   📦 새 제품 시작 (행27): 처방번호=CCC02004-AAE
2025-11-06 16:33:13 | INFO     |   🔧 보정 [0일]: '6.0X105' → '6.0×10^5'
2025-11-06 16:33:13 | INFO     |   🔧 보정 [7일]: '<10"' → '<10'
2025-11-06 16:33:13 | INFO     |   🔧 보정 [14일]: 'Lio' → '<10'
2025-11-06 16:33:13 | INFO     |   🔧 보정 [0일]: '8.7X105' → '8.7×10^5'
2025-11-06 16:33:13 | INFO     |   🔧 보정 [7일]: '2
<10)' → '<10'
2025-11-06 16:33:13 | INFO     |   🔧 보정 [14일]: '510' → '<10'
2025-11-06 16:33:13 | INFO     |   🔧 보정 [0일]: '8.3X105' → '8.3×10^5'
2025-11-06 16:33:13 | INFO     |   🔧 보정 [7일]: '< 102' → '<10^2'
2025-11-06 16:33:13 | INFO     |   🔧 보정 [14일]: '(10' → '<10'
2025-11-06 16:33:13 | INFO     |   🔧 보정 [28일]: '(10' → '<10'
2025-11-06 16:33:13 | INFO     |   🔧 보정 [0일]: '3.8X104' → '3.8×10^4'
2025-11-06 16:33:13 | INFO     |   🔧 보정 [7일]: '(1X102)' → '1×10^2'
2025-11-06 16:33:13 | INFO     |   🔧 보정 [14일]: 'CIO' → '<10'
2025-11-06 16:33:13 | INFO     |   🔧 보정 [28일]: '(10' → '<10'
2025-11-06 16:33:13 | INFO     |   🔧 보정 [0일]: '5.7X104' → '5.7×10^4'
2025-11-06 16:33:13 | INFO     |   🔧 보정 [7일]: '146/1-4404 54.2×104' → '54.2×10^4'
2025-11-06 16:33:13 | INFO     |   🔧 보정 [14일]: '< 1.3x104 1.98104' → '<1.3×10^4'
2025-11-06 16:33:13 | INFO     |   🔧 보정 [28일]: '(8.4×10) 1.6x104v' → '8.4×10^0'
2025-11-06 16:33:13 | INFO     |   📦 새 제품 시작 (행34): 시험번호=25A15I07
2025-11-06 16:33:13 | INFO     |   📦 새 제품 시작 (행34): 처방번호=LAF0947-OZ2A
2025-11-06 16:33:13 | INFO     |   🔧 보정 [0일]: '6.0×105' → '6.0×10^5'
2025-11-06 16:33:13 | INFO     |   🔧 보정 [7일]: '< 102' → '<10^2'
2025-11-06 16:33:13 | INFO     |   🔧 보정 [14일]: 'CIO' → '<10'
2025-11-06 16:33:13 | INFO     |   🔧 보정 [28일]: '(10' → '<10'
2025-11-06 16:33:13 | INFO     |   🔧 보정 [0일]: '8.7X105' → '8.7×10^5'
2025-11-06 16:33:13 | INFO     |   🔧 보정 [7일]: '5102' → '<10^2'
2025-11-06 16:33:13 | INFO     |   🔧 보정 [14일]: '40' → '<10'
2025-11-06 16:33:13 | INFO     |   🔧 보정 [28일]: '510' → '<10'
2025-11-06 16:33:13 | INFO     |   🔧 보정 [0일]: '8.3×105' → '8.3×10^5'
2025-11-06 16:33:13 | INFO     |   🔧 보정 [7일]: '< 102' → '<10^2'
2025-11-06 16:33:13 | INFO     |   🔧 보정 [14일]: '40' → '<10'
2025-11-06 16:33:13 | INFO     |   🔧 보정 [0일]: '3.8X104' → '3.8×10^4'
2025-11-06 16:33:13 | INFO     |   🔧 보정 [7일]: '(102' → '<10^2'
2025-11-06 16:33:13 | INFO     |   🔧 보정 [14일]: '40' → '<10'
2025-11-06 16:33:13 | INFO     |   🔧 보정 [28일]: '(10' → '<10'
2025-11-06 16:33:13 | INFO     |   🔧 보정 [0일]: '5.7X104' → '5.7×10^4'
2025-11-06 16:33:13 | INFO     |   🔧 보정 [7일]: '<4.1×103 1.6 X104V' → '<4.1×10^3'
2025-11-06 16:33:13 | INFO     |   🔧 보정 [14일]: '2×102
<"CIO"' → '2×10^2'
2025-11-06 16:33:13 | INFO     |   🔧 보정 [28일]: '< 102' → '<10^2'
2025-11-06 16:33:13 | INFO     |   📦 새 제품 시작 (행39): 시험번호=25A15I08
2025-11-06 16:33:13 | INFO     |   📦 새 제품 시작 (행39): 처방번호=LAF0942-RZ9A
2025-11-06 16:33:13 | INFO     |   🔧 보정 [0일]: '6.0X105' → '6.0×10^5'
2025-11-06 16:33:13 | INFO     |   🔧 보정 [7일]: '4102' → '<10^2'
2025-11-06 16:33:13 | INFO     |   🔧 보정 [14일]: 'L10' → '<10'
2025-11-06 16:33:13 | INFO     |   🔧 보정 [28일]: 'CIO' → '<10'
2025-11-06 16:33:13 | INFO     |   🔧 보정 [0일]: '8.7X105' → '8.7×10^5'
2025-11-06 16:33:13 | INFO     |   🔧 보정 [7일]: 'GIO2' → '<10^2'
2025-11-06 16:33:13 | INFO     |   🔧 보정 [14일]: 'C10' → '<10'
2025-11-06 16:33:13 | INFO     |   🔧 보정 [0일]: '8.3X105' → '8.3×10^5'
2025-11-06 16:33:13 | INFO     |   ℹ️ 7일차 실무 보정: '410' → '<10^2' (일반 기준)
2025-11-06 16:33:13 | INFO     |   🔧 보정 [7일]: '410' → '<10^2'
2025-11-06 16:33:13 | INFO     |   🔧 보정 [14일]: 'C10' → '<10'
2025-11-06 16:33:13 | INFO     |   🔧 보정 [0일]: '3.8X104' → '3.8×10^4'
2025-11-06 16:33:13 | INFO     |   🔧 보정 [14일]: 'CIO' → '<10'
2025-11-06 16:33:13 | INFO     |   🔧 보정 [28일]: '110' → '<10'
2025-11-06 16:33:13 | INFO     |   🔧 보정 [0일]: '5.7X104' → '5.7×10^4'
2025-11-06 16:33:13 | INFO     |   🔧 보정 [7일]: '€1. 6 X 104 3.2 X104' → '6×10^4'
2025-11-06 16:33:13 | INFO     |   🔧 보정 [14일]: '1.1X1047 23 X104' → '1.1×10^47'
2025-11-06 16:33:13 | WARNING  |   ⚠️ 합쳐진 셀 감지: '3.3×103. 6×103' → 첫 번째 값만 사용: '3.3×103'
2025-11-06 16:33:13 | INFO     |   🔧 보정 [28일]: '3.3×103. 6×103' → '3.3×10^3'
2025-11-06 16:33:13 | INFO     |   📦 새 제품 시작 (행44): 시험번호=25A15I09
2025-11-06 16:33:13 | INFO     |   📦 새 제품 시작 (행44): 처방번호=LA1998-DZ35A
2025-11-06 16:33:13 | INFO     |   🔧 보정 [0일]: '6.0X105' → '6.0×10^5'
2025-11-06 16:33:13 | INFO     |   🔧 보정 [14일]: 'C10' → '<10'
2025-11-06 16:33:13 | INFO     |   🔧 보정 [0일]: '8.7X105' → '8.7×10^5'
2025-11-06 16:33:13 | INFO     |   ℹ️ 7일차 실무 보정: '40' → '<10^2' (일반 기준)
2025-11-06 16:33:13 | INFO     |   🔧 보정 [7일]: '40' → '<10^2'
2025-11-06 16:33:13 | INFO     |   🔧 보정 [14일]: 'CIO' → '<10'
2025-11-06 16:33:13 | INFO     |   🔧 보정 [28일]: '410' → '<10'
2025-11-06 16:33:13 | INFO     |   🔧 보정 [0일]: '8.3×105' → '8.3×10^5'
2025-11-06 16:33:13 | INFO     |   🔧 보정 [28일]: '40' → '<10'
2025-11-06 16:33:13 | INFO     |   🔧 보정 [0일]: '3.8X104' → '3.8×10^4'
2025-11-06 16:33:13 | INFO     |   🔧 보정 [14일]: 'CLO' → '<10'
2025-11-06 16:33:13 | INFO     |   🔧 보정 [28일]: '410' → '<10'
2025-11-06 16:33:13 | INFO     |   🔧 보정 [0일]: '5.7X104' → '5.7×10^4'
2025-11-06 16:33:13 | WARNING  |   ⚠️ 합쳐진 셀 감지: '9.4×1030 (1.2×1040' → 첫 번째 값만 사용: '9.4×1030'
2025-11-06 16:33:13 | INFO     |   🔧 보정 [7일]: '9.4×1030 (1.2×1040' → '9.4×10^30'
2025-11-06 16:33:13 | INFO     |   🔧 보정 [14일]: '(4.2 ×10) 8X103' → '4.2×10^0'
2025-11-06 16:33:13 | INFO     |   🔧 보정 [28일]: '9 x 100' → '9×10^0'
2025-11-06 16:33:13 | INFO     | ✅ 추출된 균주 데이터: 45개
2025-11-06 16:33:13 | INFO     | 
================================================================================
2025-11-06 16:33:13 | INFO     | 📊 데이터 보정 완료
2025-11-06 16:33:13 | INFO     | ================================================================================
2025-11-06 16:33:13 | INFO     | ✅ 균주 순서 정렬 완료: 45개
2025-11-06 16:33:13 | INFO     | ✅ OCR 성공: 45개 균주
2025-11-06 16:33:13 | INFO     | 🗑️ 임시 파일 삭제: C:\Users\goqkr\AppData\Local\Temp\tmpqgf4j1yy.png
2025-11-06 16:33:53 | INFO     | 📋 10개 시험번호 발견: ['25A15I01', '', '25A15I02', '25A15I03', '25A15I04', '25A15I05', '25A15I06', '25A15I07', '25A15I08', '25A15I09']
2025-11-06 16:33:54 | INFO     | 🔄 25A15I01 처리 중... (1개 행)
2025-11-06 16:33:54 | INFO     | ✅ 시트 생성 완료: 25A15I01
2025-11-06 16:33:54 | INFO     | 📝 시험번호 매핑: E4 = 25A15I01
2025-11-06 16:33:54 | INFO     | 📝 처방번호 매핑: E34 = CCA21201-VAA
2025-11-06 16:33:54 | INFO     | 📝 제품명 매핑: E3 = 슈링크알엑스선세럼
2025-11-06 16:33:54 | INFO     | 📝 제형 매핑: Y5 = O/W
2025-11-06 16:33:54 | INFO     | 📝 고시미등록방부보조성분함량 매핑: E6 = PROPANDIOL 5.0%      
1,2-HEXANEDIOL 1.2%
ETHYLHEXYLGLYCERIN 0.1%
PENTYLENEGLYCOL 1.0%
2025-11-06 16:33:54 | INFO     | ✅ 제품 정보 매핑 완료 (처방번호: CCA21201-VAA)
2025-11-06 16:33:54 | INFO     | 📝 최종판정 매핑: D30 = 적합
2025-11-06 16:33:54 | INFO     | 📅 날짜 정보 매핑: ['01/15', '01/22', '01/29', '02/12']
2025-11-06 16:33:54 | INFO     | 🦠 E.coli 데이터 매핑 완료
2025-11-06 16:33:54 | INFO     | ✅ 총 1개 균주 데이터 매핑 완료
2025-11-06 16:33:54 | INFO     | 🔄 25A15I02 처리 중... (1개 행)
2025-11-06 16:33:54 | INFO     | ✅ 시트 생성 완료: 25A15I02
2025-11-06 16:33:54 | INFO     | 📝 시험번호 매핑: E4 = 25A15I02
2025-11-06 16:33:54 | INFO     | 📝 처방번호 매핑: E34 = CCA14001-MAC
2025-11-06 16:33:54 | INFO     | 📝 제품명 매핑: E3 = 루츠베이스아쿠아맥스썬스크린
2025-11-06 16:33:54 | INFO     | 📝 제형 매핑: Y5 = O/W
2025-11-06 16:33:54 | INFO     | 📝 고시미등록방부보조성분함량 매핑: E6 = BUTYLENE GLYCOL 4.0%
	1,2-HEXANEDIOL 2.0%
ETHYLHEXYLGLYCERIN 0.1%
GLYCERYL CAPRYLATE 0.1%
2025-11-06 16:33:54 | INFO     | ✅ 제품 정보 매핑 완료 (처방번호: CCA14001-MAC)
2025-11-06 16:33:54 | INFO     | 📝 최종판정 매핑: D30 = (공란)
2025-11-06 16:33:54 | INFO     | 📅 날짜 정보 매핑: ['01/15', '01/22', '01/29', '02/12']
2025-11-06 16:33:54 | INFO     | 🦠 E.coli 데이터 매핑 완료
2025-11-06 16:33:54 | INFO     | ✅ 총 1개 균주 데이터 매핑 완료
2025-11-06 16:33:54 | INFO     | 🔄 25A15I03 처리 중... (1개 행)
2025-11-06 16:33:54 | INFO     | ✅ 시트 생성 완료: 25A15I03
2025-11-06 16:33:54 | INFO     | 📝 시험번호 매핑: E4 = 25A15I03
2025-11-06 16:33:54 | INFO     | 📝 처방번호 매핑: E34 = CCA21201-BBZBZ
2025-11-06 16:33:54 | INFO     | 📝 제품명 매핑: E3 = 보타니티선크림
2025-11-06 16:33:54 | INFO     | 📝 제형 매핑: Y5 = O/W
2025-11-06 16:33:54 | INFO     | 📝 고시미등록방부보조성분함량 매핑: E6 = PROPANDIOL 5.0%      
1,2-HEXANEDIOL 1.0%
ETHYLHEXYLGLYCERIN 0.1%
PENTYLENEGLYCOL 1.0%
2025-11-06 16:33:54 | INFO     | ✅ 제품 정보 매핑 완료 (처방번호: CCA21201-BBZBZ)
2025-11-06 16:33:54 | INFO     | 📝 최종판정 매핑: D30 = (공란)
2025-11-06 16:33:54 | INFO     | 📅 날짜 정보 매핑: ['01/15', '01/22', '01/29', '02/12']
2025-11-06 16:33:54 | INFO     | 🦠 E.coli 데이터 매핑 완료
2025-11-06 16:33:54 | INFO     | ✅ 총 1개 균주 데이터 매핑 완료
2025-11-06 16:33:54 | INFO     | 🔄 25A15I04 처리 중... (1개 행)
2025-11-06 16:33:54 | INFO     | ✅ 시트 생성 완료: 25A15I04
2025-11-06 16:33:54 | INFO     | 📝 시험번호 매핑: E4 = 25A15I04
2025-11-06 16:33:54 | INFO     | 📝 처방번호 매핑: E34 = CCA01103-SBF
2025-11-06 16:33:54 | INFO     | 📝 제품명 매핑: E3 = 르넥트톤업선베이스
2025-11-06 16:33:54 | INFO     | 📝 제형 매핑: Y5 = O/W
2025-11-06 16:33:54 | INFO     | 📝 고시미등록방부보조성분함량 매핑: E6 = PROPANDIOL 2.0%      
1,2-HEXANEDIOL 1.5%
ETHYLHEXYLGLYCERIN 0.1%
PENTYLENEGLYCOL 1.5%
2025-11-06 16:33:54 | INFO     | ✅ 제품 정보 매핑 완료 (처방번호: CCA01103-SBF)
2025-11-06 16:33:54 | INFO     | 📝 최종판정 매핑: D30 = (공란)
2025-11-06 16:33:54 | INFO     | 📅 날짜 정보 매핑: ['01/15', '01/22', '01/29', '02/12']
2025-11-06 16:33:54 | INFO     | 🦠 E.coli 데이터 매핑 완료
2025-11-06 16:33:54 | INFO     | ✅ 총 1개 균주 데이터 매핑 완료
2025-11-06 16:33:54 | INFO     | 🔄 25A15I05 처리 중... (1개 행)
2025-11-06 16:33:54 | INFO     | ✅ 시트 생성 완료: 25A15I05
2025-11-06 16:33:54 | INFO     | 📝 시험번호 매핑: E4 = 25A15I05
2025-11-06 16:33:54 | INFO     | 📝 처방번호 매핑: E34 = CCA18002-UAA
2025-11-06 16:33:54 | INFO     | 📝 제품명 매핑: E3 = 오엠지 워터 선 젤
2025-11-06 16:33:54 | INFO     | 📝 제형 매핑: Y5 = O/W
2025-11-06 16:33:54 | INFO     | 📝 고시미등록방부보조성분함량 매핑: E6 = 1,3-BUTYLENE GLYCOL 1.0%      
1,2-HEXANEDIOL 1.0%
ETHYLHEXYLGLYCERIN 0.1%
GLYCERYL CAPRYLATE 1%
2025-11-06 16:33:54 | INFO     | ✅ 제품 정보 매핑 완료 (처방번호: CCA18002-UAA)
2025-11-06 16:33:54 | INFO     | 📝 최종판정 매핑: D30 = (공란)
2025-11-06 16:33:54 | INFO     | 📅 날짜 정보 매핑: ['01/15', '01/22', '01/29', '02/12']
2025-11-06 16:33:54 | INFO     | 🦠 E.coli 데이터 매핑 완료
2025-11-06 16:33:54 | INFO     | ✅ 총 1개 균주 데이터 매핑 완료
2025-11-06 16:33:54 | INFO     | 🔄 25A15I06 처리 중... (1개 행)
2025-11-06 16:33:54 | INFO     | ✅ 시트 생성 완료: 25A15I06
2025-11-06 16:33:54 | INFO     | 📝 시험번호 매핑: E4 = 25A15I06
2025-11-06 16:33:54 | INFO     | 📝 처방번호 매핑: E34 = CCC02004-AAE
2025-11-06 16:33:54 | INFO     | 📝 제품명 매핑: E3 = 그린핑거 순한 무기자차 선쿠션 SPF50+ PA++++(T4)
2025-11-06 16:33:54 | INFO     | 📝 제형 매핑: Y5 = W/S
2025-11-06 16:33:54 | INFO     | 📝 고시미등록방부보조성분함량 매핑: E6 = 1,2-HEXANEDIOL 0.4%
 GLYCERYL CAPRYLATE 0.1%
ETHYLHEXYLGLYCERIN 0.045%
 PROPANEDIOL 3.0% 
SORBITAN CAPRYLATE 0.3%
2025-11-06 16:33:54 | INFO     | ✅ 제품 정보 매핑 완료 (처방번호: CCC02004-AAE)
2025-11-06 16:33:54 | INFO     | 📝 최종판정 매핑: D30 = 부적합
2025-11-06 16:33:54 | INFO     | 📅 날짜 정보 매핑: ['01/15', '01/22', '01/29', '02/12']
2025-11-06 16:33:54 | INFO     | 🦠 E.coli 데이터 매핑 완료
2025-11-06 16:33:54 | INFO     | ✅ 총 1개 균주 데이터 매핑 완료
2025-11-06 16:33:54 | INFO     | 🔄 25A15I07 처리 중... (1개 행)
2025-11-06 16:33:54 | INFO     | ✅ 시트 생성 완료: 25A15I07
2025-11-06 16:33:54 | INFO     | 📝 시험번호 매핑: E4 = 25A15I07
2025-11-06 16:33:54 | INFO     | 📝 처방번호 매핑: E34 = LAF0947-OZ2A
2025-11-06 16:33:54 | INFO     | 📝 제품명 매핑: E3 = 코리아테크 
글로우 쿠션
2025-11-06 16:33:54 | INFO     | 📝 제형 매핑: Y5 = W/S
2025-11-06 16:33:54 | INFO     | 📝 고시미등록방부보조성분함량 매핑: E6 = ETHYLHEXYLGLYCERIN 0.1%
GLYCERYL CAPRYLATE 0.3%
CAPRYLYL GLYCOL 0.3%
2025-11-06 16:33:54 | INFO     | ✅ 제품 정보 매핑 완료 (처방번호: LAF0947-OZ2A)
2025-11-06 16:33:54 | INFO     | 📝 최종판정 매핑: D30 = 적합
2025-11-06 16:33:54 | INFO     | 📅 날짜 정보 매핑: ['01/15', '01/22', '01/29', '02/12']
2025-11-06 16:33:54 | INFO     | 🦠 E.coli 데이터 매핑 완료
2025-11-06 16:33:54 | INFO     | ✅ 총 1개 균주 데이터 매핑 완료
2025-11-06 16:33:54 | INFO     | 🔄 25A15I08 처리 중... (1개 행)
2025-11-06 16:33:54 | INFO     | ✅ 시트 생성 완료: 25A15I08
2025-11-06 16:33:54 | INFO     | 📝 시험번호 매핑: E4 = 25A15I08
2025-11-06 16:33:54 | INFO     | 📝 처방번호 매핑: E34 = LAF0942-RZ9A
2025-11-06 16:33:54 | INFO     | 📝 제품명 매핑: E3 = 클리오
쿨링 톤업메쉬쿠션 개선1차
2025-11-06 16:33:54 | INFO     | 📝 제형 매핑: Y5 = W/S
2025-11-06 16:33:54 | INFO     | 📝 고시미등록방부보조성분함량 매핑: E6 = ETHYLHEXYLGLYCERIN 0.1%
GLYCERYL CAPRYLATE 0.3%
CAPRYLYL GLYCOL 0.3%
2025-11-06 16:33:54 | INFO     | ✅ 제품 정보 매핑 완료 (처방번호: LAF0942-RZ9A)
2025-11-06 16:33:54 | INFO     | 📝 최종판정 매핑: D30 = (공란)
2025-11-06 16:33:54 | INFO     | 📅 날짜 정보 매핑: ['01/15', '01/22', '01/29', '02/12']
2025-11-06 16:33:54 | INFO     | 🦠 E.coli 데이터 매핑 완료
2025-11-06 16:33:54 | INFO     | ✅ 총 1개 균주 데이터 매핑 완료
2025-11-06 16:33:54 | INFO     | 🔄 25A15I09 처리 중... (1개 행)
2025-11-06 16:33:54 | INFO     | ✅ 시트 생성 완료: 25A15I09
2025-11-06 16:33:54 | INFO     | 📝 시험번호 매핑: E4 = 25A15I09
2025-11-06 16:33:54 | INFO     | 📝 처방번호 매핑: E34 = LA1998-DZ35A
2025-11-06 16:33:54 | INFO     | 📝 제품명 매핑: E3 = 디밀-듀얼 컨실러 1호 SPOT(FIX)
2025-11-06 16:33:54 | INFO     | 📝 제형 매핑: Y5 = W/S
2025-11-06 16:33:54 | INFO     | 📝 고시미등록방부보조성분함량 매핑: E6 = ETHYLHEXYL GLYCERIN 0.10 %
GLYCERYL CAPRYLATE  0.20 %
CAPRYLYL GLYCOL   0.20 %
PENTYLENE GLYCOL  1.0 %
2025-11-06 16:33:54 | INFO     | ✅ 제품 정보 매핑 완료 (처방번호: LA1998-DZ35A)
2025-11-06 16:33:54 | INFO     | 📝 최종판정 매핑: D30 = (공란)
2025-11-06 16:33:54 | INFO     | 📅 날짜 정보 매핑: ['01/15', '01/22', '01/29', '02/12']
2025-11-06 16:33:54 | INFO     | 🦠 E.coli 데이터 매핑 완료
2025-11-06 16:33:54 | INFO     | ✅ 총 1개 균주 데이터 매핑 완료
2025-11-06 16:33:54 | INFO     | 💾 Excel 저장 완료: 9개 시트
