2025-11-06 13:36:37 | INFO     | ================================================================================
2025-11-06 13:36:37 | INFO     | 🚀 보존력 시험 OCR 시스템 시작
2025-11-06 13:36:37 | INFO     | 📁 로그 파일: logs\preservation_ocr_20251106_133637.log
2025-11-06 13:36:37 | INFO     | ================================================================================
2025-11-06 13:36:43 | INFO     | ✅ 템플릿 파일 확인: TestResult_OCR_v1.xlsx
2025-11-06 13:36:44 | INFO     | ✅ 템플릿 기반 Excel 초기화 완료
2025-11-06 13:36:54 | INFO     | 📄 DRM 처리: DRM 처리 완료
2025-11-06 13:36:54 | INFO     | 💾 임시 이미지 저장: C:\Users\goqkr\AppData\Local\Temp\tmparrune_3.png
2025-11-06 13:36:54 | INFO     | ✅ Azure Document Intelligence 연결 완료
2025-11-06 13:36:54 | INFO     | 📍 엔드포인트: https://kolmar-ai-docuintelli-fingerpoint-ai.cognitiveservices.azure.com/
2025-11-06 13:36:54 | INFO     | 🐛 디버그 모드 활성화
2025-11-06 13:36:54 | INFO     | 
🔍 이미지 분석 시작: tmparrune_3.png
2025-11-06 13:36:54 | INFO     | 📊 테이블 구조 분석 중...
2025-11-06 13:37:01 | INFO     | 📋 감지된 테이블 수: 1
2025-11-06 13:37:01 | INFO     |   테이블 0: 42행 x 9열
2025-11-06 13:37:01 | INFO     | ✅ 선택된 테이블: 42행 x 9열
2025-11-06 13:37:01 | INFO     | 
📅 날짜 정보 추출 시도
2025-11-06 13:37:01 | INFO     | ✅ 시작 날짜 기반 계산: {'date_0': '05/05', 'date_7': '05/12', 'date_14': '05/19', 'date_28': '06/02'}
2025-11-06 13:37:01 | INFO     | 
🦠 균주 데이터 추출 시작
2025-11-06 13:37:01 | INFO     | 📍 헤더 행: 2
2025-11-06 13:37:01 | INFO     | 📋 컬럼 매핑: {'strain_col': 1, 'cfu_0_col': 2, 'cfu_7_col': 3, 'cfu_14_col': 4, 'cfu_28_col': 5, 'judgment_col': 6, 'final_judgment_col': 7}
2025-11-06 13:37:01 | INFO     | 
================================================================================
2025-11-06 13:37:01 | INFO     | 🐛 디버그: 테이블 구조 상세 분석
2025-11-06 13:37:01 | INFO     | ================================================================================
2025-11-06 13:37:01 | INFO     | 
📋 1. 테이블 매트릭스 (처음 15행)
2025-11-06 13:37:01 | INFO     | --------------------------------------------------------------------------------
2025-11-06 13:37:01 | INFO     | 
행 0:
2025-11-06 13:37:01 | INFO     |   Col_0: 'Bulk Name'
2025-11-06 13:37:01 | INFO     |   Col_1: 'Challenged Organism'
2025-11-06 13:37:01 | INFO     |   Col_2: 'Specification'
2025-11-06 13:37:01 | INFO     |   Col_3: '0 (1차접종)'
2025-11-06 13:37:01 | INFO     |   Col_4: '7'
2025-11-06 13:37:01 | INFO     |   Col_5: '14'
2025-11-06 13:37:01 | INFO     |   Col_6: '28'
2025-11-06 13:37:01 | INFO     |   Col_7: '판정'
2025-11-06 13:37:01 | INFO     |   Col_8: '최종판정'
2025-11-06 13:37:01 | INFO     | 
행 1:
2025-11-06 13:37:01 | INFO     |   Col_3: '0.5 15'
2025-11-06 13:37:01 | INFO     |   Col_4: '05 22'
2025-11-06 13:37:01 | INFO     |   Col_5: '05 29'
2025-11-06 13:37:01 | INFO     |   Col_6: '0.6 12'
2025-11-06 13:37:01 | INFO     | 
행 2:
2025-11-06 13:37:01 | INFO     |   Col_0: '화잘먹 픽싱 토너 GB1919-ZMB 25E15114'
2025-11-06 13:37:01 | INFO     |   Col_1: 'E.coli'
2025-11-06 13:37:01 | INFO     |   Col_2: '≤3'
2025-11-06 13:37:01 | INFO     |   Col_3: '5.5X105'
2025-11-06 13:37:01 | INFO     |   Col_4: '< 10'
2025-11-06 13:37:01 | INFO     |   Col_5: '40'
2025-11-06 13:37:01 | INFO     |   Col_6: '<10'
2025-11-06 13:37:01 | INFO     |   Col_7: ''
2025-11-06 13:37:01 | INFO     |   Col_8: '0'
2025-11-06 13:37:01 | INFO     | 
행 3:
2025-11-06 13:37:01 | INFO     |   Col_1: 'P.aeruginosa'
2025-11-06 13:37:01 | INFO     |   Col_3: '6.8×105'
2025-11-06 13:37:01 | INFO     |   Col_4: '40'
2025-11-06 13:37:01 | INFO     |   Col_5: '90'
2025-11-06 13:37:01 | INFO     |   Col_6: 'CIO'
2025-11-06 13:37:01 | INFO     |   Col_7: '0'
2025-11-06 13:37:01 | INFO     | 
행 4:
2025-11-06 13:37:01 | INFO     |   Col_1: 'S.aureus'
2025-11-06 13:37:01 | INFO     |   Col_3: '5.1×105'
2025-11-06 13:37:01 | INFO     |   Col_4: '40°'
2025-11-06 13:37:01 | INFO     |   Col_5: '40'
2025-11-06 13:37:01 | INFO     |   Col_6: '40'
2025-11-06 13:37:01 | INFO     |   Col_7: '0'
2025-11-06 13:37:01 | INFO     | 
행 5:
2025-11-06 13:37:01 | INFO     |   Col_1: 'C.albicans'
2025-11-06 13:37:01 | INFO     |   Col_2: '51'
2025-11-06 13:37:01 | INFO     |   Col_3: '6.9X104'
2025-11-06 13:37:01 | INFO     |   Col_4: '< 10"'
2025-11-06 13:37:01 | INFO     |   Col_5: '40'
2025-11-06 13:37:01 | INFO     |   Col_6: ''
2025-11-06 13:37:01 | INFO     |   Col_7: '0 :selected:'
2025-11-06 13:37:01 | INFO     | 
행 6:
2025-11-06 13:37:01 | INFO     |   Col_1: 'A.brasiliensis'
2025-11-06 13:37:01 | INFO     |   Col_2: '≤0°'
2025-11-06 13:37:01 | INFO     |   Col_3: '5.3X104'
2025-11-06 13:37:01 | INFO     |   Col_4: '<6.1 × 100 x'
2025-11-06 13:37:01 | INFO     |   Col_5: '3.6x103 <9,0×103'
2025-11-06 13:37:01 | INFO     |   Col_6: '1.4x103'
2025-11-06 13:37:01 | INFO     |   Col_7: '0'
2025-11-06 13:37:01 | INFO     | 
행 7:
2025-11-06 13:37:01 | INFO     |   Col_0: '네이처리퍼블릭엑 스퍼트드롭인텐스 배리어앰플 WE0517-TEE 25E15'
2025-11-06 13:37:01 | INFO     |   Col_1: 'E.coli'
2025-11-06 13:37:01 | INFO     |   Col_2: '≤3'
2025-11-06 13:37:01 | INFO     |   Col_3: '5.5X105'
2025-11-06 13:37:01 | INFO     |   Col_4: 'CIÒ"'
2025-11-06 13:37:01 | INFO     |   Col_5: '40'
2025-11-06 13:37:01 | INFO     |   Col_6: '<10'
2025-11-06 13:37:01 | INFO     |   Col_7: '0'
2025-11-06 13:37:01 | INFO     |   Col_8: ':unselected: 0'
2025-11-06 13:37:01 | INFO     | 
행 8:
2025-11-06 13:37:01 | INFO     |   Col_1: 'P.aeruginosa'
2025-11-06 13:37:01 | INFO     |   Col_3: '6.8X105'
2025-11-06 13:37:01 | INFO     |   Col_4: '<10"'
2025-11-06 13:37:01 | INFO     |   Col_5: '40'
2025-11-06 13:37:01 | INFO     |   Col_6: '<10'
2025-11-06 13:37:01 | INFO     |   Col_7: '0
:selected:'
2025-11-06 13:37:01 | INFO     | 
행 9:
2025-11-06 13:37:01 | INFO     |   Col_1: 'S.aureus'
2025-11-06 13:37:01 | INFO     |   Col_2: ''
2025-11-06 13:37:01 | INFO     |   Col_3: '5.1×105'
2025-11-06 13:37:01 | INFO     |   Col_4: '40€'
2025-11-06 13:37:01 | INFO     |   Col_5: '40'
2025-11-06 13:37:01 | INFO     |   Col_6: '<10'
2025-11-06 13:37:01 | INFO     |   Col_7: '0'
2025-11-06 13:37:01 | INFO     | 
행 10:
2025-11-06 13:37:01 | INFO     |   Col_1: 'C.albicans'
2025-11-06 13:37:01 | INFO     |   Col_2: '51'
2025-11-06 13:37:01 | INFO     |   Col_3: '6.9X104'
2025-11-06 13:37:01 | INFO     |   Col_4: '40'
2025-11-06 13:37:01 | INFO     |   Col_5: 'C10'
2025-11-06 13:37:01 | INFO     |   Col_6: '410'
2025-11-06 13:37:01 | INFO     |   Col_7: '0'
2025-11-06 13:37:01 | INFO     | 
행 11:
2025-11-06 13:37:01 | INFO     |   Col_1: 'A.brasiliensis'
2025-11-06 13:37:01 | INFO     |   Col_2: '50'
2025-11-06 13:37:01 | INFO     |   Col_3: '5.3X104'
2025-11-06 13:37:01 | INFO     |   Col_4: '6.0 × 10'
2025-11-06 13:37:01 | INFO     |   Col_5: '<10'
2025-11-06 13:37:01 | INFO     |   Col_6: '<10" 2'
2025-11-06 13:37:01 | INFO     |   Col_7: '2'
2025-11-06 13:37:01 | INFO     | 
행 12:
2025-11-06 13:37:01 | INFO     |   Col_0: '나튀에 판테놀 앰플 WE1756-QRB 25E15116'
2025-11-06 13:37:01 | INFO     |   Col_1: 'E.coli'
2025-11-06 13:37:01 | INFO     |   Col_2: '≤3'
2025-11-06 13:37:01 | INFO     |   Col_3: '5.5X105'
2025-11-06 13:37:01 | INFO     |   Col_4: '< 102'
2025-11-06 13:37:01 | INFO     |   Col_5: '210'
2025-11-06 13:37:01 | INFO     |   Col_6: '<10'
2025-11-06 13:37:01 | INFO     |   Col_7: '0'
2025-11-06 13:37:01 | INFO     |   Col_8: '0'
2025-11-06 13:37:01 | INFO     | 
행 13:
2025-11-06 13:37:01 | INFO     |   Col_1: 'P.aeruginosa'
2025-11-06 13:37:01 | INFO     |   Col_3: '6.8X105'
2025-11-06 13:37:01 | INFO     |   Col_4: '< 102'
2025-11-06 13:37:01 | INFO     |   Col_5: '<10'
2025-11-06 13:37:01 | INFO     |   Col_6: '<10'
2025-11-06 13:37:01 | INFO     |   Col_7: 'à'
2025-11-06 13:37:01 | INFO     | 
행 14:
2025-11-06 13:37:01 | INFO     |   Col_1: 'S.aureus'
2025-11-06 13:37:01 | INFO     |   Col_2: ''
2025-11-06 13:37:01 | INFO     |   Col_3: '5.1×105'
2025-11-06 13:37:01 | INFO     |   Col_4: '< 10 2'
2025-11-06 13:37:01 | INFO     |   Col_5: '<10'
2025-11-06 13:37:01 | INFO     |   Col_6: '<10'
2025-11-06 13:37:01 | INFO     |   Col_7: '0'
2025-11-06 13:37:01 | INFO     | 
================================================================================
2025-11-06 13:37:01 | INFO     | 📊 2. 컬럼 매핑 상세
2025-11-06 13:37:01 | INFO     | --------------------------------------------------------------------------------
2025-11-06 13:37:01 | INFO     |   strain_col           → Col_1
2025-11-06 13:37:01 | INFO     |   cfu_0_col            → Col_2
2025-11-06 13:37:01 | INFO     |   cfu_7_col            → Col_3
2025-11-06 13:37:01 | INFO     |   cfu_14_col           → Col_4
2025-11-06 13:37:01 | INFO     |   cfu_28_col           → Col_5
2025-11-06 13:37:01 | INFO     |   judgment_col         → Col_6
2025-11-06 13:37:01 | INFO     |   final_judgment_col   → Col_7
2025-11-06 13:37:01 | INFO     | 
================================================================================
2025-11-06 13:37:01 | INFO     | 🔍 3. Bulk Name 컬럼 찾기
2025-11-06 13:37:01 | INFO     | --------------------------------------------------------------------------------
2025-11-06 13:37:01 | INFO     | ⚠️ Bulk Name 컬럼을 찾을 수 없습니다. Col_0으로 가정
2025-11-06 13:37:01 | INFO     | 
================================================================================
2025-11-06 13:37:01 | INFO     | 📝 4. Bulk Name 컬럼(Col_0) 전체 내용
2025-11-06 13:37:01 | INFO     | --------------------------------------------------------------------------------
2025-11-06 13:37:01 | INFO     | 행  0: 'Bulk Name'
2025-11-06 13:37:01 | INFO     | 행  2: '화잘먹 픽싱 토너 GB1919-ZMB 25E15114'
2025-11-06 13:37:01 | INFO     | 행  7: '네이처리퍼블릭엑 스퍼트드롭인텐스 배리어앰플 WE0517-TEE 25E15115'
2025-11-06 13:37:01 | INFO     | 행 12: '나튀에 판테놀 앰플 WE1756-QRB 25E15116'
2025-11-06 13:37:01 | INFO     | 행 17: '당제로 모공결 고 운 토너 GB2100-EBH 25E15|17'
2025-11-06 13:37:01 | INFO     | 행 22: 'AFC 프다임 엑스
퍼트 이엑스 부스팅 토너(AD3)_리뉴얼 (타겟 이미테이션 향 적용) WS0513-DCC 25E15|18'
2025-11-06 13:37:01 | INFO     | 행 27: '엑스퍼트드롭탄력앰 WTS-ETAMP(F) 조제 ED001 WE1769-ACD 25E15119'
2025-11-06 13:37:01 | INFO     | 행 32: '나튀에 상스 리바운스 앰플 WE0673-EIB 25E15120'
2025-11-06 13:37:01 | INFO     | 행 37: '나튀에 상스 콜라 겐 퍼밍 앰플 WE0673-EJB 25E15121'
2025-11-06 13:37:01 | INFO     | 
================================================================================
2025-11-06 13:37:01 | INFO     | 🔬 5. 시험번호/처방번호 패턴 매칭
2025-11-06 13:37:01 | INFO     | --------------------------------------------------------------------------------
2025-11-06 13:37:01 | INFO     | ✅ 행 2: 처방번호 'GB1919-ZMB'
2025-11-06 13:37:01 | INFO     | ✅ 행 7: 처방번호 'WE0517-TEE'
2025-11-06 13:37:01 | INFO     | ✅ 행 12: 처방번호 'WE1756-QRB'
2025-11-06 13:37:01 | INFO     | ✅ 행 17: 처방번호 'GB2100-EBH'
2025-11-06 13:37:01 | INFO     | ✅ 행 22: 처방번호 'WS0513-DCC'
2025-11-06 13:37:01 | INFO     | ✅ 행 27: 처방번호 'WE1769-ACD'
2025-11-06 13:37:01 | INFO     | ✅ 행 32: 처방번호 'WE0673-EIB'
2025-11-06 13:37:01 | INFO     | ✅ 행 37: 처방번호 'WE0673-EJB'
2025-11-06 13:37:01 | INFO     | 
================================================================================
2025-11-06 13:37:01 | INFO     | 🔍 6. 전체 테이블에서 패턴 검색
2025-11-06 13:37:01 | INFO     | --------------------------------------------------------------------------------
2025-11-06 13:37:01 | INFO     | ❌ 시험번호 패턴 매칭 실패
2025-11-06 13:37:01 | INFO     | ✅ 전체 테이블에서 처방번호 발견: ['GB1919-ZMB', 'WE0517-TEE', 'WE1756-QRB', 'GB2100-EBH', 'WS0513-DCC', 'WE1769-ACD', 'WE0673-EIB', 'WE0673-EJB', 'GB1919-ZMB', 'WE0517-TEE', 'WE1756-QRB', 'GB2100-EBH', 'WS0513-DCC', 'WE1769-ACD', 'WE0673-EIB', 'WE0673-EJB']
2025-11-06 13:37:01 | INFO     | 
================================================================================
2025-11-06 13:37:01 | INFO     | 💡 7. 결론 및 권장사항
2025-11-06 13:37:01 | INFO     | --------------------------------------------------------------------------------
2025-11-06 13:37:01 | INFO     | 
❌ Bulk Name 컬럼에서 시험번호를 찾을 수 없습니다!
2025-11-06 13:37:01 | INFO     | 
✅ Bulk Name 컬럼에서 처방번호 8개 발견:
2025-11-06 13:37:01 | INFO     |    행 2: GB1919-ZMB
2025-11-06 13:37:01 | INFO     |    행 7: WE0517-TEE
2025-11-06 13:37:01 | INFO     |    행 12: WE1756-QRB
2025-11-06 13:37:01 | INFO     |    행 17: GB2100-EBH
2025-11-06 13:37:01 | INFO     |    행 22: WS0513-DCC
2025-11-06 13:37:01 | INFO     |    행 27: WE1769-ACD
2025-11-06 13:37:01 | INFO     |    행 32: WE0673-EIB
2025-11-06 13:37:01 | INFO     |    행 37: WE0673-EJB
2025-11-06 13:37:01 | INFO     | 
================================================================================
2025-11-06 13:37:01 | INFO     |   ✅ 시험번호 발견 (행2): 25E15114 → 25E15I14 (정규화)
2025-11-06 13:37:01 | INFO     |   ✅ 처방번호 발견 (행2): GB1919-ZMB
2025-11-06 13:37:01 | INFO     |   ✅ 시험번호 발견 (행7): 25E15115 → 25E15I15 (정규화)
2025-11-06 13:37:01 | INFO     |   ✅ 처방번호 발견 (행7): WE0517-TEE
2025-11-06 13:37:01 | INFO     |   ✅ 시험번호 발견 (행12): 25E15116 → 25E15I16 (정규화)
2025-11-06 13:37:01 | INFO     |   ✅ 처방번호 발견 (행12): WE1756-QRB
2025-11-06 13:37:01 | INFO     |   ✅ 시험번호 발견 (행17): 25E15|17 → 25E15I17 (정규화)
2025-11-06 13:37:01 | INFO     |   ✅ 처방번호 발견 (행17): GB2100-EBH
2025-11-06 13:37:01 | INFO     |   ✅ 시험번호 발견 (행22): 25E15|18 → 25E15I18 (정규화)
2025-11-06 13:37:01 | INFO     |   ✅ 처방번호 발견 (행22): WS0513-DCC
2025-11-06 13:37:01 | INFO     |   ✅ 시험번호 발견 (행27): 25E15119 → 25E15I19 (정규화)
2025-11-06 13:37:01 | INFO     |   ✅ 처방번호 발견 (행27): WE1769-ACD
2025-11-06 13:37:01 | INFO     |   ✅ 시험번호 발견 (행32): 25E15120 → 25E15I20 (정규화)
2025-11-06 13:37:01 | INFO     |   ✅ 처방번호 발견 (행32): WE0673-EIB
2025-11-06 13:37:01 | INFO     |   ✅ 시험번호 발견 (행37): 25E15121 → 25E15I21 (정규화)
2025-11-06 13:37:01 | INFO     |   ✅ 처방번호 발견 (행37): WE0673-EJB
2025-11-06 13:37:01 | INFO     | 📝 시험번호: ['25E15I14', '25E15I15', '25E15I16', '25E15I17', '25E15I18', '25E15I19', '25E15I20', '25E15I21']
2025-11-06 13:37:01 | INFO     | 📝 처방번호: ['GB1919-ZMB', 'WE0517-TEE', 'WE1756-QRB', 'GB2100-EBH', 'WS0513-DCC', 'WE1769-ACD', 'WE0673-EIB', 'WE0673-EJB']
2025-11-06 13:37:01 | INFO     | ✅ 추출된 균주 데이터: 39개
2025-11-06 13:37:01 | INFO     | ✅ OCR 성공: 39개 균주
2025-11-06 13:37:01 | INFO     | 🗑️ 임시 파일 삭제: C:\Users\goqkr\AppData\Local\Temp\tmparrune_3.png
