2025-11-06 16:55:27 | INFO     | ================================================================================
2025-11-06 16:55:27 | INFO     | 🚀 보존력 시험 OCR 시스템 시작
2025-11-06 16:55:27 | INFO     | 📁 로그 파일: logs\preservation_ocr_20251106_165527.log
2025-11-06 16:55:27 | INFO     | ================================================================================
2025-11-06 16:55:29 | INFO     | 📄 DRM 처리: DRM 처리 완료
2025-11-06 16:55:29 | INFO     | 💾 임시 이미지 저장: C:\Users\goqkr\AppData\Local\Temp\tmpi330tf9a.png
2025-11-06 16:55:29 | INFO     | ✅ Azure Document Intelligence 연결 완료
2025-11-06 16:55:29 | INFO     | 📍 엔드포인트: https://kolmar-ai-docuintelli-fingerpoint-ai.cognitiveservices.azure.com/
2025-11-06 16:55:29 | INFO     | 🐛 디버그 모드 활성화
2025-11-06 16:55:29 | INFO     | 
🔍 이미지 분석 시작: tmpi330tf9a.png
2025-11-06 16:55:29 | INFO     | 📊 테이블 구조 분석 중...
2025-11-06 16:55:35 | INFO     | 📋 감지된 테이블 수: 1
2025-11-06 16:55:35 | INFO     |   테이블 0: 50행 x 9열
2025-11-06 16:55:35 | INFO     | ✅ 선택된 테이블: 50행 x 9열
2025-11-06 16:55:35 | INFO     | 
📅 날짜 정보 추출 시도
2025-11-06 16:55:35 | INFO     |   행 0: 발견된 날짜 0개
2025-11-06 16:55:35 | INFO     |   행 1: 발견된 날짜 0개
2025-11-06 16:55:35 | INFO     |   행 2: 발견된 날짜 0개
2025-11-06 16:55:35 | INFO     |   행 3: 발견된 날짜 0개
2025-11-06 16:55:35 | INFO     |   행 4: 발견된 날짜 0개
2025-11-06 16:55:35 | INFO     |   ⚠️ 4개 날짜를 찾지 못함. 단일 날짜 기반 계산 시도
2025-11-06 16:55:35 | WARNING  | ⚠️ 날짜 정보 없음
2025-11-06 16:55:35 | INFO     | 
🦠 균주 데이터 추출 시작
2025-11-06 16:55:35 | INFO     |   🔍 행 0는 데이터 행 (헤더 없음)
2025-11-06 16:55:35 | INFO     |   ✅ 헤더 없이 데이터부터 시작 → header_row = -1
2025-11-06 16:55:35 | INFO     | 📍 헤더 없음 → 데이터 행부터 시작 (행 0)
2025-11-06 16:55:35 | INFO     |   ✅ 균주 컬럼 감지: Col_1
2025-11-06 16:55:35 | INFO     |   🔧 Specification 컬럼 추론: Col_2 (값 패턴 기반)
2025-11-06 16:55:35 | INFO     |   📍 CFU 시작 위치: Col_3 (Specification 건너뜀)
2025-11-06 16:55:35 | INFO     | 📋 컬럼 매핑: {'strain_col': 1, 'specification_col': 2, 'cfu_0_col': 3, 'cfu_7_col': 4, 'cfu_14_col': 5, 'cfu_28_col': 6, 'judgment_col': 7, 'final_judgment_col': 8}
2025-11-06 16:55:35 | INFO     | 
================================================================================
2025-11-06 16:55:35 | INFO     | 🐛 디버그: 테이블 구조 상세 분석
2025-11-06 16:55:35 | INFO     | ================================================================================
2025-11-06 16:55:35 | INFO     | 
📋 1. 테이블 매트릭스 (전체)
2025-11-06 16:55:35 | INFO     | --------------------------------------------------------------------------------
2025-11-06 16:55:35 | INFO     | 
행 0:
2025-11-06 16:55:35 | INFO     |   Col_0: '디밀-레뜨레 듀얼 핏 컨실러 1.5호 스팟(노 란끼 DOWN) LA199'
2025-11-06 16:55:35 | INFO     |   Col_1: 'E.coli'
2025-11-06 16:55:35 | INFO     |   Col_2: '≤3'
2025-11-06 16:55:35 | INFO     |   Col_3: '6.0X105'
2025-11-06 16:55:35 | INFO     |   Col_4: 'LION'
2025-11-06 16:55:35 | INFO     |   Col_5: 'CIO'
2025-11-06 16:55:35 | INFO     |   Col_6: '<10'
2025-11-06 16:55:35 | INFO     |   Col_7: '0'
2025-11-06 16:55:35 | INFO     |   Col_8: ':unselected:'
2025-11-06 16:55:35 | INFO     | 
행 1:
2025-11-06 16:55:35 | INFO     |   Col_1: 'P.aeruginosa'
2025-11-06 16:55:35 | INFO     |   Col_3: '8.7X105'
2025-11-06 16:55:35 | INFO     |   Col_4: ''
2025-11-06 16:55:35 | INFO     |   Col_5: '410'
2025-11-06 16:55:35 | INFO     |   Col_6: '40'
2025-11-06 16:55:35 | INFO     |   Col_7: '0'
2025-11-06 16:55:35 | INFO     | 
행 2:
2025-11-06 16:55:35 | INFO     |   Col_1: 'S.aureus'
2025-11-06 16:55:35 | INFO     |   Col_3: '8.3X105'
2025-11-06 16:55:35 | INFO     |   Col_4: ''
2025-11-06 16:55:35 | INFO     |   Col_5: '40'
2025-11-06 16:55:35 | INFO     |   Col_6: '40'
2025-11-06 16:55:35 | INFO     |   Col_7: '0'
2025-11-06 16:55:35 | INFO     | 
행 3:
2025-11-06 16:55:35 | INFO     |   Col_1: 'C.albicans'
2025-11-06 16:55:35 | INFO     |   Col_2: '≤1'
2025-11-06 16:55:35 | INFO     |   Col_3: '3.8X104'
2025-11-06 16:55:35 | INFO     |   Col_4: 'LION,'
2025-11-06 16:55:35 | INFO     |   Col_5: '40'
2025-11-06 16:55:35 | INFO     |   Col_6: '40'
2025-11-06 16:55:35 | INFO     |   Col_7: '0'
2025-11-06 16:55:35 | INFO     | 
행 4:
2025-11-06 16:55:35 | INFO     |   Col_1: 'A.brasiliensis'
2025-11-06 16:55:35 | INFO     |   Col_2: '50c'
2025-11-06 16:55:35 | INFO     |   Col_3: '5.7X104'
2025-11-06 16:55:35 | INFO     |   Col_4: 'くち、ち入10 ?! 1.4 X104'
2025-11-06 16:55:35 | INFO     |   Col_5: '< 4×102 1×103'
2025-11-06 16:55:35 | INFO     |   Col_6: '6102'
2025-11-06 16:55:35 | INFO     |   Col_7: '5'
2025-11-06 16:55:35 | INFO     | 
행 5:
2025-11-06 16:55:35 | INFO     |   Col_0: 'KUX-MKG- CASR(F)-KNK 조제 씨큐몽앰플세럼 NGE1792-'
2025-11-06 16:55:35 | INFO     |   Col_1: 'E.coli'
2025-11-06 16:55:35 | INFO     |   Col_2: '≤3'
2025-11-06 16:55:35 | INFO     |   Col_3: '6.0X105'
2025-11-06 16:55:35 | INFO     |   Col_4: ''
2025-11-06 16:55:35 | INFO     |   Col_5: '410'
2025-11-06 16:55:35 | INFO     |   Col_6: '40'
2025-11-06 16:55:35 | INFO     |   Col_7: '0'
2025-11-06 16:55:35 | INFO     |   Col_8: '0
:selected:'
2025-11-06 16:55:35 | INFO     | 
행 6:
2025-11-06 16:55:35 | INFO     |   Col_1: 'P.aeruginosa'
2025-11-06 16:55:35 | INFO     |   Col_3: '8.7X105'
2025-11-06 16:55:35 | INFO     |   Col_4: '402'
2025-11-06 16:55:35 | INFO     |   Col_5: '40'
2025-11-06 16:55:35 | INFO     |   Col_6: '40'
2025-11-06 16:55:35 | INFO     |   Col_7: '0'
2025-11-06 16:55:35 | INFO     | 
행 7:
2025-11-06 16:55:35 | INFO     |   Col_1: 'S.aureus'
2025-11-06 16:55:35 | INFO     |   Col_3: '8.3X105'
2025-11-06 16:55:35 | INFO     |   Col_4: '402'
2025-11-06 16:55:35 | INFO     |   Col_5: '40'
2025-11-06 16:55:35 | INFO     |   Col_6: '40'
2025-11-06 16:55:35 | INFO     |   Col_7: '0'
2025-11-06 16:55:35 | INFO     | 
행 8:
2025-11-06 16:55:35 | INFO     |   Col_1: 'C.albicans'
2025-11-06 16:55:35 | INFO     |   Col_2: '≤1'
2025-11-06 16:55:35 | INFO     |   Col_3: '3.8X104'
2025-11-06 16:55:35 | INFO     |   Col_4: '4102'
2025-11-06 16:55:35 | INFO     |   Col_5: '(MI-2X12)'
2025-11-06 16:55:35 | INFO     |   Col_6: '40'
2025-11-06 16:55:35 | INFO     |   Col_7: 'C'
2025-11-06 16:55:35 | INFO     | 
행 9:
2025-11-06 16:55:35 | INFO     |   Col_1: 'A.brasiliensis'
2025-11-06 16:55:35 | INFO     |   Col_2: '50c'
2025-11-06 16:55:35 | INFO     |   Col_3: '5.7X104'
2025-11-06 16:55:35 | INFO     |   Col_4: 'zion'
2025-11-06 16:55:35 | INFO     |   Col_5: '4102'
2025-11-06 16:55:35 | INFO     |   Col_6: '402'
2025-11-06 16:55:35 | INFO     |   Col_7: '0'
2025-11-06 16:55:35 | INFO     | 
행 10:
2025-11-06 16:55:35 | INFO     |   Col_0: 'HNG_엠티엠코 파운데이션 23호 HMFF0003-BBB 25A15112'
2025-11-06 16:55:35 | INFO     |   Col_1: 'E.coli'
2025-11-06 16:55:35 | INFO     |   Col_2: '53'
2025-11-06 16:55:35 | INFO     |   Col_3: '6.0X105'
2025-11-06 16:55:35 | INFO     |   Col_4: 'CI02'
2025-11-06 16:55:35 | INFO     |   Col_5: '40'
2025-11-06 16:55:35 | INFO     |   Col_6: '/10'
2025-11-06 16:55:35 | INFO     |   Col_7: '0'
2025-11-06 16:55:35 | INFO     |   Col_8: '(A·b 4주 약함.'
2025-11-06 16:55:35 | INFO     | 
행 11:
2025-11-06 16:55:35 | INFO     |   Col_1: 'P.aeruginosa'
2025-11-06 16:55:35 | INFO     |   Col_3: '8.7X105'
2025-11-06 16:55:35 | INFO     |   Col_4: '40L'
2025-11-06 16:55:35 | INFO     |   Col_5: '40'
2025-11-06 16:55:35 | INFO     |   Col_6: '40'
2025-11-06 16:55:35 | INFO     |   Col_7: '0'
2025-11-06 16:55:35 | INFO     | 
행 12:
2025-11-06 16:55:35 | INFO     |   Col_1: 'S.aureus'
2025-11-06 16:55:35 | INFO     |   Col_3: '8.3X105'
2025-11-06 16:55:35 | INFO     |   Col_4: '402'
2025-11-06 16:55:35 | INFO     |   Col_5: '40'
2025-11-06 16:55:35 | INFO     |   Col_6: ''
2025-11-06 16:55:35 | INFO     |   Col_7: '0'
2025-11-06 16:55:35 | INFO     | 
행 13:
2025-11-06 16:55:35 | INFO     |   Col_1: 'C.albicans'
2025-11-06 16:55:35 | INFO     |   Col_2: '≤1'
2025-11-06 16:55:35 | INFO     |   Col_3: '3.8X104'
2025-11-06 16:55:35 | INFO     |   Col_4: 'CIO2'
2025-11-06 16:55:35 | INFO     |   Col_5: '40'
2025-11-06 16:55:35 | INFO     |   Col_6: '610'
2025-11-06 16:55:35 | INFO     |   Col_7: '0'
2025-11-06 16:55:35 | INFO     | 
행 14:
2025-11-06 16:55:35 | INFO     |   Col_1: 'A.brasiliensis'
2025-11-06 16:55:35 | INFO     |   Col_2: '50c'
2025-11-06 16:55:35 | INFO     |   Col_3: '5.7X104'
2025-11-06 16:55:35 | INFO     |   Col_4: '204 / 2.0×104 52.7×104'
2025-11-06 16:55:35 | INFO     |   Col_5: '74, 1.9 x103 <12.9 × 104'
2025-11-06 16:55:35 | INFO     |   Col_6: 'Y 4.8 NO3 5x103'
2025-11-06 16:55:35 | INFO     |   Col_7: '0'
2025-11-06 16:55:35 | INFO     | 
행 15:
2025-11-06 16:55:35 | INFO     |   Col_0: '안정도 검토 타가 아토 세라 비 타 크림 밤 AB2880-01GC 25A'
2025-11-06 16:55:35 | INFO     |   Col_1: 'E.coli'
2025-11-06 16:55:35 | INFO     |   Col_2: '≤3'
2025-11-06 16:55:35 | INFO     |   Col_3: '6.0X105'
2025-11-06 16:55:35 | INFO     |   Col_4: ''
2025-11-06 16:55:35 | INFO     |   Col_5: '40'
2025-11-06 16:55:35 | INFO     |   Col_6: '40'
2025-11-06 16:55:35 | INFO     |   Col_7: '0'
2025-11-06 16:55:35 | INFO     |   Col_8: '0'
2025-11-06 16:55:35 | INFO     | 
행 16:
2025-11-06 16:55:35 | INFO     |   Col_1: 'P.aeruginosa'
2025-11-06 16:55:35 | INFO     |   Col_3: '8.7X105'
2025-11-06 16:55:35 | INFO     |   Col_4: '4102'
2025-11-06 16:55:35 | INFO     |   Col_5: '40'
2025-11-06 16:55:35 | INFO     |   Col_6: '410'
2025-11-06 16:55:35 | INFO     |   Col_7: '0'
2025-11-06 16:55:35 | INFO     | 
행 17:
2025-11-06 16:55:35 | INFO     |   Col_1: 'S.aureus'
2025-11-06 16:55:35 | INFO     |   Col_3: '8.3X105'
2025-11-06 16:55:35 | INFO     |   Col_4: '402'
2025-11-06 16:55:35 | INFO     |   Col_5: 'C10'
2025-11-06 16:55:35 | INFO     |   Col_6: '410'
2025-11-06 16:55:35 | INFO     |   Col_7: '0 :unselected:'
2025-11-06 16:55:35 | INFO     | 
행 18:
2025-11-06 16:55:35 | INFO     |   Col_1: 'C.albicans'
2025-11-06 16:55:35 | INFO     |   Col_2: '≤1'
2025-11-06 16:55:35 | INFO     |   Col_3: '3.8X104'
2025-11-06 16:55:35 | INFO     |   Col_4: 'C102'
2025-11-06 16:55:35 | INFO     |   Col_5: '(MIXIO)'
2025-11-06 16:55:35 | INFO     |   Col_6: ''
2025-11-06 16:55:35 | INFO     |   Col_7: '0'
2025-11-06 16:55:35 | INFO     | 
행 19:
2025-11-06 16:55:35 | INFO     |   Col_1: 'A.brasiliensis'
2025-11-06 16:55:35 | INFO     |   Col_2: '50'
2025-11-06 16:55:35 | INFO     |   Col_3: '5.7X104'
2025-11-06 16:55:35 | INFO     |   Col_4: '(cion CIO2'
2025-11-06 16:55:35 | INFO     |   Col_5: '(102'
2025-11-06 16:55:35 | INFO     |   Col_6: 'CI02'
2025-11-06 16:55:35 | INFO     |   Col_7: '0'
2025-11-06 16:55:35 | INFO     | 
행 20:
2025-11-06 16:55:35 | INFO     |   Col_0: '인터오리진아이엔 씨 - AZH 멀티크림 NWC1560-A1A 25A151'
2025-11-06 16:55:35 | INFO     |   Col_1: 'E.coli'
2025-11-06 16:55:35 | INFO     |   Col_2: '≤3'
2025-11-06 16:55:35 | INFO     |   Col_3: '6.0X105'
2025-11-06 16:55:35 | INFO     |   Col_4: '400'
2025-11-06 16:55:35 | INFO     |   Col_5: '410'
2025-11-06 16:55:35 | INFO     |   Col_6: '40'
2025-11-06 16:55:35 | INFO     |   Col_7: 'C'
2025-11-06 16:55:35 | INFO     |   Col_8: '0'
2025-11-06 16:55:35 | INFO     | 
행 21:
2025-11-06 16:55:35 | INFO     |   Col_1: 'P.aeruginosa'
2025-11-06 16:55:35 | INFO     |   Col_3: '8.7X105'
2025-11-06 16:55:35 | INFO     |   Col_4: '4100'
2025-11-06 16:55:35 | INFO     |   Col_5: '40'
2025-11-06 16:55:35 | INFO     |   Col_6: '40'
2025-11-06 16:55:35 | INFO     |   Col_7: '0 :selected:'
2025-11-06 16:55:35 | INFO     | 
행 22:
2025-11-06 16:55:35 | INFO     |   Col_1: 'S.aureus'
2025-11-06 16:55:35 | INFO     |   Col_3: '8.3X105'
2025-11-06 16:55:35 | INFO     |   Col_4: '4102'
2025-11-06 16:55:35 | INFO     |   Col_5: '410'
2025-11-06 16:55:35 | INFO     |   Col_6: '40'
2025-11-06 16:55:35 | INFO     |   Col_7: 'C'
2025-11-06 16:55:35 | INFO     | 
행 23:
2025-11-06 16:55:35 | INFO     |   Col_1: 'C.albicans'
2025-11-06 16:55:35 | INFO     |   Col_2: '≤1'
2025-11-06 16:55:35 | INFO     |   Col_3: '3.8X104'
2025-11-06 16:55:35 | INFO     |   Col_4: '(102'
2025-11-06 16:55:35 | INFO     |   Col_5: '40'
2025-11-06 16:55:35 | INFO     |   Col_6: 'CIO'
2025-11-06 16:55:35 | INFO     |   Col_7: '0'
2025-11-06 16:55:35 | INFO     | 
행 24:
2025-11-06 16:55:35 | INFO     |   Col_1: 'A.brasiliensis'
2025-11-06 16:55:35 | INFO     |   Col_2: '50°'
2025-11-06 16:55:35 | INFO     |   Col_3: '5.7X104'
2025-11-06 16:55:35 | INFO     |   Col_4: ''
2025-11-06 16:55:35 | INFO     |   Col_5: ''
2025-11-06 16:55:35 | INFO     |   Col_6: '40L'
2025-11-06 16:55:35 | INFO     |   Col_7: '0'
2025-11-06 16:55:35 | INFO     | 
행 25:
2025-11-06 16:55:35 | INFO     |   Col_0: '유무기 선크림 CTCC1708-S 25A15115 w/0'
2025-11-06 16:55:35 | INFO     |   Col_1: 'E.coli'
2025-11-06 16:55:35 | INFO     |   Col_2: '≤3'
2025-11-06 16:55:35 | INFO     |   Col_3: '6.0X105'
2025-11-06 16:55:35 | INFO     |   Col_4: '5102'
2025-11-06 16:55:35 | INFO     |   Col_5: ''
2025-11-06 16:55:35 | INFO     |   Col_6: '<10'
2025-11-06 16:55:35 | INFO     |   Col_7: '0'
2025-11-06 16:55:35 | INFO     |   Col_8: '0 CAb 4주 약함'
2025-11-06 16:55:35 | INFO     | 
행 26:
2025-11-06 16:55:35 | INFO     |   Col_1: 'P.aeruginosa'
2025-11-06 16:55:35 | INFO     |   Col_3: '8.7X105'
2025-11-06 16:55:35 | INFO     |   Col_4: '<102'
2025-11-06 16:55:35 | INFO     |   Col_5: '<10'
2025-11-06 16:55:35 | INFO     |   Col_6: '<10'
2025-11-06 16:55:35 | INFO     |   Col_7: '0'
2025-11-06 16:55:35 | INFO     | 
행 27:
2025-11-06 16:55:35 | INFO     |   Col_1: 'S.aureus'
2025-11-06 16:55:35 | INFO     |   Col_3: '8.3X105'
2025-11-06 16:55:35 | INFO     |   Col_4: '<102'
2025-11-06 16:55:35 | INFO     |   Col_5: ''
2025-11-06 16:55:35 | INFO     |   Col_6: '< 10'
2025-11-06 16:55:35 | INFO     |   Col_7: '0'
2025-11-06 16:55:35 | INFO     | 
행 28:
2025-11-06 16:55:35 | INFO     |   Col_1: 'C.albicans'
2025-11-06 16:55:35 | INFO     |   Col_2: '≤1'
2025-11-06 16:55:35 | INFO     |   Col_3: '3.8X104'
2025-11-06 16:55:35 | INFO     |   Col_4: 'SI02 2'
2025-11-06 16:55:35 | INFO     |   Col_5: '(10'
2025-11-06 16:55:35 | INFO     |   Col_6: '<10'
2025-11-06 16:55:35 | INFO     |   Col_7: '0'
2025-11-06 16:55:35 | INFO     | 
행 29:
2025-11-06 16:55:35 | INFO     |   Col_1: 'A.brasiliensis'
2025-11-06 16:55:35 | INFO     |   Col_2: '50°'
2025-11-06 16:55:35 | INFO     |   Col_3: '5.7X104'
2025-11-06 16:55:36 | INFO     |   Col_4: '5 8-4x10 3.8 x 10%'
2025-11-06 16:55:36 | INFO     |   Col_5: '1.4810 1-2 X10'
2025-11-06 16:55:36 | INFO     |   Col_6: '<3.2x107V 2×10"'
2025-11-06 16:55:36 | INFO     |   Col_7: 'O'
2025-11-06 16:55:36 | INFO     | 
행 30:
2025-11-06 16:55:36 | INFO     |   Col_0: '오브제 포어제로 올인원 CA2857-F1CA 25A15116'
2025-11-06 16:55:36 | INFO     |   Col_1: 'E.coli'
2025-11-06 16:55:36 | INFO     |   Col_2: '≤3'
2025-11-06 16:55:36 | INFO     |   Col_3: '6.0X105'
2025-11-06 16:55:36 | INFO     |   Col_4: 'Clo2'
2025-11-06 16:55:36 | INFO     |   Col_5: '((X10)'
2025-11-06 16:55:36 | INFO     |   Col_6: '(10'
2025-11-06 16:55:36 | INFO     |   Col_7: '0'
2025-11-06 16:55:36 | INFO     |   Col_8: '0
:selected:'
2025-11-06 16:55:36 | INFO     | 
행 31:
2025-11-06 16:55:36 | INFO     |   Col_1: 'P.aeruginosa'
2025-11-06 16:55:36 | INFO     |   Col_3: '8.7X105'
2025-11-06 16:55:36 | INFO     |   Col_4: '< 102'
2025-11-06 16:55:36 | INFO     |   Col_5: '510'
2025-11-06 16:55:36 | INFO     |   Col_6: '<10'
2025-11-06 16:55:36 | INFO     |   Col_7: '0'
2025-11-06 16:55:36 | INFO     | 
행 32:
2025-11-06 16:55:36 | INFO     |   Col_1: 'S.aureus'
2025-11-06 16:55:36 | INFO     |   Col_3: '8.3X105'
2025-11-06 16:55:36 | INFO     |   Col_4: '<102'
2025-11-06 16:55:36 | INFO     |   Col_5: 'SiMIXIO,'
2025-11-06 16:55:36 | INFO     |   Col_6: '<10'
2025-11-06 16:55:36 | INFO     |   Col_7: '0'
2025-11-06 16:55:36 | INFO     | 
행 33:
2025-11-06 16:55:36 | INFO     |   Col_1: 'C.albicans'
2025-11-06 16:55:36 | INFO     |   Col_2: 'SI'
2025-11-06 16:55:36 | INFO     |   Col_3: '3.8X104'
2025-11-06 16:55:36 | INFO     |   Col_4: ''
2025-11-06 16:55:36 | INFO     |   Col_5: '<10'
2025-11-06 16:55:36 | INFO     |   Col_6: '<10'
2025-11-06 16:55:36 | INFO     |   Col_7: '0'
2025-11-06 16:55:36 | INFO     | 
행 34:
2025-11-06 16:55:36 | INFO     |   Col_1: 'A.brasiliensis'
2025-11-06 16:55:36 | INFO     |   Col_2: '50°'
2025-11-06 16:55:36 | INFO     |   Col_3: '5.7X104'
2025-11-06 16:55:36 | INFO     |   Col_4: '< < 10"'
2025-11-06 16:55:36 | INFO     |   Col_5: '·< 102'
2025-11-06 16:55:36 | INFO     |   Col_6: ''
2025-11-06 16:55:36 | INFO     |   Col_7: '0'
2025-11-06 16:55:36 | INFO     | 
행 35:
2025-11-06 16:55:36 | INFO     |   Col_0: '에센셜 물 결 크림 ABC2827-K 25A15117'
2025-11-06 16:55:36 | INFO     |   Col_1: 'E.coli'
2025-11-06 16:55:36 | INFO     |   Col_2: '53'
2025-11-06 16:55:36 | INFO     |   Col_3: '6.0X105'
2025-11-06 16:55:36 | INFO     |   Col_4: '(102'
2025-11-06 16:55:36 | INFO     |   Col_5: '510'
2025-11-06 16:55:36 | INFO     |   Col_6: '<10'
2025-11-06 16:55:36 | INFO     |   Col_7: '0'
2025-11-06 16:55:36 | INFO     |   Col_8: '0'
2025-11-06 16:55:36 | INFO     | 
행 36:
2025-11-06 16:55:36 | INFO     |   Col_1: 'P.aeruginosa'
2025-11-06 16:55:36 | INFO     |   Col_3: '8.7X105'
2025-11-06 16:55:36 | INFO     |   Col_4: '<10"'
2025-11-06 16:55:36 | INFO     |   Col_5: '(1X10)'
2025-11-06 16:55:36 | INFO     |   Col_6: 'C10'
2025-11-06 16:55:36 | INFO     |   Col_7: '0'
2025-11-06 16:55:36 | INFO     | 
행 37:
2025-11-06 16:55:36 | INFO     |   Col_1: 'S.aureus'
2025-11-06 16:55:36 | INFO     |   Col_3: '8.3X105'
2025-11-06 16:55:36 | INFO     |   Col_4: '<102'
2025-11-06 16:55:36 | INFO     |   Col_5: '<10'
2025-11-06 16:55:36 | INFO     |   Col_6: '<10'
2025-11-06 16:55:36 | INFO     |   Col_7: '0'
2025-11-06 16:55:36 | INFO     | 
행 38:
2025-11-06 16:55:36 | INFO     |   Col_1: 'C.albicans'
2025-11-06 16:55:36 | INFO     |   Col_2: '≤1'
2025-11-06 16:55:36 | INFO     |   Col_3: '3.8X104'
2025-11-06 16:55:36 | INFO     |   Col_4: '(102 2'
2025-11-06 16:55:36 | INFO     |   Col_5: '510'
2025-11-06 16:55:36 | INFO     |   Col_6: '<10'
2025-11-06 16:55:36 | INFO     |   Col_7: '0'
2025-11-06 16:55:36 | INFO     | 
행 39:
2025-11-06 16:55:36 | INFO     |   Col_1: 'A.brasiliensis'
2025-11-06 16:55:36 | INFO     |   Col_2: '50c'
2025-11-06 16:55:36 | INFO     |   Col_3: '5.7X104'
2025-11-06 16:55:36 | INFO     |   Col_4: '< < 103 210'
2025-11-06 16:55:36 | INFO     |   Col_5: '<102'
2025-11-06 16:55:36 | INFO     |   Col_6: '< 102'
2025-11-06 16:55:36 | INFO     |   Col_7: '0'
2025-11-06 16:55:36 | INFO     | 
행 40:
2025-11-06 16:55:36 | INFO     |   Col_0: '남자로션 (HERA 타겟) CA3018-M 25A15118'
2025-11-06 16:55:36 | INFO     |   Col_1: 'E.coli'
2025-11-06 16:55:36 | INFO     |   Col_2: '≤3'
2025-11-06 16:55:36 | INFO     |   Col_3: '6.0X105'
2025-11-06 16:55:36 | INFO     |   Col_4: '(12'
2025-11-06 16:55:36 | INFO     |   Col_5: '<10'
2025-11-06 16:55:36 | INFO     |   Col_6: '<10'
2025-11-06 16:55:36 | INFO     |   Col_7: '0'
2025-11-06 16:55:36 | INFO     |   Col_8: '0
:selected:'
2025-11-06 16:55:36 | INFO     | 
행 41:
2025-11-06 16:55:36 | INFO     |   Col_1: 'P.aeruginosa'
2025-11-06 16:55:36 | INFO     |   Col_3: '8.7X105'
2025-11-06 16:55:36 | INFO     |   Col_4: '(102'
2025-11-06 16:55:36 | INFO     |   Col_5: '(MIX10)'
2025-11-06 16:55:36 | INFO     |   Col_6: '< 10'
2025-11-06 16:55:36 | INFO     |   Col_7: '0'
2025-11-06 16:55:36 | INFO     | 
행 42:
2025-11-06 16:55:36 | INFO     |   Col_1: 'S.aureus'
2025-11-06 16:55:36 | INFO     |   Col_3: '8.3X105'
2025-11-06 16:55:36 | INFO     |   Col_4: 'C102'
2025-11-06 16:55:36 | INFO     |   Col_5: '<10'
2025-11-06 16:55:36 | INFO     |   Col_6: '(10'
2025-11-06 16:55:36 | INFO     |   Col_7: '0'
2025-11-06 16:55:36 | INFO     | 
행 43:
2025-11-06 16:55:36 | INFO     |   Col_1: 'C.albicans'
2025-11-06 16:55:36 | INFO     |   Col_2: '≤1'
2025-11-06 16:55:36 | INFO     |   Col_3: '3.8X104'
2025-11-06 16:55:36 | INFO     |   Col_4: '5102'
2025-11-06 16:55:36 | INFO     |   Col_5: '(10'
2025-11-06 16:55:36 | INFO     |   Col_6: '< 10'
2025-11-06 16:55:36 | INFO     |   Col_7: '0'
2025-11-06 16:55:36 | INFO     | 
행 44:
2025-11-06 16:55:36 | INFO     |   Col_1: 'A.brasiliensis'
2025-11-06 16:55:36 | INFO     |   Col_2: '50€'
2025-11-06 16:55:36 | INFO     |   Col_3: '5.7X104'
2025-11-06 16:55:36 | INFO     |   Col_4: '103'
2025-11-06 16:55:36 | INFO     |   Col_5: '< 10"'
2025-11-06 16:55:36 | INFO     |   Col_6: '(102'
2025-11-06 16:55:36 | INFO     |   Col_7: '0'
2025-11-06 16:55:36 | INFO     | 
행 45:
2025-11-06 16:55:36 | INFO     |   Col_0: '라메르 크림 타겟 WC2027-E 25A15119 w/o +'
2025-11-06 16:55:36 | INFO     |   Col_1: 'E.coli'
2025-11-06 16:55:36 | INFO     |   Col_2: '≤3'
2025-11-06 16:55:36 | INFO     |   Col_3: '6.0X105'
2025-11-06 16:55:36 | INFO     |   Col_4: 'C102'
2025-11-06 16:55:36 | INFO     |   Col_5: '<10'
2025-11-06 16:55:36 | INFO     |   Col_6: '40'
2025-11-06 16:55:36 | INFO     |   Col_7: '0'
2025-11-06 16:55:36 | INFO     |   Col_8: '부적합 (s.a 17) (A.b 42)'
2025-11-06 16:55:36 | INFO     | 
행 46:
2025-11-06 16:55:36 | INFO     |   Col_1: 'P.aeruginosa'
2025-11-06 16:55:36 | INFO     |   Col_3: '8.7X105'
2025-11-06 16:55:36 | INFO     |   Col_4: '45102'
2025-11-06 16:55:36 | INFO     |   Col_5: '(10'
2025-11-06 16:55:36 | INFO     |   Col_6: 'C10'
2025-11-06 16:55:36 | INFO     |   Col_7: '0
:selected:'
2025-11-06 16:55:36 | INFO     | 
행 47:
2025-11-06 16:55:36 | INFO     |   Col_1: 'S.aureus'
2025-11-06 16:55:36 | INFO     |   Col_3: '8.3X105'
2025-11-06 16:55:36 | INFO     |   Col_4: '1.0X 10"'
2025-11-06 16:55:36 | INFO     |   Col_5: '<0)'
2025-11-06 16:55:36 | INFO     |   Col_6: '410'
2025-11-06 16:55:36 | INFO     |   Col_7: 'X
:selected:'
2025-11-06 16:55:36 | INFO     | 
행 48:
2025-11-06 16:55:36 | INFO     |   Col_1: 'C.albicans'
2025-11-06 16:55:36 | INFO     |   Col_2: '≤1'
2025-11-06 16:55:36 | INFO     |   Col_3: '3.8X104'
2025-11-06 16:55:36 | INFO     |   Col_4: '<102'
2025-11-06 16:55:36 | INFO     |   Col_5: '1X10'
2025-11-06 16:55:36 | INFO     |   Col_6: '210'
2025-11-06 16:55:36 | INFO     |   Col_7: '0
:selected:'
2025-11-06 16:55:36 | INFO     | 
행 49:
2025-11-06 16:55:36 | INFO     |   Col_1: 'A.brasiliensis'
2025-11-06 16:55:36 | INFO     |   Col_2: '50c'
2025-11-06 16:55:36 | INFO     |   Col_3: '5.7X104'
2025-11-06 16:55:36 | INFO     |   Col_4: '2.8X104
1.6×10'
2025-11-06 16:55:36 | INFO     |   Col_5: '6-5×104
1.3×104|'
2025-11-06 16:55:36 | INFO     |   Col_6: '(95X103 9.9x1020'
2025-11-06 16:55:36 | INFO     |   Col_7: 'X
:selected:'
2025-11-06 16:55:36 | INFO     | 
================================================================================
2025-11-06 16:55:36 | INFO     | 📊 2. 컬럼 매핑 상세
2025-11-06 16:55:36 | INFO     | --------------------------------------------------------------------------------
2025-11-06 16:55:36 | INFO     |   strain_col           → Col_1
2025-11-06 16:55:36 | INFO     |   specification_col    → Col_2
2025-11-06 16:55:36 | INFO     |   cfu_0_col            → Col_3
2025-11-06 16:55:36 | INFO     |   cfu_7_col            → Col_4
2025-11-06 16:55:36 | INFO     |   cfu_14_col           → Col_5
2025-11-06 16:55:36 | INFO     |   cfu_28_col           → Col_6
2025-11-06 16:55:36 | INFO     |   judgment_col         → Col_7
2025-11-06 16:55:36 | INFO     |   final_judgment_col   → Col_8
2025-11-06 16:55:36 | INFO     | 
================================================================================
2025-11-06 16:55:36 | INFO     | 🔍 3. Bulk Name 컬럼 찾기
2025-11-06 16:55:36 | INFO     | --------------------------------------------------------------------------------
2025-11-06 16:55:36 | INFO     | ⚠️ Bulk Name 컬럼을 찾을 수 없습니다. Col_0으로 가정
2025-11-06 16:55:36 | INFO     | 
================================================================================
2025-11-06 16:55:36 | INFO     | 📝 4. Bulk Name 컬럼(Col_0) 전체 내용
2025-11-06 16:55:36 | INFO     | --------------------------------------------------------------------------------
2025-11-06 16:55:36 | INFO     | 행  0: '디밀-레뜨레 듀얼 핏 컨실러 1.5호 스팟(노 란끼 DOWN) LA1999-QZ18A 25A15110 W/S +'
2025-11-06 16:55:36 | INFO     | 행  5: 'KUX-MKG- CASR(F)-KNK 조제 씨큐몽앰플세럼 NGE1792-QAF 25A15111'
2025-11-06 16:55:36 | INFO     | 행 10: 'HNG_엠티엠코 파운데이션 23호 HMFF0003-BBB 25A15112 w/ot'
2025-11-06 16:55:36 | INFO     | 행 15: '안정도 검토 타가 아토 세라 비 타 크림 밤 AB2880-01GC 25A15113'
2025-11-06 16:55:36 | INFO     | 행 20: '인터오리진아이엔 씨 - AZH 멀티크림 NWC1560-A1A 25A15114'
2025-11-06 16:55:36 | INFO     | 행 25: '유무기 선크림 CTCC1708-S 25A15115 w/0'
2025-11-06 16:55:36 | INFO     | 행 30: '오브제 포어제로 올인원 CA2857-F1CA 25A15116'
2025-11-06 16:55:36 | INFO     | 행 35: '에센셜 물 결 크림 ABC2827-K 25A15117'
2025-11-06 16:55:36 | INFO     | 행 40: '남자로션 (HERA 타겟) CA3018-M 25A15118'
2025-11-06 16:55:36 | INFO     | 행 45: '라메르 크림 타겟 WC2027-E 25A15119 w/o +'
2025-11-06 16:55:36 | INFO     | 
================================================================================
2025-11-06 16:55:36 | INFO     | 🔬 5. 시험번호/처방번호 패턴 매칭
2025-11-06 16:55:36 | INFO     | --------------------------------------------------------------------------------
2025-11-06 16:55:36 | INFO     | ✅ 행 5: 처방번호 'NGE1792-QAF'
2025-11-06 16:55:36 | INFO     | ✅ 행 10: 처방번호 'HMFF0003-BBB'
2025-11-06 16:55:36 | INFO     | ✅ 행 25: 처방번호 'CTCC1708-S'
2025-11-06 16:55:36 | INFO     | ✅ 행 35: 처방번호 'ABC2827-K'
2025-11-06 16:55:36 | INFO     | ✅ 행 40: 처방번호 'CA3018-M'
2025-11-06 16:55:36 | INFO     | ✅ 행 45: 처방번호 'WC2027-E'
2025-11-06 16:55:36 | INFO     | 
================================================================================
2025-11-06 16:55:36 | INFO     | 🔍 6. 전체 테이블에서 패턴 검색
2025-11-06 16:55:36 | INFO     | --------------------------------------------------------------------------------
2025-11-06 16:55:36 | INFO     | ❌ 시험번호 패턴 매칭 실패
2025-11-06 16:55:36 | INFO     | ✅ 전체 테이블에서 처방번호 발견: ['NGE1792-QAF', 'HMFF0003-BBB', 'CTCC1708-S', 'ABC2827-K', 'CA3018-M', 'WC2027-E', 'NGE1792-QAF', 'HMFF0003-BBB', 'CTCC1708-S', 'ABC2827-K', 'CA3018-M', 'WC2027-E']
2025-11-06 16:55:36 | INFO     | 
================================================================================
2025-11-06 16:55:36 | INFO     | 💡 7. 결론 및 권장사항
2025-11-06 16:55:36 | INFO     | --------------------------------------------------------------------------------
2025-11-06 16:55:36 | INFO     | 
❌ Bulk Name 컬럼에서 시험번호를 찾을 수 없습니다!
2025-11-06 16:55:36 | INFO     | 
✅ Bulk Name 컬럼에서 처방번호 6개 발견:
2025-11-06 16:55:36 | INFO     |    행 5: NGE1792-QAF
2025-11-06 16:55:36 | INFO     |    행 10: HMFF0003-BBB
2025-11-06 16:55:36 | INFO     |    행 25: CTCC1708-S
2025-11-06 16:55:36 | INFO     |    행 35: ABC2827-K
2025-11-06 16:55:36 | INFO     |    행 40: CA3018-M
2025-11-06 16:55:36 | INFO     |    행 45: WC2027-E
2025-11-06 16:55:36 | INFO     | 
================================================================================
2025-11-06 16:55:36 | INFO     |   📦 새 제품 시작 (행0): 시험번호=25A15I10
2025-11-06 16:55:36 | INFO     |   📦 새 제품 시작 (행0): 처방번호=LA1999-QZ18A
2025-11-06 16:55:36 | INFO     |   🔧 보정 [0일]: '6.0X105' → '6.0×10^5'
2025-11-06 16:55:36 | INFO     |   🔧 보정 [7일]: 'LION' → '<10'
2025-11-06 16:55:36 | INFO     |   🔧 보정 [14일]: 'CIO' → '<10'
2025-11-06 16:55:36 | INFO     |   🔧 보정 [0일]: '8.7X105' → '8.7×10^5'
2025-11-06 16:55:36 | INFO     |   🔧 보정 [14일]: '410' → '<10'
2025-11-06 16:55:36 | INFO     |   🔧 보정 [28일]: '40' → '<10'
2025-11-06 16:55:36 | INFO     |   🔧 보정 [0일]: '8.3X105' → '8.3×10^5'
2025-11-06 16:55:36 | INFO     |   🔧 보정 [14일]: '40' → '<10'
2025-11-06 16:55:36 | INFO     |   🔧 보정 [28일]: '40' → '<10'
2025-11-06 16:55:36 | INFO     |   🔧 보정 [0일]: '3.8X104' → '3.8×10^4'
2025-11-06 16:55:36 | INFO     |   🔧 보정 [7일]: 'LION,' → '<10'
2025-11-06 16:55:36 | INFO     |   🔧 보정 [14일]: '40' → '<10'
2025-11-06 16:55:36 | INFO     |   🔧 보정 [28일]: '40' → '<10'
2025-11-06 16:55:36 | INFO     |   🔧 보정 [0일]: '5.7X104' → '5.7×10^4'
2025-11-06 16:55:36 | INFO     |   🔧 보정 [7일]: 'くち、ち入10 ?! 1.4 X104' → '1.4×10^4'
2025-11-06 16:55:36 | WARNING  |   ⚠️ 합쳐진 셀 감지: '< 4×102 1×103' → 첫 번째 값만 사용: '4×102'
2025-11-06 16:55:36 | INFO     |   🔧 보정 [14일]: '< 4×102 1×103' → '4×10^2'
2025-11-06 16:55:36 | INFO     |   🔧 보정 [28일]: '6102' → '<10^2'
2025-11-06 16:55:36 | INFO     |   📦 새 제품 시작 (행5): 시험번호=25A15I11
2025-11-06 16:55:36 | INFO     |   📦 새 제품 시작 (행5): 처방번호=NGE1792-QAF
2025-11-06 16:55:36 | INFO     |   🔧 보정 [0일]: '6.0X105' → '6.0×10^5'
2025-11-06 16:55:36 | INFO     |   🔧 보정 [14일]: '410' → '<10'
2025-11-06 16:55:36 | INFO     |   🔧 보정 [28일]: '40' → '<10'
2025-11-06 16:55:36 | INFO     |   🔧 보정 [0일]: '8.7X105' → '8.7×10^5'
2025-11-06 16:55:36 | INFO     |   🔧 보정 [14일]: '40' → '<10'
2025-11-06 16:55:36 | INFO     |   🔧 보정 [28일]: '40' → '<10'
2025-11-06 16:55:36 | INFO     |   🔧 보정 [0일]: '8.3X105' → '8.3×10^5'
2025-11-06 16:55:36 | INFO     |   🔧 보정 [14일]: '40' → '<10'
2025-11-06 16:55:36 | INFO     |   🔧 보정 [28일]: '40' → '<10'
2025-11-06 16:55:36 | INFO     |   🔧 보정 [0일]: '3.8X104' → '3.8×10^4'
2025-11-06 16:55:36 | INFO     |   🔧 보정 [7일]: '4102' → '<10^2'
2025-11-06 16:55:36 | INFO     |   🔧 보정 [14일]: '(MI-2X12)' → '(MI-2×12)'
2025-11-06 16:55:36 | INFO     |   🔧 보정 [28일]: '40' → '<10'
2025-11-06 16:55:36 | INFO     |   🔧 보정 [0일]: '5.7X104' → '5.7×10^4'
2025-11-06 16:55:36 | INFO     |   🔧 보정 [7일]: 'zion' → '<10'
2025-11-06 16:55:36 | INFO     |   🔧 보정 [14일]: '4102' → '<10^2'
2025-11-06 16:55:36 | INFO     |   📦 새 제품 시작 (행10): 시험번호=25A15I12
2025-11-06 16:55:36 | INFO     |   📦 새 제품 시작 (행10): 처방번호=HMFF0003-BBB
2025-11-06 16:55:36 | INFO     |   🔧 보정 [0일]: '6.0X105' → '6.0×10^5'
2025-11-06 16:55:36 | INFO     |   🔧 보정 [7일]: 'CI02' → '<10^2'
2025-11-06 16:55:36 | INFO     |   🔧 보정 [14일]: '40' → '<10'
2025-11-06 16:55:36 | INFO     |   🔧 보정 [28일]: '/10' → '<10'
2025-11-06 16:55:36 | INFO     |   🔧 보정 [0일]: '8.7X105' → '8.7×10^5'
2025-11-06 16:55:36 | INFO     |   ℹ️ 7일차 실무 보정: '40L' → '<10^2' (일반 기준)
2025-11-06 16:55:36 | INFO     |   🔧 보정 [7일]: '40L' → '<10^2'
2025-11-06 16:55:36 | INFO     |   🔧 보정 [14일]: '40' → '<10'
2025-11-06 16:55:36 | INFO     |   🔧 보정 [28일]: '40' → '<10'
2025-11-06 16:55:36 | INFO     |   🔧 보정 [0일]: '8.3X105' → '8.3×10^5'
2025-11-06 16:55:36 | INFO     |   🔧 보정 [14일]: '40' → '<10'
2025-11-06 16:55:36 | INFO     |   🔧 보정 [0일]: '3.8X104' → '3.8×10^4'
2025-11-06 16:55:36 | INFO     |   🔧 보정 [7일]: 'CIO2' → '<10^2'
2025-11-06 16:55:36 | INFO     |   🔧 보정 [14일]: '40' → '<10'
2025-11-06 16:55:36 | INFO     |   🔧 보정 [28일]: '610' → '<10'
2025-11-06 16:55:36 | INFO     |   🔧 보정 [0일]: '5.7X104' → '5.7×10^4'
2025-11-06 16:55:36 | WARNING  |   ⚠️ 합쳐진 셀 감지: '204 / 2.0×104 52.7×104' → 첫 번째 값만 사용: '2.0×104'
2025-11-06 16:55:36 | INFO     |   🔧 보정 [7일]: '204 / 2.0×104 52.7×104' → '2.0×10^4'
2025-11-06 16:55:36 | INFO     |   🔧 보정 [14일]: '74, 1.9 x103 <12.9 × 104' → '1.9×10^3'
2025-11-06 16:55:36 | INFO     |   🔧 보정 [28일]: 'Y 4.8 NO3 5x103' → '5×10^3'
2025-11-06 16:55:36 | INFO     |   📦 새 제품 시작 (행15): 시험번호=25A15I13
2025-11-06 16:55:36 | INFO     |   📦 새 제품 시작 (행15): 처방번호=AB2880-01GC
2025-11-06 16:55:36 | INFO     |   🔧 보정 [0일]: '6.0X105' → '6.0×10^5'
2025-11-06 16:55:36 | INFO     |   🔧 보정 [14일]: '40' → '<10'
2025-11-06 16:55:36 | INFO     |   🔧 보정 [28일]: '40' → '<10'
2025-11-06 16:55:36 | INFO     |   🔧 보정 [0일]: '8.7X105' → '8.7×10^5'
2025-11-06 16:55:36 | INFO     |   🔧 보정 [7일]: '4102' → '<10^2'
2025-11-06 16:55:36 | INFO     |   🔧 보정 [14일]: '40' → '<10'
2025-11-06 16:55:36 | INFO     |   🔧 보정 [28일]: '410' → '<10'
2025-11-06 16:55:36 | INFO     |   🔧 보정 [0일]: '8.3X105' → '8.3×10^5'
2025-11-06 16:55:36 | INFO     |   🔧 보정 [14일]: 'C10' → '<10'
2025-11-06 16:55:36 | INFO     |   🔧 보정 [28일]: '410' → '<10'
2025-11-06 16:55:36 | INFO     |   🔧 보정 [0일]: '3.8X104' → '3.8×10^4'
2025-11-06 16:55:36 | INFO     |   🔧 보정 [7일]: 'C102' → '<10^2'
2025-11-06 16:55:36 | INFO     |   🔧 보정 [14일]: '(MIXIO)' → '(MI×IO)'
2025-11-06 16:55:36 | INFO     |   🔧 보정 [0일]: '5.7X104' → '5.7×10^4'
2025-11-06 16:55:36 | INFO     |   🔧 보정 [14일]: '(102' → '<10^2'
2025-11-06 16:55:36 | INFO     |   🔧 보정 [28일]: 'CI02' → '<10^2'
2025-11-06 16:55:36 | INFO     |   📦 새 제품 시작 (행20): 시험번호=25A15I14
2025-11-06 16:55:36 | INFO     |   📦 새 제품 시작 (행20): 처방번호=NWC1560-A1A
2025-11-06 16:55:36 | INFO     |   🔧 보정 [0일]: '6.0X105' → '6.0×10^5'
2025-11-06 16:55:36 | INFO     |   ℹ️ 7일차 실무 보정: '400' → '<10^2' (일반 기준)
2025-11-06 16:55:36 | INFO     |   🔧 보정 [7일]: '400' → '<10^2'
2025-11-06 16:55:36 | INFO     |   🔧 보정 [14일]: '410' → '<10'
2025-11-06 16:55:36 | INFO     |   🔧 보정 [28일]: '40' → '<10'
2025-11-06 16:55:36 | INFO     |   🔧 보정 [0일]: '8.7X105' → '8.7×10^5'
2025-11-06 16:55:36 | INFO     |   ℹ️ 7일차 실무 보정: '4100' → '<10^2' (일반 기준)
2025-11-06 16:55:36 | INFO     |   🔧 보정 [7일]: '4100' → '<10^2'
2025-11-06 16:55:36 | INFO     |   🔧 보정 [14일]: '40' → '<10'
2025-11-06 16:55:36 | INFO     |   🔧 보정 [28일]: '40' → '<10'
2025-11-06 16:55:36 | INFO     |   🔧 보정 [0일]: '8.3X105' → '8.3×10^5'
2025-11-06 16:55:36 | INFO     |   🔧 보정 [7일]: '4102' → '<10^2'
2025-11-06 16:55:36 | INFO     |   🔧 보정 [14일]: '410' → '<10'
2025-11-06 16:55:36 | INFO     |   🔧 보정 [28일]: '40' → '<10'
2025-11-06 16:55:36 | INFO     |   🔧 보정 [0일]: '3.8X104' → '3.8×10^4'
2025-11-06 16:55:36 | INFO     |   🔧 보정 [7일]: '(102' → '<10^2'
2025-11-06 16:55:36 | INFO     |   🔧 보정 [14일]: '40' → '<10'
2025-11-06 16:55:36 | INFO     |   🔧 보정 [28일]: 'CIO' → '<10'
2025-11-06 16:55:36 | INFO     |   🔧 보정 [0일]: '5.7X104' → '5.7×10^4'
2025-11-06 16:55:36 | INFO     |   🔧 보정 [28일]: '40L' → '<10'
2025-11-06 16:55:36 | INFO     |   📦 새 제품 시작 (행25): 시험번호=25A15I15
2025-11-06 16:55:36 | INFO     |   📦 새 제품 시작 (행25): 처방번호=CTCC1708-S
2025-11-06 16:55:36 | INFO     |   🔧 보정 [0일]: '6.0X105' → '6.0×10^5'
2025-11-06 16:55:36 | INFO     |   🔧 보정 [7일]: '5102' → '<10^2'
2025-11-06 16:55:36 | INFO     |   🔧 보정 [0일]: '8.7X105' → '8.7×10^5'
2025-11-06 16:55:36 | INFO     |   🔧 보정 [7일]: '<102' → '<10^2'
2025-11-06 16:55:36 | INFO     |   🔧 보정 [0일]: '8.3X105' → '8.3×10^5'
2025-11-06 16:55:36 | INFO     |   🔧 보정 [7일]: '<102' → '<10^2'
2025-11-06 16:55:36 | INFO     |   🔧 보정 [28일]: '< 10' → '<10'
2025-11-06 16:55:36 | INFO     |   🔧 보정 [0일]: '3.8X104' → '3.8×10^4'
2025-11-06 16:55:36 | INFO     |   🔧 보정 [7일]: 'SI02 2' → '<10^2'
2025-11-06 16:55:36 | INFO     |   🔧 보정 [14일]: '(10' → '<10'
2025-11-06 16:55:36 | INFO     |   🔧 보정 [0일]: '5.7X104' → '5.7×10^4'
2025-11-06 16:55:36 | INFO     |   🔧 보정 [7일]: '5 8-4x10 3.8 x 10%' → '4×10^3'
2025-11-06 16:55:36 | INFO     |   🔧 보정 [14일]: '1.4810 1-2 X10' → '2×10^0'
2025-11-06 16:55:36 | INFO     |   🔧 보정 [28일]: '<3.2x107V 2×10"' → '<3.2×10^7'
2025-11-06 16:55:36 | INFO     |   📦 새 제품 시작 (행30): 시험번호=25A15I16
2025-11-06 16:55:36 | INFO     |   📦 새 제품 시작 (행30): 처방번호=CA2857-F1CA
2025-11-06 16:55:36 | INFO     |   🔧 보정 [0일]: '6.0X105' → '6.0×10^5'
2025-11-06 16:55:36 | INFO     |   🔧 보정 [7일]: 'Clo2' → '<10^2'
2025-11-06 16:55:36 | INFO     |   🔧 보정 [14일]: '((X10)' → '((×10)'
2025-11-06 16:55:36 | INFO     |   🔧 보정 [28일]: '(10' → '<10'
2025-11-06 16:55:36 | INFO     |   🔧 보정 [0일]: '8.7X105' → '8.7×10^5'
2025-11-06 16:55:36 | INFO     |   🔧 보정 [7일]: '< 102' → '<10^2'
2025-11-06 16:55:36 | INFO     |   🔧 보정 [14일]: '510' → '<10'
2025-11-06 16:55:36 | INFO     |   🔧 보정 [0일]: '8.3X105' → '8.3×10^5'
2025-11-06 16:55:36 | INFO     |   🔧 보정 [7일]: '<102' → '<10^2'
2025-11-06 16:55:36 | INFO     |   🔧 보정 [14일]: 'SiMIXIO,' → 'SiMI×IO,'
2025-11-06 16:55:36 | INFO     |   🔧 보정 [0일]: '3.8X104' → '3.8×10^4'
2025-11-06 16:55:36 | INFO     |   🔧 보정 [0일]: '5.7X104' → '5.7×10^4'
2025-11-06 16:55:36 | INFO     |   🔧 보정 [7일]: '< < 10"' → '< < 10'
2025-11-06 16:55:36 | INFO     |   📦 새 제품 시작 (행35): 시험번호=25A15I17
2025-11-06 16:55:36 | INFO     |   📦 새 제품 시작 (행35): 처방번호=ABC2827-K
2025-11-06 16:55:36 | INFO     |   🔧 보정 [0일]: '6.0X105' → '6.0×10^5'
2025-11-06 16:55:36 | INFO     |   🔧 보정 [7일]: '(102' → '<10^2'
2025-11-06 16:55:36 | INFO     |   🔧 보정 [14일]: '510' → '<10'
2025-11-06 16:55:36 | INFO     |   🔧 보정 [0일]: '8.7X105' → '8.7×10^5'
2025-11-06 16:55:36 | INFO     |   🔧 보정 [7일]: '<10"' → '<10'
2025-11-06 16:55:36 | INFO     |   🔧 보정 [14일]: '(1X10)' → '1×10^0'
2025-11-06 16:55:36 | INFO     |   🔧 보정 [28일]: 'C10' → '<10'
2025-11-06 16:55:36 | INFO     |   🔧 보정 [0일]: '8.3X105' → '8.3×10^5'
2025-11-06 16:55:36 | INFO     |   🔧 보정 [7일]: '<102' → '<10^2'
2025-11-06 16:55:36 | INFO     |   🔧 보정 [0일]: '3.8X104' → '3.8×10^4'
2025-11-06 16:55:36 | INFO     |   🔧 보정 [14일]: '510' → '<10'
2025-11-06 16:55:36 | INFO     |   🔧 보정 [0일]: '5.7X104' → '5.7×10^4'
2025-11-06 16:55:36 | INFO     |   🔧 보정 [14일]: '<102' → '<10^2'
2025-11-06 16:55:36 | INFO     |   🔧 보정 [28일]: '< 102' → '<10^2'
2025-11-06 16:55:36 | INFO     |   📦 새 제품 시작 (행40): 시험번호=25A15I18
2025-11-06 16:55:36 | INFO     |   📦 새 제품 시작 (행40): 처방번호=CA3018-M
2025-11-06 16:55:36 | INFO     |   🔧 보정 [0일]: '6.0X105' → '6.0×10^5'
2025-11-06 16:55:36 | INFO     |   🔧 보정 [7일]: '(12' → '<10^2'
2025-11-06 16:55:36 | INFO     |   🔧 보정 [0일]: '8.7X105' → '8.7×10^5'
2025-11-06 16:55:36 | INFO     |   🔧 보정 [7일]: '(102' → '<10^2'
2025-11-06 16:55:36 | INFO     |   🔧 보정 [14일]: '(MIX10)' → '(MI×10)'
2025-11-06 16:55:36 | INFO     |   🔧 보정 [28일]: '< 10' → '<10'
2025-11-06 16:55:36 | INFO     |   🔧 보정 [0일]: '8.3X105' → '8.3×10^5'
2025-11-06 16:55:36 | INFO     |   🔧 보정 [7일]: 'C102' → '<10^2'
2025-11-06 16:55:36 | INFO     |   🔧 보정 [28일]: '(10' → '<10'
2025-11-06 16:55:36 | INFO     |   🔧 보정 [0일]: '3.8X104' → '3.8×10^4'
2025-11-06 16:55:36 | INFO     |   🔧 보정 [7일]: '5102' → '<10^2'
2025-11-06 16:55:36 | INFO     |   🔧 보정 [14일]: '(10' → '<10'
2025-11-06 16:55:36 | INFO     |   🔧 보정 [28일]: '< 10' → '<10'
2025-11-06 16:55:36 | INFO     |   🔧 보정 [0일]: '5.7X104' → '5.7×10^4'
2025-11-06 16:55:36 | INFO     |   🔧 보정 [7일]: '103' → '<10^3'
2025-11-06 16:55:36 | INFO     |   🔧 보정 [14일]: '< 10"' → '<10'
2025-11-06 16:55:36 | INFO     |   🔧 보정 [28일]: '(102' → '<10^2'
2025-11-06 16:55:36 | INFO     |   📦 새 제품 시작 (행45): 시험번호=25A15I19
2025-11-06 16:55:36 | INFO     |   📦 새 제품 시작 (행45): 처방번호=WC2027-E
2025-11-06 16:55:36 | INFO     |   🔧 보정 [0일]: '6.0X105' → '6.0×10^5'
2025-11-06 16:55:36 | INFO     |   🔧 보정 [7일]: 'C102' → '<10^2'
2025-11-06 16:55:36 | INFO     |   🔧 보정 [28일]: '40' → '<10'
2025-11-06 16:55:36 | INFO     |   🔧 보정 [0일]: '8.7X105' → '8.7×10^5'
2025-11-06 16:55:36 | INFO     |   🔧 보정 [7일]: '45102' → '<10^2'
2025-11-06 16:55:36 | INFO     |   🔧 보정 [14일]: '(10' → '<10'
2025-11-06 16:55:36 | INFO     |   🔧 보정 [28일]: 'C10' → '<10'
2025-11-06 16:55:36 | INFO     |   🔧 보정 [0일]: '8.3X105' → '8.3×10^5'
2025-11-06 16:55:36 | INFO     |   🔧 보정 [7일]: '1.0X 10"' → '1.0×10^0'
2025-11-06 16:55:36 | INFO     |   🔧 보정 [28일]: '410' → '<10'
2025-11-06 16:55:36 | INFO     |   🔧 보정 [0일]: '3.8X104' → '3.8×10^4'
2025-11-06 16:55:36 | INFO     |   🔧 보정 [7일]: '<102' → '<10^2'
2025-11-06 16:55:36 | INFO     |   🔧 보정 [14일]: '1X10' → '1×10^0'
2025-11-06 16:55:36 | INFO     |   🔧 보정 [28일]: '210' → '<10'
2025-11-06 16:55:36 | INFO     |   🔧 보정 [0일]: '5.7X104' → '5.7×10^4'
2025-11-06 16:55:36 | INFO     |   🔧 보정 [7일]: '2.8X104
1.6×10' → '2.8×10^4'
2025-11-06 16:55:36 | WARNING  |   ⚠️ 합쳐진 셀 감지: '6-5×104
1.3×104|' → 첫 번째 값만 사용: '5×104'
2025-11-06 16:55:36 | INFO     |   🔧 보정 [14일]: '6-5×104
1.3×104|' → '5×10^4'
2025-11-06 16:55:36 | WARNING  |   ⚠️ 합쳐진 셀 감지: '(95X103 9.9x1020' → 첫 번째 값만 사용: '95X103'
2025-11-06 16:55:36 | INFO     |   🔧 보정 [28일]: '(95X103 9.9x1020' → '95×10^3'
2025-11-06 16:55:36 | INFO     | ✅ 추출된 균주 데이터: 50개
2025-11-06 16:55:36 | INFO     | 
================================================================================
2025-11-06 16:55:36 | INFO     | 📊 데이터 보정 완료
2025-11-06 16:55:36 | INFO     | ================================================================================
2025-11-06 16:55:36 | INFO     | ✅ 균주 순서 정렬 완료: 50개
2025-11-06 16:55:36 | INFO     | ✅ OCR 성공: 50개 균주
2025-11-06 16:55:36 | INFO     | 🗑️ 임시 파일 삭제: C:\Users\goqkr\AppData\Local\Temp\tmpi330tf9a.png
2025-11-06 16:56:09 | INFO     | 📋 10개 시험번호 발견: ['25A15I10', '25A15I11', '25A15I12', '25A15I13', '25A15I14', '25A15I15', '25A15I16', '25A15I17', '25A15I18', '25A15I19']
2025-11-06 16:56:11 | INFO     | 🔄 25A15I10 처리 중... (5개 행)
2025-11-06 16:56:11 | INFO     | ✅ 시트 생성 완료: 25A15I10
2025-11-06 16:56:11 | INFO     | 📝 시험번호 매핑: E4 = 25A15I10
2025-11-06 16:56:11 | INFO     | 📝 처방번호 매핑: E34 = LA1999-QZ18A
2025-11-06 16:56:11 | INFO     | 📝 제품명 매핑: E3 = 디밀-레뜨레 듀얼 핏 컨실러 1.5호 스팟(노란끼 DOWN)
2025-11-06 16:56:11 | INFO     | 📝 제형 매핑: Y5 = W/S
2025-11-06 16:56:11 | INFO     | 📝 고시미등록방부보조성분함량 매핑: E6 = ETHYLHEXYL GLYCERIN 0.10 %
GLYCERYL CAPRYLATE  0.20 %
CAPRYLYL GLYCOL   0.20 %
PENTYLENE GLYCOL  1.0 %
2025-11-06 16:56:11 | INFO     | 📝 최종판정 매핑: D30 = 적합
2025-11-06 16:56:11 | INFO     | 📅 날짜 정보 매핑: ['', '', '', '']
2025-11-06 16:56:11 | INFO     | 🦠 E.coli 데이터 매핑 완료
2025-11-06 16:56:11 | INFO     | 🦠 P.aeruginosa 데이터 매핑 완료
2025-11-06 16:56:11 | INFO     | 🦠 S.aureus 데이터 매핑 완료
2025-11-06 16:56:11 | INFO     | 🦠 C.albicans 데이터 매핑 완료
2025-11-06 16:56:11 | INFO     | 🦠 A.brasiliensis 데이터 매핑 완료
2025-11-06 16:56:11 | INFO     | ✅ 총 5개 균주 데이터 매핑 완료
2025-11-06 16:56:11 | INFO     | 🔄 25A15I11 처리 중... (5개 행)
2025-11-06 16:56:11 | INFO     | ✅ 시트 생성 완료: 25A15I11
2025-11-06 16:56:11 | INFO     | 📝 시험번호 매핑: E4 = 25A15I11
2025-11-06 16:56:11 | INFO     | 📝 처방번호 매핑: E34 = NGE1792-QAF
2025-11-06 16:56:11 | INFO     | 📝 제품명 매핑: E3 = KUX-MKG-CASR(F)-KNK 조제
씨큐몽앰플세럼
2025-11-06 16:56:11 | INFO     | 📝 제형 매핑: Y5 = 수분산
2025-11-06 16:56:11 | INFO     | 📝 고시미등록방부보조성분함량 매핑: E6 = 1,2-HEXANEDIOL 1.0%
PENTYLENE GLYCOL 5.0%
SENSIVA SC 50 0.05%
2025-11-06 16:56:11 | INFO     | 📝 최종판정 매핑: D30 = 적합
2025-11-06 16:56:11 | INFO     | 📅 날짜 정보 매핑: ['', '', '', '']
2025-11-06 16:56:11 | INFO     | 🦠 E.coli 데이터 매핑 완료
2025-11-06 16:56:11 | INFO     | 🦠 P.aeruginosa 데이터 매핑 완료
2025-11-06 16:56:11 | INFO     | 🦠 S.aureus 데이터 매핑 완료
2025-11-06 16:56:11 | INFO     | 🦠 C.albicans 데이터 매핑 완료
2025-11-06 16:56:11 | INFO     | 🦠 A.brasiliensis 데이터 매핑 완료
2025-11-06 16:56:11 | INFO     | ✅ 총 5개 균주 데이터 매핑 완료
2025-11-06 16:56:11 | INFO     | 🔄 25A15I12 처리 중... (5개 행)
2025-11-06 16:56:11 | INFO     | ✅ 시트 생성 완료: 25A15I12
2025-11-06 16:56:11 | INFO     | 📝 시험번호 매핑: E4 = 25A15I12
2025-11-06 16:56:11 | INFO     | 📝 처방번호 매핑: E34 = HMFF0003-BBB
2025-11-06 16:56:11 | INFO     | 📝 제품명 매핑: E3 = HNG_엠티엠코
파운데이션 23호
2025-11-06 16:56:11 | INFO     | 📝 제형 매핑: Y5 = w/o
2025-11-06 16:56:11 | INFO     | 📝 고시미등록방부보조성분함량 매핑: E6 = PENTYLENE GLYCOL 1.0%
ETHYLHEXYLGLYCERIN 0.1%
GLYCERYL CAPRYLATE     0.2%
CAPRYLYL GLYCOL 0.2%
2025-11-06 16:56:11 | INFO     | 📝 최종판정 매핑: D30 = 적합
2025-11-06 16:56:11 | INFO     | 📅 날짜 정보 매핑: ['', '', '', '']
2025-11-06 16:56:11 | INFO     | 🦠 E.coli 데이터 매핑 완료
2025-11-06 16:56:11 | INFO     | 🦠 P.aeruginosa 데이터 매핑 완료
2025-11-06 16:56:11 | INFO     | 🦠 S.aureus 데이터 매핑 완료
2025-11-06 16:56:11 | INFO     | 🦠 C.albicans 데이터 매핑 완료
2025-11-06 16:56:11 | INFO     | 🦠 A.brasiliensis 데이터 매핑 완료
2025-11-06 16:56:11 | INFO     | ✅ 총 5개 균주 데이터 매핑 완료
2025-11-06 16:56:11 | INFO     | 🔄 25A15I13 처리 중... (5개 행)
2025-11-06 16:56:11 | INFO     | ✅ 시트 생성 완료: 25A15I13
2025-11-06 16:56:11 | INFO     | 📝 시험번호 매핑: E4 = 25A15I13
2025-11-06 16:56:11 | INFO     | 📝 처방번호 매핑: E34 = AB2880-01GC
2025-11-06 16:56:11 | INFO     | 📝 최종판정 매핑: D30 = 적합
2025-11-06 16:56:11 | INFO     | 📅 날짜 정보 매핑: ['', '', '', '']
2025-11-06 16:56:11 | INFO     | 🦠 E.coli 데이터 매핑 완료
2025-11-06 16:56:11 | INFO     | 🦠 P.aeruginosa 데이터 매핑 완료
2025-11-06 16:56:11 | INFO     | 🦠 S.aureus 데이터 매핑 완료
2025-11-06 16:56:11 | INFO     | 🦠 C.albicans 데이터 매핑 완료
2025-11-06 16:56:11 | INFO     | 🦠 A.brasiliensis 데이터 매핑 완료
2025-11-06 16:56:11 | INFO     | ✅ 총 5개 균주 데이터 매핑 완료
2025-11-06 16:56:11 | INFO     | 🔄 25A15I14 처리 중... (5개 행)
2025-11-06 16:56:11 | INFO     | ✅ 시트 생성 완료: 25A15I14
2025-11-06 16:56:11 | INFO     | 📝 시험번호 매핑: E4 = 25A15I14
2025-11-06 16:56:11 | INFO     | 📝 처방번호 매핑: E34 = NWC1560-A1A
2025-11-06 16:56:11 | INFO     | 📝 제품명 매핑: E3 = 인터오리진아이엔씨 - AZH 멀티크림
2025-11-06 16:56:11 | INFO     | 📝 제형 매핑: Y5 = O/W
2025-11-06 16:56:11 | INFO     | 📝 고시미등록방부보조성분함량 매핑: E6 = 1,2-HEXANEDIOL 2.0%
ETHYLHEXYLGLYCERIN 0.1%
2025-11-06 16:56:11 | INFO     | 📝 최종판정 매핑: D30 = 적합
2025-11-06 16:56:11 | INFO     | 📅 날짜 정보 매핑: ['', '', '', '']
2025-11-06 16:56:11 | INFO     | 🦠 E.coli 데이터 매핑 완료
2025-11-06 16:56:11 | INFO     | 🦠 P.aeruginosa 데이터 매핑 완료
2025-11-06 16:56:11 | INFO     | 🦠 S.aureus 데이터 매핑 완료
2025-11-06 16:56:11 | INFO     | 🦠 C.albicans 데이터 매핑 완료
2025-11-06 16:56:11 | INFO     | 🦠 A.brasiliensis 데이터 매핑 완료
2025-11-06 16:56:11 | INFO     | ✅ 총 5개 균주 데이터 매핑 완료
2025-11-06 16:56:11 | INFO     | 🔄 25A15I15 처리 중... (5개 행)
2025-11-06 16:56:11 | INFO     | ✅ 시트 생성 완료: 25A15I15
2025-11-06 16:56:11 | INFO     | 📝 시험번호 매핑: E4 = 25A15I15
2025-11-06 16:56:11 | INFO     | 📝 처방번호 매핑: E34 = CTCC1708-S
2025-11-06 16:56:11 | INFO     | 📝 제품명 매핑: E3 = 유무기 선크림
2025-11-06 16:56:11 | INFO     | 📝 제형 매핑: Y5 = W/O
2025-11-06 16:56:11 | INFO     | 📝 고시미등록방부보조성분함량 매핑: E6 = GLYCERYL CAPRYLATE  0.1%
CAPRYLYL GLYCOL  0.3%
ETHYLHEXYLGLYCERIN  0.1%
1,2-HEXANEDIOL  0.5%
PROPANDEDIOL  5.0%
2025-11-06 16:56:11 | INFO     | 📝 최종판정 매핑: D30 = 적합
2025-11-06 16:56:11 | INFO     | 📅 날짜 정보 매핑: ['', '', '', '']
2025-11-06 16:56:11 | INFO     | 🦠 E.coli 데이터 매핑 완료
2025-11-06 16:56:11 | INFO     | 🦠 P.aeruginosa 데이터 매핑 완료
2025-11-06 16:56:11 | INFO     | 🦠 S.aureus 데이터 매핑 완료
2025-11-06 16:56:11 | INFO     | 🦠 C.albicans 데이터 매핑 완료
2025-11-06 16:56:11 | INFO     | 🦠 A.brasiliensis 데이터 매핑 완료
2025-11-06 16:56:11 | INFO     | ✅ 총 5개 균주 데이터 매핑 완료
2025-11-06 16:56:11 | INFO     | 🔄 25A15I16 처리 중... (5개 행)
2025-11-06 16:56:11 | INFO     | ✅ 시트 생성 완료: 25A15I16
2025-11-06 16:56:11 | INFO     | 📝 시험번호 매핑: E4 = 25A15I16
2025-11-06 16:56:11 | INFO     | 📝 처방번호 매핑: E34 = CA2857-F1CA
2025-11-06 16:56:11 | INFO     | 📝 제품명 매핑: E3 = 오브제 포어제로 올인원
2025-11-06 16:56:11 | INFO     | 📝 제형 매핑: Y5 = O/W
2025-11-06 16:56:11 | INFO     | 📝 고시미등록방부보조성분함량 매핑: E6 = 1,2-Hexanediol 1.0%
Hydroxyacetophenone 0.2%
Ethylhexyl glycerin 0.1%
2025-11-06 16:56:11 | INFO     | 📝 최종판정 매핑: D30 = 적합
2025-11-06 16:56:11 | INFO     | 📅 날짜 정보 매핑: ['', '', '', '']
2025-11-06 16:56:11 | INFO     | 🦠 E.coli 데이터 매핑 완료
2025-11-06 16:56:11 | INFO     | 🦠 P.aeruginosa 데이터 매핑 완료
2025-11-06 16:56:11 | INFO     | 🦠 S.aureus 데이터 매핑 완료
2025-11-06 16:56:11 | INFO     | 🦠 C.albicans 데이터 매핑 완료
2025-11-06 16:56:11 | INFO     | 🦠 A.brasiliensis 데이터 매핑 완료
2025-11-06 16:56:11 | INFO     | ✅ 총 5개 균주 데이터 매핑 완료
2025-11-06 16:56:11 | INFO     | 🔄 25A15I17 처리 중... (5개 행)
2025-11-06 16:56:11 | INFO     | ✅ 시트 생성 완료: 25A15I17
2025-11-06 16:56:11 | INFO     | 📝 시험번호 매핑: E4 = 25A15I17
2025-11-06 16:56:11 | INFO     | 📝 처방번호 매핑: E34 = ABC2827-K
2025-11-06 16:56:11 | INFO     | 📝 제품명 매핑: E3 = 에센셜 물 결 크림
2025-11-06 16:56:11 | INFO     | 📝 제형 매핑: Y5 = O/W
2025-11-06 16:56:11 | INFO     | 📝 고시미등록방부보조성분함량 매핑: E6 = 1,2-HEXANEDIOL 0.9%
HYDROXYACETOPHENONE 0.3%
ETHYLHEXYLGLYCERIN 0.1%
2025-11-06 16:56:11 | INFO     | 📝 최종판정 매핑: D30 = 적합
2025-11-06 16:56:11 | INFO     | 📅 날짜 정보 매핑: ['', '', '', '']
2025-11-06 16:56:11 | INFO     | 🦠 E.coli 데이터 매핑 완료
2025-11-06 16:56:11 | INFO     | 🦠 P.aeruginosa 데이터 매핑 완료
2025-11-06 16:56:11 | INFO     | 🦠 S.aureus 데이터 매핑 완료
2025-11-06 16:56:11 | INFO     | 🦠 C.albicans 데이터 매핑 완료
2025-11-06 16:56:11 | INFO     | 🦠 A.brasiliensis 데이터 매핑 완료
2025-11-06 16:56:11 | INFO     | ✅ 총 5개 균주 데이터 매핑 완료
2025-11-06 16:56:11 | INFO     | 🔄 25A15I18 처리 중... (5개 행)
2025-11-06 16:56:11 | INFO     | ✅ 시트 생성 완료: 25A15I18
2025-11-06 16:56:11 | INFO     | 📝 시험번호 매핑: E4 = 25A15I18
2025-11-06 16:56:11 | INFO     | 📝 처방번호 매핑: E34 = CA3018-M
2025-11-06 16:56:11 | INFO     | 📝 제품명 매핑: E3 = 남자로션 (HERA 타겟)
2025-11-06 16:56:11 | INFO     | 📝 제형 매핑: Y5 = O/W
2025-11-06 16:56:11 | INFO     | 📝 고시미등록방부보조성분함량 매핑: E6 = 1,2-HEXANEDIOL 0.9%
HYDROXYACETOPHENONE 0.3%
ETHYLHEXYLGLYCERIN 0.1%
2025-11-06 16:56:11 | INFO     | 📝 최종판정 매핑: D30 = 적합
2025-11-06 16:56:11 | INFO     | 📅 날짜 정보 매핑: ['', '', '', '']
2025-11-06 16:56:11 | INFO     | 🦠 E.coli 데이터 매핑 완료
2025-11-06 16:56:11 | INFO     | 🦠 P.aeruginosa 데이터 매핑 완료
2025-11-06 16:56:11 | INFO     | 🦠 S.aureus 데이터 매핑 완료
2025-11-06 16:56:11 | INFO     | 🦠 C.albicans 데이터 매핑 완료
2025-11-06 16:56:11 | INFO     | 🦠 A.brasiliensis 데이터 매핑 완료
2025-11-06 16:56:11 | INFO     | ✅ 총 5개 균주 데이터 매핑 완료
2025-11-06 16:56:11 | INFO     | 🔄 25A15I19 처리 중... (5개 행)
2025-11-06 16:56:11 | INFO     | ✅ 시트 생성 완료: 25A15I19
2025-11-06 16:56:11 | INFO     | 📝 시험번호 매핑: E4 = 25A15I19
2025-11-06 16:56:11 | INFO     | 📝 처방번호 매핑: E34 = WC2027-E
2025-11-06 16:56:11 | INFO     | 📝 제품명 매핑: E3 = 라메르 크림 타겟
2025-11-06 16:56:11 | INFO     | 📝 제형 매핑: Y5 = W/O
2025-11-06 16:56:11 | INFO     | 📝 고시미등록방부보조성분함량 매핑: E6 = HYDROXYACETOPHENONE 0.1%
P-ANISIC ACID 0.1%
2025-11-06 16:56:11 | INFO     | 📝 최종판정 매핑: D30 = 부적합
2025-11-06 16:56:11 | INFO     | 📅 날짜 정보 매핑: ['', '', '', '']
2025-11-06 16:56:11 | INFO     | 🦠 E.coli 데이터 매핑 완료
2025-11-06 16:56:11 | INFO     | 🦠 P.aeruginosa 데이터 매핑 완료
2025-11-06 16:56:11 | INFO     | 🦠 S.aureus 데이터 매핑 완료
2025-11-06 16:56:11 | INFO     | 🦠 C.albicans 데이터 매핑 완료
2025-11-06 16:56:11 | INFO     | 🦠 A.brasiliensis 데이터 매핑 완료
2025-11-06 16:56:11 | INFO     | ✅ 총 5개 균주 데이터 매핑 완료
2025-11-06 16:56:12 | INFO     | 💾 Excel 저장 완료: 10개 시트
2025-11-06 16:59:01 | INFO     | 📄 DRM 처리: DRM 처리 완료
2025-11-06 16:59:01 | INFO     | 💾 임시 이미지 저장: C:\Users\goqkr\AppData\Local\Temp\tmp7t2op2dk.png
2025-11-06 16:59:01 | INFO     | ✅ Azure Document Intelligence 연결 완료
2025-11-06 16:59:01 | INFO     | 📍 엔드포인트: https://kolmar-ai-docuintelli-fingerpoint-ai.cognitiveservices.azure.com/
2025-11-06 16:59:01 | INFO     | 🐛 디버그 모드 활성화
2025-11-06 16:59:01 | INFO     | 
🔍 이미지 분석 시작: tmp7t2op2dk.png
2025-11-06 16:59:01 | INFO     | 📊 테이블 구조 분석 중...
2025-11-06 16:59:07 | INFO     | 📋 감지된 테이블 수: 1
2025-11-06 16:59:07 | INFO     |   테이블 0: 50행 x 9열
2025-11-06 16:59:07 | INFO     | ✅ 선택된 테이블: 50행 x 9열
2025-11-06 16:59:07 | INFO     | 
📅 날짜 정보 추출 시도
2025-11-06 16:59:07 | INFO     |   행 0: 발견된 날짜 1개
2025-11-06 16:59:07 | INFO     |     날짜 0: 5/02
2025-11-06 16:59:07 | INFO     |   행 1: 발견된 날짜 0개
2025-11-06 16:59:07 | INFO     |   행 2: 발견된 날짜 0개
2025-11-06 16:59:07 | INFO     |   행 3: 발견된 날짜 0개
2025-11-06 16:59:07 | INFO     |   행 4: 발견된 날짜 0개
2025-11-06 16:59:07 | INFO     |   ⚠️ 4개 날짜를 찾지 못함. 단일 날짜 기반 계산 시도
2025-11-06 16:59:07 | INFO     | ✅ 시작 날짜 기반 계산: {'date_0': '05/02', 'date_7': '05/09', 'date_14': '05/16', 'date_28': '05/30'}
2025-11-06 16:59:07 | INFO     | 
🦠 균주 데이터 추출 시작
2025-11-06 16:59:07 | INFO     |   🔍 행 0는 데이터 행 (헤더 없음)
2025-11-06 16:59:07 | INFO     |   ✅ 헤더 없이 데이터부터 시작 → header_row = -1
2025-11-06 16:59:07 | INFO     | 📍 헤더 없음 → 데이터 행부터 시작 (행 0)
2025-11-06 16:59:07 | INFO     |   ✅ 균주 컬럼 감지: Col_1
2025-11-06 16:59:07 | INFO     |   🔧 Specification 컬럼 추론: Col_2 (값 패턴 기반)
2025-11-06 16:59:07 | INFO     |   📍 CFU 시작 위치: Col_3 (Specification 건너뜀)
2025-11-06 16:59:07 | INFO     | 📋 컬럼 매핑: {'strain_col': 1, 'specification_col': 2, 'cfu_0_col': 3, 'cfu_7_col': 4, 'cfu_14_col': 5, 'cfu_28_col': 6, 'judgment_col': 7, 'final_judgment_col': 8}
2025-11-06 16:59:07 | INFO     | 
================================================================================
2025-11-06 16:59:07 | INFO     | 🐛 디버그: 테이블 구조 상세 분석
2025-11-06 16:59:07 | INFO     | ================================================================================
2025-11-06 16:59:07 | INFO     | 
📋 1. 테이블 매트릭스 (전체)
2025-11-06 16:59:07 | INFO     | --------------------------------------------------------------------------------
2025-11-06 16:59:07 | INFO     | 
행 0:
2025-11-06 16:59:07 | INFO     |   Col_0: 'PLT-SoGrain SoOatWaterCream (수대체) WC2025'
2025-11-06 16:59:07 | INFO     |   Col_1: 'E.coli'
2025-11-06 16:59:07 | INFO     |   Col_2: '≤3'
2025-11-06 16:59:07 | INFO     |   Col_3: '6.0X105'
2025-11-06 16:59:07 | INFO     |   Col_4: '5/02'
2025-11-06 16:59:07 | INFO     |   Col_5: '<10'
2025-11-06 16:59:07 | INFO     |   Col_6: 'C10'
2025-11-06 16:59:07 | INFO     |   Col_7: '0'
2025-11-06 16:59:07 | INFO     |   Col_8: '0'
2025-11-06 16:59:07 | INFO     | 
행 1:
2025-11-06 16:59:07 | INFO     |   Col_1: 'P.aeruginosa'
2025-11-06 16:59:07 | INFO     |   Col_3: '8.7X105'
2025-11-06 16:59:07 | INFO     |   Col_4: '<102'
2025-11-06 16:59:07 | INFO     |   Col_5: '(1X10)'
2025-11-06 16:59:07 | INFO     |   Col_6: '410'
2025-11-06 16:59:07 | INFO     |   Col_7: '0'
2025-11-06 16:59:07 | INFO     | 
행 2:
2025-11-06 16:59:07 | INFO     |   Col_1: 'S.aureus'
2025-11-06 16:59:07 | INFO     |   Col_2: ''
2025-11-06 16:59:07 | INFO     |   Col_3: '8.3X105'
2025-11-06 16:59:07 | INFO     |   Col_4: 'C/02'
2025-11-06 16:59:07 | INFO     |   Col_5: '40'
2025-11-06 16:59:07 | INFO     |   Col_6: 'Cia'
2025-11-06 16:59:07 | INFO     |   Col_7: '0 :unselected:'
2025-11-06 16:59:07 | INFO     | 
행 3:
2025-11-06 16:59:07 | INFO     |   Col_1: 'C.albicans'
2025-11-06 16:59:07 | INFO     |   Col_2: '51'
2025-11-06 16:59:07 | INFO     |   Col_3: '3.8X104'
2025-11-06 16:59:07 | INFO     |   Col_4: 'C102'
2025-11-06 16:59:07 | INFO     |   Col_5: '<10'
2025-11-06 16:59:07 | INFO     |   Col_6: 'CLO'
2025-11-06 16:59:07 | INFO     |   Col_7: '0 :unselected:'
2025-11-06 16:59:07 | INFO     | 
행 4:
2025-11-06 16:59:07 | INFO     |   Col_1: 'A.brasiliensis'
2025-11-06 16:59:07 | INFO     |   Col_2: '50c'
2025-11-06 16:59:07 | INFO     |   Col_3: '5.7X104'
2025-11-06 16:59:07 | INFO     |   Col_4: '(4.1×103, 0X63'
2025-11-06 16:59:07 | INFO     |   Col_5: '€ 2.3×10'
2025-11-06 16:59:07 | INFO     |   Col_6: '7×102'
2025-11-06 16:59:07 | INFO     |   Col_7: '0 :unselected:'
2025-11-06 16:59:07 | INFO     | 
행 5:
2025-11-06 16:59:07 | INFO     |   Col_0: 'PLT-NKTR 젤크림(안정도개선) WC1757-Q1CD 25A15121'
2025-11-06 16:59:07 | INFO     |   Col_1: 'E.coli'
2025-11-06 16:59:07 | INFO     |   Col_2: '≤3'
2025-11-06 16:59:07 | INFO     |   Col_3: '6.0X105'
2025-11-06 16:59:07 | INFO     |   Col_4: ''
2025-11-06 16:59:07 | INFO     |   Col_5: '410'
2025-11-06 16:59:07 | INFO     |   Col_6: ''
2025-11-06 16:59:07 | INFO     |   Col_7: '0'
2025-11-06 16:59:07 | INFO     |   Col_8: '0'
2025-11-06 16:59:07 | INFO     | 
행 6:
2025-11-06 16:59:07 | INFO     |   Col_1: 'P.aeruginosa'
2025-11-06 16:59:07 | INFO     |   Col_3: '8.7X105'
2025-11-06 16:59:07 | INFO     |   Col_4: '5102'
2025-11-06 16:59:07 | INFO     |   Col_5: 'Cle'
2025-11-06 16:59:07 | INFO     |   Col_6: 'CIO'
2025-11-06 16:59:07 | INFO     |   Col_7: '0'
2025-11-06 16:59:07 | INFO     | 
행 7:
2025-11-06 16:59:07 | INFO     |   Col_1: 'S.aureus'
2025-11-06 16:59:07 | INFO     |   Col_3: '8.3X105'
2025-11-06 16:59:07 | INFO     |   Col_4: '5/02'
2025-11-06 16:59:07 | INFO     |   Col_5: '(10'
2025-11-06 16:59:07 | INFO     |   Col_6: 'CIO'
2025-11-06 16:59:07 | INFO     |   Col_7: ''
2025-11-06 16:59:07 | INFO     | 
행 8:
2025-11-06 16:59:07 | INFO     |   Col_1: 'C.albicans'
2025-11-06 16:59:07 | INFO     |   Col_2: '≤1'
2025-11-06 16:59:07 | INFO     |   Col_3: '3.8X104'
2025-11-06 16:59:07 | INFO     |   Col_4: 'SI02,'
2025-11-06 16:59:07 | INFO     |   Col_5: '<10'
2025-11-06 16:59:07 | INFO     |   Col_6: 'CIO'
2025-11-06 16:59:07 | INFO     |   Col_7: '0'
2025-11-06 16:59:07 | INFO     | 
행 9:
2025-11-06 16:59:07 | INFO     |   Col_1: 'A.brasiliensis'
2025-11-06 16:59:07 | INFO     |   Col_2: '50c'
2025-11-06 16:59:07 | INFO     |   Col_3: '5.7X104'
2025-11-06 16:59:07 | INFO     |   Col_4: '<3x103 -2.5X102'
2025-11-06 16:59:07 | INFO     |   Col_5: '<102'
2025-11-06 16:59:07 | INFO     |   Col_6: 'CIO2'
2025-11-06 16:59:07 | INFO     |   Col_7: '0'
2025-11-06 16:59:07 | INFO     | 
행 10:
2025-11-06 16:59:07 | INFO     |   Col_0: 'LKC 크림(방부개선) AB3126-K1HB 25A15122'
2025-11-06 16:59:07 | INFO     |   Col_1: 'E.coli'
2025-11-06 16:59:07 | INFO     |   Col_2: '≤3'
2025-11-06 16:59:07 | INFO     |   Col_3: '6.0×105'
2025-11-06 16:59:07 | INFO     |   Col_4: '<10?'
2025-11-06 16:59:07 | INFO     |   Col_5: 'SIP.'
2025-11-06 16:59:07 | INFO     |   Col_6: '40'
2025-11-06 16:59:07 | INFO     |   Col_7: '0'
2025-11-06 16:59:07 | INFO     |   Col_8: ':unselected: 0'
2025-11-06 16:59:07 | INFO     | 
행 11:
2025-11-06 16:59:07 | INFO     |   Col_1: 'P.aeruginosa'
2025-11-06 16:59:07 | INFO     |   Col_3: '8.7X105'
2025-11-06 16:59:07 | INFO     |   Col_4: '(1X102)'
2025-11-06 16:59:07 | INFO     |   Col_5: '510'
2025-11-06 16:59:07 | INFO     |   Col_6: '40'
2025-11-06 16:59:07 | INFO     |   Col_7: '0'
2025-11-06 16:59:07 | INFO     | 
행 12:
2025-11-06 16:59:07 | INFO     |   Col_1: 'S.aureus'
2025-11-06 16:59:07 | INFO     |   Col_3: '8.3×105'
2025-11-06 16:59:07 | INFO     |   Col_4: '<102'
2025-11-06 16:59:07 | INFO     |   Col_5: '<10'
2025-11-06 16:59:07 | INFO     |   Col_6: 'CIO'
2025-11-06 16:59:07 | INFO     |   Col_7: '0'
2025-11-06 16:59:07 | INFO     | 
행 13:
2025-11-06 16:59:07 | INFO     |   Col_1: 'C.albicans'
2025-11-06 16:59:07 | INFO     |   Col_2: '≤1'
2025-11-06 16:59:07 | INFO     |   Col_3: '3.8X104'
2025-11-06 16:59:07 | INFO     |   Col_4: '< 102'
2025-11-06 16:59:07 | INFO     |   Col_5: 'C10'
2025-11-06 16:59:07 | INFO     |   Col_6: '40'
2025-11-06 16:59:07 | INFO     |   Col_7: 'C'
2025-11-06 16:59:07 | INFO     | 
행 14:
2025-11-06 16:59:07 | INFO     |   Col_1: 'A.brasiliensis'
2025-11-06 16:59:07 | INFO     |   Col_2: '50c'
2025-11-06 16:59:07 | INFO     |   Col_3: '5.7X104'
2025-11-06 16:59:07 | INFO     |   Col_4: ''
2025-11-06 16:59:07 | INFO     |   Col_5: '<102'
2025-11-06 16:59:07 | INFO     |   Col_6: '4102'
2025-11-06 16:59:07 | INFO     |   Col_7: '0'
2025-11-06 16:59:07 | INFO     | 
행 15:
2025-11-06 16:59:07 | INFO     |   Col_0: '베이스방부력 WC1865-J 25A15|23'
2025-11-06 16:59:07 | INFO     |   Col_1: 'E.coli'
2025-11-06 16:59:07 | INFO     |   Col_2: '≤3'
2025-11-06 16:59:07 | INFO     |   Col_3: '6.0X105'
2025-11-06 16:59:07 | INFO     |   Col_4: '<102'
2025-11-06 16:59:07 | INFO     |   Col_5: '(10'
2025-11-06 16:59:07 | INFO     |   Col_6: 'CCO'
2025-11-06 16:59:07 | INFO     |   Col_7: '0'
2025-11-06 16:59:07 | INFO     |   Col_8: '0'
2025-11-06 16:59:07 | INFO     | 
행 16:
2025-11-06 16:59:07 | INFO     |   Col_1: 'P.aeruginosa'
2025-11-06 16:59:07 | INFO     |   Col_3: '8.7X105'
2025-11-06 16:59:07 | INFO     |   Col_4: '<10)'
2025-11-06 16:59:07 | INFO     |   Col_5: '<10'
2025-11-06 16:59:07 | INFO     |   Col_6: '40'
2025-11-06 16:59:07 | INFO     |   Col_7: '0'
2025-11-06 16:59:07 | INFO     | 
행 17:
2025-11-06 16:59:07 | INFO     |   Col_1: 'S.aureus'
2025-11-06 16:59:07 | INFO     |   Col_3: '8.3×105'
2025-11-06 16:59:07 | INFO     |   Col_4: '(10)'
2025-11-06 16:59:07 | INFO     |   Col_5: '<10'
2025-11-06 16:59:07 | INFO     |   Col_6: '40'
2025-11-06 16:59:07 | INFO     |   Col_7: '0'
2025-11-06 16:59:07 | INFO     | 
행 18:
2025-11-06 16:59:07 | INFO     |   Col_1: 'C.albicans'
2025-11-06 16:59:07 | INFO     |   Col_2: '≤1'
2025-11-06 16:59:07 | INFO     |   Col_3: '3.8X104'
2025-11-06 16:59:07 | INFO     |   Col_4: '< 102,'
2025-11-06 16:59:07 | INFO     |   Col_5: 'CO'
2025-11-06 16:59:07 | INFO     |   Col_6: '00'
2025-11-06 16:59:07 | INFO     |   Col_7: '0'
2025-11-06 16:59:07 | INFO     | 
행 19:
2025-11-06 16:59:07 | INFO     |   Col_1: 'A.brasiliensis'
2025-11-06 16:59:07 | INFO     |   Col_2: ''
2025-11-06 16:59:07 | INFO     |   Col_3: '5.7X104'
2025-11-06 16:59:07 | INFO     |   Col_4: '4-3 x 10 54×103'
2025-11-06 16:59:07 | INFO     |   Col_5: '2.3x10'
2025-11-06 16:59:07 | INFO     |   Col_6: '1.0x107'
2025-11-06 16:59:07 | INFO     |   Col_7: '0'
2025-11-06 16:59:07 | INFO     | 
행 20:
2025-11-06 16:59:07 | INFO     |   Col_0: 'Peach Barrier Cream 2025 ver. WC0547-W30'
2025-11-06 16:59:07 | INFO     |   Col_1: 'E.coli'
2025-11-06 16:59:07 | INFO     |   Col_2: '53'
2025-11-06 16:59:07 | INFO     |   Col_3: '6.0X105'
2025-11-06 16:59:07 | INFO     |   Col_4: '(10)'
2025-11-06 16:59:07 | INFO     |   Col_5: '<10'
2025-11-06 16:59:07 | INFO     |   Col_6: '40'
2025-11-06 16:59:07 | INFO     |   Col_7: 't'
2025-11-06 16:59:07 | INFO     |   Col_8: '0'
2025-11-06 16:59:07 | INFO     | 
행 21:
2025-11-06 16:59:07 | INFO     |   Col_1: 'P.aeruginosa'
2025-11-06 16:59:07 | INFO     |   Col_3: '8.7X105'
2025-11-06 16:59:07 | INFO     |   Col_4: '<102'
2025-11-06 16:59:07 | INFO     |   Col_5: '510'
2025-11-06 16:59:07 | INFO     |   Col_6: '40'
2025-11-06 16:59:07 | INFO     |   Col_7: '0'
2025-11-06 16:59:07 | INFO     | 
행 22:
2025-11-06 16:59:07 | INFO     |   Col_1: 'S.aureus'
2025-11-06 16:59:07 | INFO     |   Col_3: '8.3X105'
2025-11-06 16:59:07 | INFO     |   Col_4: '<102'
2025-11-06 16:59:07 | INFO     |   Col_5: '110'
2025-11-06 16:59:07 | INFO     |   Col_6: '40'
2025-11-06 16:59:07 | INFO     |   Col_7: '0'
2025-11-06 16:59:07 | INFO     | 
행 23:
2025-11-06 16:59:07 | INFO     |   Col_1: 'C.albicans'
2025-11-06 16:59:07 | INFO     |   Col_2: '≤1'
2025-11-06 16:59:07 | INFO     |   Col_3: '3.8X104'
2025-11-06 16:59:07 | INFO     |   Col_4: '<102,'
2025-11-06 16:59:07 | INFO     |   Col_5: 'CO'
2025-11-06 16:59:07 | INFO     |   Col_6: '40'
2025-11-06 16:59:07 | INFO     |   Col_7: '0'
2025-11-06 16:59:07 | INFO     | 
행 24:
2025-11-06 16:59:07 | INFO     |   Col_1: 'A.brasiliensis'
2025-11-06 16:59:07 | INFO     |   Col_2: '50°'
2025-11-06 16:59:07 | INFO     |   Col_3: '5.7X104'
2025-11-06 16:59:07 | INFO     |   Col_4: '2 .2 × 10 ( 1 × 10)'
2025-11-06 16:59:07 | INFO     |   Col_5: '<102'
2025-11-06 16:59:07 | INFO     |   Col_6: ''
2025-11-06 16:59:07 | INFO     |   Col_7: '0'
2025-11-06 16:59:07 | INFO     | 
행 25:
2025-11-06 16:59:07 | INFO     |   Col_0: 'NAN-DMUCRM(F) EA001 WC1820-11F 25A15125'
2025-11-06 16:59:07 | INFO     |   Col_1: 'E.coli'
2025-11-06 16:59:07 | INFO     |   Col_2: '≤3'
2025-11-06 16:59:07 | INFO     |   Col_3: '6.0×105'
2025-11-06 16:59:07 | INFO     |   Col_4: '<10-'
2025-11-06 16:59:07 | INFO     |   Col_5: '<10'
2025-11-06 16:59:07 | INFO     |   Col_6: '40'
2025-11-06 16:59:07 | INFO     |   Col_7: '0'
2025-11-06 16:59:07 | INFO     |   Col_8: '0'
2025-11-06 16:59:07 | INFO     | 
행 26:
2025-11-06 16:59:07 | INFO     |   Col_1: 'P.aeruginosa'
2025-11-06 16:59:07 | INFO     |   Col_3: '8.7X105'
2025-11-06 16:59:07 | INFO     |   Col_4: '512'
2025-11-06 16:59:07 | INFO     |   Col_5: '(10'
2025-11-06 16:59:07 | INFO     |   Col_6: '40'
2025-11-06 16:59:07 | INFO     |   Col_7: '0'
2025-11-06 16:59:07 | INFO     | 
행 27:
2025-11-06 16:59:07 | INFO     |   Col_1: 'S.aureus'
2025-11-06 16:59:07 | INFO     |   Col_3: '8.3X105'
2025-11-06 16:59:07 | INFO     |   Col_4: '<102'
2025-11-06 16:59:07 | INFO     |   Col_5: '(10'
2025-11-06 16:59:07 | INFO     |   Col_6: '40'
2025-11-06 16:59:07 | INFO     |   Col_7: '0'
2025-11-06 16:59:07 | INFO     | 
행 28:
2025-11-06 16:59:07 | INFO     |   Col_1: 'C.albicans'
2025-11-06 16:59:07 | INFO     |   Col_2: '≤1'
2025-11-06 16:59:07 | INFO     |   Col_3: '3.8X104'
2025-11-06 16:59:07 | INFO     |   Col_4: '<102,'
2025-11-06 16:59:07 | INFO     |   Col_5: '(10'
2025-11-06 16:59:07 | INFO     |   Col_6: '€ 10'
2025-11-06 16:59:07 | INFO     |   Col_7: '0'
2025-11-06 16:59:07 | INFO     | 
행 29:
2025-11-06 16:59:07 | INFO     |   Col_1: 'A.brasiliensis'
2025-11-06 16:59:07 | INFO     |   Col_2: '50c'
2025-11-06 16:59:07 | INFO     |   Col_3: '5.7X104'
2025-11-06 16:59:07 | INFO     |   Col_4: ''
2025-11-06 16:59:07 | INFO     |   Col_5: '(1×102)'
2025-11-06 16:59:07 | INFO     |   Col_6: 'C102'
2025-11-06 16:59:07 | INFO     |   Col_7: '0'
2025-11-06 16:59:07 | INFO     | 
행 30:
2025-11-06 16:59:07 | INFO     |   Col_0: 'HR 핸드크림 (SCS 1%, 부향률 0.1%) WC1851-B1BP 2'
2025-11-06 16:59:07 | INFO     |   Col_1: 'E.coli'
2025-11-06 16:59:07 | INFO     |   Col_2: '≤3'
2025-11-06 16:59:07 | INFO     |   Col_3: '6.0X105'
2025-11-06 16:59:07 | INFO     |   Col_4: '402'
2025-11-06 16:59:07 | INFO     |   Col_5: '(10'
2025-11-06 16:59:07 | INFO     |   Col_6: ''
2025-11-06 16:59:07 | INFO     |   Col_7: '0'
2025-11-06 16:59:07 | INFO     |   Col_8: '0'
2025-11-06 16:59:07 | INFO     | 
행 31:
2025-11-06 16:59:07 | INFO     |   Col_1: 'P.aeruginosa'
2025-11-06 16:59:07 | INFO     |   Col_3: '8.7X105'
2025-11-06 16:59:07 | INFO     |   Col_4: '40L'
2025-11-06 16:59:07 | INFO     |   Col_5: '40'
2025-11-06 16:59:07 | INFO     |   Col_6: '40'
2025-11-06 16:59:07 | INFO     |   Col_7: '0'
2025-11-06 16:59:07 | INFO     | 
행 32:
2025-11-06 16:59:07 | INFO     |   Col_1: 'S.aureus'
2025-11-06 16:59:07 | INFO     |   Col_3: '8.3X105'
2025-11-06 16:59:07 | INFO     |   Col_4: 'COL'
2025-11-06 16:59:07 | INFO     |   Col_5: '40'
2025-11-06 16:59:07 | INFO     |   Col_6: '40'
2025-11-06 16:59:07 | INFO     |   Col_7: '0'
2025-11-06 16:59:07 | INFO     | 
행 33:
2025-11-06 16:59:07 | INFO     |   Col_1: 'C.albicans'
2025-11-06 16:59:07 | INFO     |   Col_2: '≤1'
2025-11-06 16:59:07 | INFO     |   Col_3: '3.8X104'
2025-11-06 16:59:07 | INFO     |   Col_4: '(102'
2025-11-06 16:59:07 | INFO     |   Col_5: '40'
2025-11-06 16:59:07 | INFO     |   Col_6: '110'
2025-11-06 16:59:07 | INFO     |   Col_7: ':selected:'
2025-11-06 16:59:07 | INFO     | 
행 34:
2025-11-06 16:59:07 | INFO     |   Col_1: 'A.brasiliensis'
2025-11-06 16:59:07 | INFO     |   Col_2: '50°'
2025-11-06 16:59:07 | INFO     |   Col_3: '5.7X104'
2025-11-06 16:59:07 | INFO     |   Col_4: '< cion'
2025-11-06 16:59:07 | INFO     |   Col_5: 'CIO2'
2025-11-06 16:59:07 | INFO     |   Col_6: '402'
2025-11-06 16:59:07 | INFO     |   Col_7: '0'
2025-11-06 16:59:07 | INFO     | 
행 35:
2025-11-06 16:59:07 | INFO     |   Col_0: 'EGC 반반크림#1제 WC1560-V1AB 25A15127'
2025-11-06 16:59:07 | INFO     |   Col_1: 'E.coli'
2025-11-06 16:59:07 | INFO     |   Col_2: '≤3'
2025-11-06 16:59:07 | INFO     |   Col_3: '6.0×105'
2025-11-06 16:59:07 | INFO     |   Col_4: '402'
2025-11-06 16:59:07 | INFO     |   Col_5: '40'
2025-11-06 16:59:07 | INFO     |   Col_6: '(10'
2025-11-06 16:59:07 | INFO     |   Col_7: '0'
2025-11-06 16:59:07 | INFO     |   Col_8: '0'
2025-11-06 16:59:07 | INFO     | 
행 36:
2025-11-06 16:59:07 | INFO     |   Col_1: 'P.aeruginosa'
2025-11-06 16:59:07 | INFO     |   Col_3: '8.7X105'
2025-11-06 16:59:07 | INFO     |   Col_4: '402'
2025-11-06 16:59:07 | INFO     |   Col_5: 'CIO'
2025-11-06 16:59:07 | INFO     |   Col_6: '40'
2025-11-06 16:59:07 | INFO     |   Col_7: '0'
2025-11-06 16:59:07 | INFO     | 
행 37:
2025-11-06 16:59:07 | INFO     |   Col_1: 'S.aureus'
2025-11-06 16:59:07 | INFO     |   Col_3: '8.3X105'
2025-11-06 16:59:07 | INFO     |   Col_4: '4102'
2025-11-06 16:59:07 | INFO     |   Col_5: 'C10'
2025-11-06 16:59:07 | INFO     |   Col_6: '/10'
2025-11-06 16:59:07 | INFO     |   Col_7: '0'
2025-11-06 16:59:07 | INFO     | 
행 38:
2025-11-06 16:59:07 | INFO     |   Col_1: 'C.albicans'
2025-11-06 16:59:07 | INFO     |   Col_2: '≤1'
2025-11-06 16:59:07 | INFO     |   Col_3: '3.8X104'
2025-11-06 16:59:07 | INFO     |   Col_4: 'C102'
2025-11-06 16:59:07 | INFO     |   Col_5: '40'
2025-11-06 16:59:07 | INFO     |   Col_6: '40'
2025-11-06 16:59:07 | INFO     |   Col_7: '0'
2025-11-06 16:59:07 | INFO     | 
행 39:
2025-11-06 16:59:07 | INFO     |   Col_1: 'A.brasiliensis'
2025-11-06 16:59:07 | INFO     |   Col_2: '50c'
2025-11-06 16:59:07 | INFO     |   Col_3: '5.7X104'
2025-11-06 16:59:07 | INFO     |   Col_4: ''
2025-11-06 16:59:07 | INFO     |   Col_5: '(M4+12)'
2025-11-06 16:59:07 | INFO     |   Col_6: '(102'
2025-11-06 16:59:07 | INFO     |   Col_7: '0'
2025-11-06 16:59:07 | INFO     | 
행 40:
2025-11-06 16:59:07 | INFO     |   Col_0: '스텔라38 PDRN 크 림 WC1943-E1DF 25A15128'
2025-11-06 16:59:07 | INFO     |   Col_1: 'E.coli'
2025-11-06 16:59:07 | INFO     |   Col_2: '53'
2025-11-06 16:59:07 | INFO     |   Col_3: '6.0X105'
2025-11-06 16:59:07 | INFO     |   Col_4: ''
2025-11-06 16:59:07 | INFO     |   Col_5: '40'
2025-11-06 16:59:07 | INFO     |   Col_6: '410'
2025-11-06 16:59:07 | INFO     |   Col_7: '0'
2025-11-06 16:59:07 | INFO     |   Col_8: '0
:selected:'
2025-11-06 16:59:07 | INFO     | 
행 41:
2025-11-06 16:59:07 | INFO     |   Col_1: 'P.aeruginosa'
2025-11-06 16:59:07 | INFO     |   Col_3: '8.7X105'
2025-11-06 16:59:07 | INFO     |   Col_4: '402'
2025-11-06 16:59:07 | INFO     |   Col_5: '40'
2025-11-06 16:59:07 | INFO     |   Col_6: '40'
2025-11-06 16:59:07 | INFO     |   Col_7: '0'
2025-11-06 16:59:07 | INFO     | 
행 42:
2025-11-06 16:59:07 | INFO     |   Col_1: 'S.aureus'
2025-11-06 16:59:07 | INFO     |   Col_3: '8.3X105'
2025-11-06 16:59:07 | INFO     |   Col_4: '(102'
2025-11-06 16:59:07 | INFO     |   Col_5: '40'
2025-11-06 16:59:07 | INFO     |   Col_6: ''
2025-11-06 16:59:07 | INFO     |   Col_7: '0'
2025-11-06 16:59:07 | INFO     | 
행 43:
2025-11-06 16:59:07 | INFO     |   Col_1: 'C.albicans'
2025-11-06 16:59:07 | INFO     |   Col_2: '51'
2025-11-06 16:59:07 | INFO     |   Col_3: '3.8X104'
2025-11-06 16:59:07 | INFO     |   Col_4: '(100'
2025-11-06 16:59:07 | INFO     |   Col_5: '40'
2025-11-06 16:59:07 | INFO     |   Col_6: '110'
2025-11-06 16:59:07 | INFO     |   Col_7: '0'
2025-11-06 16:59:07 | INFO     | 
행 44:
2025-11-06 16:59:07 | INFO     |   Col_1: 'A.brasiliensis'
2025-11-06 16:59:07 | INFO     |   Col_2: '50c'
2025-11-06 16:59:07 | INFO     |   Col_3: '5.7X104'
2025-11-06 16:59:07 | INFO     |   Col_4: ''
2025-11-06 16:59:07 | INFO     |   Col_5: '(147x102)'
2025-11-06 16:59:07 | INFO     |   Col_6: '4102'
2025-11-06 16:59:07 | INFO     |   Col_7: '0'
2025-11-06 16:59:07 | INFO     | 
행 45:
2025-11-06 16:59:07 | INFO     |   Col_0: '파인크로스 아이크 림 N14+N16 WC1620-A1WD 25A15129'
2025-11-06 16:59:07 | INFO     |   Col_1: 'E.coli'
2025-11-06 16:59:07 | INFO     |   Col_2: '≤3'
2025-11-06 16:59:07 | INFO     |   Col_3: '6.0X105'
2025-11-06 16:59:07 | INFO     |   Col_4: ''
2025-11-06 16:59:07 | INFO     |   Col_5: '40'
2025-11-06 16:59:07 | INFO     |   Col_6: '110'
2025-11-06 16:59:07 | INFO     |   Col_7: '0'
2025-11-06 16:59:07 | INFO     |   Col_8: '0'
2025-11-06 16:59:07 | INFO     | 
행 46:
2025-11-06 16:59:07 | INFO     |   Col_1: 'P.aeruginosa'
2025-11-06 16:59:07 | INFO     |   Col_3: '8.7X105'
2025-11-06 16:59:07 | INFO     |   Col_4: '402'
2025-11-06 16:59:07 | INFO     |   Col_5: 'C10'
2025-11-06 16:59:07 | INFO     |   Col_6: '40'
2025-11-06 16:59:07 | INFO     |   Col_7: '0'
2025-11-06 16:59:07 | INFO     | 
행 47:
2025-11-06 16:59:07 | INFO     |   Col_1: 'S.aureus'
2025-11-06 16:59:07 | INFO     |   Col_3: '8.3×105'
2025-11-06 16:59:07 | INFO     |   Col_4: '400'
2025-11-06 16:59:07 | INFO     |   Col_5: '40'
2025-11-06 16:59:07 | INFO     |   Col_6: '40'
2025-11-06 16:59:07 | INFO     |   Col_7: '0'
2025-11-06 16:59:07 | INFO     | 
행 48:
2025-11-06 16:59:07 | INFO     |   Col_1: 'C.albicans'
2025-11-06 16:59:07 | INFO     |   Col_2: '≤1'
2025-11-06 16:59:07 | INFO     |   Col_3: '3.8X104'
2025-11-06 16:59:07 | INFO     |   Col_4: '4102'
2025-11-06 16:59:07 | INFO     |   Col_5: '40'
2025-11-06 16:59:07 | INFO     |   Col_6: '40'
2025-11-06 16:59:07 | INFO     |   Col_7: '0'
2025-11-06 16:59:07 | INFO     | 
행 49:
2025-11-06 16:59:07 | INFO     |   Col_1: 'A.brasiliensis'
2025-11-06 16:59:07 | INFO     |   Col_2: '50°'
2025-11-06 16:59:07 | INFO     |   Col_3: '5.7X104'
2025-11-06 16:59:07 | INFO     |   Col_4: 'clo"'
2025-11-06 16:59:07 | INFO     |   Col_5: '(MI.8+10")'
2025-11-06 16:59:07 | INFO     |   Col_6: '402'
2025-11-06 16:59:07 | INFO     |   Col_7: '0'
2025-11-06 16:59:07 | INFO     | 
================================================================================
2025-11-06 16:59:07 | INFO     | 📊 2. 컬럼 매핑 상세
2025-11-06 16:59:07 | INFO     | --------------------------------------------------------------------------------
2025-11-06 16:59:07 | INFO     |   strain_col           → Col_1
2025-11-06 16:59:07 | INFO     |   specification_col    → Col_2
2025-11-06 16:59:07 | INFO     |   cfu_0_col            → Col_3
2025-11-06 16:59:07 | INFO     |   cfu_7_col            → Col_4
2025-11-06 16:59:07 | INFO     |   cfu_14_col           → Col_5
2025-11-06 16:59:07 | INFO     |   cfu_28_col           → Col_6
2025-11-06 16:59:07 | INFO     |   judgment_col         → Col_7
2025-11-06 16:59:07 | INFO     |   final_judgment_col   → Col_8
2025-11-06 16:59:07 | INFO     | 
================================================================================
2025-11-06 16:59:07 | INFO     | 🔍 3. Bulk Name 컬럼 찾기
2025-11-06 16:59:07 | INFO     | --------------------------------------------------------------------------------
2025-11-06 16:59:07 | INFO     | ⚠️ Bulk Name 컬럼을 찾을 수 없습니다. Col_0으로 가정
2025-11-06 16:59:07 | INFO     | 
================================================================================
2025-11-06 16:59:07 | INFO     | 📝 4. Bulk Name 컬럼(Col_0) 전체 내용
2025-11-06 16:59:07 | INFO     | --------------------------------------------------------------------------------
2025-11-06 16:59:07 | INFO     | 행  0: 'PLT-SoGrain SoOatWaterCream (수대체) WC2025-E1AA 25A15120'
2025-11-06 16:59:07 | INFO     | 행  5: 'PLT-NKTR 젤크림(안정도개선) WC1757-Q1CD 25A15121'
2025-11-06 16:59:07 | INFO     | 행 10: 'LKC 크림(방부개선) AB3126-K1HB 25A15122'
2025-11-06 16:59:07 | INFO     | 행 15: '베이스방부력 WC1865-J 25A15|23'
2025-11-06 16:59:07 | INFO     | 행 20: 'Peach Barrier Cream 2025 ver. WC0547-W30 25A15124'
2025-11-06 16:59:07 | INFO     | 행 25: 'NAN-DMUCRM(F) EA001 WC1820-11F 25A15125'
2025-11-06 16:59:07 | INFO     | 행 30: 'HR 핸드크림 (SCS 1%, 부향률 0.1%) WC1851-B1BP 25A15126'
2025-11-06 16:59:07 | INFO     | 행 35: 'EGC 반반크림#1제 WC1560-V1AB 25A15127'
2025-11-06 16:59:07 | INFO     | 행 40: '스텔라38 PDRN 크 림 WC1943-E1DF 25A15128'
2025-11-06 16:59:07 | INFO     | 행 45: '파인크로스 아이크 림 N14+N16 WC1620-A1WD 25A15129'
2025-11-06 16:59:07 | INFO     | 
================================================================================
2025-11-06 16:59:07 | INFO     | 🔬 5. 시험번호/처방번호 패턴 매칭
2025-11-06 16:59:07 | INFO     | --------------------------------------------------------------------------------
2025-11-06 16:59:07 | INFO     | ✅ 행 15: 처방번호 'WC1865-J'
2025-11-06 16:59:07 | INFO     | 
================================================================================
2025-11-06 16:59:07 | INFO     | 🔍 6. 전체 테이블에서 패턴 검색
2025-11-06 16:59:07 | INFO     | --------------------------------------------------------------------------------
2025-11-06 16:59:07 | INFO     | ❌ 시험번호 패턴 매칭 실패
2025-11-06 16:59:07 | INFO     | ✅ 전체 테이블에서 처방번호 발견: ['WC1865-J', 'WC1865-J']
2025-11-06 16:59:07 | INFO     | 
================================================================================
2025-11-06 16:59:07 | INFO     | 💡 7. 결론 및 권장사항
2025-11-06 16:59:07 | INFO     | --------------------------------------------------------------------------------
2025-11-06 16:59:07 | INFO     | 
❌ Bulk Name 컬럼에서 시험번호를 찾을 수 없습니다!
2025-11-06 16:59:07 | INFO     | 
✅ Bulk Name 컬럼에서 처방번호 1개 발견:
2025-11-06 16:59:07 | INFO     |    행 15: WC1865-J
2025-11-06 16:59:07 | INFO     | 
================================================================================
2025-11-06 16:59:07 | INFO     |   📦 새 제품 시작 (행0): 시험번호=25A15I20
2025-11-06 16:59:07 | INFO     |   📦 새 제품 시작 (행0): 처방번호=WC2025-E1AA
2025-11-06 16:59:07 | INFO     |   🔧 보정 [0일]: '6.0X105' → '6.0×10^5'
2025-11-06 16:59:07 | INFO     |   🔧 보정 [7일]: '5/02' → '<10^2'
2025-11-06 16:59:07 | INFO     |   🔧 보정 [28일]: 'C10' → '<10'
2025-11-06 16:59:07 | INFO     |   🔧 보정 [0일]: '8.7X105' → '8.7×10^5'
2025-11-06 16:59:07 | INFO     |   🔧 보정 [7일]: '<102' → '<10^2'
2025-11-06 16:59:07 | INFO     |   🔧 보정 [14일]: '(1X10)' → '1×10^0'
2025-11-06 16:59:07 | INFO     |   🔧 보정 [28일]: '410' → '<10'
2025-11-06 16:59:07 | INFO     |   🔧 보정 [0일]: '8.3X105' → '8.3×10^5'
2025-11-06 16:59:07 | INFO     |   🔧 보정 [7일]: 'C/02' → '<10^2'
2025-11-06 16:59:07 | INFO     |   🔧 보정 [14일]: '40' → '<10'
2025-11-06 16:59:07 | INFO     |   🔧 보정 [28일]: 'Cia' → '<10'
2025-11-06 16:59:07 | INFO     |   🔧 보정 [0일]: '3.8X104' → '3.8×10^4'
2025-11-06 16:59:07 | INFO     |   🔧 보정 [7일]: 'C102' → '<10^2'
2025-11-06 16:59:07 | INFO     |   🔧 보정 [28일]: 'CLO' → '<10'
2025-11-06 16:59:07 | INFO     |   🔧 보정 [0일]: '5.7X104' → '5.7×10^4'
2025-11-06 16:59:07 | INFO     |   🔧 보정 [7일]: '(4.1×103, 0X63' → '4.1×10^3'
2025-11-06 16:59:07 | INFO     |   🔧 보정 [14일]: '€ 2.3×10' → '2.3×10^0'
2025-11-06 16:59:07 | INFO     |   🔧 보정 [28일]: '7×102' → '7×10^2'
2025-11-06 16:59:07 | INFO     |   📦 새 제품 시작 (행5): 시험번호=25A15I21
2025-11-06 16:59:07 | INFO     |   📦 새 제품 시작 (행5): 처방번호=WC1757-Q1CD
2025-11-06 16:59:07 | INFO     |   🔧 보정 [0일]: '6.0X105' → '6.0×10^5'
2025-11-06 16:59:07 | INFO     |   🔧 보정 [14일]: '410' → '<10'
2025-11-06 16:59:07 | INFO     |   🔧 보정 [0일]: '8.7X105' → '8.7×10^5'
2025-11-06 16:59:07 | INFO     |   🔧 보정 [7일]: '5102' → '<10^2'
2025-11-06 16:59:07 | INFO     |   🔧 보정 [14일]: 'Cle' → '<10'
2025-11-06 16:59:07 | INFO     |   🔧 보정 [28일]: 'CIO' → '<10'
2025-11-06 16:59:07 | INFO     |   🔧 보정 [0일]: '8.3X105' → '8.3×10^5'
2025-11-06 16:59:07 | INFO     |   🔧 보정 [7일]: '5/02' → '<10^2'
2025-11-06 16:59:07 | INFO     |   🔧 보정 [14일]: '(10' → '<10'
2025-11-06 16:59:07 | INFO     |   🔧 보정 [28일]: 'CIO' → '<10'
2025-11-06 16:59:07 | INFO     |   🔧 보정 [0일]: '3.8X104' → '3.8×10^4'
2025-11-06 16:59:07 | INFO     |   🔧 보정 [7일]: 'SI02,' → '<10^2'
2025-11-06 16:59:07 | INFO     |   🔧 보정 [28일]: 'CIO' → '<10'
2025-11-06 16:59:07 | INFO     |   🔧 보정 [0일]: '5.7X104' → '5.7×10^4'
2025-11-06 16:59:07 | WARNING  |   ⚠️ 합쳐진 셀 감지: '<3x103 -2.5X102' → 첫 번째 값만 사용: '3x103'
2025-11-06 16:59:07 | INFO     |   🔧 보정 [7일]: '<3x103 -2.5X102' → '3×10^3'
2025-11-06 16:59:07 | INFO     |   🔧 보정 [14일]: '<102' → '<10^2'
2025-11-06 16:59:07 | INFO     |   🔧 보정 [28일]: 'CIO2' → '<10^2'
2025-11-06 16:59:07 | INFO     |   📦 새 제품 시작 (행10): 시험번호=25A15I22
2025-11-06 16:59:07 | INFO     |   📦 새 제품 시작 (행10): 처방번호=AB3126-K1HB
2025-11-06 16:59:07 | INFO     |   🔧 보정 [0일]: '6.0×105' → '6.0×10^5'
2025-11-06 16:59:07 | INFO     |   🔧 보정 [7일]: '<10?' → '<10'
2025-11-06 16:59:07 | INFO     |   🔧 보정 [28일]: '40' → '<10'
2025-11-06 16:59:07 | INFO     |   🔧 보정 [0일]: '8.7X105' → '8.7×10^5'
2025-11-06 16:59:07 | INFO     |   🔧 보정 [7일]: '(1X102)' → '1×10^2'
2025-11-06 16:59:07 | INFO     |   🔧 보정 [14일]: '510' → '<10'
2025-11-06 16:59:07 | INFO     |   🔧 보정 [28일]: '40' → '<10'
2025-11-06 16:59:07 | INFO     |   🔧 보정 [0일]: '8.3×105' → '8.3×10^5'
2025-11-06 16:59:07 | INFO     |   🔧 보정 [7일]: '<102' → '<10^2'
2025-11-06 16:59:07 | INFO     |   🔧 보정 [28일]: 'CIO' → '<10'
2025-11-06 16:59:07 | INFO     |   🔧 보정 [0일]: '3.8X104' → '3.8×10^4'
2025-11-06 16:59:07 | INFO     |   🔧 보정 [7일]: '< 102' → '<10^2'
2025-11-06 16:59:07 | INFO     |   🔧 보정 [14일]: 'C10' → '<10'
2025-11-06 16:59:07 | INFO     |   🔧 보정 [28일]: '40' → '<10'
2025-11-06 16:59:07 | INFO     |   🔧 보정 [0일]: '5.7X104' → '5.7×10^4'
2025-11-06 16:59:07 | INFO     |   🔧 보정 [14일]: '<102' → '<10^2'
2025-11-06 16:59:07 | INFO     |   🔧 보정 [28일]: '4102' → '<10^2'
2025-11-06 16:59:07 | INFO     |   📦 새 제품 시작 (행15): 시험번호=25A15I23
2025-11-06 16:59:07 | INFO     |   📦 새 제품 시작 (행15): 처방번호=WC1865-J
2025-11-06 16:59:07 | INFO     |   🔧 보정 [0일]: '6.0X105' → '6.0×10^5'
2025-11-06 16:59:07 | INFO     |   🔧 보정 [7일]: '<102' → '<10^2'
2025-11-06 16:59:07 | INFO     |   🔧 보정 [14일]: '(10' → '<10'
2025-11-06 16:59:07 | INFO     |   🔧 보정 [28일]: 'CCO' → '<10'
2025-11-06 16:59:07 | INFO     |   🔧 보정 [0일]: '8.7X105' → '8.7×10^5'
2025-11-06 16:59:07 | INFO     |   🔧 보정 [7일]: '<10)' → '<10'
2025-11-06 16:59:07 | INFO     |   🔧 보정 [28일]: '40' → '<10'
2025-11-06 16:59:07 | INFO     |   🔧 보정 [0일]: '8.3×105' → '8.3×10^5'
2025-11-06 16:59:07 | INFO     |   🔧 보정 [7일]: '(10)' → '<10'
2025-11-06 16:59:07 | INFO     |   🔧 보정 [28일]: '40' → '<10'
2025-11-06 16:59:07 | INFO     |   🔧 보정 [0일]: '3.8X104' → '3.8×10^4'
2025-11-06 16:59:07 | INFO     |   🔧 보정 [7일]: '< 102,' → '<10^2'
2025-11-06 16:59:07 | INFO     |   🔧 보정 [14일]: 'CO' → '<10'
2025-11-06 16:59:07 | INFO     |   🔧 보정 [28일]: '00' → '<10'
2025-11-06 16:59:07 | INFO     |   🔧 보정 [0일]: '5.7X104' → '5.7×10^4'
2025-11-06 16:59:07 | INFO     |   🔧 보정 [7일]: '4-3 x 10 54×103' → '3×10^54'
2025-11-06 16:59:07 | INFO     |   🔧 보정 [14일]: '2.3x10' → '2.3×10^0'
2025-11-06 16:59:07 | INFO     |   🔧 보정 [28일]: '1.0x107' → '1.0×10^7'
2025-11-06 16:59:07 | INFO     |   📦 새 제품 시작 (행20): 시험번호=25A15I24
2025-11-06 16:59:07 | INFO     |   📦 새 제품 시작 (행20): 처방번호=WC0547-W30
2025-11-06 16:59:07 | INFO     |   🔧 보정 [0일]: '6.0X105' → '6.0×10^5'
2025-11-06 16:59:07 | INFO     |   🔧 보정 [7일]: '(10)' → '<10'
2025-11-06 16:59:07 | INFO     |   🔧 보정 [28일]: '40' → '<10'
2025-11-06 16:59:07 | INFO     |   🔧 보정 [0일]: '8.7X105' → '8.7×10^5'
2025-11-06 16:59:07 | INFO     |   🔧 보정 [7일]: '<102' → '<10^2'
2025-11-06 16:59:07 | INFO     |   🔧 보정 [14일]: '510' → '<10'
2025-11-06 16:59:07 | INFO     |   🔧 보정 [28일]: '40' → '<10'
2025-11-06 16:59:07 | INFO     |   🔧 보정 [0일]: '8.3X105' → '8.3×10^5'
2025-11-06 16:59:07 | INFO     |   🔧 보정 [7일]: '<102' → '<10^2'
2025-11-06 16:59:07 | INFO     |   🔧 보정 [14일]: '110' → '<10'
2025-11-06 16:59:07 | INFO     |   🔧 보정 [28일]: '40' → '<10'
2025-11-06 16:59:07 | INFO     |   🔧 보정 [0일]: '3.8X104' → '3.8×10^4'
2025-11-06 16:59:07 | INFO     |   🔧 보정 [7일]: '<102,' → '<10^2'
2025-11-06 16:59:07 | INFO     |   🔧 보정 [14일]: 'CO' → '<10'
2025-11-06 16:59:07 | INFO     |   🔧 보정 [28일]: '40' → '<10'
2025-11-06 16:59:07 | INFO     |   🔧 보정 [0일]: '5.7X104' → '5.7×10^4'
2025-11-06 16:59:07 | INFO     |   🔧 보정 [7일]: '2 .2 × 10 ( 1 × 10)' → '2×10^0'
2025-11-06 16:59:07 | INFO     |   🔧 보정 [14일]: '<102' → '<10^2'
2025-11-06 16:59:07 | INFO     |   📦 새 제품 시작 (행25): 시험번호=25A15I25
2025-11-06 16:59:07 | INFO     |   📦 새 제품 시작 (행25): 처방번호=WC1820-11F
2025-11-06 16:59:07 | INFO     |   🔧 보정 [0일]: '6.0×105' → '6.0×10^5'
2025-11-06 16:59:07 | INFO     |   🔧 보정 [7일]: '<10-' → '<10'
2025-11-06 16:59:07 | INFO     |   🔧 보정 [28일]: '40' → '<10'
2025-11-06 16:59:07 | INFO     |   🔧 보정 [0일]: '8.7X105' → '8.7×10^5'
2025-11-06 16:59:07 | INFO     |   🔧 보정 [7일]: '512' → '<10^2'
2025-11-06 16:59:07 | INFO     |   🔧 보정 [14일]: '(10' → '<10'
2025-11-06 16:59:07 | INFO     |   🔧 보정 [28일]: '40' → '<10'
2025-11-06 16:59:07 | INFO     |   🔧 보정 [0일]: '8.3X105' → '8.3×10^5'
2025-11-06 16:59:07 | INFO     |   🔧 보정 [7일]: '<102' → '<10^2'
2025-11-06 16:59:07 | INFO     |   🔧 보정 [14일]: '(10' → '<10'
2025-11-06 16:59:07 | INFO     |   🔧 보정 [28일]: '40' → '<10'
2025-11-06 16:59:07 | INFO     |   🔧 보정 [0일]: '3.8X104' → '3.8×10^4'
2025-11-06 16:59:07 | INFO     |   🔧 보정 [7일]: '<102,' → '<10^2'
2025-11-06 16:59:07 | INFO     |   🔧 보정 [14일]: '(10' → '<10'
2025-11-06 16:59:07 | INFO     |   🔧 보정 [28일]: '€ 10' → '10'
2025-11-06 16:59:07 | INFO     |   🔧 보정 [0일]: '5.7X104' → '5.7×10^4'
2025-11-06 16:59:07 | INFO     |   🔧 보정 [14일]: '(1×102)' → '1×10^2'
2025-11-06 16:59:07 | INFO     |   🔧 보정 [28일]: 'C102' → '<10^2'
2025-11-06 16:59:07 | INFO     |   📦 새 제품 시작 (행30): 시험번호=25A15I26
2025-11-06 16:59:07 | INFO     |   📦 새 제품 시작 (행30): 처방번호=WC1851-B1BP
2025-11-06 16:59:07 | INFO     |   🔧 보정 [0일]: '6.0X105' → '6.0×10^5'
2025-11-06 16:59:07 | INFO     |   🔧 보정 [14일]: '(10' → '<10'
2025-11-06 16:59:07 | INFO     |   🔧 보정 [0일]: '8.7X105' → '8.7×10^5'
2025-11-06 16:59:07 | INFO     |   ℹ️ 7일차 실무 보정: '40L' → '<10^2' (일반 기준)
2025-11-06 16:59:07 | INFO     |   🔧 보정 [7일]: '40L' → '<10^2'
2025-11-06 16:59:07 | INFO     |   🔧 보정 [14일]: '40' → '<10'
2025-11-06 16:59:07 | INFO     |   🔧 보정 [28일]: '40' → '<10'
2025-11-06 16:59:07 | INFO     |   🔧 보정 [0일]: '8.3X105' → '8.3×10^5'
2025-11-06 16:59:07 | INFO     |   🔧 보정 [7일]: 'COL' → '<10'
2025-11-06 16:59:07 | INFO     |   🔧 보정 [14일]: '40' → '<10'
2025-11-06 16:59:07 | INFO     |   🔧 보정 [28일]: '40' → '<10'
2025-11-06 16:59:07 | INFO     |   🔧 보정 [0일]: '3.8X104' → '3.8×10^4'
2025-11-06 16:59:07 | INFO     |   🔧 보정 [7일]: '(102' → '<10^2'
2025-11-06 16:59:07 | INFO     |   🔧 보정 [14일]: '40' → '<10'
2025-11-06 16:59:07 | INFO     |   🔧 보정 [28일]: '110' → '<10'
2025-11-06 16:59:07 | INFO     |   🔧 보정 [0일]: '5.7X104' → '5.7×10^4'
2025-11-06 16:59:07 | INFO     |   🔧 보정 [7일]: '< cion' → '<10'
2025-11-06 16:59:07 | INFO     |   🔧 보정 [14일]: 'CIO2' → '<10^2'
2025-11-06 16:59:07 | INFO     |   📦 새 제품 시작 (행35): 시험번호=25A15I27
2025-11-06 16:59:07 | INFO     |   📦 새 제품 시작 (행35): 처방번호=WC1560-V1AB
2025-11-06 16:59:07 | INFO     |   🔧 보정 [0일]: '6.0×105' → '6.0×10^5'
2025-11-06 16:59:07 | INFO     |   🔧 보정 [14일]: '40' → '<10'
2025-11-06 16:59:07 | INFO     |   🔧 보정 [28일]: '(10' → '<10'
2025-11-06 16:59:07 | INFO     |   🔧 보정 [0일]: '8.7X105' → '8.7×10^5'
2025-11-06 16:59:07 | INFO     |   🔧 보정 [14일]: 'CIO' → '<10'
2025-11-06 16:59:07 | INFO     |   🔧 보정 [28일]: '40' → '<10'
2025-11-06 16:59:07 | INFO     |   🔧 보정 [0일]: '8.3X105' → '8.3×10^5'
2025-11-06 16:59:07 | INFO     |   🔧 보정 [7일]: '4102' → '<10^2'
2025-11-06 16:59:07 | INFO     |   🔧 보정 [14일]: 'C10' → '<10'
2025-11-06 16:59:07 | INFO     |   🔧 보정 [28일]: '/10' → '<10'
2025-11-06 16:59:07 | INFO     |   🔧 보정 [0일]: '3.8X104' → '3.8×10^4'
2025-11-06 16:59:07 | INFO     |   🔧 보정 [7일]: 'C102' → '<10^2'
2025-11-06 16:59:07 | INFO     |   🔧 보정 [14일]: '40' → '<10'
2025-11-06 16:59:07 | INFO     |   🔧 보정 [28일]: '40' → '<10'
2025-11-06 16:59:07 | INFO     |   🔧 보정 [0일]: '5.7X104' → '5.7×10^4'
2025-11-06 16:59:07 | INFO     |   🔧 보정 [28일]: '(102' → '<10^2'
2025-11-06 16:59:07 | INFO     |   📦 새 제품 시작 (행40): 시험번호=25A15I28
2025-11-06 16:59:07 | INFO     |   📦 새 제품 시작 (행40): 처방번호=WC1943-E1DF
2025-11-06 16:59:07 | INFO     |   🔧 보정 [0일]: '6.0X105' → '6.0×10^5'
2025-11-06 16:59:07 | INFO     |   🔧 보정 [14일]: '40' → '<10'
2025-11-06 16:59:07 | INFO     |   🔧 보정 [28일]: '410' → '<10'
2025-11-06 16:59:07 | INFO     |   🔧 보정 [0일]: '8.7X105' → '8.7×10^5'
2025-11-06 16:59:07 | INFO     |   🔧 보정 [14일]: '40' → '<10'
2025-11-06 16:59:07 | INFO     |   🔧 보정 [28일]: '40' → '<10'
2025-11-06 16:59:07 | INFO     |   🔧 보정 [0일]: '8.3X105' → '8.3×10^5'
2025-11-06 16:59:07 | INFO     |   🔧 보정 [7일]: '(102' → '<10^2'
2025-11-06 16:59:07 | INFO     |   🔧 보정 [14일]: '40' → '<10'
2025-11-06 16:59:07 | INFO     |   🔧 보정 [0일]: '3.8X104' → '3.8×10^4'
2025-11-06 16:59:07 | INFO     |   🔧 보정 [14일]: '40' → '<10'
2025-11-06 16:59:07 | INFO     |   🔧 보정 [28일]: '110' → '<10'
2025-11-06 16:59:07 | INFO     |   🔧 보정 [0일]: '5.7X104' → '5.7×10^4'
2025-11-06 16:59:07 | INFO     |   🔧 보정 [14일]: '(147x102)' → '147×10^2'
2025-11-06 16:59:07 | INFO     |   🔧 보정 [28일]: '4102' → '<10^2'
2025-11-06 16:59:07 | INFO     |   📦 새 제품 시작 (행45): 시험번호=25A15I29
2025-11-06 16:59:07 | INFO     |   📦 새 제품 시작 (행45): 처방번호=WC1620-A1WD
2025-11-06 16:59:07 | INFO     |   🔧 보정 [0일]: '6.0X105' → '6.0×10^5'
2025-11-06 16:59:07 | INFO     |   🔧 보정 [14일]: '40' → '<10'
2025-11-06 16:59:07 | INFO     |   🔧 보정 [28일]: '110' → '<10'
2025-11-06 16:59:07 | INFO     |   🔧 보정 [0일]: '8.7X105' → '8.7×10^5'
2025-11-06 16:59:07 | INFO     |   🔧 보정 [14일]: 'C10' → '<10'
2025-11-06 16:59:07 | INFO     |   🔧 보정 [28일]: '40' → '<10'
2025-11-06 16:59:07 | INFO     |   🔧 보정 [0일]: '8.3×105' → '8.3×10^5'
2025-11-06 16:59:07 | INFO     |   ℹ️ 7일차 실무 보정: '400' → '<10^2' (일반 기준)
2025-11-06 16:59:07 | INFO     |   🔧 보정 [7일]: '400' → '<10^2'
2025-11-06 16:59:07 | INFO     |   🔧 보정 [14일]: '40' → '<10'
2025-11-06 16:59:07 | INFO     |   🔧 보정 [28일]: '40' → '<10'
2025-11-06 16:59:07 | INFO     |   🔧 보정 [0일]: '3.8X104' → '3.8×10^4'
2025-11-06 16:59:07 | INFO     |   🔧 보정 [7일]: '4102' → '<10^2'
2025-11-06 16:59:07 | INFO     |   🔧 보정 [14일]: '40' → '<10'
2025-11-06 16:59:07 | INFO     |   🔧 보정 [28일]: '40' → '<10'
2025-11-06 16:59:07 | INFO     |   🔧 보정 [0일]: '5.7X104' → '5.7×10^4'
2025-11-06 16:59:07 | INFO     |   🔧 보정 [7일]: 'clo"' → '<10'
2025-11-06 16:59:07 | INFO     |   🔧 보정 [14일]: '(MI.8+10")' → '(MI.8+10)'
2025-11-06 16:59:07 | INFO     | ✅ 추출된 균주 데이터: 50개
2025-11-06 16:59:07 | INFO     | 
================================================================================
2025-11-06 16:59:07 | INFO     | 📊 데이터 보정 완료
2025-11-06 16:59:07 | INFO     | ================================================================================
2025-11-06 16:59:07 | INFO     | ✅ 균주 순서 정렬 완료: 50개
2025-11-06 16:59:07 | INFO     | ✅ OCR 성공: 50개 균주
2025-11-06 16:59:07 | INFO     | 🗑️ 임시 파일 삭제: C:\Users\goqkr\AppData\Local\Temp\tmp7t2op2dk.png
2025-11-06 16:59:10 | INFO     | 📋 10개 시험번호 발견: ['25A15I20', '25A15I21', '25A15I22', '25A15I23', '25A15I24', '25A15I25', '25A15I26', '25A15I27', '25A15I28', '25A15I29']
2025-11-06 16:59:13 | INFO     | 🔄 25A15I20 처리 중... (5개 행)
2025-11-06 16:59:13 | INFO     | ✅ 시트 생성 완료: 25A15I20
2025-11-06 16:59:13 | INFO     | 📝 시험번호 매핑: E4 = 25A15I20
2025-11-06 16:59:13 | INFO     | 📝 처방번호 매핑: E34 = WC2025-E1AA
2025-11-06 16:59:13 | INFO     | 📝 제품명 매핑: E3 = PLT-SoGrain
SoOatWaterCream(수대체)
2025-11-06 16:59:13 | INFO     | 📝 제형 매핑: Y5 = O/W
2025-11-06 16:59:13 | INFO     | 📝 고시미등록방부보조성분함량 매핑: E6 = 1,2-HEXANEDIOL 1.6%
HYDROXYACETOPHENONE 0.2%
ETHYLHEXYLGLYCERIN 0.1%
2025-11-06 16:59:13 | INFO     | 📝 최종판정 매핑: D30 = 적합
2025-11-06 16:59:13 | INFO     | 📅 날짜 정보 매핑: ['05/02', '05/09', '05/16', '05/30']
2025-11-06 16:59:13 | INFO     | 🦠 E.coli 데이터 매핑 완료
2025-11-06 16:59:13 | INFO     | 🦠 P.aeruginosa 데이터 매핑 완료
2025-11-06 16:59:13 | INFO     | 🦠 S.aureus 데이터 매핑 완료
2025-11-06 16:59:13 | INFO     | 🦠 C.albicans 데이터 매핑 완료
2025-11-06 16:59:13 | INFO     | 🦠 A.brasiliensis 데이터 매핑 완료
2025-11-06 16:59:13 | INFO     | ✅ 총 5개 균주 데이터 매핑 완료
2025-11-06 16:59:13 | INFO     | 🔄 25A15I21 처리 중... (5개 행)
2025-11-06 16:59:13 | INFO     | ✅ 시트 생성 완료: 25A15I21
2025-11-06 16:59:13 | INFO     | 📝 시험번호 매핑: E4 = 25A15I21
2025-11-06 16:59:13 | INFO     | 📝 처방번호 매핑: E34 = WC1757-Q1CD
2025-11-06 16:59:13 | INFO     | 📝 제품명 매핑: E3 = PLT-NKTR
젤크림(안정도개선)
2025-11-06 16:59:13 | INFO     | 📝 제형 매핑: Y5 = O/W
2025-11-06 16:59:13 | INFO     | 📝 고시미등록방부보조성분함량 매핑: E6 = 1,2-HEXANEDIOL 2.0%
ETHYLHEXYLGLYCERIN 0.1%
2025-11-06 16:59:13 | INFO     | 📝 최종판정 매핑: D30 = 적합
2025-11-06 16:59:13 | INFO     | 📅 날짜 정보 매핑: ['05/02', '05/09', '05/16', '05/30']
2025-11-06 16:59:13 | INFO     | 🦠 E.coli 데이터 매핑 완료
2025-11-06 16:59:13 | INFO     | 🦠 P.aeruginosa 데이터 매핑 완료
2025-11-06 16:59:13 | INFO     | 🦠 S.aureus 데이터 매핑 완료
2025-11-06 16:59:13 | INFO     | 🦠 C.albicans 데이터 매핑 완료
2025-11-06 16:59:13 | INFO     | 🦠 A.brasiliensis 데이터 매핑 완료
2025-11-06 16:59:13 | INFO     | ✅ 총 5개 균주 데이터 매핑 완료
2025-11-06 16:59:13 | INFO     | 🔄 25A15I22 처리 중... (5개 행)
2025-11-06 16:59:13 | INFO     | ✅ 시트 생성 완료: 25A15I22
2025-11-06 16:59:13 | INFO     | 📝 시험번호 매핑: E4 = 25A15I22
2025-11-06 16:59:13 | INFO     | 📝 처방번호 매핑: E34 = AB3126-K1HB
2025-11-06 16:59:13 | INFO     | 📝 제품명 매핑: E3 = LKC-BPSCRM(VEG)
EC001
2025-11-06 16:59:13 | INFO     | 📝 제형 매핑: Y5 = O/W
2025-11-06 16:59:13 | INFO     | 📝 고시미등록방부보조성분함량 매핑: E6 = 1,2-HEXANEDIOL 2.0%
HYDROXYACETOPHENONE 0.2%
ETHYLHEXYLGLYCERIN 0.1%
2025-11-06 16:59:13 | INFO     | 📝 최종판정 매핑: D30 = 적합
2025-11-06 16:59:13 | INFO     | 📅 날짜 정보 매핑: ['05/02', '05/09', '05/16', '05/30']
2025-11-06 16:59:13 | INFO     | 🦠 E.coli 데이터 매핑 완료
2025-11-06 16:59:13 | INFO     | 🦠 P.aeruginosa 데이터 매핑 완료
2025-11-06 16:59:13 | INFO     | 🦠 S.aureus 데이터 매핑 완료
2025-11-06 16:59:13 | INFO     | 🦠 C.albicans 데이터 매핑 완료
2025-11-06 16:59:13 | INFO     | 🦠 A.brasiliensis 데이터 매핑 완료
2025-11-06 16:59:13 | INFO     | ✅ 총 5개 균주 데이터 매핑 완료
2025-11-06 16:59:13 | INFO     | 🔄 25A15I23 처리 중... (5개 행)
2025-11-06 16:59:13 | INFO     | ✅ 시트 생성 완료: 25A15I23
2025-11-06 16:59:13 | INFO     | 📝 시험번호 매핑: E4 = 25A15I23
2025-11-06 16:59:13 | INFO     | 📝 처방번호 매핑: E34 = WC1865-J
2025-11-06 16:59:13 | INFO     | 📝 제품명 매핑: E3 = 베이스방부력
2025-11-06 16:59:13 | INFO     | 📝 제형 매핑: Y5 = O/W
2025-11-06 16:59:13 | INFO     | 📝 고시미등록방부보조성분함량 매핑: E6 = 1,2-HEXANEDIOL 2.0%
ETHYLHEXYLGLYCERIN 0.1%
2025-11-06 16:59:13 | INFO     | 📝 최종판정 매핑: D30 = 적합
2025-11-06 16:59:13 | INFO     | 📅 날짜 정보 매핑: ['05/02', '05/09', '05/16', '05/30']
2025-11-06 16:59:13 | INFO     | 🦠 E.coli 데이터 매핑 완료
2025-11-06 16:59:13 | INFO     | 🦠 P.aeruginosa 데이터 매핑 완료
2025-11-06 16:59:13 | INFO     | 🦠 S.aureus 데이터 매핑 완료
2025-11-06 16:59:13 | INFO     | 🦠 C.albicans 데이터 매핑 완료
2025-11-06 16:59:13 | INFO     | 🦠 A.brasiliensis 데이터 매핑 완료
2025-11-06 16:59:13 | INFO     | ✅ 총 5개 균주 데이터 매핑 완료
2025-11-06 16:59:13 | INFO     | 🔄 25A15I24 처리 중... (5개 행)
2025-11-06 16:59:13 | INFO     | ✅ 시트 생성 완료: 25A15I24
2025-11-06 16:59:13 | INFO     | 📝 시험번호 매핑: E4 = 25A15I24
2025-11-06 16:59:13 | INFO     | 📝 처방번호 매핑: E34 = WC0547-W30
2025-11-06 16:59:13 | INFO     | 📝 최종판정 매핑: D30 = 적합
2025-11-06 16:59:13 | INFO     | 📅 날짜 정보 매핑: ['05/02', '05/09', '05/16', '05/30']
2025-11-06 16:59:13 | INFO     | 🦠 E.coli 데이터 매핑 완료
2025-11-06 16:59:13 | INFO     | 🦠 P.aeruginosa 데이터 매핑 완료
2025-11-06 16:59:13 | INFO     | 🦠 S.aureus 데이터 매핑 완료
2025-11-06 16:59:13 | INFO     | 🦠 C.albicans 데이터 매핑 완료
2025-11-06 16:59:13 | INFO     | 🦠 A.brasiliensis 데이터 매핑 완료
2025-11-06 16:59:13 | INFO     | ✅ 총 5개 균주 데이터 매핑 완료
2025-11-06 16:59:13 | INFO     | 🔄 25A15I25 처리 중... (5개 행)
2025-11-06 16:59:13 | INFO     | ✅ 시트 생성 완료: 25A15I25
2025-11-06 16:59:13 | INFO     | 📝 시험번호 매핑: E4 = 25A15I25
2025-11-06 16:59:13 | INFO     | 📝 처방번호 매핑: E34 = WC1820-11F
2025-11-06 16:59:13 | INFO     | 📝 최종판정 매핑: D30 = 적합
2025-11-06 16:59:13 | INFO     | 📅 날짜 정보 매핑: ['05/02', '05/09', '05/16', '05/30']
2025-11-06 16:59:13 | INFO     | 🦠 E.coli 데이터 매핑 완료
2025-11-06 16:59:13 | INFO     | 🦠 P.aeruginosa 데이터 매핑 완료
2025-11-06 16:59:13 | INFO     | 🦠 S.aureus 데이터 매핑 완료
2025-11-06 16:59:13 | INFO     | 🦠 C.albicans 데이터 매핑 완료
2025-11-06 16:59:13 | INFO     | 🦠 A.brasiliensis 데이터 매핑 완료
2025-11-06 16:59:13 | INFO     | ✅ 총 5개 균주 데이터 매핑 완료
2025-11-06 16:59:13 | INFO     | 🔄 25A15I26 처리 중... (5개 행)
2025-11-06 16:59:13 | INFO     | ✅ 시트 생성 완료: 25A15I26
2025-11-06 16:59:13 | INFO     | 📝 시험번호 매핑: E4 = 25A15I26
2025-11-06 16:59:13 | INFO     | 📝 처방번호 매핑: E34 = WC1851-B1BP
2025-11-06 16:59:13 | INFO     | 📝 제품명 매핑: E3 = HR 핸드크림
(SCS 1%, 부향률 0.1%)
2025-11-06 16:59:13 | INFO     | 📝 제형 매핑: Y5 = O/W
2025-11-06 16:59:13 | INFO     | 📝 고시미등록방부보조성분함량 매핑: E6 = 1,2-HEXANEDIOL 2%
ETHYLHEXYLGLYCERIN 0.1%
2025-11-06 16:59:13 | INFO     | 📝 최종판정 매핑: D30 = 적합
2025-11-06 16:59:13 | INFO     | 📅 날짜 정보 매핑: ['05/02', '05/09', '05/16', '05/30']
2025-11-06 16:59:13 | INFO     | 🦠 E.coli 데이터 매핑 완료
2025-11-06 16:59:13 | INFO     | 🦠 P.aeruginosa 데이터 매핑 완료
2025-11-06 16:59:13 | INFO     | 🦠 S.aureus 데이터 매핑 완료
2025-11-06 16:59:13 | INFO     | 🦠 C.albicans 데이터 매핑 완료
2025-11-06 16:59:13 | INFO     | 🦠 A.brasiliensis 데이터 매핑 완료
2025-11-06 16:59:13 | INFO     | ✅ 총 5개 균주 데이터 매핑 완료
2025-11-06 16:59:13 | INFO     | 🔄 25A15I27 처리 중... (5개 행)
2025-11-06 16:59:13 | INFO     | ✅ 시트 생성 완료: 25A15I27
2025-11-06 16:59:13 | INFO     | 📝 시험번호 매핑: E4 = 25A15I27
2025-11-06 16:59:13 | INFO     | 📝 처방번호 매핑: E34 = WC1560-V1AB
2025-11-06 16:59:13 | INFO     | 📝 제품명 매핑: E3 = EGC
반반크림#1제
2025-11-06 16:59:13 | INFO     | 📝 제형 매핑: Y5 = O/W
2025-11-06 16:59:13 | INFO     | 📝 고시미등록방부보조성분함량 매핑: E6 = 1,2-HEXANEDIOL 0.7%
HYDROXYACETOPHENONE 0.3%
ETHYLHEXYLGLYCERIN 0.1%
2025-11-06 16:59:13 | INFO     | 📝 최종판정 매핑: D30 = 적합
2025-11-06 16:59:13 | INFO     | 📅 날짜 정보 매핑: ['05/02', '05/09', '05/16', '05/30']
2025-11-06 16:59:13 | INFO     | 🦠 E.coli 데이터 매핑 완료
2025-11-06 16:59:13 | INFO     | 🦠 P.aeruginosa 데이터 매핑 완료
2025-11-06 16:59:13 | INFO     | 🦠 S.aureus 데이터 매핑 완료
2025-11-06 16:59:13 | INFO     | 🦠 C.albicans 데이터 매핑 완료
2025-11-06 16:59:13 | INFO     | 🦠 A.brasiliensis 데이터 매핑 완료
2025-11-06 16:59:13 | INFO     | ✅ 총 5개 균주 데이터 매핑 완료
2025-11-06 16:59:13 | INFO     | 🔄 25A15I28 처리 중... (5개 행)
2025-11-06 16:59:13 | INFO     | ✅ 시트 생성 완료: 25A15I28
2025-11-06 16:59:13 | INFO     | 📝 시험번호 매핑: E4 = 25A15I28
2025-11-06 16:59:13 | INFO     | 📝 처방번호 매핑: E34 = WC1943-E1DF
2025-11-06 16:59:13 | INFO     | 📝 제품명 매핑: E3 = 스텔라38 PDRN 크림
2025-11-06 16:59:13 | INFO     | 📝 제형 매핑: Y5 = O/W
2025-11-06 16:59:13 | INFO     | 📝 고시미등록방부보조성분함량 매핑: E6 = 1,2-HEXANEDIOL 1.2%
HYDROXYACETOPHENONE 0.3%
ETHYLHEXYLGLYCERIN 0.1%
2025-11-06 16:59:13 | INFO     | 📝 최종판정 매핑: D30 = 적합
2025-11-06 16:59:13 | INFO     | 📅 날짜 정보 매핑: ['05/02', '05/09', '05/16', '05/30']
2025-11-06 16:59:13 | INFO     | 🦠 E.coli 데이터 매핑 완료
2025-11-06 16:59:13 | INFO     | 🦠 P.aeruginosa 데이터 매핑 완료
2025-11-06 16:59:13 | INFO     | 🦠 S.aureus 데이터 매핑 완료
2025-11-06 16:59:13 | INFO     | 🦠 C.albicans 데이터 매핑 완료
2025-11-06 16:59:13 | INFO     | 🦠 A.brasiliensis 데이터 매핑 완료
2025-11-06 16:59:13 | INFO     | ✅ 총 5개 균주 데이터 매핑 완료
2025-11-06 16:59:13 | INFO     | 🔄 25A15I29 처리 중... (5개 행)
2025-11-06 16:59:14 | INFO     | ✅ 시트 생성 완료: 25A15I29
2025-11-06 16:59:14 | INFO     | 📝 시험번호 매핑: E4 = 25A15I29
2025-11-06 16:59:14 | INFO     | 📝 처방번호 매핑: E34 = WC1620-A1WD
2025-11-06 16:59:14 | INFO     | 📝 제품명 매핑: E3 = 파인크로스 아이크림
N14+N16
2025-11-06 16:59:14 | INFO     | 📝 제형 매핑: Y5 = O/W
2025-11-06 16:59:14 | INFO     | 📝 고시미등록방부보조성분함량 매핑: E6 = 1,2-HEXANEDIOL 2.0%
HYDROXYACETOPHENONE 0.2%
ETHYLHEXYLGLYCERIN 0.1%
2025-11-06 16:59:14 | INFO     | 📝 최종판정 매핑: D30 = 적합
2025-11-06 16:59:14 | INFO     | 📅 날짜 정보 매핑: ['05/02', '05/09', '05/16', '05/30']
2025-11-06 16:59:14 | INFO     | 🦠 E.coli 데이터 매핑 완료
2025-11-06 16:59:14 | INFO     | 🦠 P.aeruginosa 데이터 매핑 완료
2025-11-06 16:59:14 | INFO     | 🦠 S.aureus 데이터 매핑 완료
2025-11-06 16:59:14 | INFO     | 🦠 C.albicans 데이터 매핑 완료
2025-11-06 16:59:14 | INFO     | 🦠 A.brasiliensis 데이터 매핑 완료
2025-11-06 16:59:14 | INFO     | ✅ 총 5개 균주 데이터 매핑 완료
2025-11-06 16:59:15 | INFO     | 💾 Excel 저장 완료: 10개 시트
