2025-11-06 13:07:59 | INFO     | ================================================================================
2025-11-06 13:07:59 | INFO     | 🚀 보존력 시험 OCR 시스템 시작
2025-11-06 13:07:59 | INFO     | 📁 로그 파일: logs\preservation_ocr_20251106_130759.log
2025-11-06 13:07:59 | INFO     | ================================================================================
2025-11-06 13:07:59 | INFO     | ✅ 템플릿 파일 확인: TestResult_OCR_v1.xlsx
2025-11-06 13:07:59 | INFO     | ✅ 템플릿 기반 Excel 초기화 완료
2025-11-06 13:08:12 | INFO     | 📄 DRM 처리: DRM 처리 완료
2025-11-06 13:08:12 | INFO     | 💾 임시 이미지 저장: C:\Users\goqkr\AppData\Local\Temp\tmpuuv5lucw.png
2025-11-06 13:08:12 | INFO     | ✅ Azure Document Intelligence 연결 완료
2025-11-06 13:08:12 | INFO     | 📍 엔드포인트: https://kolmar-ai-docuintelli-fingerpoint-ai.cognitiveservices.azure.com/
2025-11-06 13:08:12 | INFO     | 
🔍 이미지 분석 시작: tmpuuv5lucw.png
2025-11-06 13:08:12 | INFO     | 📊 테이블 구조 분석 중...
2025-11-06 13:08:19 | INFO     | 📋 감지된 테이블 수: 1
2025-11-06 13:08:19 | INFO     |   테이블 0: 42행 x 9열
2025-11-06 13:08:19 | INFO     | ✅ 선택된 테이블: 42행 x 9열
2025-11-06 13:08:19 | INFO     | 
📅 날짜 정보 추출 시도
2025-11-06 13:08:19 | INFO     | ✅ 시작 날짜 기반 계산: {'date_0': '05/05', 'date_7': '05/12', 'date_14': '05/19', 'date_28': '06/02'}
2025-11-06 13:08:19 | INFO     | 
🦠 균주 데이터 추출 시작
2025-11-06 13:08:19 | INFO     | 📍 헤더 행: 2
2025-11-06 13:08:19 | INFO     | 📋 컬럼 매핑: {'strain_col': 1, 'cfu_0_col': 2, 'cfu_7_col': 3, 'cfu_14_col': 4, 'cfu_28_col': 5, 'judgment_col': 6, 'final_judgment_col': 7}
2025-11-06 13:08:19 | INFO     | 📝 시험번호: []
2025-11-06 13:08:19 | INFO     | 📝 처방번호: []
2025-11-06 13:08:19 | INFO     | ✅ 추출된 균주 데이터: 39개
2025-11-06 13:08:19 | INFO     | ✅ OCR 성공: 39개 균주
2025-11-06 13:08:19 | INFO     | 🗑️ 임시 파일 삭제: C:\Users\goqkr\AppData\Local\Temp\tmpuuv5lucw.png
