2025-11-06 15:38:25 | INFO     | ================================================================================
2025-11-06 15:38:25 | INFO     | 🚀 보존력 시험 OCR 시스템 시작
2025-11-06 15:38:25 | INFO     | 📁 로그 파일: logs\preservation_ocr_20251106_153825.log
2025-11-06 15:38:25 | INFO     | ================================================================================
2025-11-06 15:38:25 | INFO     | ✅ 템플릿 파일 확인: TestResult_OCR_v1.xlsx
2025-11-06 15:38:25 | INFO     | ✅ 템플릿 기반 Excel 초기화 완료
2025-11-06 15:38:33 | INFO     | 📄 DRM 처리: DRM 처리 완료
2025-11-06 15:38:34 | INFO     | 💾 임시 이미지 저장: C:\Users\goqkr\AppData\Local\Temp\tmpw7n1eqcj.png
2025-11-06 15:38:34 | INFO     | ✅ Azure Document Intelligence 연결 완료
2025-11-06 15:38:34 | INFO     | 📍 엔드포인트: https://kolmar-ai-docuintelli-fingerpoint-ai.cognitiveservices.azure.com/
2025-11-06 15:38:34 | INFO     | 🐛 디버그 모드 활성화
2025-11-06 15:38:34 | INFO     | 
🔍 이미지 분석 시작: tmpw7n1eqcj.png
2025-11-06 15:38:34 | INFO     | 📊 테이블 구조 분석 중...
2025-11-06 15:38:40 | INFO     | 📋 감지된 테이블 수: 1
2025-11-06 15:38:40 | INFO     |   테이블 0: 49행 x 9열
2025-11-06 15:38:40 | INFO     | ✅ 선택된 테이블: 49행 x 9열
2025-11-06 15:38:40 | INFO     | 
📅 날짜 정보 추출 시도
2025-11-06 15:38:40 | INFO     |   행 0: 발견된 날짜 0개
2025-11-06 15:38:40 | INFO     |   📍 공백 분리 날짜 발견 (Col_3): '01 15' → 01/15
2025-11-06 15:38:40 | INFO     |   📍 공백 분리 날짜 발견 (Col_4): '01 22' → 01/22
2025-11-06 15:38:40 | INFO     |   📍 공백 분리 날짜 발견 (Col_5): '01 29' → 01/29
2025-11-06 15:38:40 | INFO     |   📍 공백 분리 날짜 발견 (Col_6): '02 12' → 02/12
2025-11-06 15:38:40 | INFO     |   행 1: 발견된 날짜 4개
2025-11-06 15:38:40 | INFO     |     날짜 0: 01/15
2025-11-06 15:38:40 | INFO     |     날짜 1: 01/22
2025-11-06 15:38:40 | INFO     |     날짜 2: 01/29
2025-11-06 15:38:40 | INFO     |     날짜 3: 02/12
2025-11-06 15:38:40 | INFO     | ✅ 날짜 정보 확정: {'date_0': '01/15', 'date_7': '01/22', 'date_14': '01/29', 'date_28': '02/12'}
2025-11-06 15:38:40 | INFO     | 
🦠 균주 데이터 추출 시작
2025-11-06 15:38:40 | INFO     |   ✅ 헤더 행 발견 (명확한 키워드): 행 0
2025-11-06 15:38:40 | INFO     | 📍 헤더 행: 0
2025-11-06 15:38:40 | INFO     |   ✅ 균주 컬럼 감지: Col_1
2025-11-06 15:38:40 | INFO     |   ⚠️ Specification 컬럼 감지: Col_2 (건너뜀)
2025-11-06 15:38:40 | INFO     |   📍 CFU 시작 위치: Col_3 (Specification 건너뜀)
2025-11-06 15:38:40 | INFO     | 📋 컬럼 매핑: {'strain_col': 1, 'specification_col': 2, 'cfu_0_col': 3, 'judgment_col': 7, 'final_judgment_col': 8, 'cfu_7_col': 4, 'cfu_14_col': 5, 'cfu_28_col': 6}
2025-11-06 15:38:40 | INFO     | 
================================================================================
2025-11-06 15:38:40 | INFO     | 🐛 디버그: 테이블 구조 상세 분석
2025-11-06 15:38:40 | INFO     | ================================================================================
2025-11-06 15:38:40 | INFO     | 
📋 1. 테이블 매트릭스 (전체)
2025-11-06 15:38:40 | INFO     | --------------------------------------------------------------------------------
2025-11-06 15:38:40 | INFO     | 
행 0:
2025-11-06 15:38:40 | INFO     |   Col_0: 'Bulk Name'
2025-11-06 15:38:40 | INFO     |   Col_1: 'Challenged Organism'
2025-11-06 15:38:40 | INFO     |   Col_2: 'Specification'
2025-11-06 15:38:40 | INFO     |   Col_3: '0 (1차접종)'
2025-11-06 15:38:40 | INFO     |   Col_4: '7'
2025-11-06 15:38:40 | INFO     |   Col_5: '14'
2025-11-06 15:38:40 | INFO     |   Col_6: '28'
2025-11-06 15:38:40 | INFO     |   Col_7: '판정'
2025-11-06 15:38:40 | INFO     |   Col_8: '최종판정'
2025-11-06 15:38:40 | INFO     | 
행 1:
2025-11-06 15:38:40 | INFO     |   Col_3: '01 15'
2025-11-06 15:38:40 | INFO     |   Col_4: '01 22'
2025-11-06 15:38:40 | INFO     |   Col_5: '01 29'
2025-11-06 15:38:40 | INFO     |   Col_6: '02 12'
2025-11-06 15:38:40 | INFO     | 
행 2:
2025-11-06 15:38:40 | INFO     |   Col_0: '슈링크알엑스선세 럼 CCA21201-VAA 25A15101'
2025-11-06 15:38:40 | INFO     |   Col_1: 'E.coli'
2025-11-06 15:38:40 | INFO     |   Col_2: '≤3'
2025-11-06 15:38:40 | INFO     |   Col_3: '6.0X105'
2025-11-06 15:38:40 | INFO     |   Col_4: '1'
2025-11-06 15:38:40 | INFO     |   Col_5: 'L10'
2025-11-06 15:38:40 | INFO     |   Col_6: '<10'
2025-11-06 15:38:40 | INFO     |   Col_7: '0'
2025-11-06 15:38:40 | INFO     |   Col_8: '0'
2025-11-06 15:38:40 | INFO     | 
행 3:
2025-11-06 15:38:40 | INFO     |   Col_1: 'P.aeruginosa'
2025-11-06 15:38:40 | INFO     |   Col_3: '8.7X105'
2025-11-06 15:38:40 | INFO     |   Col_4: ''
2025-11-06 15:38:40 | INFO     |   Col_5: '40'
2025-11-06 15:38:40 | INFO     |   Col_6: ''
2025-11-06 15:38:40 | INFO     |   Col_7: '0'
2025-11-06 15:38:40 | INFO     | 
행 4:
2025-11-06 15:38:40 | INFO     |   Col_1: 'S.aureus'
2025-11-06 15:38:40 | INFO     |   Col_3: '8.3X105'
2025-11-06 15:38:40 | INFO     |   Col_4: '<102'
2025-11-06 15:38:40 | INFO     |   Col_5: '40'
2025-11-06 15:38:40 | INFO     |   Col_6: ''
2025-11-06 15:38:40 | INFO     |   Col_7: '0'
2025-11-06 15:38:40 | INFO     | 
행 5:
2025-11-06 15:38:40 | INFO     |   Col_1: 'C.albicans'
2025-11-06 15:38:40 | INFO     |   Col_2: '≤1'
2025-11-06 15:38:40 | INFO     |   Col_3: '3.8X104'
2025-11-06 15:38:40 | INFO     |   Col_4: '4102'
2025-11-06 15:38:40 | INFO     |   Col_5: '40'
2025-11-06 15:38:40 | INFO     |   Col_6: 'CIO'
2025-11-06 15:38:40 | INFO     |   Col_7: '0'
2025-11-06 15:38:40 | INFO     | 
행 6:
2025-11-06 15:38:40 | INFO     |   Col_1: 'A.brasiliensis'
2025-11-06 15:38:40 | INFO     |   Col_2: '500'
2025-11-06 15:38:40 | INFO     |   Col_3: '5.7X104'
2025-11-06 15:38:40 | INFO     |   Col_4: 'V 1.8×103'
2025-11-06 15:38:40 | INFO     |   Col_5: '(M2x10)'
2025-11-06 15:38:40 | INFO     |   Col_6: '< 102'
2025-11-06 15:38:40 | INFO     |   Col_7: '0'
2025-11-06 15:38:40 | INFO     | 
행 7:
2025-11-06 15:38:40 | INFO     |   Col_0: '루츠베이스아쿠아 맥스썬스크린 CCA14001-MAC 25A15102'
2025-11-06 15:38:40 | INFO     |   Col_1: 'E.coli'
2025-11-06 15:38:40 | INFO     |   Col_2: '≤3'
2025-11-06 15:38:40 | INFO     |   Col_3: '6.0X105'
2025-11-06 15:38:40 | INFO     |   Col_4: '< 102'
2025-11-06 15:38:40 | INFO     |   Col_5: '40'
2025-11-06 15:38:40 | INFO     |   Col_6: '(10'
2025-11-06 15:38:40 | INFO     |   Col_7: '0'
2025-11-06 15:38:40 | INFO     |   Col_8: '0 (A.6 나주 약함)'
2025-11-06 15:38:40 | INFO     | 
행 8:
2025-11-06 15:38:40 | INFO     |   Col_1: 'P.aeruginosa'
2025-11-06 15:38:40 | INFO     |   Col_3: '8.7X105'
2025-11-06 15:38:40 | INFO     |   Col_4: '< 102'
2025-11-06 15:38:40 | INFO     |   Col_5: '40'
2025-11-06 15:38:40 | INFO     |   Col_6: '<10'
2025-11-06 15:38:40 | INFO     |   Col_7: '0'
2025-11-06 15:38:40 | INFO     | 
행 9:
2025-11-06 15:38:40 | INFO     |   Col_1: 'S.aureus'
2025-11-06 15:38:40 | INFO     |   Col_3: '8.3X105'
2025-11-06 15:38:40 | INFO     |   Col_4: '<102'
2025-11-06 15:38:40 | INFO     |   Col_5: '410'
2025-11-06 15:38:40 | INFO     |   Col_6: '10'
2025-11-06 15:38:40 | INFO     |   Col_7: '0'
2025-11-06 15:38:40 | INFO     | 
행 10:
2025-11-06 15:38:40 | INFO     |   Col_1: 'C.albicans'
2025-11-06 15:38:40 | INFO     |   Col_2: 'SI'
2025-11-06 15:38:40 | INFO     |   Col_3: '3.8X104'
2025-11-06 15:38:40 | INFO     |   Col_4: 'C102'
2025-11-06 15:38:40 | INFO     |   Col_5: '40'
2025-11-06 15:38:40 | INFO     |   Col_6: 'CIO'
2025-11-06 15:38:40 | INFO     |   Col_7: '0'
2025-11-06 15:38:40 | INFO     | 
행 11:
2025-11-06 15:38:40 | INFO     |   Col_1: 'A.brasiliensis'
2025-11-06 15:38:40 | INFO     |   Col_2: '50c'
2025-11-06 15:38:40 | INFO     |   Col_3: '5.7X104'
2025-11-06 15:38:40 | INFO     |   Col_4: '( 2.4 x10) 9 x10"'
2025-11-06 15:38:40 | INFO     |   Col_5: '2.6x103'
2025-11-06 15:38:40 | INFO     |   Col_6: '1.8x10)'
2025-11-06 15:38:40 | INFO     |   Col_7: '0'
2025-11-06 15:38:40 | INFO     | 
행 12:
2025-11-06 15:38:40 | INFO     |   Col_0: '보타니티선크림 CCA21201- BBZBZ 25A15103'
2025-11-06 15:38:40 | INFO     |   Col_1: 'E.coli'
2025-11-06 15:38:40 | INFO     |   Col_2: '≤3'
2025-11-06 15:38:40 | INFO     |   Col_3: '6.0X105'
2025-11-06 15:38:40 | INFO     |   Col_4: '< /02'
2025-11-06 15:38:40 | INFO     |   Col_5: ''
2025-11-06 15:38:40 | INFO     |   Col_6: '410'
2025-11-06 15:38:40 | INFO     |   Col_7: 'P'
2025-11-06 15:38:40 | INFO     |   Col_8: '0'
2025-11-06 15:38:40 | INFO     | 
행 13:
2025-11-06 15:38:40 | INFO     |   Col_1: 'P.aeruginosa'
2025-11-06 15:38:40 | INFO     |   Col_3: '8.7X105'
2025-11-06 15:38:40 | INFO     |   Col_4: '(10)'
2025-11-06 15:38:40 | INFO     |   Col_5: '010'
2025-11-06 15:38:40 | INFO     |   Col_6: '<10'
2025-11-06 15:38:40 | INFO     |   Col_7: '0'
2025-11-06 15:38:40 | INFO     | 
행 14:
2025-11-06 15:38:40 | INFO     |   Col_1: 'S.aureus'
2025-11-06 15:38:40 | INFO     |   Col_3: '8.3X105'
2025-11-06 15:38:40 | INFO     |   Col_4: '( 102'
2025-11-06 15:38:40 | INFO     |   Col_5: 'Clo'
2025-11-06 15:38:40 | INFO     |   Col_6: '<10'
2025-11-06 15:38:40 | INFO     |   Col_7: '0'
2025-11-06 15:38:40 | INFO     | 
행 15:
2025-11-06 15:38:40 | INFO     |   Col_1: 'C.albicans'
2025-11-06 15:38:40 | INFO     |   Col_2: '≤1'
2025-11-06 15:38:40 | INFO     |   Col_3: '3.8X104'
2025-11-06 15:38:40 | INFO     |   Col_4: 'C102'
2025-11-06 15:38:40 | INFO     |   Col_5: ''
2025-11-06 15:38:40 | INFO     |   Col_6: ''
2025-11-06 15:38:40 | INFO     |   Col_7: '0'
2025-11-06 15:38:40 | INFO     | 
행 16:
2025-11-06 15:38:40 | INFO     |   Col_1: 'A.brasiliensis'
2025-11-06 15:38:40 | INFO     |   Col_2: '50€'
2025-11-06 15:38:40 | INFO     |   Col_3: '5.7X104'
2025-11-06 15:38:40 | INFO     |   Col_4: '< 4x10? . 2x107V'
2025-11-06 15:38:40 | INFO     |   Col_5: 'CI0L'
2025-11-06 15:38:40 | INFO     |   Col_6: '<102'
2025-11-06 15:38:40 | INFO     |   Col_7: '0'
2025-11-06 15:38:40 | INFO     | 
행 17:
2025-11-06 15:38:40 | INFO     |   Col_0: '르넥트톤업선베이 스 CCA01103-SBF 25A15104'
2025-11-06 15:38:40 | INFO     |   Col_1: 'E.coli'
2025-11-06 15:38:40 | INFO     |   Col_2: '≤3'
2025-11-06 15:38:40 | INFO     |   Col_3: '6.0X105'
2025-11-06 15:38:40 | INFO     |   Col_4: '5102'
2025-11-06 15:38:40 | INFO     |   Col_5: 'cio'
2025-11-06 15:38:40 | INFO     |   Col_6: '(10'
2025-11-06 15:38:40 | INFO     |   Col_7: '0'
2025-11-06 15:38:40 | INFO     |   Col_8: '0'
2025-11-06 15:38:40 | INFO     | 
행 18:
2025-11-06 15:38:40 | INFO     |   Col_1: 'P.aeruginosa'
2025-11-06 15:38:40 | INFO     |   Col_3: '8.7X105'
2025-11-06 15:38:40 | INFO     |   Col_4: '<102'
2025-11-06 15:38:40 | INFO     |   Col_5: ''
2025-11-06 15:38:40 | INFO     |   Col_6: 'CIO'
2025-11-06 15:38:40 | INFO     |   Col_7: '0'
2025-11-06 15:38:40 | INFO     | 
행 19:
2025-11-06 15:38:40 | INFO     |   Col_1: 'S.aureus'
2025-11-06 15:38:40 | INFO     |   Col_3: '8.3X105'
2025-11-06 15:38:40 | INFO     |   Col_4: '5102'
2025-11-06 15:38:40 | INFO     |   Col_5: '...'
2025-11-06 15:38:40 | INFO     |   Col_6: '<10'
2025-11-06 15:38:40 | INFO     |   Col_7: '0'
2025-11-06 15:38:40 | INFO     | 
행 20:
2025-11-06 15:38:40 | INFO     |   Col_1: 'C.albicans'
2025-11-06 15:38:40 | INFO     |   Col_2: '≤1'
2025-11-06 15:38:40 | INFO     |   Col_3: '3.8X104'
2025-11-06 15:38:40 | INFO     |   Col_4: '402'
2025-11-06 15:38:40 | INFO     |   Col_5: '(1)'
2025-11-06 15:38:40 | INFO     |   Col_6: '(10'
2025-11-06 15:38:40 | INFO     |   Col_7: '0'
2025-11-06 15:38:40 | INFO     | 
행 21:
2025-11-06 15:38:40 | INFO     |   Col_1: 'A.brasiliensis'
2025-11-06 15:38:40 | INFO     |   Col_2: '50°'
2025-11-06 15:38:40 | INFO     |   Col_3: '5.7X104'
2025-11-06 15:38:40 | INFO     |   Col_4: '< 1-6x107'
2025-11-06 15:38:40 | INFO     |   Col_5: 'Clor'
2025-11-06 15:38:40 | INFO     |   Col_6: '<102'
2025-11-06 15:38:40 | INFO     |   Col_7: '0'
2025-11-06 15:38:40 | INFO     | 
행 22:
2025-11-06 15:38:40 | INFO     |   Col_0: '오엠지 워터 선 젤 CCA18002-UAA 25A15105'
2025-11-06 15:38:40 | INFO     |   Col_1: 'E.coli'
2025-11-06 15:38:40 | INFO     |   Col_2: '≤3'
2025-11-06 15:38:40 | INFO     |   Col_3: '6.0X105'
2025-11-06 15:38:40 | INFO     |   Col_4: '€ 102'
2025-11-06 15:38:40 | INFO     |   Col_5: ''
2025-11-06 15:38:40 | INFO     |   Col_6: 'CIO'
2025-11-06 15:38:40 | INFO     |   Col_7: '0'
2025-11-06 15:38:40 | INFO     |   Col_8: '0'
2025-11-06 15:38:40 | INFO     | 
행 23:
2025-11-06 15:38:40 | INFO     |   Col_1: 'P.aeruginosa'
2025-11-06 15:38:40 | INFO     |   Col_3: '8.7X105'
2025-11-06 15:38:40 | INFO     |   Col_4: '5/02'
2025-11-06 15:38:40 | INFO     |   Col_5: ''
2025-11-06 15:38:40 | INFO     |   Col_6: '110'
2025-11-06 15:38:40 | INFO     |   Col_7: '0'
2025-11-06 15:38:40 | INFO     | 
행 24:
2025-11-06 15:38:40 | INFO     |   Col_1: 'S.aureus'
2025-11-06 15:38:40 | INFO     |   Col_3: '8.3×105'
2025-11-06 15:38:40 | INFO     |   Col_4: '2 <10'
2025-11-06 15:38:40 | INFO     |   Col_5: ''
2025-11-06 15:38:40 | INFO     |   Col_6: 'CIO'
2025-11-06 15:38:40 | INFO     |   Col_7: '0'
2025-11-06 15:38:40 | INFO     | 
행 25:
2025-11-06 15:38:40 | INFO     |   Col_1: 'C.albicans'
2025-11-06 15:38:40 | INFO     |   Col_2: '51'
2025-11-06 15:38:40 | INFO     |   Col_3: '3.8X104'
2025-11-06 15:38:40 | INFO     |   Col_4: '402'
2025-11-06 15:38:40 | INFO     |   Col_5: 'C12'
2025-11-06 15:38:40 | INFO     |   Col_6: 'CO'
2025-11-06 15:38:40 | INFO     |   Col_7: '0'
2025-11-06 15:38:40 | INFO     | 
행 26:
2025-11-06 15:38:40 | INFO     |   Col_1: 'A.brasiliensis'
2025-11-06 15:38:40 | INFO     |   Col_2: '50c'
2025-11-06 15:38:40 | INFO     |   Col_3: '5.7X104'
2025-11-06 15:38:40 | INFO     |   Col_4: '9x102 V ( 1 x103'
2025-11-06 15:38:40 | INFO     |   Col_5: 'CIS2'
2025-11-06 15:38:40 | INFO     |   Col_6: '(102'
2025-11-06 15:38:40 | INFO     |   Col_7: '0'
2025-11-06 15:38:40 | INFO     | 
행 27:
2025-11-06 15:38:40 | INFO     |   Col_0: '그린핑거 순한 무 기자차 선쿠션 SPF50+ PA++++(T4) CCC0'
2025-11-06 15:38:40 | INFO     |   Col_1: 'E.coli'
2025-11-06 15:38:40 | INFO     |   Col_2: '≤3'
2025-11-06 15:38:40 | INFO     |   Col_3: '6.0X105'
2025-11-06 15:38:40 | INFO     |   Col_4: '<10"'
2025-11-06 15:38:40 | INFO     |   Col_5: 'Lio'
2025-11-06 15:38:40 | INFO     |   Col_6: '<10'
2025-11-06 15:38:40 | INFO     |   Col_7: '0'
2025-11-06 15:38:40 | INFO     |   Col_8: '부적합 (A.b 47)'
2025-11-06 15:38:40 | INFO     | 
행 28:
2025-11-06 15:38:40 | INFO     |   Col_1: 'P.aeruginosa'
2025-11-06 15:38:40 | INFO     |   Col_3: '8.7X105'
2025-11-06 15:38:40 | INFO     |   Col_4: '2
<10)'
2025-11-06 15:38:40 | INFO     |   Col_5: '510'
2025-11-06 15:38:40 | INFO     |   Col_6: '<10'
2025-11-06 15:38:40 | INFO     |   Col_7: '0'
2025-11-06 15:38:40 | INFO     | 
행 29:
2025-11-06 15:38:40 | INFO     |   Col_1: 'S.aureus'
2025-11-06 15:38:40 | INFO     |   Col_3: '8.3X105'
2025-11-06 15:38:40 | INFO     |   Col_4: '< 102'
2025-11-06 15:38:40 | INFO     |   Col_5: '(10'
2025-11-06 15:38:40 | INFO     |   Col_6: '(10'
2025-11-06 15:38:40 | INFO     |   Col_7: '0'
2025-11-06 15:38:40 | INFO     | 
행 30:
2025-11-06 15:38:40 | INFO     |   Col_1: 'B.cepacia'
2025-11-06 15:38:40 | INFO     |   Col_3: '5.6×105'
2025-11-06 15:38:40 | INFO     |   Col_4: '5102'
2025-11-06 15:38:40 | INFO     |   Col_5: 'L 10'
2025-11-06 15:38:40 | INFO     |   Col_6: '€ 10'
2025-11-06 15:38:40 | INFO     |   Col_7: '0'
2025-11-06 15:38:40 | INFO     | 
행 31:
2025-11-06 15:38:40 | INFO     |   Col_1: 'P.gergoviae'
2025-11-06 15:38:40 | INFO     |   Col_3: '5.6×105'
2025-11-06 15:38:40 | INFO     |   Col_4: 'C102'
2025-11-06 15:38:40 | INFO     |   Col_5: '(10'
2025-11-06 15:38:40 | INFO     |   Col_6: '(10'
2025-11-06 15:38:40 | INFO     |   Col_7: '0'
2025-11-06 15:38:40 | INFO     | 
행 32:
2025-11-06 15:38:40 | INFO     |   Col_1: 'C.albicans'
2025-11-06 15:38:40 | INFO     |   Col_2: '≤1'
2025-11-06 15:38:40 | INFO     |   Col_3: '3.8X104'
2025-11-06 15:38:40 | INFO     |   Col_4: '(1X102)'
2025-11-06 15:38:40 | INFO     |   Col_5: 'CIO'
2025-11-06 15:38:40 | INFO     |   Col_6: '(10'
2025-11-06 15:38:40 | INFO     |   Col_7: '0'
2025-11-06 15:38:40 | INFO     | 
행 33:
2025-11-06 15:38:40 | INFO     |   Col_1: 'A.brasiliensis'
2025-11-06 15:38:40 | INFO     |   Col_2: '50c'
2025-11-06 15:38:40 | INFO     |   Col_3: '5.7X104'
2025-11-06 15:38:40 | INFO     |   Col_4: '146/1-4404 54.2×104'
2025-11-06 15:38:40 | INFO     |   Col_5: '< 1.3x104 1.98104'
2025-11-06 15:38:40 | INFO     |   Col_6: '(8.4×10) 1.6x104v'
2025-11-06 15:38:40 | INFO     |   Col_7: 'X
:selected:'
2025-11-06 15:38:40 | INFO     | 
행 34:
2025-11-06 15:38:40 | INFO     |   Col_0: '코리아테크 글로우 쿠션 LAF0947-OZ2A 25A15107 w/4 +'
2025-11-06 15:38:40 | INFO     |   Col_1: 'E.coli'
2025-11-06 15:38:40 | INFO     |   Col_2: '53'
2025-11-06 15:38:40 | INFO     |   Col_3: '6.0×105'
2025-11-06 15:38:40 | INFO     |   Col_4: '< 102'
2025-11-06 15:38:40 | INFO     |   Col_5: 'CIO'
2025-11-06 15:38:40 | INFO     |   Col_6: '(10'
2025-11-06 15:38:40 | INFO     |   Col_7: '0'
2025-11-06 15:38:40 | INFO     |   Col_8: ':selected:'
2025-11-06 15:38:40 | INFO     | 
행 35:
2025-11-06 15:38:40 | INFO     |   Col_1: 'P.aeruginosa'
2025-11-06 15:38:40 | INFO     |   Col_3: '8.7X105'
2025-11-06 15:38:40 | INFO     |   Col_4: '5102'
2025-11-06 15:38:40 | INFO     |   Col_5: '40'
2025-11-06 15:38:40 | INFO     |   Col_6: '510'
2025-11-06 15:38:40 | INFO     |   Col_7: '0'
2025-11-06 15:38:40 | INFO     | 
행 36:
2025-11-06 15:38:40 | INFO     |   Col_1: 'S.aureus'
2025-11-06 15:38:40 | INFO     |   Col_3: '8.3×105'
2025-11-06 15:38:40 | INFO     |   Col_4: '< 102'
2025-11-06 15:38:40 | INFO     |   Col_5: '40'
2025-11-06 15:38:40 | INFO     |   Col_6: '<10'
2025-11-06 15:38:40 | INFO     |   Col_7: '0'
2025-11-06 15:38:40 | INFO     | 
행 37:
2025-11-06 15:38:40 | INFO     |   Col_1: 'C.albicans'
2025-11-06 15:38:40 | INFO     |   Col_2: '≤1'
2025-11-06 15:38:40 | INFO     |   Col_3: '3.8X104'
2025-11-06 15:38:40 | INFO     |   Col_4: '(102'
2025-11-06 15:38:40 | INFO     |   Col_5: '40'
2025-11-06 15:38:40 | INFO     |   Col_6: '(10'
2025-11-06 15:38:40 | INFO     |   Col_7: '0'
2025-11-06 15:38:40 | INFO     | 
행 38:
2025-11-06 15:38:40 | INFO     |   Col_1: 'A.brasiliensis'
2025-11-06 15:38:40 | INFO     |   Col_2: '50€'
2025-11-06 15:38:40 | INFO     |   Col_3: '5.7X104'
2025-11-06 15:38:40 | INFO     |   Col_4: '<4.1×103 1.6 X104V'
2025-11-06 15:38:40 | INFO     |   Col_5: '2×102
<"CIO"'
2025-11-06 15:38:40 | INFO     |   Col_6: '< 102'
2025-11-06 15:38:40 | INFO     |   Col_7: '0'
2025-11-06 15:38:40 | INFO     | 
행 39:
2025-11-06 15:38:40 | INFO     |   Col_0: '클리오 쿨링 톤업메쉬쿠션 개선1차 LAF0942 -- RZ9A 25A15'
2025-11-06 15:38:40 | INFO     |   Col_1: 'E.coli'
2025-11-06 15:38:40 | INFO     |   Col_2: '≤3'
2025-11-06 15:38:40 | INFO     |   Col_3: '6.0X105'
2025-11-06 15:38:40 | INFO     |   Col_4: '4102'
2025-11-06 15:38:40 | INFO     |   Col_5: 'L10'
2025-11-06 15:38:40 | INFO     |   Col_6: 'CIO'
2025-11-06 15:38:40 | INFO     |   Col_7: '0
:selected:'
2025-11-06 15:38:40 | INFO     |   Col_8: '0 (A·b 4주 약함)
:selected:'
2025-11-06 15:38:40 | INFO     | 
행 40:
2025-11-06 15:38:40 | INFO     |   Col_1: 'P.aeruginosa'
2025-11-06 15:38:40 | INFO     |   Col_3: '8.7X105'
2025-11-06 15:38:40 | INFO     |   Col_4: 'GIO2'
2025-11-06 15:38:40 | INFO     |   Col_5: 'C10'
2025-11-06 15:38:40 | INFO     |   Col_6: ''
2025-11-06 15:38:40 | INFO     |   Col_7: '0
:selected:'
2025-11-06 15:38:40 | INFO     | 
행 41:
2025-11-06 15:38:40 | INFO     |   Col_1: 'S.aureus'
2025-11-06 15:38:40 | INFO     |   Col_3: '8.3X105'
2025-11-06 15:38:40 | INFO     |   Col_4: '410'
2025-11-06 15:38:40 | INFO     |   Col_5: 'C10'
2025-11-06 15:38:40 | INFO     |   Col_6: ''
2025-11-06 15:38:40 | INFO     |   Col_7: '0'
2025-11-06 15:38:40 | INFO     | 
행 42:
2025-11-06 15:38:40 | INFO     |   Col_1: 'C.albicans'
2025-11-06 15:38:40 | INFO     |   Col_2: '≤1'
2025-11-06 15:38:40 | INFO     |   Col_3: '3.8X104'
2025-11-06 15:38:40 | INFO     |   Col_4: '410-'
2025-11-06 15:38:40 | INFO     |   Col_5: 'CIO'
2025-11-06 15:38:40 | INFO     |   Col_6: '110'
2025-11-06 15:38:40 | INFO     |   Col_7: '0'
2025-11-06 15:38:40 | INFO     | 
행 43:
2025-11-06 15:38:40 | INFO     |   Col_1: 'A.brasiliensis'
2025-11-06 15:38:40 | INFO     |   Col_2: '50€'
2025-11-06 15:38:40 | INFO     |   Col_3: '5.7X104'
2025-11-06 15:38:40 | INFO     |   Col_4: '€1. 6 X 104 3.2 X104'
2025-11-06 15:38:40 | INFO     |   Col_5: '1.1X1047 23 X104'
2025-11-06 15:38:40 | INFO     |   Col_6: '3.3×103. 6×103'
2025-11-06 15:38:40 | INFO     |   Col_7: '0'
2025-11-06 15:38:40 | INFO     | 
행 44:
2025-11-06 15:38:40 | INFO     |   Col_0: '디밀-듀얼 컨실러 1호 SPOT(FIX) LA1998-DZ35A 25A1'
2025-11-06 15:38:40 | INFO     |   Col_1: 'E.coli'
2025-11-06 15:38:40 | INFO     |   Col_2: '≤3'
2025-11-06 15:38:40 | INFO     |   Col_3: '6.0X105'
2025-11-06 15:38:40 | INFO     |   Col_4: ''
2025-11-06 15:38:40 | INFO     |   Col_5: 'C10'
2025-11-06 15:38:40 | INFO     |   Col_6: 'L16'
2025-11-06 15:38:40 | INFO     |   Col_7: '0'
2025-11-06 15:38:40 | INFO     |   Col_8: '0'
2025-11-06 15:38:40 | INFO     | 
행 45:
2025-11-06 15:38:40 | INFO     |   Col_1: 'P.aeruginosa'
2025-11-06 15:38:40 | INFO     |   Col_3: '8.7X105'
2025-11-06 15:38:40 | INFO     |   Col_4: '40'
2025-11-06 15:38:40 | INFO     |   Col_5: 'CIO'
2025-11-06 15:38:40 | INFO     |   Col_6: '410'
2025-11-06 15:38:40 | INFO     |   Col_7: '0'
2025-11-06 15:38:40 | INFO     | 
행 46:
2025-11-06 15:38:40 | INFO     |   Col_1: 'S.aureus'
2025-11-06 15:38:40 | INFO     |   Col_3: '8.3×105'
2025-11-06 15:38:40 | INFO     |   Col_4: ''
2025-11-06 15:38:40 | INFO     |   Col_5: ''
2025-11-06 15:38:40 | INFO     |   Col_6: '40'
2025-11-06 15:38:40 | INFO     |   Col_7: '0'
2025-11-06 15:38:40 | INFO     | 
행 47:
2025-11-06 15:38:40 | INFO     |   Col_1: 'C.albicans'
2025-11-06 15:38:40 | INFO     |   Col_2: '51'
2025-11-06 15:38:40 | INFO     |   Col_3: '3.8X104'
2025-11-06 15:38:40 | INFO     |   Col_4: '415'
2025-11-06 15:38:40 | INFO     |   Col_5: 'CLO'
2025-11-06 15:38:40 | INFO     |   Col_6: '410'
2025-11-06 15:38:40 | INFO     |   Col_7: 'D'
2025-11-06 15:38:40 | INFO     | 
행 48:
2025-11-06 15:38:40 | INFO     |   Col_1: 'A.brasiliensis'
2025-11-06 15:38:40 | INFO     |   Col_2: '50°'
2025-11-06 15:38:40 | INFO     |   Col_3: '5.7X104'
2025-11-06 15:38:40 | INFO     |   Col_4: '9.4×1030 (1.2×1040'
2025-11-06 15:38:40 | INFO     |   Col_5: '(4.2 ×10) 8X103'
2025-11-06 15:38:40 | INFO     |   Col_6: '9 x 100'
2025-11-06 15:38:40 | INFO     |   Col_7: '0'
2025-11-06 15:38:40 | INFO     | 
================================================================================
2025-11-06 15:38:40 | INFO     | 📊 2. 컬럼 매핑 상세
2025-11-06 15:38:40 | INFO     | --------------------------------------------------------------------------------
2025-11-06 15:38:40 | INFO     |   strain_col           → Col_1
2025-11-06 15:38:40 | INFO     |   specification_col    → Col_2
2025-11-06 15:38:40 | INFO     |   cfu_0_col            → Col_3
2025-11-06 15:38:40 | INFO     |   cfu_7_col            → Col_4
2025-11-06 15:38:40 | INFO     |   cfu_14_col           → Col_5
2025-11-06 15:38:40 | INFO     |   cfu_28_col           → Col_6
2025-11-06 15:38:40 | INFO     |   judgment_col         → Col_7
2025-11-06 15:38:40 | INFO     |   final_judgment_col   → Col_8
2025-11-06 15:38:40 | INFO     | 
================================================================================
2025-11-06 15:38:40 | INFO     | 🔍 3. Bulk Name 컬럼 찾기
2025-11-06 15:38:40 | INFO     | --------------------------------------------------------------------------------
2025-11-06 15:38:40 | INFO     | ✅ Bulk Name 컬럼 발견: Col_0
2025-11-06 15:38:40 | INFO     |    헤더 값: 'Bulk Name'
2025-11-06 15:38:40 | INFO     | 
================================================================================
2025-11-06 15:38:40 | INFO     | 📝 4. Bulk Name 컬럼(Col_0) 전체 내용
2025-11-06 15:38:40 | INFO     | --------------------------------------------------------------------------------
2025-11-06 15:38:40 | INFO     | 행  0: 'Bulk Name'
2025-11-06 15:38:40 | INFO     | 행  2: '슈링크알엑스선세 럼 CCA21201-VAA 25A15101'
2025-11-06 15:38:40 | INFO     | 행  7: '루츠베이스아쿠아 맥스썬스크린 CCA14001-MAC 25A15102'
2025-11-06 15:38:40 | INFO     | 행 12: '보타니티선크림 CCA21201- BBZBZ 25A15103'
2025-11-06 15:38:40 | INFO     | 행 17: '르넥트톤업선베이 스 CCA01103-SBF 25A15104'
2025-11-06 15:38:40 | INFO     | 행 22: '오엠지 워터 선 젤 CCA18002-UAA 25A15105'
2025-11-06 15:38:40 | INFO     | 행 27: '그린핑거 순한 무 기자차 선쿠션 SPF50+ PA++++(T4) CCC02004-AAE 25A15106 w/S +'
2025-11-06 15:38:40 | INFO     | 행 34: '코리아테크 글로우 쿠션 LAF0947-OZ2A 25A15107 w/4 +'
2025-11-06 15:38:40 | INFO     | 행 39: '클리오 쿨링 톤업메쉬쿠션 개선1차 LAF0942 -- RZ9A 25A15108 w/s +'
2025-11-06 15:38:40 | INFO     | 행 44: '디밀-듀얼 컨실러 1호 SPOT(FIX) LA1998-DZ35A 25A15109 w/4 +'
2025-11-06 15:38:40 | INFO     | 
================================================================================
2025-11-06 15:38:40 | INFO     | 🔬 5. 시험번호/처방번호 패턴 매칭
2025-11-06 15:38:40 | INFO     | --------------------------------------------------------------------------------
2025-11-06 15:38:40 | INFO     | ✅ 행 2: 처방번호 'CCA21201-VAA'
2025-11-06 15:38:40 | INFO     | ✅ 행 7: 처방번호 'CCA14001-MAC'
2025-11-06 15:38:40 | INFO     | ✅ 행 17: 처방번호 'CCA01103-SBF'
2025-11-06 15:38:40 | INFO     | ✅ 행 22: 처방번호 'CCA18002-UAA'
2025-11-06 15:38:40 | INFO     | ✅ 행 27: 처방번호 'CCC02004-AAE'
2025-11-06 15:38:40 | INFO     | 
================================================================================
2025-11-06 15:38:40 | INFO     | 🔍 6. 전체 테이블에서 패턴 검색
2025-11-06 15:38:40 | INFO     | --------------------------------------------------------------------------------
2025-11-06 15:38:40 | INFO     | ❌ 시험번호 패턴 매칭 실패
2025-11-06 15:38:40 | INFO     | ✅ 전체 테이블에서 처방번호 발견: ['CCA21201-VAA', 'CCA14001-MAC', 'CCA01103-SBF', 'CCA18002-UAA', 'CCC02004-AAE']
2025-11-06 15:38:40 | INFO     | 
================================================================================
2025-11-06 15:38:40 | INFO     | 💡 7. 결론 및 권장사항
2025-11-06 15:38:40 | INFO     | --------------------------------------------------------------------------------
2025-11-06 15:38:40 | INFO     | 
❌ Bulk Name 컬럼에서 시험번호를 찾을 수 없습니다!
2025-11-06 15:38:40 | INFO     | 
✅ Bulk Name 컬럼에서 처방번호 5개 발견:
2025-11-06 15:38:40 | INFO     |    행 2: CCA21201-VAA
2025-11-06 15:38:40 | INFO     |    행 7: CCA14001-MAC
2025-11-06 15:38:40 | INFO     |    행 17: CCA01103-SBF
2025-11-06 15:38:40 | INFO     |    행 22: CCA18002-UAA
2025-11-06 15:38:40 | INFO     |    행 27: CCC02004-AAE
2025-11-06 15:38:40 | INFO     | 
================================================================================
2025-11-06 15:38:40 | INFO     |   ✅ 시험번호 발견 (행2): 25A15101 → 25A15I01 (정규화)
2025-11-06 15:38:40 | INFO     |   ✅ 처방번호 발견 (행2): CCA21201-VAA
2025-11-06 15:38:40 | INFO     |   ✅ 시험번호 발견 (행7): 25A15102 → 25A15I02 (정규화)
2025-11-06 15:38:40 | INFO     |   ✅ 처방번호 발견 (행7): CCA14001-MAC
2025-11-06 15:38:40 | INFO     |   ✅ 시험번호 발견 (행12): 25A15103 → 25A15I03 (정규화)
2025-11-06 15:38:40 | INFO     |   ✅ 시험번호 발견 (행17): 25A15104 → 25A15I04 (정규화)
2025-11-06 15:38:40 | INFO     |   ✅ 처방번호 발견 (행17): CCA01103-SBF
2025-11-06 15:38:40 | INFO     |   ✅ 시험번호 발견 (행22): 25A15105 → 25A15I05 (정규화)
2025-11-06 15:38:40 | INFO     |   ✅ 처방번호 발견 (행22): CCA18002-UAA
2025-11-06 15:38:40 | INFO     |   ✅ 시험번호 발견 (행27): 25A15106 → 25A15I06 (정규화)
2025-11-06 15:38:40 | INFO     |   ✅ 처방번호 발견 (행27): CCC02004-AAE
2025-11-06 15:38:40 | INFO     |   ✅ 시험번호 발견 (행34): 25A15107 → 25A15I07 (정규화)
2025-11-06 15:38:40 | INFO     |   ✅ 시험번호 발견 (행39): 25A15108 → 25A15I08 (정규화)
2025-11-06 15:38:40 | INFO     |   ✅ 시험번호 발견 (행44): 25A15109 → 25A15I09 (정규화)
2025-11-06 15:38:40 | INFO     | 📝 시험번호: ['25A15I01', '25A15I02', '25A15I03', '25A15I04', '25A15I05', '25A15I06', '25A15I07', '25A15I08', '25A15I09']
2025-11-06 15:38:40 | INFO     | 📝 처방번호: ['CCA21201-VAA', 'CCA14001-MAC', 'CCA01103-SBF', 'CCA18002-UAA', 'CCC02004-AAE']
2025-11-06 15:38:40 | INFO     |   🔧 보정 [0일]: '6.0X105' → '6.0×10^5'
2025-11-06 15:38:40 | INFO     |   🔧 보정 [0일]: '8.7X105' → '8.7×10^5'
2025-11-06 15:38:40 | INFO     |   🔧 보정 [14일]: '40' → '<10'
2025-11-06 15:38:40 | INFO     |   🔧 보정 [0일]: '8.3X105' → '8.3×10^5'
2025-11-06 15:38:40 | INFO     |   🔧 보정 [7일]: '<102' → '<10^2'
2025-11-06 15:38:40 | INFO     |   🔧 보정 [14일]: '40' → '<10'
2025-11-06 15:38:40 | INFO     |   🔧 보정 [0일]: '3.8X104' → '3.8×10^4'
2025-11-06 15:38:40 | INFO     |   🔧 보정 [7일]: '4102' → '<10^2'
2025-11-06 15:38:40 | INFO     |   🔧 보정 [14일]: '40' → '<10'
2025-11-06 15:38:40 | INFO     |   🔧 보정 [28일]: 'CIO' → '<10'
2025-11-06 15:38:40 | INFO     |   🔧 보정 [0일]: '5.7X104' → '5.7×10^4'
2025-11-06 15:38:40 | INFO     |   🔧 보정 [7일]: 'V 1.8×103' → '1.8×10^3'
2025-11-06 15:38:40 | INFO     |   🔧 보정 [14일]: '(M2x10)' → '2×10^0'
2025-11-06 15:38:40 | INFO     |   🔧 보정 [28일]: '< 102' → '<10^2'
2025-11-06 15:38:40 | INFO     |   🔧 보정 [0일]: '6.0X105' → '6.0×10^5'
2025-11-06 15:38:40 | INFO     |   🔧 보정 [7일]: '< 102' → '<10^2'
2025-11-06 15:38:40 | INFO     |   🔧 보정 [14일]: '40' → '<10'
2025-11-06 15:38:40 | INFO     |   🔧 보정 [0일]: '8.7X105' → '8.7×10^5'
2025-11-06 15:38:40 | INFO     |   🔧 보정 [7일]: '< 102' → '<10^2'
2025-11-06 15:38:40 | INFO     |   🔧 보정 [14일]: '40' → '<10'
2025-11-06 15:38:40 | INFO     |   🔧 보정 [0일]: '8.3X105' → '8.3×10^5'
2025-11-06 15:38:40 | INFO     |   🔧 보정 [7일]: '<102' → '<10^2'
2025-11-06 15:38:40 | INFO     |   🔧 보정 [14일]: '410' → '<10'
2025-11-06 15:38:40 | INFO     |   🔧 보정 [0일]: '3.8X104' → '3.8×10^4'
2025-11-06 15:38:40 | INFO     |   🔧 보정 [14일]: '40' → '<10'
2025-11-06 15:38:40 | INFO     |   🔧 보정 [28일]: 'CIO' → '<10'
2025-11-06 15:38:40 | INFO     |   🔧 보정 [0일]: '5.7X104' → '5.7×10^4'
2025-11-06 15:38:40 | INFO     |   🔧 보정 [7일]: '( 2.4 x10) 9 x10"' → '2.4×10^0'
2025-11-06 15:38:40 | INFO     |   🔧 보정 [14일]: '2.6x103' → '2.6×10^3'
2025-11-06 15:38:40 | INFO     |   🔧 보정 [28일]: '1.8x10)' → '1.8×10^0'
2025-11-06 15:38:40 | INFO     |   🔧 보정 [0일]: '6.0X105' → '6.0×10^5'
2025-11-06 15:38:40 | INFO     |   🔧 보정 [28일]: '410' → '<10'
2025-11-06 15:38:40 | INFO     |   🔧 보정 [0일]: '8.7X105' → '8.7×10^5'
2025-11-06 15:38:40 | INFO     |   🔧 보정 [0일]: '8.3X105' → '8.3×10^5'
2025-11-06 15:38:40 | INFO     |   🔧 보정 [0일]: '3.8X104' → '3.8×10^4'
2025-11-06 15:38:40 | INFO     |   🔧 보정 [0일]: '5.7X104' → '5.7×10^4'
2025-11-06 15:38:40 | INFO     |   🔧 보정 [7일]: '< 4x10? . 2x107V' → '<4×10^0'
2025-11-06 15:38:40 | INFO     |   🔧 보정 [28일]: '<102' → '<10^2'
2025-11-06 15:38:40 | INFO     |   🔧 보정 [0일]: '6.0X105' → '6.0×10^5'
2025-11-06 15:38:40 | INFO     |   🔧 보정 [0일]: '8.7X105' → '8.7×10^5'
2025-11-06 15:38:40 | INFO     |   🔧 보정 [7일]: '<102' → '<10^2'
2025-11-06 15:38:40 | INFO     |   🔧 보정 [28일]: 'CIO' → '<10'
2025-11-06 15:38:40 | INFO     |   🔧 보정 [0일]: '8.3X105' → '8.3×10^5'
2025-11-06 15:38:40 | INFO     |   🔧 보정 [0일]: '3.8X104' → '3.8×10^4'
2025-11-06 15:38:40 | INFO     |   🔧 보정 [0일]: '5.7X104' → '5.7×10^4'
2025-11-06 15:38:40 | INFO     |   🔧 보정 [7일]: '< 1-6x107' → '<6×10^7'
2025-11-06 15:38:40 | INFO     |   🔧 보정 [28일]: '<102' → '<10^2'
2025-11-06 15:38:40 | INFO     |   🔧 보정 [0일]: '6.0X105' → '6.0×10^5'
2025-11-06 15:38:40 | INFO     |   🔧 보정 [7일]: '€ 102' → '102'
2025-11-06 15:38:40 | INFO     |   🔧 보정 [28일]: 'CIO' → '<10'
2025-11-06 15:38:40 | INFO     |   🔧 보정 [0일]: '8.7X105' → '8.7×10^5'
2025-11-06 15:38:40 | INFO     |   🔧 보정 [28일]: '110' → '<10'
2025-11-06 15:38:40 | INFO     |   🔧 보정 [0일]: '8.3×105' → '8.3×10^5'
2025-11-06 15:38:40 | INFO     |   🔧 보정 [28일]: 'CIO' → '<10'
2025-11-06 15:38:40 | INFO     |   🔧 보정 [0일]: '3.8X104' → '3.8×10^4'
2025-11-06 15:38:40 | INFO     |   🔧 보정 [0일]: '5.7X104' → '5.7×10^4'
2025-11-06 15:38:40 | INFO     |   🔧 보정 [7일]: '9x102 V ( 1 x103' → '9×10^2'
2025-11-06 15:38:40 | INFO     |   🔧 보정 [0일]: '6.0X105' → '6.0×10^5'
2025-11-06 15:38:40 | INFO     |   🔧 보정 [7일]: '<10"' → '<10'
2025-11-06 15:38:40 | INFO     |   🔧 보정 [0일]: '8.7X105' → '8.7×10^5'
2025-11-06 15:38:40 | INFO     |   🔧 보정 [7일]: '2
<10)' → '2 <10)'
2025-11-06 15:38:40 | INFO     |   🔧 보정 [0일]: '8.3X105' → '8.3×10^5'
2025-11-06 15:38:40 | INFO     |   🔧 보정 [7일]: '< 102' → '<10^2'
2025-11-06 15:38:40 | INFO     |   🔧 보정 [0일]: '3.8X104' → '3.8×10^4'
2025-11-06 15:38:40 | INFO     |   🔧 보정 [7일]: '(1X102)' → '1×10^2'
2025-11-06 15:38:40 | INFO     |   🔧 보정 [14일]: 'CIO' → '<10'
2025-11-06 15:38:40 | INFO     |   🔧 보정 [0일]: '5.7X104' → '5.7×10^4'
2025-11-06 15:38:40 | INFO     |   🔧 보정 [7일]: '146/1-4404 54.2×104' → '54.2×10^4'
2025-11-06 15:38:40 | INFO     |   🔧 보정 [14일]: '< 1.3x104 1.98104' → '<1.3×10^4'
2025-11-06 15:38:40 | INFO     |   🔧 보정 [28일]: '(8.4×10) 1.6x104v' → '8.4×10^0'
2025-11-06 15:38:40 | INFO     |   🔧 보정 [0일]: '6.0×105' → '6.0×10^5'
2025-11-06 15:38:40 | INFO     |   🔧 보정 [7일]: '< 102' → '<10^2'
2025-11-06 15:38:40 | INFO     |   🔧 보정 [14일]: 'CIO' → '<10'
2025-11-06 15:38:40 | INFO     |   🔧 보정 [0일]: '8.7X105' → '8.7×10^5'
2025-11-06 15:38:40 | INFO     |   🔧 보정 [14일]: '40' → '<10'
2025-11-06 15:38:40 | INFO     |   🔧 보정 [0일]: '8.3×105' → '8.3×10^5'
2025-11-06 15:38:40 | INFO     |   🔧 보정 [7일]: '< 102' → '<10^2'
2025-11-06 15:38:40 | INFO     |   🔧 보정 [14일]: '40' → '<10'
2025-11-06 15:38:40 | INFO     |   🔧 보정 [0일]: '3.8X104' → '3.8×10^4'
2025-11-06 15:38:40 | INFO     |   🔧 보정 [14일]: '40' → '<10'
2025-11-06 15:38:40 | INFO     |   🔧 보정 [0일]: '5.7X104' → '5.7×10^4'
2025-11-06 15:38:40 | INFO     |   🔧 보정 [7일]: '<4.1×103 1.6 X104V' → '<4.1×10^3'
2025-11-06 15:38:40 | INFO     |   🔧 보정 [14일]: '2×102
<"CIO"' → '2×10^2'
2025-11-06 15:38:40 | INFO     |   🔧 보정 [28일]: '< 102' → '<10^2'
2025-11-06 15:38:40 | INFO     |   🔧 보정 [0일]: '6.0X105' → '6.0×10^5'
2025-11-06 15:38:40 | INFO     |   🔧 보정 [7일]: '4102' → '<10^2'
2025-11-06 15:38:40 | INFO     |   🔧 보정 [28일]: 'CIO' → '<10'
2025-11-06 15:38:40 | INFO     |   🔧 보정 [0일]: '8.7X105' → '8.7×10^5'
2025-11-06 15:38:40 | INFO     |   🔧 보정 [14일]: 'C10' → '<10'
2025-11-06 15:38:40 | INFO     |   🔧 보정 [0일]: '8.3X105' → '8.3×10^5'
2025-11-06 15:38:40 | INFO     |   ℹ️ 7일차 실무 보정: '410' → '<10^2' (일반 기준)
2025-11-06 15:38:40 | INFO     |   🔧 보정 [7일]: '410' → '<10^2'
2025-11-06 15:38:40 | INFO     |   🔧 보정 [14일]: 'C10' → '<10'
2025-11-06 15:38:40 | INFO     |   🔧 보정 [0일]: '3.8X104' → '3.8×10^4'
2025-11-06 15:38:40 | INFO     |   🔧 보정 [14일]: 'CIO' → '<10'
2025-11-06 15:38:40 | INFO     |   🔧 보정 [28일]: '110' → '<10'
2025-11-06 15:38:40 | INFO     |   🔧 보정 [0일]: '5.7X104' → '5.7×10^4'
2025-11-06 15:38:40 | INFO     |   🔧 보정 [7일]: '€1. 6 X 104 3.2 X104' → '6×10^4'
2025-11-06 15:38:40 | INFO     |   🔧 보정 [14일]: '1.1X1047 23 X104' → '1.1×10^47'
2025-11-06 15:38:40 | WARNING  |   ⚠️ 합쳐진 셀 감지: '3.3×103. 6×103' → 첫 번째 값만 사용: '3.3×103'
2025-11-06 15:38:40 | INFO     |   🔧 보정 [28일]: '3.3×103. 6×103' → '3.3×10^3'
2025-11-06 15:38:40 | INFO     |   🔧 보정 [0일]: '6.0X105' → '6.0×10^5'
2025-11-06 15:38:40 | INFO     |   🔧 보정 [14일]: 'C10' → '<10'
2025-11-06 15:38:40 | INFO     |   🔧 보정 [0일]: '8.7X105' → '8.7×10^5'
2025-11-06 15:38:40 | INFO     |   ℹ️ 7일차 실무 보정: '40' → '<10^2' (일반 기준)
2025-11-06 15:38:40 | INFO     |   🔧 보정 [7일]: '40' → '<10^2'
2025-11-06 15:38:40 | INFO     |   🔧 보정 [14일]: 'CIO' → '<10'
2025-11-06 15:38:40 | INFO     |   🔧 보정 [28일]: '410' → '<10'
2025-11-06 15:38:40 | INFO     |   🔧 보정 [0일]: '8.3×105' → '8.3×10^5'
2025-11-06 15:38:40 | INFO     |   🔧 보정 [28일]: '40' → '<10'
2025-11-06 15:38:40 | INFO     |   🔧 보정 [0일]: '3.8X104' → '3.8×10^4'
2025-11-06 15:38:40 | INFO     |   🔧 보정 [28일]: '410' → '<10'
2025-11-06 15:38:40 | INFO     |   🔧 보정 [0일]: '5.7X104' → '5.7×10^4'
2025-11-06 15:38:40 | WARNING  |   ⚠️ 합쳐진 셀 감지: '9.4×1030 (1.2×1040' → 첫 번째 값만 사용: '9.4×1030'
2025-11-06 15:38:40 | INFO     |   🔧 보정 [7일]: '9.4×1030 (1.2×1040' → '9.4×10^30'
2025-11-06 15:38:40 | INFO     |   🔧 보정 [14일]: '(4.2 ×10) 8X103' → '4.2×10^0'
2025-11-06 15:38:40 | INFO     |   🔧 보정 [28일]: '9 x 100' → '9×10^0'
2025-11-06 15:38:40 | INFO     | ✅ 추출된 균주 데이터: 45개
2025-11-06 15:38:40 | INFO     | 
================================================================================
2025-11-06 15:38:40 | INFO     | 📊 데이터 보정 완료
2025-11-06 15:38:40 | INFO     | ================================================================================
2025-11-06 15:38:40 | INFO     | ✅ 균주 순서 정렬 완료: 45개
2025-11-06 15:38:40 | INFO     | ✅ OCR 성공: 45개 균주
2025-11-06 15:38:40 | INFO     | 🗑️ 임시 파일 삭제: C:\Users\goqkr\AppData\Local\Temp\tmpw7n1eqcj.png
2025-11-06 15:38:53 | INFO     | 📋 9개 시험번호 발견: ['25A15I01', '25A15I02', '25A15I03', '25A15I04', '25A15I05', '25A15I06', '25A15I07', '25A15I08', '25A15I09']
2025-11-06 15:38:54 | INFO     | 🔄 25A15I01 처리 중... (5개 행)
2025-11-06 15:38:54 | INFO     | ✅ 시트 생성 완료: 25A15I01
2025-11-06 15:38:54 | INFO     | 📝 시험번호 매핑: E4 = 25A15I01
2025-11-06 15:38:54 | INFO     | 📝 처방번호 매핑: E34 = CCA21201-VAA
2025-11-06 15:38:54 | INFO     | 📝 최종판정 매핑: D30 = 적합
2025-11-06 15:38:54 | INFO     | 📅 날짜 정보 매핑: ['01/15', '01/22', '01/29', '02/12']
2025-11-06 15:38:54 | INFO     | 🦠 E.coli 데이터 매핑 완료
2025-11-06 15:38:54 | INFO     | 🦠 P.aeruginosa 데이터 매핑 완료
2025-11-06 15:38:54 | INFO     | 🦠 S.aureus 데이터 매핑 완료
2025-11-06 15:38:54 | INFO     | 🦠 C.albicans 데이터 매핑 완료
2025-11-06 15:38:54 | INFO     | 🦠 A.brasiliensis 데이터 매핑 완료
2025-11-06 15:38:54 | INFO     | ✅ 총 5개 균주 데이터 매핑 완료
2025-11-06 15:38:54 | INFO     | 🔄 25A15I02 처리 중... (5개 행)
2025-11-06 15:38:54 | INFO     | ✅ 시트 생성 완료: 25A15I02
2025-11-06 15:38:54 | INFO     | 📝 시험번호 매핑: E4 = 25A15I02
2025-11-06 15:38:54 | INFO     | 📝 처방번호 매핑: E34 = CCA14001-MAC
2025-11-06 15:38:54 | INFO     | 📝 최종판정 매핑: D30 = 적합
2025-11-06 15:38:54 | INFO     | 📅 날짜 정보 매핑: ['01/15', '01/22', '01/29', '02/12']
2025-11-06 15:38:54 | INFO     | 🦠 E.coli 데이터 매핑 완료
2025-11-06 15:38:54 | INFO     | 🦠 P.aeruginosa 데이터 매핑 완료
2025-11-06 15:38:54 | INFO     | 🦠 S.aureus 데이터 매핑 완료
2025-11-06 15:38:54 | INFO     | 🦠 C.albicans 데이터 매핑 완료
2025-11-06 15:38:54 | INFO     | 🦠 A.brasiliensis 데이터 매핑 완료
2025-11-06 15:38:54 | INFO     | ✅ 총 5개 균주 데이터 매핑 완료
2025-11-06 15:38:54 | INFO     | 🔄 25A15I03 처리 중... (5개 행)
2025-11-06 15:38:54 | INFO     | ✅ 시트 생성 완료: 25A15I03
2025-11-06 15:38:54 | INFO     | 📝 시험번호 매핑: E4 = 25A15I03
2025-11-06 15:38:54 | INFO     | 📝 처방번호 매핑: E34 = CCA01103-SBF
2025-11-06 15:38:54 | INFO     | 📝 최종판정 매핑: D30 = 적합
2025-11-06 15:38:54 | INFO     | 📅 날짜 정보 매핑: ['01/15', '01/22', '01/29', '02/12']
2025-11-06 15:38:54 | INFO     | 🦠 E.coli 데이터 매핑 완료
2025-11-06 15:38:54 | INFO     | 🦠 P.aeruginosa 데이터 매핑 완료
2025-11-06 15:38:54 | INFO     | 🦠 S.aureus 데이터 매핑 완료
2025-11-06 15:38:54 | INFO     | 🦠 C.albicans 데이터 매핑 완료
2025-11-06 15:38:54 | INFO     | 🦠 A.brasiliensis 데이터 매핑 완료
2025-11-06 15:38:54 | INFO     | ✅ 총 5개 균주 데이터 매핑 완료
2025-11-06 15:38:54 | INFO     | 🔄 25A15I04 처리 중... (5개 행)
2025-11-06 15:38:54 | INFO     | ✅ 시트 생성 완료: 25A15I04
2025-11-06 15:38:54 | INFO     | 📝 시험번호 매핑: E4 = 25A15I04
2025-11-06 15:38:54 | INFO     | 📝 처방번호 매핑: E34 = CCA18002-UAA
2025-11-06 15:38:54 | INFO     | 📝 최종판정 매핑: D30 = 적합
2025-11-06 15:38:54 | INFO     | 📅 날짜 정보 매핑: ['01/15', '01/22', '01/29', '02/12']
2025-11-06 15:38:54 | INFO     | 🦠 E.coli 데이터 매핑 완료
2025-11-06 15:38:54 | INFO     | 🦠 P.aeruginosa 데이터 매핑 완료
2025-11-06 15:38:54 | INFO     | 🦠 S.aureus 데이터 매핑 완료
2025-11-06 15:38:54 | INFO     | 🦠 C.albicans 데이터 매핑 완료
2025-11-06 15:38:54 | INFO     | 🦠 A.brasiliensis 데이터 매핑 완료
2025-11-06 15:38:54 | INFO     | ✅ 총 5개 균주 데이터 매핑 완료
2025-11-06 15:38:54 | INFO     | 🔄 25A15I05 처리 중... (5개 행)
2025-11-06 15:38:54 | INFO     | ✅ 시트 생성 완료: 25A15I05
2025-11-06 15:38:54 | INFO     | 📝 시험번호 매핑: E4 = 25A15I05
2025-11-06 15:38:54 | INFO     | 📝 처방번호 매핑: E34 = CCC02004-AAE
2025-11-06 15:38:54 | INFO     | 📝 최종판정 매핑: D30 = 적합
2025-11-06 15:38:54 | INFO     | 📅 날짜 정보 매핑: ['01/15', '01/22', '01/29', '02/12']
2025-11-06 15:38:54 | INFO     | 🦠 E.coli 데이터 매핑 완료
2025-11-06 15:38:54 | INFO     | 🦠 P.aeruginosa 데이터 매핑 완료
2025-11-06 15:38:54 | INFO     | 🦠 S.aureus 데이터 매핑 완료
2025-11-06 15:38:54 | INFO     | 🦠 C.albicans 데이터 매핑 완료
2025-11-06 15:38:54 | INFO     | 🦠 A.brasiliensis 데이터 매핑 완료
2025-11-06 15:38:54 | INFO     | ✅ 총 5개 균주 데이터 매핑 완료
2025-11-06 15:38:54 | INFO     | 🔄 25A15I06 처리 중... (5개 행)
2025-11-06 15:38:54 | INFO     | ✅ 시트 생성 완료: 25A15I06
2025-11-06 15:38:54 | INFO     | 📝 시험번호 매핑: E4 = 25A15I06
2025-11-06 15:38:54 | INFO     | 📝 처방번호 매핑: E34 = CCC02004-AAE
2025-11-06 15:38:54 | INFO     | 📝 최종판정 매핑: D30 = 부적합
2025-11-06 15:38:54 | INFO     | 📅 날짜 정보 매핑: ['01/15', '01/22', '01/29', '02/12']
2025-11-06 15:38:54 | INFO     | 🦠 E.coli 데이터 매핑 완료
2025-11-06 15:38:54 | INFO     | 🦠 P.aeruginosa 데이터 매핑 완료
2025-11-06 15:38:54 | INFO     | 🦠 S.aureus 데이터 매핑 완료
2025-11-06 15:38:54 | INFO     | 🦠 C.albicans 데이터 매핑 완료
2025-11-06 15:38:54 | INFO     | 🦠 A.brasiliensis 데이터 매핑 완료
2025-11-06 15:38:54 | INFO     | ✅ 총 5개 균주 데이터 매핑 완료
2025-11-06 15:38:54 | INFO     | 🔄 25A15I07 처리 중... (5개 행)
2025-11-06 15:38:54 | INFO     | ✅ 시트 생성 완료: 25A15I07
2025-11-06 15:38:54 | INFO     | 📝 시험번호 매핑: E4 = 25A15I07
2025-11-06 15:38:54 | INFO     | 📝 처방번호 매핑: E34 = CCC02004-AAE
2025-11-06 15:38:54 | INFO     | 📝 최종판정 매핑: D30 = 적합
2025-11-06 15:38:54 | INFO     | 📅 날짜 정보 매핑: ['01/15', '01/22', '01/29', '02/12']
2025-11-06 15:38:54 | INFO     | 🦠 E.coli 데이터 매핑 완료
2025-11-06 15:38:54 | INFO     | 🦠 P.aeruginosa 데이터 매핑 완료
2025-11-06 15:38:54 | INFO     | 🦠 S.aureus 데이터 매핑 완료
2025-11-06 15:38:54 | INFO     | 🦠 C.albicans 데이터 매핑 완료
2025-11-06 15:38:54 | INFO     | 🦠 A.brasiliensis 데이터 매핑 완료
2025-11-06 15:38:54 | INFO     | ✅ 총 5개 균주 데이터 매핑 완료
2025-11-06 15:38:54 | INFO     | 🔄 25A15I08 처리 중... (5개 행)
2025-11-06 15:38:54 | INFO     | ✅ 시트 생성 완료: 25A15I08
2025-11-06 15:38:54 | INFO     | 📝 시험번호 매핑: E4 = 25A15I08
2025-11-06 15:38:54 | INFO     | 📝 처방번호 매핑: E34 = CCC02004-AAE
2025-11-06 15:38:54 | INFO     | 📝 최종판정 매핑: D30 = 적합
2025-11-06 15:38:54 | INFO     | 📅 날짜 정보 매핑: ['01/15', '01/22', '01/29', '02/12']
2025-11-06 15:38:54 | INFO     | 🦠 E.coli 데이터 매핑 완료
2025-11-06 15:38:54 | INFO     | 🦠 P.aeruginosa 데이터 매핑 완료
2025-11-06 15:38:54 | INFO     | 🦠 S.aureus 데이터 매핑 완료
2025-11-06 15:38:54 | INFO     | 🦠 C.albicans 데이터 매핑 완료
2025-11-06 15:38:54 | INFO     | 🦠 A.brasiliensis 데이터 매핑 완료
2025-11-06 15:38:54 | INFO     | ✅ 총 5개 균주 데이터 매핑 완료
2025-11-06 15:38:54 | INFO     | 🔄 25A15I09 처리 중... (5개 행)
2025-11-06 15:38:54 | INFO     | ✅ 시트 생성 완료: 25A15I09
2025-11-06 15:38:54 | INFO     | 📝 시험번호 매핑: E4 = 25A15I09
2025-11-06 15:38:54 | INFO     | 📝 처방번호 매핑: E34 = CCC02004-AAE
2025-11-06 15:38:54 | INFO     | 📝 최종판정 매핑: D30 = 적합
2025-11-06 15:38:54 | INFO     | 📅 날짜 정보 매핑: ['01/15', '01/22', '01/29', '02/12']
2025-11-06 15:38:54 | INFO     | 🦠 E.coli 데이터 매핑 완료
2025-11-06 15:38:54 | INFO     | 🦠 P.aeruginosa 데이터 매핑 완료
2025-11-06 15:38:54 | INFO     | 🦠 S.aureus 데이터 매핑 완료
2025-11-06 15:38:54 | INFO     | 🦠 C.albicans 데이터 매핑 완료
2025-11-06 15:38:54 | INFO     | 🦠 A.brasiliensis 데이터 매핑 완료
2025-11-06 15:38:54 | INFO     | ✅ 총 5개 균주 데이터 매핑 완료
2025-11-06 15:38:55 | INFO     | 💾 Excel 저장 완료: 9개 시트
2025-11-06 15:39:01 | INFO     | 📄 DRM 처리: DRM 처리 완료
2025-11-06 15:39:01 | INFO     | 💾 임시 이미지 저장: C:\Users\goqkr\AppData\Local\Temp\tmp8uv5nd3o.png
2025-11-06 15:39:01 | INFO     | ✅ Azure Document Intelligence 연결 완료
2025-11-06 15:39:01 | INFO     | 📍 엔드포인트: https://kolmar-ai-docuintelli-fingerpoint-ai.cognitiveservices.azure.com/
2025-11-06 15:39:01 | INFO     | 🐛 디버그 모드 활성화
2025-11-06 15:39:01 | INFO     | 
🔍 이미지 분석 시작: tmp8uv5nd3o.png
2025-11-06 15:39:01 | INFO     | 📊 테이블 구조 분석 중...
2025-11-06 15:39:09 | INFO     | 📋 감지된 테이블 수: 1
2025-11-06 15:39:09 | INFO     |   테이블 0: 50행 x 9열
2025-11-06 15:39:09 | INFO     | ✅ 선택된 테이블: 50행 x 9열
2025-11-06 15:39:09 | INFO     | 
📅 날짜 정보 추출 시도
2025-11-06 15:39:09 | INFO     |   행 0: 발견된 날짜 0개
2025-11-06 15:39:09 | INFO     |   행 1: 발견된 날짜 0개
2025-11-06 15:39:09 | INFO     |   행 2: 발견된 날짜 0개
2025-11-06 15:39:09 | INFO     |   행 3: 발견된 날짜 0개
2025-11-06 15:39:09 | INFO     |   행 4: 발견된 날짜 0개
2025-11-06 15:39:09 | INFO     |   ⚠️ 4개 날짜를 찾지 못함. 단일 날짜 기반 계산 시도
2025-11-06 15:39:09 | WARNING  | ⚠️ 날짜 정보 없음
2025-11-06 15:39:09 | INFO     | 
🦠 균주 데이터 추출 시작
2025-11-06 15:39:09 | INFO     |   ⚠️ 헤더 행 추정 (균주 키워드): 행 0
2025-11-06 15:39:09 | INFO     | 📍 헤더 행: 0
2025-11-06 15:39:09 | INFO     |   ✅ 균주 컬럼 감지: Col_1
2025-11-06 15:39:09 | INFO     |   🔧 Specification 컬럼 추론: Col_2 (값 패턴 기반)
2025-11-06 15:39:09 | INFO     |   📍 CFU 시작 위치: Col_3 (Specification 건너뜀)
2025-11-06 15:39:09 | INFO     | 📋 컬럼 매핑: {'strain_col': 1, 'specification_col': 2, 'cfu_0_col': 3, 'cfu_7_col': 4, 'cfu_14_col': 5, 'cfu_28_col': 6, 'judgment_col': 7, 'final_judgment_col': 8}
2025-11-06 15:39:09 | INFO     | 
================================================================================
2025-11-06 15:39:09 | INFO     | 🐛 디버그: 테이블 구조 상세 분석
2025-11-06 15:39:09 | INFO     | ================================================================================
2025-11-06 15:39:09 | INFO     | 
📋 1. 테이블 매트릭스 (전체)
2025-11-06 15:39:09 | INFO     | --------------------------------------------------------------------------------
2025-11-06 15:39:09 | INFO     | 
행 0:
2025-11-06 15:39:09 | INFO     |   Col_0: '디밀-레뜨레 듀얼 핏 컨실러 1.5호 스팟(노 란끼 DOWN) LA199'
2025-11-06 15:39:09 | INFO     |   Col_1: 'E.coli'
2025-11-06 15:39:09 | INFO     |   Col_2: '≤3'
2025-11-06 15:39:09 | INFO     |   Col_3: '6.0X105'
2025-11-06 15:39:09 | INFO     |   Col_4: 'LION'
2025-11-06 15:39:09 | INFO     |   Col_5: 'CIO'
2025-11-06 15:39:09 | INFO     |   Col_6: '<10'
2025-11-06 15:39:09 | INFO     |   Col_7: '0'
2025-11-06 15:39:09 | INFO     |   Col_8: ':unselected:'
2025-11-06 15:39:09 | INFO     | 
행 1:
2025-11-06 15:39:09 | INFO     |   Col_1: 'P.aeruginosa'
2025-11-06 15:39:09 | INFO     |   Col_3: '8.7X105'
2025-11-06 15:39:09 | INFO     |   Col_4: ''
2025-11-06 15:39:09 | INFO     |   Col_5: '410'
2025-11-06 15:39:09 | INFO     |   Col_6: '40'
2025-11-06 15:39:09 | INFO     |   Col_7: '0'
2025-11-06 15:39:09 | INFO     | 
행 2:
2025-11-06 15:39:09 | INFO     |   Col_1: 'S.aureus'
2025-11-06 15:39:09 | INFO     |   Col_3: '8.3X105'
2025-11-06 15:39:09 | INFO     |   Col_4: ''
2025-11-06 15:39:09 | INFO     |   Col_5: '40'
2025-11-06 15:39:09 | INFO     |   Col_6: '40'
2025-11-06 15:39:09 | INFO     |   Col_7: '0'
2025-11-06 15:39:09 | INFO     | 
행 3:
2025-11-06 15:39:09 | INFO     |   Col_1: 'C.albicans'
2025-11-06 15:39:09 | INFO     |   Col_2: '≤1'
2025-11-06 15:39:09 | INFO     |   Col_3: '3.8X104'
2025-11-06 15:39:09 | INFO     |   Col_4: 'LION,'
2025-11-06 15:39:09 | INFO     |   Col_5: '40'
2025-11-06 15:39:09 | INFO     |   Col_6: '40'
2025-11-06 15:39:09 | INFO     |   Col_7: '0'
2025-11-06 15:39:09 | INFO     | 
행 4:
2025-11-06 15:39:09 | INFO     |   Col_1: 'A.brasiliensis'
2025-11-06 15:39:09 | INFO     |   Col_2: '50c'
2025-11-06 15:39:09 | INFO     |   Col_3: '5.7X104'
2025-11-06 15:39:09 | INFO     |   Col_4: 'くち、ち入10 ?! 1.4 X104'
2025-11-06 15:39:09 | INFO     |   Col_5: '< 4×102 1×103'
2025-11-06 15:39:09 | INFO     |   Col_6: '6102'
2025-11-06 15:39:09 | INFO     |   Col_7: '5'
2025-11-06 15:39:09 | INFO     | 
행 5:
2025-11-06 15:39:09 | INFO     |   Col_0: 'KUX-MKG- CASR(F)-KNK 조제 씨큐몽앰플세럼 NGE1792-'
2025-11-06 15:39:09 | INFO     |   Col_1: 'E.coli'
2025-11-06 15:39:09 | INFO     |   Col_2: '≤3'
2025-11-06 15:39:09 | INFO     |   Col_3: '6.0X105'
2025-11-06 15:39:09 | INFO     |   Col_4: ''
2025-11-06 15:39:09 | INFO     |   Col_5: '410'
2025-11-06 15:39:09 | INFO     |   Col_6: '40'
2025-11-06 15:39:09 | INFO     |   Col_7: '0'
2025-11-06 15:39:09 | INFO     |   Col_8: '0
:selected:'
2025-11-06 15:39:09 | INFO     | 
행 6:
2025-11-06 15:39:09 | INFO     |   Col_1: 'P.aeruginosa'
2025-11-06 15:39:09 | INFO     |   Col_3: '8.7X105'
2025-11-06 15:39:09 | INFO     |   Col_4: '402'
2025-11-06 15:39:09 | INFO     |   Col_5: '40'
2025-11-06 15:39:09 | INFO     |   Col_6: '40'
2025-11-06 15:39:09 | INFO     |   Col_7: '0'
2025-11-06 15:39:09 | INFO     | 
행 7:
2025-11-06 15:39:09 | INFO     |   Col_1: 'S.aureus'
2025-11-06 15:39:09 | INFO     |   Col_3: '8.3X105'
2025-11-06 15:39:09 | INFO     |   Col_4: '402'
2025-11-06 15:39:09 | INFO     |   Col_5: '40'
2025-11-06 15:39:09 | INFO     |   Col_6: '40'
2025-11-06 15:39:09 | INFO     |   Col_7: '0'
2025-11-06 15:39:09 | INFO     | 
행 8:
2025-11-06 15:39:09 | INFO     |   Col_1: 'C.albicans'
2025-11-06 15:39:09 | INFO     |   Col_2: '≤1'
2025-11-06 15:39:09 | INFO     |   Col_3: '3.8X104'
2025-11-06 15:39:09 | INFO     |   Col_4: '4102'
2025-11-06 15:39:09 | INFO     |   Col_5: '(MI-2X12)'
2025-11-06 15:39:09 | INFO     |   Col_6: '40'
2025-11-06 15:39:09 | INFO     |   Col_7: 'C'
2025-11-06 15:39:09 | INFO     | 
행 9:
2025-11-06 15:39:09 | INFO     |   Col_1: 'A.brasiliensis'
2025-11-06 15:39:09 | INFO     |   Col_2: '50c'
2025-11-06 15:39:09 | INFO     |   Col_3: '5.7X104'
2025-11-06 15:39:09 | INFO     |   Col_4: 'zion'
2025-11-06 15:39:09 | INFO     |   Col_5: '4102'
2025-11-06 15:39:09 | INFO     |   Col_6: '402'
2025-11-06 15:39:09 | INFO     |   Col_7: '0'
2025-11-06 15:39:09 | INFO     | 
행 10:
2025-11-06 15:39:09 | INFO     |   Col_0: 'HNG_엠티엠코 파운데이션 23호 HMFF0003-BBB 25A15112'
2025-11-06 15:39:09 | INFO     |   Col_1: 'E.coli'
2025-11-06 15:39:09 | INFO     |   Col_2: '53'
2025-11-06 15:39:09 | INFO     |   Col_3: '6.0X105'
2025-11-06 15:39:09 | INFO     |   Col_4: 'CI02'
2025-11-06 15:39:09 | INFO     |   Col_5: '40'
2025-11-06 15:39:09 | INFO     |   Col_6: '/10'
2025-11-06 15:39:09 | INFO     |   Col_7: '0'
2025-11-06 15:39:09 | INFO     |   Col_8: '(A·b 4주 약함.'
2025-11-06 15:39:09 | INFO     | 
행 11:
2025-11-06 15:39:09 | INFO     |   Col_1: 'P.aeruginosa'
2025-11-06 15:39:09 | INFO     |   Col_3: '8.7X105'
2025-11-06 15:39:09 | INFO     |   Col_4: '40L'
2025-11-06 15:39:09 | INFO     |   Col_5: '40'
2025-11-06 15:39:09 | INFO     |   Col_6: '40'
2025-11-06 15:39:09 | INFO     |   Col_7: '0'
2025-11-06 15:39:09 | INFO     | 
행 12:
2025-11-06 15:39:09 | INFO     |   Col_1: 'S.aureus'
2025-11-06 15:39:09 | INFO     |   Col_3: '8.3X105'
2025-11-06 15:39:09 | INFO     |   Col_4: '402'
2025-11-06 15:39:09 | INFO     |   Col_5: '40'
2025-11-06 15:39:09 | INFO     |   Col_6: ''
2025-11-06 15:39:09 | INFO     |   Col_7: '0'
2025-11-06 15:39:09 | INFO     | 
행 13:
2025-11-06 15:39:09 | INFO     |   Col_1: 'C.albicans'
2025-11-06 15:39:09 | INFO     |   Col_2: '≤1'
2025-11-06 15:39:09 | INFO     |   Col_3: '3.8X104'
2025-11-06 15:39:09 | INFO     |   Col_4: 'CIO2'
2025-11-06 15:39:09 | INFO     |   Col_5: '40'
2025-11-06 15:39:09 | INFO     |   Col_6: '610'
2025-11-06 15:39:09 | INFO     |   Col_7: '0'
2025-11-06 15:39:09 | INFO     | 
행 14:
2025-11-06 15:39:09 | INFO     |   Col_1: 'A.brasiliensis'
2025-11-06 15:39:09 | INFO     |   Col_2: '50c'
2025-11-06 15:39:09 | INFO     |   Col_3: '5.7X104'
2025-11-06 15:39:09 | INFO     |   Col_4: '204 / 2.0×104 52.7×104'
2025-11-06 15:39:09 | INFO     |   Col_5: '74, 1.9 x103 <12.9 × 104'
2025-11-06 15:39:09 | INFO     |   Col_6: 'Y 4.8 NO3 5x103'
2025-11-06 15:39:09 | INFO     |   Col_7: '0'
2025-11-06 15:39:09 | INFO     | 
행 15:
2025-11-06 15:39:09 | INFO     |   Col_0: '안정도 검토 타가 아토 세라 비 타 크림 밤 AB2880-01GC 25A'
2025-11-06 15:39:09 | INFO     |   Col_1: 'E.coli'
2025-11-06 15:39:09 | INFO     |   Col_2: '≤3'
2025-11-06 15:39:09 | INFO     |   Col_3: '6.0X105'
2025-11-06 15:39:09 | INFO     |   Col_4: ''
2025-11-06 15:39:09 | INFO     |   Col_5: '40'
2025-11-06 15:39:09 | INFO     |   Col_6: '40'
2025-11-06 15:39:09 | INFO     |   Col_7: '0'
2025-11-06 15:39:09 | INFO     |   Col_8: '0'
2025-11-06 15:39:09 | INFO     | 
행 16:
2025-11-06 15:39:09 | INFO     |   Col_1: 'P.aeruginosa'
2025-11-06 15:39:09 | INFO     |   Col_3: '8.7X105'
2025-11-06 15:39:09 | INFO     |   Col_4: '4102'
2025-11-06 15:39:09 | INFO     |   Col_5: '40'
2025-11-06 15:39:09 | INFO     |   Col_6: '410'
2025-11-06 15:39:09 | INFO     |   Col_7: '0'
2025-11-06 15:39:09 | INFO     | 
행 17:
2025-11-06 15:39:09 | INFO     |   Col_1: 'S.aureus'
2025-11-06 15:39:09 | INFO     |   Col_3: '8.3X105'
2025-11-06 15:39:09 | INFO     |   Col_4: '402'
2025-11-06 15:39:09 | INFO     |   Col_5: 'C10'
2025-11-06 15:39:09 | INFO     |   Col_6: '410'
2025-11-06 15:39:09 | INFO     |   Col_7: '0 :unselected:'
2025-11-06 15:39:09 | INFO     | 
행 18:
2025-11-06 15:39:09 | INFO     |   Col_1: 'C.albicans'
2025-11-06 15:39:09 | INFO     |   Col_2: '≤1'
2025-11-06 15:39:09 | INFO     |   Col_3: '3.8X104'
2025-11-06 15:39:09 | INFO     |   Col_4: 'C102'
2025-11-06 15:39:09 | INFO     |   Col_5: '(MIXIO)'
2025-11-06 15:39:09 | INFO     |   Col_6: ''
2025-11-06 15:39:09 | INFO     |   Col_7: '0'
2025-11-06 15:39:09 | INFO     | 
행 19:
2025-11-06 15:39:09 | INFO     |   Col_1: 'A.brasiliensis'
2025-11-06 15:39:09 | INFO     |   Col_2: '50'
2025-11-06 15:39:09 | INFO     |   Col_3: '5.7X104'
2025-11-06 15:39:09 | INFO     |   Col_4: '(cion CIO2'
2025-11-06 15:39:09 | INFO     |   Col_5: '(102'
2025-11-06 15:39:09 | INFO     |   Col_6: 'CI02'
2025-11-06 15:39:09 | INFO     |   Col_7: '0'
2025-11-06 15:39:09 | INFO     | 
행 20:
2025-11-06 15:39:09 | INFO     |   Col_0: '인터오리진아이엔 씨 - AZH 멀티크림 NWC1560-A1A 25A151'
2025-11-06 15:39:09 | INFO     |   Col_1: 'E.coli'
2025-11-06 15:39:09 | INFO     |   Col_2: '≤3'
2025-11-06 15:39:09 | INFO     |   Col_3: '6.0X105'
2025-11-06 15:39:09 | INFO     |   Col_4: '400'
2025-11-06 15:39:09 | INFO     |   Col_5: '410'
2025-11-06 15:39:09 | INFO     |   Col_6: '40'
2025-11-06 15:39:09 | INFO     |   Col_7: 'C'
2025-11-06 15:39:09 | INFO     |   Col_8: '0'
2025-11-06 15:39:09 | INFO     | 
행 21:
2025-11-06 15:39:09 | INFO     |   Col_1: 'P.aeruginosa'
2025-11-06 15:39:09 | INFO     |   Col_3: '8.7X105'
2025-11-06 15:39:09 | INFO     |   Col_4: '4100'
2025-11-06 15:39:09 | INFO     |   Col_5: '40'
2025-11-06 15:39:09 | INFO     |   Col_6: '40'
2025-11-06 15:39:09 | INFO     |   Col_7: '0 :selected:'
2025-11-06 15:39:09 | INFO     | 
행 22:
2025-11-06 15:39:09 | INFO     |   Col_1: 'S.aureus'
2025-11-06 15:39:09 | INFO     |   Col_3: '8.3X105'
2025-11-06 15:39:09 | INFO     |   Col_4: '4102'
2025-11-06 15:39:09 | INFO     |   Col_5: '410'
2025-11-06 15:39:09 | INFO     |   Col_6: '40'
2025-11-06 15:39:09 | INFO     |   Col_7: 'C'
2025-11-06 15:39:09 | INFO     | 
행 23:
2025-11-06 15:39:09 | INFO     |   Col_1: 'C.albicans'
2025-11-06 15:39:09 | INFO     |   Col_2: '≤1'
2025-11-06 15:39:09 | INFO     |   Col_3: '3.8X104'
2025-11-06 15:39:09 | INFO     |   Col_4: '(102'
2025-11-06 15:39:09 | INFO     |   Col_5: '40'
2025-11-06 15:39:09 | INFO     |   Col_6: 'CIO'
2025-11-06 15:39:09 | INFO     |   Col_7: '0'
2025-11-06 15:39:09 | INFO     | 
행 24:
2025-11-06 15:39:09 | INFO     |   Col_1: 'A.brasiliensis'
2025-11-06 15:39:09 | INFO     |   Col_2: '50°'
2025-11-06 15:39:09 | INFO     |   Col_3: '5.7X104'
2025-11-06 15:39:09 | INFO     |   Col_4: ''
2025-11-06 15:39:09 | INFO     |   Col_5: ''
2025-11-06 15:39:09 | INFO     |   Col_6: '40L'
2025-11-06 15:39:09 | INFO     |   Col_7: '0'
2025-11-06 15:39:09 | INFO     | 
행 25:
2025-11-06 15:39:09 | INFO     |   Col_0: '유무기 선크림 CTCC1708-S 25A15115 w/0'
2025-11-06 15:39:09 | INFO     |   Col_1: 'E.coli'
2025-11-06 15:39:09 | INFO     |   Col_2: '≤3'
2025-11-06 15:39:09 | INFO     |   Col_3: '6.0X105'
2025-11-06 15:39:09 | INFO     |   Col_4: '5102'
2025-11-06 15:39:09 | INFO     |   Col_5: ''
2025-11-06 15:39:09 | INFO     |   Col_6: '<10'
2025-11-06 15:39:09 | INFO     |   Col_7: '0'
2025-11-06 15:39:09 | INFO     |   Col_8: '0 CAb 4주 약함'
2025-11-06 15:39:09 | INFO     | 
행 26:
2025-11-06 15:39:09 | INFO     |   Col_1: 'P.aeruginosa'
2025-11-06 15:39:09 | INFO     |   Col_3: '8.7X105'
2025-11-06 15:39:09 | INFO     |   Col_4: '<102'
2025-11-06 15:39:09 | INFO     |   Col_5: '<10'
2025-11-06 15:39:09 | INFO     |   Col_6: '<10'
2025-11-06 15:39:09 | INFO     |   Col_7: '0'
2025-11-06 15:39:09 | INFO     | 
행 27:
2025-11-06 15:39:09 | INFO     |   Col_1: 'S.aureus'
2025-11-06 15:39:09 | INFO     |   Col_3: '8.3X105'
2025-11-06 15:39:09 | INFO     |   Col_4: '<102'
2025-11-06 15:39:09 | INFO     |   Col_5: ''
2025-11-06 15:39:09 | INFO     |   Col_6: '< 10'
2025-11-06 15:39:09 | INFO     |   Col_7: '0'
2025-11-06 15:39:09 | INFO     | 
행 28:
2025-11-06 15:39:09 | INFO     |   Col_1: 'C.albicans'
2025-11-06 15:39:09 | INFO     |   Col_2: '≤1'
2025-11-06 15:39:09 | INFO     |   Col_3: '3.8X104'
2025-11-06 15:39:09 | INFO     |   Col_4: 'SI02 2'
2025-11-06 15:39:09 | INFO     |   Col_5: '(10'
2025-11-06 15:39:09 | INFO     |   Col_6: '<10'
2025-11-06 15:39:09 | INFO     |   Col_7: '0'
2025-11-06 15:39:09 | INFO     | 
행 29:
2025-11-06 15:39:09 | INFO     |   Col_1: 'A.brasiliensis'
2025-11-06 15:39:09 | INFO     |   Col_2: '50°'
2025-11-06 15:39:09 | INFO     |   Col_3: '5.7X104'
2025-11-06 15:39:09 | INFO     |   Col_4: '5 8-4x10 3.8 x 10%'
2025-11-06 15:39:09 | INFO     |   Col_5: '1.4810 1-2 X10'
2025-11-06 15:39:09 | INFO     |   Col_6: '<3.2x107V 2×10"'
2025-11-06 15:39:09 | INFO     |   Col_7: 'O'
2025-11-06 15:39:09 | INFO     | 
행 30:
2025-11-06 15:39:09 | INFO     |   Col_0: '오브제 포어제로 올인원 CA2857-F1CA 25A15116'
2025-11-06 15:39:09 | INFO     |   Col_1: 'E.coli'
2025-11-06 15:39:09 | INFO     |   Col_2: '≤3'
2025-11-06 15:39:09 | INFO     |   Col_3: '6.0X105'
2025-11-06 15:39:09 | INFO     |   Col_4: 'Clo2'
2025-11-06 15:39:09 | INFO     |   Col_5: '((X10)'
2025-11-06 15:39:09 | INFO     |   Col_6: '(10'
2025-11-06 15:39:09 | INFO     |   Col_7: '0'
2025-11-06 15:39:09 | INFO     |   Col_8: '0
:selected:'
2025-11-06 15:39:09 | INFO     | 
행 31:
2025-11-06 15:39:09 | INFO     |   Col_1: 'P.aeruginosa'
2025-11-06 15:39:09 | INFO     |   Col_3: '8.7X105'
2025-11-06 15:39:09 | INFO     |   Col_4: '< 102'
2025-11-06 15:39:09 | INFO     |   Col_5: '510'
2025-11-06 15:39:09 | INFO     |   Col_6: '<10'
2025-11-06 15:39:09 | INFO     |   Col_7: '0'
2025-11-06 15:39:09 | INFO     | 
행 32:
2025-11-06 15:39:09 | INFO     |   Col_1: 'S.aureus'
2025-11-06 15:39:09 | INFO     |   Col_3: '8.3X105'
2025-11-06 15:39:09 | INFO     |   Col_4: '<102'
2025-11-06 15:39:09 | INFO     |   Col_5: 'SiMIXIO,'
2025-11-06 15:39:09 | INFO     |   Col_6: '<10'
2025-11-06 15:39:09 | INFO     |   Col_7: '0'
2025-11-06 15:39:09 | INFO     | 
행 33:
2025-11-06 15:39:09 | INFO     |   Col_1: 'C.albicans'
2025-11-06 15:39:09 | INFO     |   Col_2: 'SI'
2025-11-06 15:39:09 | INFO     |   Col_3: '3.8X104'
2025-11-06 15:39:09 | INFO     |   Col_4: ''
2025-11-06 15:39:09 | INFO     |   Col_5: '<10'
2025-11-06 15:39:09 | INFO     |   Col_6: '<10'
2025-11-06 15:39:09 | INFO     |   Col_7: '0'
2025-11-06 15:39:09 | INFO     | 
행 34:
2025-11-06 15:39:09 | INFO     |   Col_1: 'A.brasiliensis'
2025-11-06 15:39:09 | INFO     |   Col_2: '50°'
2025-11-06 15:39:09 | INFO     |   Col_3: '5.7X104'
2025-11-06 15:39:09 | INFO     |   Col_4: '< < 10"'
2025-11-06 15:39:09 | INFO     |   Col_5: '·< 102'
2025-11-06 15:39:09 | INFO     |   Col_6: ''
2025-11-06 15:39:09 | INFO     |   Col_7: '0'
2025-11-06 15:39:09 | INFO     | 
행 35:
2025-11-06 15:39:09 | INFO     |   Col_0: '에센셜 물 결 크림 ABC2827-K 25A15117'
2025-11-06 15:39:09 | INFO     |   Col_1: 'E.coli'
2025-11-06 15:39:09 | INFO     |   Col_2: '53'
2025-11-06 15:39:09 | INFO     |   Col_3: '6.0X105'
2025-11-06 15:39:09 | INFO     |   Col_4: '(102'
2025-11-06 15:39:09 | INFO     |   Col_5: '510'
2025-11-06 15:39:09 | INFO     |   Col_6: '<10'
2025-11-06 15:39:09 | INFO     |   Col_7: '0'
2025-11-06 15:39:09 | INFO     |   Col_8: '0'
2025-11-06 15:39:09 | INFO     | 
행 36:
2025-11-06 15:39:09 | INFO     |   Col_1: 'P.aeruginosa'
2025-11-06 15:39:09 | INFO     |   Col_3: '8.7X105'
2025-11-06 15:39:09 | INFO     |   Col_4: '<10"'
2025-11-06 15:39:09 | INFO     |   Col_5: '(1X10)'
2025-11-06 15:39:09 | INFO     |   Col_6: 'C10'
2025-11-06 15:39:09 | INFO     |   Col_7: '0'
2025-11-06 15:39:09 | INFO     | 
행 37:
2025-11-06 15:39:09 | INFO     |   Col_1: 'S.aureus'
2025-11-06 15:39:09 | INFO     |   Col_3: '8.3X105'
2025-11-06 15:39:09 | INFO     |   Col_4: '<102'
2025-11-06 15:39:09 | INFO     |   Col_5: '<10'
2025-11-06 15:39:09 | INFO     |   Col_6: '<10'
2025-11-06 15:39:09 | INFO     |   Col_7: '0'
2025-11-06 15:39:09 | INFO     | 
행 38:
2025-11-06 15:39:09 | INFO     |   Col_1: 'C.albicans'
2025-11-06 15:39:09 | INFO     |   Col_2: '≤1'
2025-11-06 15:39:09 | INFO     |   Col_3: '3.8X104'
2025-11-06 15:39:09 | INFO     |   Col_4: '(102 2'
2025-11-06 15:39:09 | INFO     |   Col_5: '510'
2025-11-06 15:39:09 | INFO     |   Col_6: '<10'
2025-11-06 15:39:09 | INFO     |   Col_7: '0'
2025-11-06 15:39:09 | INFO     | 
행 39:
2025-11-06 15:39:09 | INFO     |   Col_1: 'A.brasiliensis'
2025-11-06 15:39:09 | INFO     |   Col_2: '50c'
2025-11-06 15:39:09 | INFO     |   Col_3: '5.7X104'
2025-11-06 15:39:09 | INFO     |   Col_4: '< < 103 210'
2025-11-06 15:39:09 | INFO     |   Col_5: '<102'
2025-11-06 15:39:09 | INFO     |   Col_6: '< 102'
2025-11-06 15:39:09 | INFO     |   Col_7: '0'
2025-11-06 15:39:09 | INFO     | 
행 40:
2025-11-06 15:39:09 | INFO     |   Col_0: '남자로션 (HERA 타겟) CA3018-M 25A15118'
2025-11-06 15:39:09 | INFO     |   Col_1: 'E.coli'
2025-11-06 15:39:09 | INFO     |   Col_2: '≤3'
2025-11-06 15:39:09 | INFO     |   Col_3: '6.0X105'
2025-11-06 15:39:09 | INFO     |   Col_4: '(12'
2025-11-06 15:39:09 | INFO     |   Col_5: '<10'
2025-11-06 15:39:09 | INFO     |   Col_6: '<10'
2025-11-06 15:39:09 | INFO     |   Col_7: '0'
2025-11-06 15:39:09 | INFO     |   Col_8: '0
:selected:'
2025-11-06 15:39:09 | INFO     | 
행 41:
2025-11-06 15:39:09 | INFO     |   Col_1: 'P.aeruginosa'
2025-11-06 15:39:09 | INFO     |   Col_3: '8.7X105'
2025-11-06 15:39:09 | INFO     |   Col_4: '(102'
2025-11-06 15:39:09 | INFO     |   Col_5: '(MIX10)'
2025-11-06 15:39:09 | INFO     |   Col_6: '< 10'
2025-11-06 15:39:09 | INFO     |   Col_7: '0'
2025-11-06 15:39:09 | INFO     | 
행 42:
2025-11-06 15:39:09 | INFO     |   Col_1: 'S.aureus'
2025-11-06 15:39:09 | INFO     |   Col_3: '8.3X105'
2025-11-06 15:39:09 | INFO     |   Col_4: 'C102'
2025-11-06 15:39:09 | INFO     |   Col_5: '<10'
2025-11-06 15:39:09 | INFO     |   Col_6: '(10'
2025-11-06 15:39:09 | INFO     |   Col_7: '0'
2025-11-06 15:39:09 | INFO     | 
행 43:
2025-11-06 15:39:09 | INFO     |   Col_1: 'C.albicans'
2025-11-06 15:39:09 | INFO     |   Col_2: '≤1'
2025-11-06 15:39:09 | INFO     |   Col_3: '3.8X104'
2025-11-06 15:39:09 | INFO     |   Col_4: '5102'
2025-11-06 15:39:09 | INFO     |   Col_5: '(10'
2025-11-06 15:39:09 | INFO     |   Col_6: '< 10'
2025-11-06 15:39:09 | INFO     |   Col_7: '0'
2025-11-06 15:39:09 | INFO     | 
행 44:
2025-11-06 15:39:09 | INFO     |   Col_1: 'A.brasiliensis'
2025-11-06 15:39:09 | INFO     |   Col_2: '50€'
2025-11-06 15:39:09 | INFO     |   Col_3: '5.7X104'
2025-11-06 15:39:09 | INFO     |   Col_4: '103'
2025-11-06 15:39:09 | INFO     |   Col_5: '< 10"'
2025-11-06 15:39:09 | INFO     |   Col_6: '(102'
2025-11-06 15:39:09 | INFO     |   Col_7: '0'
2025-11-06 15:39:09 | INFO     | 
행 45:
2025-11-06 15:39:09 | INFO     |   Col_0: '라메르 크림 타겟 WC2027-E 25A15119 w/o +'
2025-11-06 15:39:09 | INFO     |   Col_1: 'E.coli'
2025-11-06 15:39:09 | INFO     |   Col_2: '≤3'
2025-11-06 15:39:09 | INFO     |   Col_3: '6.0X105'
2025-11-06 15:39:09 | INFO     |   Col_4: 'C102'
2025-11-06 15:39:09 | INFO     |   Col_5: '<10'
2025-11-06 15:39:09 | INFO     |   Col_6: '40'
2025-11-06 15:39:09 | INFO     |   Col_7: '0'
2025-11-06 15:39:09 | INFO     |   Col_8: '부적합 (s.a 17) (A.b 42)'
2025-11-06 15:39:09 | INFO     | 
행 46:
2025-11-06 15:39:09 | INFO     |   Col_1: 'P.aeruginosa'
2025-11-06 15:39:09 | INFO     |   Col_3: '8.7X105'
2025-11-06 15:39:09 | INFO     |   Col_4: '45102'
2025-11-06 15:39:09 | INFO     |   Col_5: '(10'
2025-11-06 15:39:09 | INFO     |   Col_6: 'C10'
2025-11-06 15:39:09 | INFO     |   Col_7: '0
:selected:'
2025-11-06 15:39:09 | INFO     | 
행 47:
2025-11-06 15:39:09 | INFO     |   Col_1: 'S.aureus'
2025-11-06 15:39:09 | INFO     |   Col_3: '8.3X105'
2025-11-06 15:39:09 | INFO     |   Col_4: '1.0X 10"'
2025-11-06 15:39:09 | INFO     |   Col_5: '<0)'
2025-11-06 15:39:09 | INFO     |   Col_6: '410'
2025-11-06 15:39:09 | INFO     |   Col_7: 'X
:selected:'
2025-11-06 15:39:09 | INFO     | 
행 48:
2025-11-06 15:39:09 | INFO     |   Col_1: 'C.albicans'
2025-11-06 15:39:09 | INFO     |   Col_2: '≤1'
2025-11-06 15:39:09 | INFO     |   Col_3: '3.8X104'
2025-11-06 15:39:09 | INFO     |   Col_4: '<102'
2025-11-06 15:39:09 | INFO     |   Col_5: '1X10'
2025-11-06 15:39:09 | INFO     |   Col_6: '210'
2025-11-06 15:39:09 | INFO     |   Col_7: '0
:selected:'
2025-11-06 15:39:09 | INFO     | 
행 49:
2025-11-06 15:39:09 | INFO     |   Col_1: 'A.brasiliensis'
2025-11-06 15:39:09 | INFO     |   Col_2: '50c'
2025-11-06 15:39:09 | INFO     |   Col_3: '5.7X104'
2025-11-06 15:39:09 | INFO     |   Col_4: '2.8X104
1.6×10'
2025-11-06 15:39:09 | INFO     |   Col_5: '6-5×104
1.3×104|'
2025-11-06 15:39:09 | INFO     |   Col_6: '(95X103 9.9x1020'
2025-11-06 15:39:09 | INFO     |   Col_7: 'X
:selected:'
2025-11-06 15:39:09 | INFO     | 
================================================================================
2025-11-06 15:39:09 | INFO     | 📊 2. 컬럼 매핑 상세
2025-11-06 15:39:09 | INFO     | --------------------------------------------------------------------------------
2025-11-06 15:39:09 | INFO     |   strain_col           → Col_1
2025-11-06 15:39:09 | INFO     |   specification_col    → Col_2
2025-11-06 15:39:09 | INFO     |   cfu_0_col            → Col_3
2025-11-06 15:39:09 | INFO     |   cfu_7_col            → Col_4
2025-11-06 15:39:09 | INFO     |   cfu_14_col           → Col_5
2025-11-06 15:39:09 | INFO     |   cfu_28_col           → Col_6
2025-11-06 15:39:09 | INFO     |   judgment_col         → Col_7
2025-11-06 15:39:09 | INFO     |   final_judgment_col   → Col_8
2025-11-06 15:39:09 | INFO     | 
================================================================================
2025-11-06 15:39:09 | INFO     | 🔍 3. Bulk Name 컬럼 찾기
2025-11-06 15:39:09 | INFO     | --------------------------------------------------------------------------------
2025-11-06 15:39:09 | INFO     | ⚠️ Bulk Name 컬럼을 찾을 수 없습니다. Col_0으로 가정
2025-11-06 15:39:09 | INFO     | 
================================================================================
2025-11-06 15:39:09 | INFO     | 📝 4. Bulk Name 컬럼(Col_0) 전체 내용
2025-11-06 15:39:09 | INFO     | --------------------------------------------------------------------------------
2025-11-06 15:39:09 | INFO     | 행  0: '디밀-레뜨레 듀얼 핏 컨실러 1.5호 스팟(노 란끼 DOWN) LA1999-QZ18A 25A15110 W/S +'
2025-11-06 15:39:09 | INFO     | 행  5: 'KUX-MKG- CASR(F)-KNK 조제 씨큐몽앰플세럼 NGE1792-QAF 25A15111'
2025-11-06 15:39:09 | INFO     | 행 10: 'HNG_엠티엠코 파운데이션 23호 HMFF0003-BBB 25A15112 w/ot'
2025-11-06 15:39:09 | INFO     | 행 15: '안정도 검토 타가 아토 세라 비 타 크림 밤 AB2880-01GC 25A15113'
2025-11-06 15:39:09 | INFO     | 행 20: '인터오리진아이엔 씨 - AZH 멀티크림 NWC1560-A1A 25A15114'
2025-11-06 15:39:09 | INFO     | 행 25: '유무기 선크림 CTCC1708-S 25A15115 w/0'
2025-11-06 15:39:09 | INFO     | 행 30: '오브제 포어제로 올인원 CA2857-F1CA 25A15116'
2025-11-06 15:39:09 | INFO     | 행 35: '에센셜 물 결 크림 ABC2827-K 25A15117'
2025-11-06 15:39:09 | INFO     | 행 40: '남자로션 (HERA 타겟) CA3018-M 25A15118'
2025-11-06 15:39:09 | INFO     | 행 45: '라메르 크림 타겟 WC2027-E 25A15119 w/o +'
2025-11-06 15:39:09 | INFO     | 
================================================================================
2025-11-06 15:39:09 | INFO     | 🔬 5. 시험번호/처방번호 패턴 매칭
2025-11-06 15:39:09 | INFO     | --------------------------------------------------------------------------------
2025-11-06 15:39:09 | INFO     | ✅ 행 5: 처방번호 'NGE1792-QAF'
2025-11-06 15:39:09 | INFO     | ✅ 행 10: 처방번호 'HMFF0003-BBB'
2025-11-06 15:39:09 | INFO     | ✅ 행 25: 처방번호 'CTCC1708-S'
2025-11-06 15:39:09 | INFO     | ✅ 행 35: 처방번호 'ABC2827-K'
2025-11-06 15:39:09 | INFO     | ✅ 행 40: 처방번호 'CA3018-M'
2025-11-06 15:39:09 | INFO     | ✅ 행 45: 처방번호 'WC2027-E'
2025-11-06 15:39:09 | INFO     | 
================================================================================
2025-11-06 15:39:09 | INFO     | 🔍 6. 전체 테이블에서 패턴 검색
2025-11-06 15:39:09 | INFO     | --------------------------------------------------------------------------------
2025-11-06 15:39:09 | INFO     | ❌ 시험번호 패턴 매칭 실패
2025-11-06 15:39:09 | INFO     | ✅ 전체 테이블에서 처방번호 발견: ['NGE1792-QAF', 'HMFF0003-BBB', 'CTCC1708-S', 'ABC2827-K', 'CA3018-M', 'WC2027-E', 'NGE1792-QAF', 'HMFF0003-BBB', 'CTCC1708-S', 'ABC2827-K', 'CA3018-M', 'WC2027-E']
2025-11-06 15:39:09 | INFO     | 
================================================================================
2025-11-06 15:39:09 | INFO     | 💡 7. 결론 및 권장사항
2025-11-06 15:39:09 | INFO     | --------------------------------------------------------------------------------
2025-11-06 15:39:09 | INFO     | 
❌ Bulk Name 컬럼에서 시험번호를 찾을 수 없습니다!
2025-11-06 15:39:09 | INFO     | 
✅ Bulk Name 컬럼에서 처방번호 6개 발견:
2025-11-06 15:39:09 | INFO     |    행 5: NGE1792-QAF
2025-11-06 15:39:09 | INFO     |    행 10: HMFF0003-BBB
2025-11-06 15:39:09 | INFO     |    행 25: CTCC1708-S
2025-11-06 15:39:09 | INFO     |    행 35: ABC2827-K
2025-11-06 15:39:09 | INFO     |    행 40: CA3018-M
2025-11-06 15:39:09 | INFO     |    행 45: WC2027-E
2025-11-06 15:39:09 | INFO     | 
================================================================================
2025-11-06 15:39:09 | INFO     |   ✅ 시험번호 발견 (행0): 25A15110 → 25A15I10 (정규화)
2025-11-06 15:39:09 | INFO     |   ✅ 시험번호 발견 (행5): 25A15111 → 25A15I11 (정규화)
2025-11-06 15:39:09 | INFO     |   ✅ 처방번호 발견 (행5): NGE1792-QAF
2025-11-06 15:39:09 | INFO     |   ✅ 시험번호 발견 (행10): 25A15112 → 25A15I12 (정규화)
2025-11-06 15:39:09 | INFO     |   ✅ 처방번호 발견 (행10): HMFF0003-BBB
2025-11-06 15:39:09 | INFO     |   ✅ 시험번호 발견 (행15): 25A15113 → 25A15I13 (정규화)
2025-11-06 15:39:09 | INFO     |   ✅ 시험번호 발견 (행20): 25A15114 → 25A15I14 (정규화)
2025-11-06 15:39:09 | INFO     |   ✅ 시험번호 발견 (행25): 25A15115 → 25A15I15 (정규화)
2025-11-06 15:39:09 | INFO     |   ✅ 처방번호 발견 (행25): CTCC1708-S
2025-11-06 15:39:09 | INFO     |   ✅ 시험번호 발견 (행30): 25A15116 → 25A15I16 (정규화)
2025-11-06 15:39:09 | INFO     |   ✅ 시험번호 발견 (행35): 25A15117 → 25A15I17 (정규화)
2025-11-06 15:39:09 | INFO     |   ✅ 처방번호 발견 (행35): ABC2827-K
2025-11-06 15:39:09 | INFO     |   ✅ 시험번호 발견 (행40): 25A15118 → 25A15I18 (정규화)
2025-11-06 15:39:09 | INFO     |   ✅ 처방번호 발견 (행40): CA3018-M
2025-11-06 15:39:09 | INFO     |   ✅ 시험번호 발견 (행45): 25A15119 → 25A15I19 (정규화)
2025-11-06 15:39:09 | INFO     |   ✅ 처방번호 발견 (행45): WC2027-E
2025-11-06 15:39:09 | INFO     | 📝 시험번호: ['25A15I10', '25A15I11', '25A15I12', '25A15I13', '25A15I14', '25A15I15', '25A15I16', '25A15I17', '25A15I18', '25A15I19']
2025-11-06 15:39:09 | INFO     | 📝 처방번호: ['NGE1792-QAF', 'HMFF0003-BBB', 'CTCC1708-S', 'ABC2827-K', 'CA3018-M', 'WC2027-E']
2025-11-06 15:39:09 | INFO     |   🔧 보정 [0일]: '8.7X105' → '8.7×10^5'
2025-11-06 15:39:09 | INFO     |   🔧 보정 [14일]: '410' → '<10'
2025-11-06 15:39:09 | INFO     |   🔧 보정 [28일]: '40' → '<10'
2025-11-06 15:39:09 | INFO     |   🔧 보정 [0일]: '8.3X105' → '8.3×10^5'
2025-11-06 15:39:09 | INFO     |   🔧 보정 [14일]: '40' → '<10'
2025-11-06 15:39:09 | INFO     |   🔧 보정 [28일]: '40' → '<10'
2025-11-06 15:39:09 | INFO     |   🔧 보정 [0일]: '3.8X104' → '3.8×10^4'
2025-11-06 15:39:09 | INFO     |   🔧 보정 [14일]: '40' → '<10'
2025-11-06 15:39:09 | INFO     |   🔧 보정 [28일]: '40' → '<10'
2025-11-06 15:39:09 | INFO     |   🔧 보정 [0일]: '5.7X104' → '5.7×10^4'
2025-11-06 15:39:09 | INFO     |   🔧 보정 [7일]: 'くち、ち入10 ?! 1.4 X104' → '1.4×10^4'
2025-11-06 15:39:09 | WARNING  |   ⚠️ 합쳐진 셀 감지: '< 4×102 1×103' → 첫 번째 값만 사용: '4×102'
2025-11-06 15:39:09 | INFO     |   🔧 보정 [14일]: '< 4×102 1×103' → '4×10^2'
2025-11-06 15:39:09 | INFO     |   🔧 보정 [0일]: '6.0X105' → '6.0×10^5'
2025-11-06 15:39:09 | INFO     |   🔧 보정 [14일]: '410' → '<10'
2025-11-06 15:39:09 | INFO     |   🔧 보정 [28일]: '40' → '<10'
2025-11-06 15:39:09 | INFO     |   🔧 보정 [0일]: '8.7X105' → '8.7×10^5'
2025-11-06 15:39:09 | INFO     |   🔧 보정 [14일]: '40' → '<10'
2025-11-06 15:39:09 | INFO     |   🔧 보정 [28일]: '40' → '<10'
2025-11-06 15:39:09 | INFO     |   🔧 보정 [0일]: '8.3X105' → '8.3×10^5'
2025-11-06 15:39:09 | INFO     |   🔧 보정 [14일]: '40' → '<10'
2025-11-06 15:39:09 | INFO     |   🔧 보정 [28일]: '40' → '<10'
2025-11-06 15:39:09 | INFO     |   🔧 보정 [0일]: '3.8X104' → '3.8×10^4'
2025-11-06 15:39:09 | INFO     |   🔧 보정 [7일]: '4102' → '<10^2'
2025-11-06 15:39:09 | INFO     |   🔧 보정 [14일]: '(MI-2X12)' → '(MI-2×12)'
2025-11-06 15:39:09 | INFO     |   🔧 보정 [28일]: '40' → '<10'
2025-11-06 15:39:09 | INFO     |   🔧 보정 [0일]: '5.7X104' → '5.7×10^4'
2025-11-06 15:39:09 | INFO     |   🔧 보정 [14일]: '4102' → '<10^2'
2025-11-06 15:39:09 | INFO     |   🔧 보정 [0일]: '6.0X105' → '6.0×10^5'
2025-11-06 15:39:09 | INFO     |   🔧 보정 [14일]: '40' → '<10'
2025-11-06 15:39:09 | INFO     |   🔧 보정 [28일]: '/10' → '<10'
2025-11-06 15:39:09 | INFO     |   🔧 보정 [0일]: '8.7X105' → '8.7×10^5'
2025-11-06 15:39:09 | INFO     |   🔧 보정 [14일]: '40' → '<10'
2025-11-06 15:39:09 | INFO     |   🔧 보정 [28일]: '40' → '<10'
2025-11-06 15:39:09 | INFO     |   🔧 보정 [0일]: '8.3X105' → '8.3×10^5'
2025-11-06 15:39:09 | INFO     |   🔧 보정 [14일]: '40' → '<10'
2025-11-06 15:39:09 | INFO     |   🔧 보정 [0일]: '3.8X104' → '3.8×10^4'
2025-11-06 15:39:09 | INFO     |   🔧 보정 [14일]: '40' → '<10'
2025-11-06 15:39:09 | INFO     |   🔧 보정 [0일]: '5.7X104' → '5.7×10^4'
2025-11-06 15:39:09 | WARNING  |   ⚠️ 합쳐진 셀 감지: '204 / 2.0×104 52.7×104' → 첫 번째 값만 사용: '2.0×104'
2025-11-06 15:39:09 | INFO     |   🔧 보정 [7일]: '204 / 2.0×104 52.7×104' → '2.0×10^4'
2025-11-06 15:39:09 | INFO     |   🔧 보정 [14일]: '74, 1.9 x103 <12.9 × 104' → '1.9×10^3'
2025-11-06 15:39:09 | INFO     |   🔧 보정 [28일]: 'Y 4.8 NO3 5x103' → '5×10^3'
2025-11-06 15:39:09 | INFO     |   🔧 보정 [0일]: '6.0X105' → '6.0×10^5'
2025-11-06 15:39:09 | INFO     |   🔧 보정 [14일]: '40' → '<10'
2025-11-06 15:39:09 | INFO     |   🔧 보정 [28일]: '40' → '<10'
2025-11-06 15:39:09 | INFO     |   🔧 보정 [0일]: '8.7X105' → '8.7×10^5'
2025-11-06 15:39:09 | INFO     |   🔧 보정 [7일]: '4102' → '<10^2'
2025-11-06 15:39:09 | INFO     |   🔧 보정 [14일]: '40' → '<10'
2025-11-06 15:39:09 | INFO     |   🔧 보정 [28일]: '410' → '<10'
2025-11-06 15:39:09 | INFO     |   🔧 보정 [0일]: '8.3X105' → '8.3×10^5'
2025-11-06 15:39:09 | INFO     |   🔧 보정 [14일]: 'C10' → '<10'
2025-11-06 15:39:09 | INFO     |   🔧 보정 [28일]: '410' → '<10'
2025-11-06 15:39:09 | INFO     |   🔧 보정 [0일]: '3.8X104' → '3.8×10^4'
2025-11-06 15:39:09 | INFO     |   🔧 보정 [14일]: '(MIXIO)' → '(MI×IO)'
2025-11-06 15:39:09 | INFO     |   🔧 보정 [0일]: '5.7X104' → '5.7×10^4'
2025-11-06 15:39:09 | INFO     |   🔧 보정 [0일]: '6.0X105' → '6.0×10^5'
2025-11-06 15:39:09 | INFO     |   🔧 보정 [14일]: '410' → '<10'
2025-11-06 15:39:09 | INFO     |   🔧 보정 [28일]: '40' → '<10'
2025-11-06 15:39:09 | INFO     |   🔧 보정 [0일]: '8.7X105' → '8.7×10^5'
2025-11-06 15:39:09 | INFO     |   🔧 보정 [14일]: '40' → '<10'
2025-11-06 15:39:09 | INFO     |   🔧 보정 [28일]: '40' → '<10'
2025-11-06 15:39:09 | INFO     |   🔧 보정 [0일]: '8.3X105' → '8.3×10^5'
2025-11-06 15:39:09 | INFO     |   🔧 보정 [7일]: '4102' → '<10^2'
2025-11-06 15:39:09 | INFO     |   🔧 보정 [14일]: '410' → '<10'
2025-11-06 15:39:09 | INFO     |   🔧 보정 [28일]: '40' → '<10'
2025-11-06 15:39:09 | INFO     |   🔧 보정 [0일]: '3.8X104' → '3.8×10^4'
2025-11-06 15:39:09 | INFO     |   🔧 보정 [14일]: '40' → '<10'
2025-11-06 15:39:09 | INFO     |   🔧 보정 [28일]: 'CIO' → '<10'
2025-11-06 15:39:09 | INFO     |   🔧 보정 [0일]: '5.7X104' → '5.7×10^4'
2025-11-06 15:39:09 | INFO     |   🔧 보정 [0일]: '6.0X105' → '6.0×10^5'
2025-11-06 15:39:09 | INFO     |   🔧 보정 [0일]: '8.7X105' → '8.7×10^5'
2025-11-06 15:39:09 | INFO     |   🔧 보정 [7일]: '<102' → '<10^2'
2025-11-06 15:39:09 | INFO     |   🔧 보정 [0일]: '8.3X105' → '8.3×10^5'
2025-11-06 15:39:09 | INFO     |   🔧 보정 [7일]: '<102' → '<10^2'
2025-11-06 15:39:09 | INFO     |   🔧 보정 [28일]: '< 10' → '<10'
2025-11-06 15:39:09 | INFO     |   🔧 보정 [0일]: '3.8X104' → '3.8×10^4'
2025-11-06 15:39:09 | INFO     |   🔧 보정 [0일]: '5.7X104' → '5.7×10^4'
2025-11-06 15:39:09 | INFO     |   🔧 보정 [7일]: '5 8-4x10 3.8 x 10%' → '4×10^3'
2025-11-06 15:39:09 | INFO     |   🔧 보정 [14일]: '1.4810 1-2 X10' → '2×10^0'
2025-11-06 15:39:09 | INFO     |   🔧 보정 [28일]: '<3.2x107V 2×10"' → '<3.2×10^7'
2025-11-06 15:39:09 | INFO     |   🔧 보정 [0일]: '6.0X105' → '6.0×10^5'
2025-11-06 15:39:09 | INFO     |   🔧 보정 [14일]: '((X10)' → '((×10)'
2025-11-06 15:39:09 | INFO     |   🔧 보정 [0일]: '8.7X105' → '8.7×10^5'
2025-11-06 15:39:09 | INFO     |   🔧 보정 [7일]: '< 102' → '<10^2'
2025-11-06 15:39:09 | INFO     |   🔧 보정 [0일]: '8.3X105' → '8.3×10^5'
2025-11-06 15:39:09 | INFO     |   🔧 보정 [7일]: '<102' → '<10^2'
2025-11-06 15:39:09 | INFO     |   🔧 보정 [14일]: 'SiMIXIO,' → 'SiMI×IO,'
2025-11-06 15:39:09 | INFO     |   🔧 보정 [0일]: '3.8X104' → '3.8×10^4'
2025-11-06 15:39:09 | INFO     |   🔧 보정 [0일]: '5.7X104' → '5.7×10^4'
2025-11-06 15:39:09 | INFO     |   🔧 보정 [7일]: '< < 10"' → '< < 10'
2025-11-06 15:39:09 | INFO     |   🔧 보정 [0일]: '6.0X105' → '6.0×10^5'
2025-11-06 15:39:09 | INFO     |   🔧 보정 [0일]: '8.7X105' → '8.7×10^5'
2025-11-06 15:39:09 | INFO     |   🔧 보정 [7일]: '<10"' → '<10'
2025-11-06 15:39:09 | INFO     |   🔧 보정 [14일]: '(1X10)' → '1×10^0'
2025-11-06 15:39:09 | INFO     |   🔧 보정 [28일]: 'C10' → '<10'
2025-11-06 15:39:09 | INFO     |   🔧 보정 [0일]: '8.3X105' → '8.3×10^5'
2025-11-06 15:39:09 | INFO     |   🔧 보정 [7일]: '<102' → '<10^2'
2025-11-06 15:39:09 | INFO     |   🔧 보정 [0일]: '3.8X104' → '3.8×10^4'
2025-11-06 15:39:09 | INFO     |   🔧 보정 [0일]: '5.7X104' → '5.7×10^4'
2025-11-06 15:39:09 | INFO     |   🔧 보정 [14일]: '<102' → '<10^2'
2025-11-06 15:39:09 | INFO     |   🔧 보정 [28일]: '< 102' → '<10^2'
2025-11-06 15:39:09 | INFO     |   🔧 보정 [0일]: '6.0X105' → '6.0×10^5'
2025-11-06 15:39:09 | INFO     |   🔧 보정 [0일]: '8.7X105' → '8.7×10^5'
2025-11-06 15:39:09 | INFO     |   🔧 보정 [14일]: '(MIX10)' → '(MI×10)'
2025-11-06 15:39:09 | INFO     |   🔧 보정 [28일]: '< 10' → '<10'
2025-11-06 15:39:09 | INFO     |   🔧 보정 [0일]: '8.3X105' → '8.3×10^5'
2025-11-06 15:39:09 | INFO     |   🔧 보정 [0일]: '3.8X104' → '3.8×10^4'
2025-11-06 15:39:09 | INFO     |   🔧 보정 [28일]: '< 10' → '<10'
2025-11-06 15:39:09 | INFO     |   🔧 보정 [0일]: '5.7X104' → '5.7×10^4'
2025-11-06 15:39:09 | INFO     |   🔧 보정 [14일]: '< 10"' → '<10'
2025-11-06 15:39:09 | INFO     |   🔧 보정 [0일]: '6.0X105' → '6.0×10^5'
2025-11-06 15:39:09 | INFO     |   🔧 보정 [28일]: '40' → '<10'
2025-11-06 15:39:09 | INFO     |   🔧 보정 [0일]: '8.7X105' → '8.7×10^5'
2025-11-06 15:39:09 | INFO     |   🔧 보정 [28일]: 'C10' → '<10'
2025-11-06 15:39:09 | INFO     |   🔧 보정 [0일]: '8.3X105' → '8.3×10^5'
2025-11-06 15:39:09 | INFO     |   🔧 보정 [7일]: '1.0X 10"' → '1.0×10^0'
2025-11-06 15:39:09 | INFO     |   🔧 보정 [28일]: '410' → '<10'
2025-11-06 15:39:09 | INFO     |   🔧 보정 [0일]: '3.8X104' → '3.8×10^4'
2025-11-06 15:39:09 | INFO     |   🔧 보정 [7일]: '<102' → '<10^2'
2025-11-06 15:39:09 | INFO     |   🔧 보정 [14일]: '1X10' → '1×10^0'
2025-11-06 15:39:09 | INFO     |   🔧 보정 [28일]: '210' → '<10'
2025-11-06 15:39:09 | INFO     |   🔧 보정 [0일]: '5.7X104' → '5.7×10^4'
2025-11-06 15:39:09 | INFO     |   🔧 보정 [7일]: '2.8X104
1.6×10' → '2.8×10^4'
2025-11-06 15:39:09 | WARNING  |   ⚠️ 합쳐진 셀 감지: '6-5×104
1.3×104|' → 첫 번째 값만 사용: '5×104'
2025-11-06 15:39:09 | INFO     |   🔧 보정 [14일]: '6-5×104
1.3×104|' → '5×10^4'
2025-11-06 15:39:09 | WARNING  |   ⚠️ 합쳐진 셀 감지: '(95X103 9.9x1020' → 첫 번째 값만 사용: '95X103'
2025-11-06 15:39:09 | INFO     |   🔧 보정 [28일]: '(95X103 9.9x1020' → '95×10^3'
2025-11-06 15:39:09 | INFO     | ✅ 추출된 균주 데이터: 49개
2025-11-06 15:39:09 | INFO     | 
================================================================================
2025-11-06 15:39:09 | INFO     | 📊 데이터 보정 완료
2025-11-06 15:39:09 | INFO     | ================================================================================
2025-11-06 15:39:09 | INFO     | ✅ 균주 순서 정렬 완료: 49개
2025-11-06 15:39:09 | INFO     | ✅ OCR 성공: 49개 균주
2025-11-06 15:39:09 | INFO     | 🗑️ 임시 파일 삭제: C:\Users\goqkr\AppData\Local\Temp\tmp8uv5nd3o.png
