2025-11-06 16:08:13 | INFO     | ================================================================================
2025-11-06 16:08:13 | INFO     | 🚀 보존력 시험 OCR 시스템 시작
2025-11-06 16:08:13 | INFO     | 📁 로그 파일: logs\preservation_ocr_20251106_160813.log
2025-11-06 16:08:13 | INFO     | ================================================================================
2025-11-06 16:08:13 | INFO     | 📋 10개 시험번호 발견: ['25A15I10', '25A15I11', '25A15I12', '25A15I13', '25A15I14', '25A15I15', '25A15I16', '25A15I17', '25A15I18', '25A15I19']
2025-11-06 16:08:14 | INFO     | 🔄 25A15I10 처리 중... (5개 행)
2025-11-06 16:08:14 | INFO     | ✅ 시트 생성 완료: 25A15I10
2025-11-06 16:08:14 | INFO     | 📝 시험번호 매핑: E4 = 25A15I10
2025-11-06 16:08:14 | INFO     | 📝 처방번호 매핑: E34 = LA1999-QZ18A
2025-11-06 16:08:14 | INFO     | 📝 최종판정 매핑: D30 = 적합
2025-11-06 16:08:14 | INFO     | 📅 날짜 정보 매핑: ['', '', '', '']
2025-11-06 16:08:14 | INFO     | 🦠 E.coli 데이터 매핑 완료
2025-11-06 16:08:14 | INFO     | 🦠 P.aeruginosa 데이터 매핑 완료
2025-11-06 16:08:14 | INFO     | 🦠 S.aureus 데이터 매핑 완료
2025-11-06 16:08:14 | INFO     | 🦠 C.albicans 데이터 매핑 완료
2025-11-06 16:08:14 | INFO     | 🦠 A.brasiliensis 데이터 매핑 완료
2025-11-06 16:08:14 | INFO     | ✅ 총 5개 균주 데이터 매핑 완료
2025-11-06 16:08:14 | INFO     | 🔄 25A15I11 처리 중... (5개 행)
2025-11-06 16:08:14 | INFO     | ✅ 시트 생성 완료: 25A15I11
2025-11-06 16:08:14 | INFO     | 📝 시험번호 매핑: E4 = 25A15I11
2025-11-06 16:08:14 | INFO     | 📝 처방번호 매핑: E34 = NGE1792-QAF
2025-11-06 16:08:14 | INFO     | 📝 최종판정 매핑: D30 = 적합
2025-11-06 16:08:14 | INFO     | 📅 날짜 정보 매핑: ['', '', '', '']
2025-11-06 16:08:14 | INFO     | 🦠 E.coli 데이터 매핑 완료
2025-11-06 16:08:14 | INFO     | 🦠 P.aeruginosa 데이터 매핑 완료
2025-11-06 16:08:14 | INFO     | 🦠 S.aureus 데이터 매핑 완료
2025-11-06 16:08:14 | INFO     | 🦠 C.albicans 데이터 매핑 완료
2025-11-06 16:08:14 | INFO     | 🦠 A.brasiliensis 데이터 매핑 완료
2025-11-06 16:08:14 | INFO     | ✅ 총 5개 균주 데이터 매핑 완료
2025-11-06 16:08:14 | INFO     | 🔄 25A15I12 처리 중... (5개 행)
2025-11-06 16:08:14 | INFO     | ✅ 시트 생성 완료: 25A15I12
2025-11-06 16:08:14 | INFO     | 📝 시험번호 매핑: E4 = 25A15I12
2025-11-06 16:08:14 | INFO     | 📝 처방번호 매핑: E34 = HMFF0003-BBB
2025-11-06 16:08:14 | INFO     | 📝 최종판정 매핑: D30 = 적합
2025-11-06 16:08:14 | INFO     | 📅 날짜 정보 매핑: ['', '', '', '']
2025-11-06 16:08:14 | INFO     | 🦠 E.coli 데이터 매핑 완료
2025-11-06 16:08:14 | INFO     | 🦠 P.aeruginosa 데이터 매핑 완료
2025-11-06 16:08:14 | INFO     | 🦠 S.aureus 데이터 매핑 완료
2025-11-06 16:08:14 | INFO     | 🦠 C.albicans 데이터 매핑 완료
2025-11-06 16:08:14 | INFO     | 🦠 A.brasiliensis 데이터 매핑 완료
2025-11-06 16:08:14 | INFO     | ✅ 총 5개 균주 데이터 매핑 완료
2025-11-06 16:08:14 | INFO     | 🔄 25A15I13 처리 중... (5개 행)
2025-11-06 16:08:14 | INFO     | ✅ 시트 생성 완료: 25A15I13
2025-11-06 16:08:14 | INFO     | 📝 시험번호 매핑: E4 = 25A15I13
2025-11-06 16:08:14 | INFO     | 📝 처방번호 매핑: E34 = NWC1560-A1A
2025-11-06 16:08:14 | INFO     | 📝 최종판정 매핑: D30 = 적합
2025-11-06 16:08:14 | INFO     | 📅 날짜 정보 매핑: ['', '', '', '']
2025-11-06 16:08:14 | INFO     | 🦠 E.coli 데이터 매핑 완료
2025-11-06 16:08:14 | INFO     | 🦠 P.aeruginosa 데이터 매핑 완료
2025-11-06 16:08:14 | INFO     | 🦠 S.aureus 데이터 매핑 완료
2025-11-06 16:08:14 | INFO     | 🦠 C.albicans 데이터 매핑 완료
2025-11-06 16:08:14 | INFO     | 🦠 A.brasiliensis 데이터 매핑 완료
2025-11-06 16:08:14 | INFO     | ✅ 총 5개 균주 데이터 매핑 완료
2025-11-06 16:08:14 | INFO     | 🔄 25A15I14 처리 중... (5개 행)
2025-11-06 16:08:14 | INFO     | ✅ 시트 생성 완료: 25A15I14
2025-11-06 16:08:14 | INFO     | 📝 시험번호 매핑: E4 = 25A15I14
2025-11-06 16:08:14 | INFO     | 📝 처방번호 매핑: E34 = CTCC1708-S
2025-11-06 16:08:14 | INFO     | 📝 최종판정 매핑: D30 = 적합
2025-11-06 16:08:14 | INFO     | 📅 날짜 정보 매핑: ['', '', '', '']
2025-11-06 16:08:14 | INFO     | 🦠 E.coli 데이터 매핑 완료
2025-11-06 16:08:14 | INFO     | 🦠 P.aeruginosa 데이터 매핑 완료
2025-11-06 16:08:14 | INFO     | 🦠 S.aureus 데이터 매핑 완료
2025-11-06 16:08:14 | INFO     | 🦠 C.albicans 데이터 매핑 완료
2025-11-06 16:08:14 | INFO     | 🦠 A.brasiliensis 데이터 매핑 완료
2025-11-06 16:08:14 | INFO     | ✅ 총 5개 균주 데이터 매핑 완료
2025-11-06 16:08:14 | INFO     | 🔄 25A15I15 처리 중... (5개 행)
2025-11-06 16:08:15 | INFO     | ✅ 시트 생성 완료: 25A15I15
2025-11-06 16:08:15 | INFO     | 📝 시험번호 매핑: E4 = 25A15I15
2025-11-06 16:08:15 | INFO     | 📝 처방번호 매핑: E34 = CA2857-F1CA
2025-11-06 16:08:15 | INFO     | 📝 최종판정 매핑: D30 = 적합
2025-11-06 16:08:15 | INFO     | 📅 날짜 정보 매핑: ['', '', '', '']
2025-11-06 16:08:15 | INFO     | 🦠 E.coli 데이터 매핑 완료
2025-11-06 16:08:15 | INFO     | 🦠 P.aeruginosa 데이터 매핑 완료
2025-11-06 16:08:15 | INFO     | 🦠 S.aureus 데이터 매핑 완료
2025-11-06 16:08:15 | INFO     | 🦠 C.albicans 데이터 매핑 완료
2025-11-06 16:08:15 | INFO     | 🦠 A.brasiliensis 데이터 매핑 완료
2025-11-06 16:08:15 | INFO     | ✅ 총 5개 균주 데이터 매핑 완료
2025-11-06 16:08:15 | INFO     | 🔄 25A15I16 처리 중... (5개 행)
2025-11-06 16:08:15 | INFO     | ✅ 시트 생성 완료: 25A15I16
2025-11-06 16:08:15 | INFO     | 📝 시험번호 매핑: E4 = 25A15I16
2025-11-06 16:08:15 | INFO     | 📝 처방번호 매핑: E34 = ABC2827-K
2025-11-06 16:08:15 | INFO     | 📝 최종판정 매핑: D30 = 적합
2025-11-06 16:08:15 | INFO     | 📅 날짜 정보 매핑: ['', '', '', '']
2025-11-06 16:08:15 | INFO     | 🦠 E.coli 데이터 매핑 완료
2025-11-06 16:08:15 | INFO     | 🦠 P.aeruginosa 데이터 매핑 완료
2025-11-06 16:08:15 | INFO     | 🦠 S.aureus 데이터 매핑 완료
2025-11-06 16:08:15 | INFO     | 🦠 C.albicans 데이터 매핑 완료
2025-11-06 16:08:15 | INFO     | 🦠 A.brasiliensis 데이터 매핑 완료
2025-11-06 16:08:15 | INFO     | ✅ 총 5개 균주 데이터 매핑 완료
2025-11-06 16:08:15 | INFO     | 🔄 25A15I17 처리 중... (5개 행)
2025-11-06 16:08:15 | INFO     | ✅ 시트 생성 완료: 25A15I17
2025-11-06 16:08:15 | INFO     | 📝 시험번호 매핑: E4 = 25A15I17
2025-11-06 16:08:15 | INFO     | 📝 처방번호 매핑: E34 = CA3018-M
2025-11-06 16:08:15 | INFO     | 📝 최종판정 매핑: D30 = 적합
2025-11-06 16:08:15 | INFO     | 📅 날짜 정보 매핑: ['', '', '', '']
2025-11-06 16:08:15 | INFO     | 🦠 E.coli 데이터 매핑 완료
2025-11-06 16:08:15 | INFO     | 🦠 P.aeruginosa 데이터 매핑 완료
2025-11-06 16:08:15 | INFO     | 🦠 S.aureus 데이터 매핑 완료
2025-11-06 16:08:15 | INFO     | 🦠 C.albicans 데이터 매핑 완료
2025-11-06 16:08:15 | INFO     | 🦠 A.brasiliensis 데이터 매핑 완료
2025-11-06 16:08:15 | INFO     | ✅ 총 5개 균주 데이터 매핑 완료
2025-11-06 16:08:15 | INFO     | 🔄 25A15I18 처리 중... (5개 행)
2025-11-06 16:08:15 | INFO     | ✅ 시트 생성 완료: 25A15I18
2025-11-06 16:08:15 | INFO     | 📝 시험번호 매핑: E4 = 25A15I18
2025-11-06 16:08:15 | INFO     | 📝 처방번호 매핑: E34 = WC2027-E
2025-11-06 16:08:15 | INFO     | 📝 최종판정 매핑: D30 = 적합
2025-11-06 16:08:15 | INFO     | 📅 날짜 정보 매핑: ['', '', '', '']
2025-11-06 16:08:15 | INFO     | 🦠 E.coli 데이터 매핑 완료
2025-11-06 16:08:15 | INFO     | 🦠 P.aeruginosa 데이터 매핑 완료
2025-11-06 16:08:15 | INFO     | 🦠 S.aureus 데이터 매핑 완료
2025-11-06 16:08:15 | INFO     | 🦠 C.albicans 데이터 매핑 완료
2025-11-06 16:08:15 | INFO     | 🦠 A.brasiliensis 데이터 매핑 완료
2025-11-06 16:08:15 | INFO     | ✅ 총 5개 균주 데이터 매핑 완료
2025-11-06 16:08:15 | INFO     | 🔄 25A15I19 처리 중... (5개 행)
2025-11-06 16:08:15 | INFO     | ✅ 시트 생성 완료: 25A15I19
2025-11-06 16:08:15 | INFO     | 📝 시험번호 매핑: E4 = 25A15I19
2025-11-06 16:08:15 | INFO     | 📝 처방번호 매핑: E34 = WC2027-E
2025-11-06 16:08:15 | INFO     | 📝 최종판정 매핑: D30 = 부적합
2025-11-06 16:08:15 | INFO     | 📅 날짜 정보 매핑: ['', '', '', '']
2025-11-06 16:08:15 | INFO     | 🦠 E.coli 데이터 매핑 완료
2025-11-06 16:08:15 | INFO     | 🦠 P.aeruginosa 데이터 매핑 완료
2025-11-06 16:08:15 | INFO     | 🦠 S.aureus 데이터 매핑 완료
2025-11-06 16:08:15 | INFO     | 🦠 C.albicans 데이터 매핑 완료
2025-11-06 16:08:15 | INFO     | 🦠 A.brasiliensis 데이터 매핑 완료
2025-11-06 16:08:15 | INFO     | ✅ 총 5개 균주 데이터 매핑 완료
2025-11-06 16:08:15 | INFO     | 💾 Excel 저장 완료: 10개 시트
2025-11-06 16:08:20 | INFO     | 📄 DRM 처리: DRM 처리 완료
2025-11-06 16:08:20 | INFO     | 💾 임시 이미지 저장: C:\Users\goqkr\AppData\Local\Temp\tmpwz3i87fs.png
2025-11-06 16:08:20 | INFO     | ✅ Azure Document Intelligence 연결 완료
2025-11-06 16:08:20 | INFO     | 📍 엔드포인트: https://kolmar-ai-docuintelli-fingerpoint-ai.cognitiveservices.azure.com/
2025-11-06 16:08:20 | INFO     | 🐛 디버그 모드 활성화
2025-11-06 16:08:20 | INFO     | 
🔍 이미지 분석 시작: tmpwz3i87fs.png
2025-11-06 16:08:20 | INFO     | 📊 테이블 구조 분석 중...
2025-11-06 16:08:26 | INFO     | 📋 감지된 테이블 수: 1
2025-11-06 16:08:26 | INFO     |   테이블 0: 50행 x 9열
2025-11-06 16:08:26 | INFO     | ✅ 선택된 테이블: 50행 x 9열
2025-11-06 16:08:26 | INFO     | 
📅 날짜 정보 추출 시도
2025-11-06 16:08:26 | INFO     |   행 0: 발견된 날짜 1개
2025-11-06 16:08:26 | INFO     |     날짜 0: 5/02
2025-11-06 16:08:26 | INFO     |   행 1: 발견된 날짜 0개
2025-11-06 16:08:26 | INFO     |   행 2: 발견된 날짜 0개
2025-11-06 16:08:26 | INFO     |   행 3: 발견된 날짜 0개
2025-11-06 16:08:26 | INFO     |   행 4: 발견된 날짜 0개
2025-11-06 16:08:26 | INFO     |   ⚠️ 4개 날짜를 찾지 못함. 단일 날짜 기반 계산 시도
2025-11-06 16:08:26 | INFO     | ✅ 시작 날짜 기반 계산: {'date_0': '05/02', 'date_7': '05/09', 'date_14': '05/16', 'date_28': '05/30'}
2025-11-06 16:08:26 | INFO     | 
🦠 균주 데이터 추출 시작
2025-11-06 16:08:26 | INFO     |   🔍 행 0는 데이터 행 (헤더 없음)
2025-11-06 16:08:26 | INFO     |   ✅ 헤더 없이 데이터부터 시작 → header_row = -1
2025-11-06 16:08:26 | INFO     | 📍 헤더 없음 → 데이터 행부터 시작 (행 0)
2025-11-06 16:08:26 | INFO     |   ✅ 균주 컬럼 감지: Col_1
2025-11-06 16:08:26 | INFO     |   🔧 Specification 컬럼 추론: Col_2 (값 패턴 기반)
2025-11-06 16:08:26 | INFO     |   📍 CFU 시작 위치: Col_3 (Specification 건너뜀)
2025-11-06 16:08:26 | INFO     | 📋 컬럼 매핑: {'strain_col': 1, 'specification_col': 2, 'cfu_0_col': 3, 'cfu_7_col': 4, 'cfu_14_col': 5, 'cfu_28_col': 6, 'judgment_col': 7, 'final_judgment_col': 8}
2025-11-06 16:08:26 | INFO     | 
================================================================================
2025-11-06 16:08:26 | INFO     | 🐛 디버그: 테이블 구조 상세 분석
2025-11-06 16:08:26 | INFO     | ================================================================================
2025-11-06 16:08:26 | INFO     | 
📋 1. 테이블 매트릭스 (전체)
2025-11-06 16:08:26 | INFO     | --------------------------------------------------------------------------------
2025-11-06 16:08:26 | INFO     | 
행 0:
2025-11-06 16:08:26 | INFO     |   Col_0: 'PLT-SoGrain SoOatWaterCream (수대체) WC2025'
2025-11-06 16:08:26 | INFO     |   Col_1: 'E.coli'
2025-11-06 16:08:26 | INFO     |   Col_2: '≤3'
2025-11-06 16:08:26 | INFO     |   Col_3: '6.0X105'
2025-11-06 16:08:26 | INFO     |   Col_4: '5/02'
2025-11-06 16:08:26 | INFO     |   Col_5: '<10'
2025-11-06 16:08:26 | INFO     |   Col_6: 'C10'
2025-11-06 16:08:26 | INFO     |   Col_7: '0'
2025-11-06 16:08:26 | INFO     |   Col_8: '0'
2025-11-06 16:08:26 | INFO     | 
행 1:
2025-11-06 16:08:26 | INFO     |   Col_1: 'P.aeruginosa'
2025-11-06 16:08:26 | INFO     |   Col_3: '8.7X105'
2025-11-06 16:08:26 | INFO     |   Col_4: '<102'
2025-11-06 16:08:26 | INFO     |   Col_5: '(1X10)'
2025-11-06 16:08:26 | INFO     |   Col_6: '410'
2025-11-06 16:08:26 | INFO     |   Col_7: '0'
2025-11-06 16:08:26 | INFO     | 
행 2:
2025-11-06 16:08:26 | INFO     |   Col_1: 'S.aureus'
2025-11-06 16:08:26 | INFO     |   Col_2: ''
2025-11-06 16:08:26 | INFO     |   Col_3: '8.3X105'
2025-11-06 16:08:26 | INFO     |   Col_4: 'C/02'
2025-11-06 16:08:26 | INFO     |   Col_5: '40'
2025-11-06 16:08:26 | INFO     |   Col_6: 'Cia'
2025-11-06 16:08:26 | INFO     |   Col_7: '0 :unselected:'
2025-11-06 16:08:26 | INFO     | 
행 3:
2025-11-06 16:08:26 | INFO     |   Col_1: 'C.albicans'
2025-11-06 16:08:26 | INFO     |   Col_2: '51'
2025-11-06 16:08:26 | INFO     |   Col_3: '3.8X104'
2025-11-06 16:08:26 | INFO     |   Col_4: 'C102'
2025-11-06 16:08:26 | INFO     |   Col_5: '<10'
2025-11-06 16:08:26 | INFO     |   Col_6: 'CLO'
2025-11-06 16:08:26 | INFO     |   Col_7: '0 :unselected:'
2025-11-06 16:08:26 | INFO     | 
행 4:
2025-11-06 16:08:26 | INFO     |   Col_1: 'A.brasiliensis'
2025-11-06 16:08:26 | INFO     |   Col_2: '50c'
2025-11-06 16:08:26 | INFO     |   Col_3: '5.7X104'
2025-11-06 16:08:26 | INFO     |   Col_4: '(4.1×103, 0X63'
2025-11-06 16:08:26 | INFO     |   Col_5: '€ 2.3×10'
2025-11-06 16:08:26 | INFO     |   Col_6: '7×102'
2025-11-06 16:08:26 | INFO     |   Col_7: '0 :unselected:'
2025-11-06 16:08:26 | INFO     | 
행 5:
2025-11-06 16:08:26 | INFO     |   Col_0: 'PLT-NKTR 젤크림(안정도개선) WC1757-Q1CD 25A15121'
2025-11-06 16:08:26 | INFO     |   Col_1: 'E.coli'
2025-11-06 16:08:26 | INFO     |   Col_2: '≤3'
2025-11-06 16:08:26 | INFO     |   Col_3: '6.0X105'
2025-11-06 16:08:26 | INFO     |   Col_4: ''
2025-11-06 16:08:26 | INFO     |   Col_5: '410'
2025-11-06 16:08:26 | INFO     |   Col_6: ''
2025-11-06 16:08:26 | INFO     |   Col_7: '0'
2025-11-06 16:08:26 | INFO     |   Col_8: '0'
2025-11-06 16:08:26 | INFO     | 
행 6:
2025-11-06 16:08:26 | INFO     |   Col_1: 'P.aeruginosa'
2025-11-06 16:08:26 | INFO     |   Col_3: '8.7X105'
2025-11-06 16:08:26 | INFO     |   Col_4: '5102'
2025-11-06 16:08:26 | INFO     |   Col_5: 'Cle'
2025-11-06 16:08:26 | INFO     |   Col_6: 'CIO'
2025-11-06 16:08:26 | INFO     |   Col_7: '0'
2025-11-06 16:08:26 | INFO     | 
행 7:
2025-11-06 16:08:26 | INFO     |   Col_1: 'S.aureus'
2025-11-06 16:08:26 | INFO     |   Col_3: '8.3X105'
2025-11-06 16:08:26 | INFO     |   Col_4: '5/02'
2025-11-06 16:08:26 | INFO     |   Col_5: '(10'
2025-11-06 16:08:26 | INFO     |   Col_6: 'CIO'
2025-11-06 16:08:26 | INFO     |   Col_7: ''
2025-11-06 16:08:26 | INFO     | 
행 8:
2025-11-06 16:08:26 | INFO     |   Col_1: 'C.albicans'
2025-11-06 16:08:26 | INFO     |   Col_2: '≤1'
2025-11-06 16:08:26 | INFO     |   Col_3: '3.8X104'
2025-11-06 16:08:26 | INFO     |   Col_4: 'SI02,'
2025-11-06 16:08:26 | INFO     |   Col_5: '<10'
2025-11-06 16:08:26 | INFO     |   Col_6: 'CIO'
2025-11-06 16:08:26 | INFO     |   Col_7: '0'
2025-11-06 16:08:26 | INFO     | 
행 9:
2025-11-06 16:08:26 | INFO     |   Col_1: 'A.brasiliensis'
2025-11-06 16:08:26 | INFO     |   Col_2: '50c'
2025-11-06 16:08:26 | INFO     |   Col_3: '5.7X104'
2025-11-06 16:08:26 | INFO     |   Col_4: '<3x103 -2.5X102'
2025-11-06 16:08:26 | INFO     |   Col_5: '<102'
2025-11-06 16:08:26 | INFO     |   Col_6: 'CIO2'
2025-11-06 16:08:26 | INFO     |   Col_7: '0'
2025-11-06 16:08:26 | INFO     | 
행 10:
2025-11-06 16:08:26 | INFO     |   Col_0: 'LKC 크림(방부개선) AB3126-K1HB 25A15122'
2025-11-06 16:08:26 | INFO     |   Col_1: 'E.coli'
2025-11-06 16:08:26 | INFO     |   Col_2: '≤3'
2025-11-06 16:08:26 | INFO     |   Col_3: '6.0×105'
2025-11-06 16:08:26 | INFO     |   Col_4: '<10?'
2025-11-06 16:08:26 | INFO     |   Col_5: 'SIP.'
2025-11-06 16:08:26 | INFO     |   Col_6: '40'
2025-11-06 16:08:26 | INFO     |   Col_7: '0'
2025-11-06 16:08:26 | INFO     |   Col_8: ':unselected: 0'
2025-11-06 16:08:26 | INFO     | 
행 11:
2025-11-06 16:08:26 | INFO     |   Col_1: 'P.aeruginosa'
2025-11-06 16:08:26 | INFO     |   Col_3: '8.7X105'
2025-11-06 16:08:26 | INFO     |   Col_4: '(1X102)'
2025-11-06 16:08:26 | INFO     |   Col_5: '510'
2025-11-06 16:08:26 | INFO     |   Col_6: '40'
2025-11-06 16:08:26 | INFO     |   Col_7: '0'
2025-11-06 16:08:26 | INFO     | 
행 12:
2025-11-06 16:08:26 | INFO     |   Col_1: 'S.aureus'
2025-11-06 16:08:26 | INFO     |   Col_3: '8.3×105'
2025-11-06 16:08:26 | INFO     |   Col_4: '<102'
2025-11-06 16:08:26 | INFO     |   Col_5: '<10'
2025-11-06 16:08:26 | INFO     |   Col_6: 'CIO'
2025-11-06 16:08:26 | INFO     |   Col_7: '0'
2025-11-06 16:08:26 | INFO     | 
행 13:
2025-11-06 16:08:26 | INFO     |   Col_1: 'C.albicans'
2025-11-06 16:08:26 | INFO     |   Col_2: '≤1'
2025-11-06 16:08:26 | INFO     |   Col_3: '3.8X104'
2025-11-06 16:08:26 | INFO     |   Col_4: '< 102'
2025-11-06 16:08:26 | INFO     |   Col_5: 'C10'
2025-11-06 16:08:26 | INFO     |   Col_6: '40'
2025-11-06 16:08:26 | INFO     |   Col_7: 'C'
2025-11-06 16:08:26 | INFO     | 
행 14:
2025-11-06 16:08:26 | INFO     |   Col_1: 'A.brasiliensis'
2025-11-06 16:08:26 | INFO     |   Col_2: '50c'
2025-11-06 16:08:26 | INFO     |   Col_3: '5.7X104'
2025-11-06 16:08:26 | INFO     |   Col_4: ''
2025-11-06 16:08:26 | INFO     |   Col_5: '<102'
2025-11-06 16:08:26 | INFO     |   Col_6: '4102'
2025-11-06 16:08:26 | INFO     |   Col_7: '0'
2025-11-06 16:08:26 | INFO     | 
행 15:
2025-11-06 16:08:26 | INFO     |   Col_0: '베이스방부력 WC1865-J 25A15|23'
2025-11-06 16:08:26 | INFO     |   Col_1: 'E.coli'
2025-11-06 16:08:26 | INFO     |   Col_2: '≤3'
2025-11-06 16:08:26 | INFO     |   Col_3: '6.0X105'
2025-11-06 16:08:26 | INFO     |   Col_4: '<102'
2025-11-06 16:08:26 | INFO     |   Col_5: '(10'
2025-11-06 16:08:26 | INFO     |   Col_6: 'CCO'
2025-11-06 16:08:26 | INFO     |   Col_7: '0'
2025-11-06 16:08:26 | INFO     |   Col_8: '0'
2025-11-06 16:08:26 | INFO     | 
행 16:
2025-11-06 16:08:26 | INFO     |   Col_1: 'P.aeruginosa'
2025-11-06 16:08:26 | INFO     |   Col_3: '8.7X105'
2025-11-06 16:08:26 | INFO     |   Col_4: '<10)'
2025-11-06 16:08:26 | INFO     |   Col_5: '<10'
2025-11-06 16:08:26 | INFO     |   Col_6: '40'
2025-11-06 16:08:26 | INFO     |   Col_7: '0'
2025-11-06 16:08:26 | INFO     | 
행 17:
2025-11-06 16:08:26 | INFO     |   Col_1: 'S.aureus'
2025-11-06 16:08:26 | INFO     |   Col_3: '8.3×105'
2025-11-06 16:08:26 | INFO     |   Col_4: '(10)'
2025-11-06 16:08:26 | INFO     |   Col_5: '<10'
2025-11-06 16:08:26 | INFO     |   Col_6: '40'
2025-11-06 16:08:26 | INFO     |   Col_7: '0'
2025-11-06 16:08:26 | INFO     | 
행 18:
2025-11-06 16:08:26 | INFO     |   Col_1: 'C.albicans'
2025-11-06 16:08:26 | INFO     |   Col_2: '≤1'
2025-11-06 16:08:26 | INFO     |   Col_3: '3.8X104'
2025-11-06 16:08:26 | INFO     |   Col_4: '< 102,'
2025-11-06 16:08:26 | INFO     |   Col_5: 'CO'
2025-11-06 16:08:26 | INFO     |   Col_6: '00'
2025-11-06 16:08:26 | INFO     |   Col_7: '0'
2025-11-06 16:08:26 | INFO     | 
행 19:
2025-11-06 16:08:26 | INFO     |   Col_1: 'A.brasiliensis'
2025-11-06 16:08:26 | INFO     |   Col_2: ''
2025-11-06 16:08:26 | INFO     |   Col_3: '5.7X104'
2025-11-06 16:08:26 | INFO     |   Col_4: '4-3 x 10 54×103'
2025-11-06 16:08:26 | INFO     |   Col_5: '2.3x10'
2025-11-06 16:08:26 | INFO     |   Col_6: '1.0x107'
2025-11-06 16:08:26 | INFO     |   Col_7: '0'
2025-11-06 16:08:26 | INFO     | 
행 20:
2025-11-06 16:08:26 | INFO     |   Col_0: 'Peach Barrier Cream 2025 ver. WC0547-W30'
2025-11-06 16:08:26 | INFO     |   Col_1: 'E.coli'
2025-11-06 16:08:26 | INFO     |   Col_2: '53'
2025-11-06 16:08:26 | INFO     |   Col_3: '6.0X105'
2025-11-06 16:08:26 | INFO     |   Col_4: '(10)'
2025-11-06 16:08:26 | INFO     |   Col_5: '<10'
2025-11-06 16:08:26 | INFO     |   Col_6: '40'
2025-11-06 16:08:26 | INFO     |   Col_7: 't'
2025-11-06 16:08:26 | INFO     |   Col_8: '0'
2025-11-06 16:08:26 | INFO     | 
행 21:
2025-11-06 16:08:26 | INFO     |   Col_1: 'P.aeruginosa'
2025-11-06 16:08:26 | INFO     |   Col_3: '8.7X105'
2025-11-06 16:08:26 | INFO     |   Col_4: '<102'
2025-11-06 16:08:26 | INFO     |   Col_5: '510'
2025-11-06 16:08:26 | INFO     |   Col_6: '40'
2025-11-06 16:08:26 | INFO     |   Col_7: '0'
2025-11-06 16:08:26 | INFO     | 
행 22:
2025-11-06 16:08:26 | INFO     |   Col_1: 'S.aureus'
2025-11-06 16:08:26 | INFO     |   Col_3: '8.3X105'
2025-11-06 16:08:26 | INFO     |   Col_4: '<102'
2025-11-06 16:08:26 | INFO     |   Col_5: '110'
2025-11-06 16:08:26 | INFO     |   Col_6: '40'
2025-11-06 16:08:26 | INFO     |   Col_7: '0'
2025-11-06 16:08:26 | INFO     | 
행 23:
2025-11-06 16:08:26 | INFO     |   Col_1: 'C.albicans'
2025-11-06 16:08:26 | INFO     |   Col_2: '≤1'
2025-11-06 16:08:26 | INFO     |   Col_3: '3.8X104'
2025-11-06 16:08:26 | INFO     |   Col_4: '<102,'
2025-11-06 16:08:26 | INFO     |   Col_5: 'CO'
2025-11-06 16:08:26 | INFO     |   Col_6: '40'
2025-11-06 16:08:26 | INFO     |   Col_7: '0'
2025-11-06 16:08:26 | INFO     | 
행 24:
2025-11-06 16:08:26 | INFO     |   Col_1: 'A.brasiliensis'
2025-11-06 16:08:26 | INFO     |   Col_2: '50°'
2025-11-06 16:08:26 | INFO     |   Col_3: '5.7X104'
2025-11-06 16:08:26 | INFO     |   Col_4: '2 .2 × 10 ( 1 × 10)'
2025-11-06 16:08:26 | INFO     |   Col_5: '<102'
2025-11-06 16:08:26 | INFO     |   Col_6: ''
2025-11-06 16:08:26 | INFO     |   Col_7: '0'
2025-11-06 16:08:26 | INFO     | 
행 25:
2025-11-06 16:08:26 | INFO     |   Col_0: 'NAN-DMUCRM(F) EA001 WC1820-11F 25A15125'
2025-11-06 16:08:26 | INFO     |   Col_1: 'E.coli'
2025-11-06 16:08:26 | INFO     |   Col_2: '≤3'
2025-11-06 16:08:26 | INFO     |   Col_3: '6.0×105'
2025-11-06 16:08:26 | INFO     |   Col_4: '<10-'
2025-11-06 16:08:26 | INFO     |   Col_5: '<10'
2025-11-06 16:08:26 | INFO     |   Col_6: '40'
2025-11-06 16:08:26 | INFO     |   Col_7: '0'
2025-11-06 16:08:26 | INFO     |   Col_8: '0'
2025-11-06 16:08:26 | INFO     | 
행 26:
2025-11-06 16:08:26 | INFO     |   Col_1: 'P.aeruginosa'
2025-11-06 16:08:26 | INFO     |   Col_3: '8.7X105'
2025-11-06 16:08:26 | INFO     |   Col_4: '512'
2025-11-06 16:08:26 | INFO     |   Col_5: '(10'
2025-11-06 16:08:26 | INFO     |   Col_6: '40'
2025-11-06 16:08:26 | INFO     |   Col_7: '0'
2025-11-06 16:08:26 | INFO     | 
행 27:
2025-11-06 16:08:26 | INFO     |   Col_1: 'S.aureus'
2025-11-06 16:08:26 | INFO     |   Col_3: '8.3X105'
2025-11-06 16:08:26 | INFO     |   Col_4: '<102'
2025-11-06 16:08:26 | INFO     |   Col_5: '(10'
2025-11-06 16:08:26 | INFO     |   Col_6: '40'
2025-11-06 16:08:26 | INFO     |   Col_7: '0'
2025-11-06 16:08:26 | INFO     | 
행 28:
2025-11-06 16:08:26 | INFO     |   Col_1: 'C.albicans'
2025-11-06 16:08:26 | INFO     |   Col_2: '≤1'
2025-11-06 16:08:26 | INFO     |   Col_3: '3.8X104'
2025-11-06 16:08:26 | INFO     |   Col_4: '<102,'
2025-11-06 16:08:26 | INFO     |   Col_5: '(10'
2025-11-06 16:08:26 | INFO     |   Col_6: '€ 10'
2025-11-06 16:08:26 | INFO     |   Col_7: '0'
2025-11-06 16:08:26 | INFO     | 
행 29:
2025-11-06 16:08:26 | INFO     |   Col_1: 'A.brasiliensis'
2025-11-06 16:08:26 | INFO     |   Col_2: '50c'
2025-11-06 16:08:26 | INFO     |   Col_3: '5.7X104'
2025-11-06 16:08:26 | INFO     |   Col_4: ''
2025-11-06 16:08:26 | INFO     |   Col_5: '(1×102)'
2025-11-06 16:08:26 | INFO     |   Col_6: 'C102'
2025-11-06 16:08:26 | INFO     |   Col_7: '0'
2025-11-06 16:08:26 | INFO     | 
행 30:
2025-11-06 16:08:26 | INFO     |   Col_0: 'HR 핸드크림 (SCS 1%, 부향률 0.1%) WC1851-B1BP 2'
2025-11-06 16:08:26 | INFO     |   Col_1: 'E.coli'
2025-11-06 16:08:26 | INFO     |   Col_2: '≤3'
2025-11-06 16:08:26 | INFO     |   Col_3: '6.0X105'
2025-11-06 16:08:26 | INFO     |   Col_4: '402'
2025-11-06 16:08:26 | INFO     |   Col_5: '(10'
2025-11-06 16:08:26 | INFO     |   Col_6: ''
2025-11-06 16:08:26 | INFO     |   Col_7: '0'
2025-11-06 16:08:26 | INFO     |   Col_8: '0'
2025-11-06 16:08:26 | INFO     | 
행 31:
2025-11-06 16:08:26 | INFO     |   Col_1: 'P.aeruginosa'
2025-11-06 16:08:26 | INFO     |   Col_3: '8.7X105'
2025-11-06 16:08:26 | INFO     |   Col_4: '40L'
2025-11-06 16:08:26 | INFO     |   Col_5: '40'
2025-11-06 16:08:26 | INFO     |   Col_6: '40'
2025-11-06 16:08:26 | INFO     |   Col_7: '0'
2025-11-06 16:08:26 | INFO     | 
행 32:
2025-11-06 16:08:26 | INFO     |   Col_1: 'S.aureus'
2025-11-06 16:08:26 | INFO     |   Col_3: '8.3X105'
2025-11-06 16:08:26 | INFO     |   Col_4: 'COL'
2025-11-06 16:08:26 | INFO     |   Col_5: '40'
2025-11-06 16:08:26 | INFO     |   Col_6: '40'
2025-11-06 16:08:26 | INFO     |   Col_7: '0'
2025-11-06 16:08:26 | INFO     | 
행 33:
2025-11-06 16:08:26 | INFO     |   Col_1: 'C.albicans'
2025-11-06 16:08:26 | INFO     |   Col_2: '≤1'
2025-11-06 16:08:26 | INFO     |   Col_3: '3.8X104'
2025-11-06 16:08:26 | INFO     |   Col_4: '(102'
2025-11-06 16:08:26 | INFO     |   Col_5: '40'
2025-11-06 16:08:26 | INFO     |   Col_6: '110'
2025-11-06 16:08:26 | INFO     |   Col_7: ':selected:'
2025-11-06 16:08:26 | INFO     | 
행 34:
2025-11-06 16:08:26 | INFO     |   Col_1: 'A.brasiliensis'
2025-11-06 16:08:26 | INFO     |   Col_2: '50°'
2025-11-06 16:08:26 | INFO     |   Col_3: '5.7X104'
2025-11-06 16:08:26 | INFO     |   Col_4: '< cion'
2025-11-06 16:08:26 | INFO     |   Col_5: 'CIO2'
2025-11-06 16:08:26 | INFO     |   Col_6: '402'
2025-11-06 16:08:26 | INFO     |   Col_7: '0'
2025-11-06 16:08:26 | INFO     | 
행 35:
2025-11-06 16:08:26 | INFO     |   Col_0: 'EGC 반반크림#1제 WC1560-V1AB 25A15127'
2025-11-06 16:08:26 | INFO     |   Col_1: 'E.coli'
2025-11-06 16:08:26 | INFO     |   Col_2: '≤3'
2025-11-06 16:08:26 | INFO     |   Col_3: '6.0×105'
2025-11-06 16:08:26 | INFO     |   Col_4: '402'
2025-11-06 16:08:26 | INFO     |   Col_5: '40'
2025-11-06 16:08:26 | INFO     |   Col_6: '(10'
2025-11-06 16:08:26 | INFO     |   Col_7: '0'
2025-11-06 16:08:26 | INFO     |   Col_8: '0'
2025-11-06 16:08:26 | INFO     | 
행 36:
2025-11-06 16:08:26 | INFO     |   Col_1: 'P.aeruginosa'
2025-11-06 16:08:26 | INFO     |   Col_3: '8.7X105'
2025-11-06 16:08:26 | INFO     |   Col_4: '402'
2025-11-06 16:08:26 | INFO     |   Col_5: 'CIO'
2025-11-06 16:08:26 | INFO     |   Col_6: '40'
2025-11-06 16:08:26 | INFO     |   Col_7: '0'
2025-11-06 16:08:26 | INFO     | 
행 37:
2025-11-06 16:08:26 | INFO     |   Col_1: 'S.aureus'
2025-11-06 16:08:26 | INFO     |   Col_3: '8.3X105'
2025-11-06 16:08:26 | INFO     |   Col_4: '4102'
2025-11-06 16:08:26 | INFO     |   Col_5: 'C10'
2025-11-06 16:08:26 | INFO     |   Col_6: '/10'
2025-11-06 16:08:26 | INFO     |   Col_7: '0'
2025-11-06 16:08:26 | INFO     | 
행 38:
2025-11-06 16:08:26 | INFO     |   Col_1: 'C.albicans'
2025-11-06 16:08:26 | INFO     |   Col_2: '≤1'
2025-11-06 16:08:26 | INFO     |   Col_3: '3.8X104'
2025-11-06 16:08:26 | INFO     |   Col_4: 'C102'
2025-11-06 16:08:26 | INFO     |   Col_5: '40'
2025-11-06 16:08:26 | INFO     |   Col_6: '40'
2025-11-06 16:08:26 | INFO     |   Col_7: '0'
2025-11-06 16:08:26 | INFO     | 
행 39:
2025-11-06 16:08:26 | INFO     |   Col_1: 'A.brasiliensis'
2025-11-06 16:08:26 | INFO     |   Col_2: '50c'
2025-11-06 16:08:26 | INFO     |   Col_3: '5.7X104'
2025-11-06 16:08:26 | INFO     |   Col_4: ''
2025-11-06 16:08:26 | INFO     |   Col_5: '(M4+12)'
2025-11-06 16:08:26 | INFO     |   Col_6: '(102'
2025-11-06 16:08:26 | INFO     |   Col_7: '0'
2025-11-06 16:08:26 | INFO     | 
행 40:
2025-11-06 16:08:26 | INFO     |   Col_0: '스텔라38 PDRN 크 림 WC1943-E1DF 25A15128'
2025-11-06 16:08:26 | INFO     |   Col_1: 'E.coli'
2025-11-06 16:08:26 | INFO     |   Col_2: '53'
2025-11-06 16:08:26 | INFO     |   Col_3: '6.0X105'
2025-11-06 16:08:26 | INFO     |   Col_4: ''
2025-11-06 16:08:26 | INFO     |   Col_5: '40'
2025-11-06 16:08:26 | INFO     |   Col_6: '410'
2025-11-06 16:08:26 | INFO     |   Col_7: '0'
2025-11-06 16:08:26 | INFO     |   Col_8: '0
:selected:'
2025-11-06 16:08:26 | INFO     | 
행 41:
2025-11-06 16:08:26 | INFO     |   Col_1: 'P.aeruginosa'
2025-11-06 16:08:26 | INFO     |   Col_3: '8.7X105'
2025-11-06 16:08:26 | INFO     |   Col_4: '402'
2025-11-06 16:08:26 | INFO     |   Col_5: '40'
2025-11-06 16:08:26 | INFO     |   Col_6: '40'
2025-11-06 16:08:26 | INFO     |   Col_7: '0'
2025-11-06 16:08:26 | INFO     | 
행 42:
2025-11-06 16:08:26 | INFO     |   Col_1: 'S.aureus'
2025-11-06 16:08:26 | INFO     |   Col_3: '8.3X105'
2025-11-06 16:08:26 | INFO     |   Col_4: '(102'
2025-11-06 16:08:26 | INFO     |   Col_5: '40'
2025-11-06 16:08:26 | INFO     |   Col_6: ''
2025-11-06 16:08:26 | INFO     |   Col_7: '0'
2025-11-06 16:08:26 | INFO     | 
행 43:
2025-11-06 16:08:26 | INFO     |   Col_1: 'C.albicans'
2025-11-06 16:08:26 | INFO     |   Col_2: '51'
2025-11-06 16:08:26 | INFO     |   Col_3: '3.8X104'
2025-11-06 16:08:26 | INFO     |   Col_4: '(100'
2025-11-06 16:08:26 | INFO     |   Col_5: '40'
2025-11-06 16:08:26 | INFO     |   Col_6: '110'
2025-11-06 16:08:26 | INFO     |   Col_7: '0'
2025-11-06 16:08:26 | INFO     | 
행 44:
2025-11-06 16:08:26 | INFO     |   Col_1: 'A.brasiliensis'
2025-11-06 16:08:26 | INFO     |   Col_2: '50c'
2025-11-06 16:08:26 | INFO     |   Col_3: '5.7X104'
2025-11-06 16:08:26 | INFO     |   Col_4: ''
2025-11-06 16:08:26 | INFO     |   Col_5: '(147x102)'
2025-11-06 16:08:26 | INFO     |   Col_6: '4102'
2025-11-06 16:08:26 | INFO     |   Col_7: '0'
2025-11-06 16:08:26 | INFO     | 
행 45:
2025-11-06 16:08:26 | INFO     |   Col_0: '파인크로스 아이크 림 N14+N16 WC1620-A1WD 25A15129'
2025-11-06 16:08:26 | INFO     |   Col_1: 'E.coli'
2025-11-06 16:08:26 | INFO     |   Col_2: '≤3'
2025-11-06 16:08:26 | INFO     |   Col_3: '6.0X105'
2025-11-06 16:08:26 | INFO     |   Col_4: ''
2025-11-06 16:08:26 | INFO     |   Col_5: '40'
2025-11-06 16:08:26 | INFO     |   Col_6: '110'
2025-11-06 16:08:26 | INFO     |   Col_7: '0'
2025-11-06 16:08:26 | INFO     |   Col_8: '0'
2025-11-06 16:08:26 | INFO     | 
행 46:
2025-11-06 16:08:26 | INFO     |   Col_1: 'P.aeruginosa'
2025-11-06 16:08:26 | INFO     |   Col_3: '8.7X105'
2025-11-06 16:08:26 | INFO     |   Col_4: '402'
2025-11-06 16:08:26 | INFO     |   Col_5: 'C10'
2025-11-06 16:08:26 | INFO     |   Col_6: '40'
2025-11-06 16:08:26 | INFO     |   Col_7: '0'
2025-11-06 16:08:26 | INFO     | 
행 47:
2025-11-06 16:08:26 | INFO     |   Col_1: 'S.aureus'
2025-11-06 16:08:26 | INFO     |   Col_3: '8.3×105'
2025-11-06 16:08:26 | INFO     |   Col_4: '400'
2025-11-06 16:08:26 | INFO     |   Col_5: '40'
2025-11-06 16:08:26 | INFO     |   Col_6: '40'
2025-11-06 16:08:26 | INFO     |   Col_7: '0'
2025-11-06 16:08:26 | INFO     | 
행 48:
2025-11-06 16:08:26 | INFO     |   Col_1: 'C.albicans'
2025-11-06 16:08:26 | INFO     |   Col_2: '≤1'
2025-11-06 16:08:26 | INFO     |   Col_3: '3.8X104'
2025-11-06 16:08:26 | INFO     |   Col_4: '4102'
2025-11-06 16:08:26 | INFO     |   Col_5: '40'
2025-11-06 16:08:26 | INFO     |   Col_6: '40'
2025-11-06 16:08:26 | INFO     |   Col_7: '0'
2025-11-06 16:08:26 | INFO     | 
행 49:
2025-11-06 16:08:26 | INFO     |   Col_1: 'A.brasiliensis'
2025-11-06 16:08:26 | INFO     |   Col_2: '50°'
2025-11-06 16:08:26 | INFO     |   Col_3: '5.7X104'
2025-11-06 16:08:26 | INFO     |   Col_4: 'clo"'
2025-11-06 16:08:26 | INFO     |   Col_5: '(MI.8+10")'
2025-11-06 16:08:26 | INFO     |   Col_6: '402'
2025-11-06 16:08:26 | INFO     |   Col_7: '0'
2025-11-06 16:08:26 | INFO     | 
================================================================================
2025-11-06 16:08:26 | INFO     | 📊 2. 컬럼 매핑 상세
2025-11-06 16:08:26 | INFO     | --------------------------------------------------------------------------------
2025-11-06 16:08:26 | INFO     |   strain_col           → Col_1
2025-11-06 16:08:26 | INFO     |   specification_col    → Col_2
2025-11-06 16:08:26 | INFO     |   cfu_0_col            → Col_3
2025-11-06 16:08:26 | INFO     |   cfu_7_col            → Col_4
2025-11-06 16:08:26 | INFO     |   cfu_14_col           → Col_5
2025-11-06 16:08:26 | INFO     |   cfu_28_col           → Col_6
2025-11-06 16:08:26 | INFO     |   judgment_col         → Col_7
2025-11-06 16:08:26 | INFO     |   final_judgment_col   → Col_8
2025-11-06 16:08:26 | INFO     | 
================================================================================
2025-11-06 16:08:26 | INFO     | 🔍 3. Bulk Name 컬럼 찾기
2025-11-06 16:08:26 | INFO     | --------------------------------------------------------------------------------
2025-11-06 16:08:26 | INFO     | ⚠️ Bulk Name 컬럼을 찾을 수 없습니다. Col_0으로 가정
2025-11-06 16:08:26 | INFO     | 
================================================================================
2025-11-06 16:08:26 | INFO     | 📝 4. Bulk Name 컬럼(Col_0) 전체 내용
2025-11-06 16:08:26 | INFO     | --------------------------------------------------------------------------------
2025-11-06 16:08:26 | INFO     | 행  0: 'PLT-SoGrain SoOatWaterCream (수대체) WC2025-E1AA 25A15120'
2025-11-06 16:08:26 | INFO     | 행  5: 'PLT-NKTR 젤크림(안정도개선) WC1757-Q1CD 25A15121'
2025-11-06 16:08:26 | INFO     | 행 10: 'LKC 크림(방부개선) AB3126-K1HB 25A15122'
2025-11-06 16:08:26 | INFO     | 행 15: '베이스방부력 WC1865-J 25A15|23'
2025-11-06 16:08:26 | INFO     | 행 20: 'Peach Barrier Cream 2025 ver. WC0547-W30 25A15124'
2025-11-06 16:08:26 | INFO     | 행 25: 'NAN-DMUCRM(F) EA001 WC1820-11F 25A15125'
2025-11-06 16:08:26 | INFO     | 행 30: 'HR 핸드크림 (SCS 1%, 부향률 0.1%) WC1851-B1BP 25A15126'
2025-11-06 16:08:26 | INFO     | 행 35: 'EGC 반반크림#1제 WC1560-V1AB 25A15127'
2025-11-06 16:08:26 | INFO     | 행 40: '스텔라38 PDRN 크 림 WC1943-E1DF 25A15128'
2025-11-06 16:08:26 | INFO     | 행 45: '파인크로스 아이크 림 N14+N16 WC1620-A1WD 25A15129'
2025-11-06 16:08:26 | INFO     | 
================================================================================
2025-11-06 16:08:26 | INFO     | 🔬 5. 시험번호/처방번호 패턴 매칭
2025-11-06 16:08:26 | INFO     | --------------------------------------------------------------------------------
2025-11-06 16:08:26 | INFO     | ✅ 행 15: 처방번호 'WC1865-J'
2025-11-06 16:08:26 | INFO     | 
================================================================================
2025-11-06 16:08:26 | INFO     | 🔍 6. 전체 테이블에서 패턴 검색
2025-11-06 16:08:26 | INFO     | --------------------------------------------------------------------------------
2025-11-06 16:08:26 | INFO     | ❌ 시험번호 패턴 매칭 실패
2025-11-06 16:08:26 | INFO     | ✅ 전체 테이블에서 처방번호 발견: ['WC1865-J', 'WC1865-J']
2025-11-06 16:08:26 | INFO     | 
================================================================================
2025-11-06 16:08:26 | INFO     | 💡 7. 결론 및 권장사항
2025-11-06 16:08:26 | INFO     | --------------------------------------------------------------------------------
2025-11-06 16:08:26 | INFO     | 
❌ Bulk Name 컬럼에서 시험번호를 찾을 수 없습니다!
2025-11-06 16:08:26 | INFO     | 
✅ Bulk Name 컬럼에서 처방번호 1개 발견:
2025-11-06 16:08:26 | INFO     |    행 15: WC1865-J
2025-11-06 16:08:26 | INFO     | 
================================================================================
2025-11-06 16:08:26 | INFO     |   ✅ 처방번호 발견 (행0): WC2025-E1AA
2025-11-06 16:08:26 | INFO     |   ✅ 시험번호 발견 (행0): 25A15120 → 25A15I20 (I/1 보정)
2025-11-06 16:08:26 | INFO     |   ✅ 처방번호 발견 (행5): WC1757-Q1CD
2025-11-06 16:08:26 | INFO     |   ✅ 시험번호 발견 (행5): 25A15121 → 25A15I21 (I/1 보정)
2025-11-06 16:08:26 | INFO     |   ✅ 처방번호 발견 (행10): AB3126-K1HB
2025-11-06 16:08:26 | INFO     |   ✅ 시험번호 발견 (행10): 25A15122 → 25A15I22 (I/1 보정)
2025-11-06 16:08:26 | INFO     |   ✅ 처방번호 발견 (행15): WC1865-J
2025-11-06 16:08:26 | INFO     |   ✅ 처방번호 발견 (행20): WC0547-W30
2025-11-06 16:08:26 | INFO     |   ✅ 시험번호 발견 (행20): 25A15124 → 25A15I24 (I/1 보정)
2025-11-06 16:08:26 | INFO     |   ✅ 시험번호 발견 (행25): 25A15125 → 25A15I25 (I/1 보정)
2025-11-06 16:08:26 | INFO     |   ✅ 처방번호 발견 (행30): WC1851-B1BP
2025-11-06 16:08:26 | INFO     |   ✅ 시험번호 발견 (행30): 25A15126 → 25A15I26 (I/1 보정)
2025-11-06 16:08:26 | INFO     |   ✅ 처방번호 발견 (행35): WC1560-V1AB
2025-11-06 16:08:26 | INFO     |   ✅ 시험번호 발견 (행35): 25A15127 → 25A15I27 (I/1 보정)
2025-11-06 16:08:26 | INFO     |   ✅ 처방번호 발견 (행40): WC1943-E1DF
2025-11-06 16:08:26 | INFO     |   ✅ 시험번호 발견 (행40): 25A15128 → 25A15I28 (I/1 보정)
2025-11-06 16:08:26 | INFO     |   ✅ 처방번호 발견 (행45): WC1620-A1WD
2025-11-06 16:08:26 | INFO     |   ✅ 시험번호 발견 (행45): 25A15129 → 25A15I29 (I/1 보정)
2025-11-06 16:08:26 | INFO     | 📝 시험번호: ['25A15I20', '25A15I21', '25A15I22', '25A15I24', '25A15I25', '25A15I26', '25A15I27', '25A15I28', '25A15I29']
2025-11-06 16:08:26 | INFO     | 📝 처방번호: ['WC2025-E1AA', 'WC1757-Q1CD', 'AB3126-K1HB', 'WC1865-J', 'WC0547-W30', 'WC1851-B1BP', 'WC1560-V1AB', 'WC1943-E1DF', 'WC1620-A1WD']
2025-11-06 16:08:26 | INFO     |   🔧 보정 [0일]: '6.0X105' → '6.0×10^5'
2025-11-06 16:08:26 | INFO     |   🔧 보정 [7일]: '5/02' → '<10^2'
2025-11-06 16:08:26 | INFO     |   🔧 보정 [28일]: 'C10' → '<10'
2025-11-06 16:08:26 | INFO     |   🔧 보정 [0일]: '8.7X105' → '8.7×10^5'
2025-11-06 16:08:26 | INFO     |   🔧 보정 [7일]: '<102' → '<10^2'
2025-11-06 16:08:26 | INFO     |   🔧 보정 [14일]: '(1X10)' → '1×10^0'
2025-11-06 16:08:26 | INFO     |   🔧 보정 [28일]: '410' → '<10'
2025-11-06 16:08:26 | INFO     |   🔧 보정 [0일]: '8.3X105' → '8.3×10^5'
2025-11-06 16:08:26 | INFO     |   🔧 보정 [14일]: '40' → '<10'
2025-11-06 16:08:26 | INFO     |   🔧 보정 [0일]: '3.8X104' → '3.8×10^4'
2025-11-06 16:08:26 | INFO     |   🔧 보정 [7일]: 'C102' → '<10^2'
2025-11-06 16:08:26 | INFO     |   🔧 보정 [28일]: 'CLO' → '<10'
2025-11-06 16:08:26 | INFO     |   🔧 보정 [0일]: '5.7X104' → '5.7×10^4'
2025-11-06 16:08:26 | INFO     |   🔧 보정 [7일]: '(4.1×103, 0X63' → '4.1×10^3'
2025-11-06 16:08:26 | INFO     |   🔧 보정 [14일]: '€ 2.3×10' → '2.3×10^0'
2025-11-06 16:08:26 | INFO     |   🔧 보정 [28일]: '7×102' → '7×10^2'
2025-11-06 16:08:26 | INFO     |   🔧 보정 [0일]: '6.0X105' → '6.0×10^5'
2025-11-06 16:08:26 | INFO     |   🔧 보정 [14일]: '410' → '<10'
2025-11-06 16:08:26 | INFO     |   🔧 보정 [0일]: '8.7X105' → '8.7×10^5'
2025-11-06 16:08:26 | INFO     |   🔧 보정 [7일]: '5102' → '<10^2'
2025-11-06 16:08:26 | INFO     |   🔧 보정 [28일]: 'CIO' → '<10'
2025-11-06 16:08:26 | INFO     |   🔧 보정 [0일]: '8.3X105' → '8.3×10^5'
2025-11-06 16:08:26 | INFO     |   🔧 보정 [7일]: '5/02' → '<10^2'
2025-11-06 16:08:26 | INFO     |   🔧 보정 [14일]: '(10' → '<10'
2025-11-06 16:08:26 | INFO     |   🔧 보정 [28일]: 'CIO' → '<10'
2025-11-06 16:08:26 | INFO     |   🔧 보정 [0일]: '3.8X104' → '3.8×10^4'
2025-11-06 16:08:26 | INFO     |   🔧 보정 [28일]: 'CIO' → '<10'
2025-11-06 16:08:26 | INFO     |   🔧 보정 [0일]: '5.7X104' → '5.7×10^4'
2025-11-06 16:08:26 | WARNING  |   ⚠️ 합쳐진 셀 감지: '<3x103 -2.5X102' → 첫 번째 값만 사용: '3x103'
2025-11-06 16:08:26 | INFO     |   🔧 보정 [7일]: '<3x103 -2.5X102' → '3×10^3'
2025-11-06 16:08:26 | INFO     |   🔧 보정 [14일]: '<102' → '<10^2'
2025-11-06 16:08:26 | INFO     |   🔧 보정 [28일]: 'CIO2' → '<10^2'
2025-11-06 16:08:26 | INFO     |   🔧 보정 [0일]: '6.0×105' → '6.0×10^5'
2025-11-06 16:08:26 | INFO     |   🔧 보정 [28일]: '40' → '<10'
2025-11-06 16:08:26 | INFO     |   🔧 보정 [0일]: '8.7X105' → '8.7×10^5'
2025-11-06 16:08:26 | INFO     |   🔧 보정 [7일]: '(1X102)' → '1×10^2'
2025-11-06 16:08:26 | INFO     |   🔧 보정 [14일]: '510' → '<10'
2025-11-06 16:08:26 | INFO     |   🔧 보정 [28일]: '40' → '<10'
2025-11-06 16:08:26 | INFO     |   🔧 보정 [0일]: '8.3×105' → '8.3×10^5'
2025-11-06 16:08:26 | INFO     |   🔧 보정 [7일]: '<102' → '<10^2'
2025-11-06 16:08:26 | INFO     |   🔧 보정 [28일]: 'CIO' → '<10'
2025-11-06 16:08:26 | INFO     |   🔧 보정 [0일]: '3.8X104' → '3.8×10^4'
2025-11-06 16:08:26 | INFO     |   🔧 보정 [7일]: '< 102' → '<10^2'
2025-11-06 16:08:26 | INFO     |   🔧 보정 [14일]: 'C10' → '<10'
2025-11-06 16:08:26 | INFO     |   🔧 보정 [28일]: '40' → '<10'
2025-11-06 16:08:26 | INFO     |   🔧 보정 [0일]: '5.7X104' → '5.7×10^4'
2025-11-06 16:08:26 | INFO     |   🔧 보정 [14일]: '<102' → '<10^2'
2025-11-06 16:08:26 | INFO     |   🔧 보정 [28일]: '4102' → '<10^2'
2025-11-06 16:08:26 | INFO     |   🔧 보정 [0일]: '6.0X105' → '6.0×10^5'
2025-11-06 16:08:26 | INFO     |   🔧 보정 [7일]: '<102' → '<10^2'
2025-11-06 16:08:26 | INFO     |   🔧 보정 [14일]: '(10' → '<10'
2025-11-06 16:08:26 | INFO     |   🔧 보정 [0일]: '8.7X105' → '8.7×10^5'
2025-11-06 16:08:26 | INFO     |   🔧 보정 [28일]: '40' → '<10'
2025-11-06 16:08:26 | INFO     |   🔧 보정 [0일]: '8.3×105' → '8.3×10^5'
2025-11-06 16:08:26 | INFO     |   🔧 보정 [7일]: '(10)' → '<10'
2025-11-06 16:08:26 | INFO     |   🔧 보정 [28일]: '40' → '<10'
2025-11-06 16:08:26 | INFO     |   🔧 보정 [0일]: '3.8X104' → '3.8×10^4'
2025-11-06 16:08:26 | INFO     |   🔧 보정 [14일]: 'CO' → '<10'
2025-11-06 16:08:26 | INFO     |   🔧 보정 [0일]: '5.7X104' → '5.7×10^4'
2025-11-06 16:08:26 | INFO     |   🔧 보정 [7일]: '4-3 x 10 54×103' → '3×10^54'
2025-11-06 16:08:26 | INFO     |   🔧 보정 [14일]: '2.3x10' → '2.3×10^0'
2025-11-06 16:08:26 | INFO     |   🔧 보정 [28일]: '1.0x107' → '1.0×10^7'
2025-11-06 16:08:26 | INFO     |   🔧 보정 [0일]: '6.0X105' → '6.0×10^5'
2025-11-06 16:08:26 | INFO     |   🔧 보정 [7일]: '(10)' → '<10'
2025-11-06 16:08:26 | INFO     |   🔧 보정 [28일]: '40' → '<10'
2025-11-06 16:08:26 | INFO     |   🔧 보정 [0일]: '8.7X105' → '8.7×10^5'
2025-11-06 16:08:26 | INFO     |   🔧 보정 [7일]: '<102' → '<10^2'
2025-11-06 16:08:26 | INFO     |   🔧 보정 [14일]: '510' → '<10'
2025-11-06 16:08:26 | INFO     |   🔧 보정 [28일]: '40' → '<10'
2025-11-06 16:08:26 | INFO     |   🔧 보정 [0일]: '8.3X105' → '8.3×10^5'
2025-11-06 16:08:26 | INFO     |   🔧 보정 [7일]: '<102' → '<10^2'
2025-11-06 16:08:26 | INFO     |   🔧 보정 [14일]: '110' → '<10'
2025-11-06 16:08:26 | INFO     |   🔧 보정 [28일]: '40' → '<10'
2025-11-06 16:08:26 | INFO     |   🔧 보정 [0일]: '3.8X104' → '3.8×10^4'
2025-11-06 16:08:26 | INFO     |   🔧 보정 [14일]: 'CO' → '<10'
2025-11-06 16:08:26 | INFO     |   🔧 보정 [28일]: '40' → '<10'
2025-11-06 16:08:26 | INFO     |   🔧 보정 [0일]: '5.7X104' → '5.7×10^4'
2025-11-06 16:08:26 | INFO     |   🔧 보정 [7일]: '2 .2 × 10 ( 1 × 10)' → '2×10^0'
2025-11-06 16:08:26 | INFO     |   🔧 보정 [14일]: '<102' → '<10^2'
2025-11-06 16:08:26 | INFO     |   🔧 보정 [0일]: '6.0×105' → '6.0×10^5'
2025-11-06 16:08:26 | INFO     |   🔧 보정 [28일]: '40' → '<10'
2025-11-06 16:08:26 | INFO     |   🔧 보정 [0일]: '8.7X105' → '8.7×10^5'
2025-11-06 16:08:26 | INFO     |   🔧 보정 [14일]: '(10' → '<10'
2025-11-06 16:08:26 | INFO     |   🔧 보정 [28일]: '40' → '<10'
2025-11-06 16:08:26 | INFO     |   🔧 보정 [0일]: '8.3X105' → '8.3×10^5'
2025-11-06 16:08:26 | INFO     |   🔧 보정 [7일]: '<102' → '<10^2'
2025-11-06 16:08:26 | INFO     |   🔧 보정 [14일]: '(10' → '<10'
2025-11-06 16:08:26 | INFO     |   🔧 보정 [28일]: '40' → '<10'
2025-11-06 16:08:26 | INFO     |   🔧 보정 [0일]: '3.8X104' → '3.8×10^4'
2025-11-06 16:08:26 | INFO     |   🔧 보정 [14일]: '(10' → '<10'
2025-11-06 16:08:26 | INFO     |   🔧 보정 [28일]: '€ 10' → '10'
2025-11-06 16:08:26 | INFO     |   🔧 보정 [0일]: '5.7X104' → '5.7×10^4'
2025-11-06 16:08:26 | INFO     |   🔧 보정 [14일]: '(1×102)' → '1×10^2'
2025-11-06 16:08:26 | INFO     |   🔧 보정 [28일]: 'C102' → '<10^2'
2025-11-06 16:08:26 | INFO     |   🔧 보정 [0일]: '6.0X105' → '6.0×10^5'
2025-11-06 16:08:26 | INFO     |   🔧 보정 [14일]: '(10' → '<10'
2025-11-06 16:08:26 | INFO     |   🔧 보정 [0일]: '8.7X105' → '8.7×10^5'
2025-11-06 16:08:26 | INFO     |   ℹ️ 7일차 실무 보정: '40L' → '<10^2' (일반 기준)
2025-11-06 16:08:26 | INFO     |   🔧 보정 [7일]: '40L' → '<10^2'
2025-11-06 16:08:26 | INFO     |   🔧 보정 [14일]: '40' → '<10'
2025-11-06 16:08:26 | INFO     |   🔧 보정 [28일]: '40' → '<10'
2025-11-06 16:08:26 | INFO     |   🔧 보정 [0일]: '8.3X105' → '8.3×10^5'
2025-11-06 16:08:26 | INFO     |   🔧 보정 [14일]: '40' → '<10'
2025-11-06 16:08:26 | INFO     |   🔧 보정 [28일]: '40' → '<10'
2025-11-06 16:08:26 | INFO     |   🔧 보정 [0일]: '3.8X104' → '3.8×10^4'
2025-11-06 16:08:26 | INFO     |   🔧 보정 [7일]: '(102' → '<10^2'
2025-11-06 16:08:26 | INFO     |   🔧 보정 [14일]: '40' → '<10'
2025-11-06 16:08:26 | INFO     |   🔧 보정 [28일]: '110' → '<10'
2025-11-06 16:08:26 | INFO     |   🔧 보정 [0일]: '5.7X104' → '5.7×10^4'
2025-11-06 16:08:26 | INFO     |   🔧 보정 [14일]: 'CIO2' → '<10^2'
2025-11-06 16:08:26 | INFO     |   🔧 보정 [0일]: '6.0×105' → '6.0×10^5'
2025-11-06 16:08:26 | INFO     |   🔧 보정 [14일]: '40' → '<10'
2025-11-06 16:08:26 | INFO     |   🔧 보정 [28일]: '(10' → '<10'
2025-11-06 16:08:26 | INFO     |   🔧 보정 [0일]: '8.7X105' → '8.7×10^5'
2025-11-06 16:08:26 | INFO     |   🔧 보정 [14일]: 'CIO' → '<10'
2025-11-06 16:08:26 | INFO     |   🔧 보정 [28일]: '40' → '<10'
2025-11-06 16:08:26 | INFO     |   🔧 보정 [0일]: '8.3X105' → '8.3×10^5'
2025-11-06 16:08:26 | INFO     |   🔧 보정 [7일]: '4102' → '<10^2'
2025-11-06 16:08:26 | INFO     |   🔧 보정 [14일]: 'C10' → '<10'
2025-11-06 16:08:26 | INFO     |   🔧 보정 [28일]: '/10' → '<10'
2025-11-06 16:08:26 | INFO     |   🔧 보정 [0일]: '3.8X104' → '3.8×10^4'
2025-11-06 16:08:26 | INFO     |   🔧 보정 [7일]: 'C102' → '<10^2'
2025-11-06 16:08:26 | INFO     |   🔧 보정 [14일]: '40' → '<10'
2025-11-06 16:08:26 | INFO     |   🔧 보정 [28일]: '40' → '<10'
2025-11-06 16:08:26 | INFO     |   🔧 보정 [0일]: '5.7X104' → '5.7×10^4'
2025-11-06 16:08:26 | INFO     |   🔧 보정 [28일]: '(102' → '<10^2'
2025-11-06 16:08:26 | INFO     |   🔧 보정 [0일]: '6.0X105' → '6.0×10^5'
2025-11-06 16:08:26 | INFO     |   🔧 보정 [14일]: '40' → '<10'
2025-11-06 16:08:26 | INFO     |   🔧 보정 [28일]: '410' → '<10'
2025-11-06 16:08:26 | INFO     |   🔧 보정 [0일]: '8.7X105' → '8.7×10^5'
2025-11-06 16:08:26 | INFO     |   🔧 보정 [14일]: '40' → '<10'
2025-11-06 16:08:26 | INFO     |   🔧 보정 [28일]: '40' → '<10'
2025-11-06 16:08:26 | INFO     |   🔧 보정 [0일]: '8.3X105' → '8.3×10^5'
2025-11-06 16:08:26 | INFO     |   🔧 보정 [7일]: '(102' → '<10^2'
2025-11-06 16:08:26 | INFO     |   🔧 보정 [14일]: '40' → '<10'
2025-11-06 16:08:26 | INFO     |   🔧 보정 [0일]: '3.8X104' → '3.8×10^4'
2025-11-06 16:08:26 | INFO     |   🔧 보정 [14일]: '40' → '<10'
2025-11-06 16:08:26 | INFO     |   🔧 보정 [28일]: '110' → '<10'
2025-11-06 16:08:26 | INFO     |   🔧 보정 [0일]: '5.7X104' → '5.7×10^4'
2025-11-06 16:08:26 | INFO     |   🔧 보정 [14일]: '(147x102)' → '147×10^2'
2025-11-06 16:08:26 | INFO     |   🔧 보정 [28일]: '4102' → '<10^2'
2025-11-06 16:08:26 | INFO     |   🔧 보정 [0일]: '6.0X105' → '6.0×10^5'
2025-11-06 16:08:26 | INFO     |   🔧 보정 [14일]: '40' → '<10'
2025-11-06 16:08:26 | INFO     |   🔧 보정 [28일]: '110' → '<10'
2025-11-06 16:08:26 | INFO     |   🔧 보정 [0일]: '8.7X105' → '8.7×10^5'
2025-11-06 16:08:26 | INFO     |   🔧 보정 [14일]: 'C10' → '<10'
2025-11-06 16:08:26 | INFO     |   🔧 보정 [28일]: '40' → '<10'
2025-11-06 16:08:26 | INFO     |   🔧 보정 [0일]: '8.3×105' → '8.3×10^5'
2025-11-06 16:08:26 | INFO     |   ℹ️ 7일차 실무 보정: '400' → '<10^2' (일반 기준)
2025-11-06 16:08:26 | INFO     |   🔧 보정 [7일]: '400' → '<10^2'
2025-11-06 16:08:26 | INFO     |   🔧 보정 [14일]: '40' → '<10'
2025-11-06 16:08:26 | INFO     |   🔧 보정 [28일]: '40' → '<10'
2025-11-06 16:08:26 | INFO     |   🔧 보정 [0일]: '3.8X104' → '3.8×10^4'
2025-11-06 16:08:26 | INFO     |   🔧 보정 [7일]: '4102' → '<10^2'
2025-11-06 16:08:26 | INFO     |   🔧 보정 [14일]: '40' → '<10'
2025-11-06 16:08:26 | INFO     |   🔧 보정 [28일]: '40' → '<10'
2025-11-06 16:08:26 | INFO     |   🔧 보정 [0일]: '5.7X104' → '5.7×10^4'
2025-11-06 16:08:26 | INFO     |   🔧 보정 [7일]: 'clo"' → '<10'
2025-11-06 16:08:26 | INFO     |   🔧 보정 [14일]: '(MI.8+10")' → '(MI.8+10)'
2025-11-06 16:08:26 | INFO     | ✅ 추출된 균주 데이터: 50개
2025-11-06 16:08:26 | INFO     | 
================================================================================
2025-11-06 16:08:26 | INFO     | 📊 데이터 보정 완료
2025-11-06 16:08:26 | INFO     | ================================================================================
2025-11-06 16:08:26 | INFO     | ✅ 균주 순서 정렬 완료: 50개
2025-11-06 16:08:26 | INFO     | ✅ OCR 성공: 50개 균주
2025-11-06 16:08:26 | INFO     | 🗑️ 임시 파일 삭제: C:\Users\goqkr\AppData\Local\Temp\tmpwz3i87fs.png
